0,35.00187015533447
0,35.00187015533447
0,35.00187015533447
0,35.00187015533447
0,35.00187015533447
0,35.00187015533447
0,35.00187015533447
0,35.00187015533447
0,73.00139927864075
0,73.00139927864075
0,73.00139927864075
0,73.00139927864075
0,73.00139927864075
0,73.00139927864075
0,73.00139927864075
0,73.00139927864075
0,79.00148582458496
0,79.00148582458496
0,79.00148582458496
0,79.00148582458496
0,79.00148582458496
0,79.00148582458496
0,79.00148582458496
0,79.00148582458496
0,141.00143957138062
0,141.00143957138062
0,141.00143957138062
0,141.00143957138062
0,141.00143957138062
0,141.00143957138062
0,141.00143957138062
0,141.00143957138062
0,155.0013771057129
0,155.0013771057129
0,155.0013771057129
0,155.0013771057129
0,155.0013771057129
0,155.0013771057129
0,155.0013771057129
0,155.0013771057129
0,211.001549243927
0,211.001549243927
0,211.001549243927
0,211.001549243927
0,211.001549243927
0,211.001549243927
0,211.001549243927
0,211.001549243927
0,251.00130820274353
0,251.00130820274353
0,251.00130820274353
0,251.00130820274353
0,251.00130820274353
0,251.00130820274353
0,251.00130820274353
0,251.00130820274353
0,289.0014419555664
0,289.0014419555664
0,289.0014419555664
0,289.0014419555664
0,289.0014419555664
0,289.0014419555664
0,289.0014419555664
0,289.0014419555664
0,339.0016357898712
0,339.0016357898712
0,339.0016357898712
0,339.0016357898712
0,339.0016357898712
0,339.0016357898712
0,339.0016357898712
0,339.0016357898712
0,345.0013394355774
0,345.0013394355774
0,345.0013394355774
0,345.0013394355774
0,345.0013394355774
0,345.0013394355774
0,345.0013394355774
0,345.0013394355774
0,389.00117588043213
0,389.00117588043213
0,389.00117588043213
0,389.00117588043213
0,389.00117588043213
0,389.00117588043213
0,389.00117588043213
0,389.00117588043213
0,449.001610994339
0,449.001610994339
0,449.001610994339
0,449.001610994339
0,449.001610994339
0,449.001610994339
0,449.001610994339
0,449.001610994339
0,471.00154733657837
0,471.00154733657837
0,471.00154733657837
0,471.00154733657837
0,471.00154733657837
0,471.00154733657837
0,471.00154733657837
0,471.00154733657837
0,529.0016174316406
0,529.0016174316406
0,529.0016174316406
0,529.0016174316406
0,529.0016174316406
0,529.0016174316406
0,529.0016174316406
0,529.0016174316406
0,567.0016720294952
0,567.0016720294952
0,567.0016720294952
0,567.0016720294952
0,567.0016720294952
0,567.0016720294952
0,567.0016720294952
0,567.0016720294952
0,593.0011756420135
0,593.0011756420135
0,593.0011756420135
0,593.0011756420135
0,593.0011756420135
0,593.0011756420135
0,593.0011756420135
0,593.0011756420135
0,631.0015079975128
0,631.0015079975128
0,631.0015079975128
0,631.0015079975128
0,631.0015079975128
0,631.0015079975128
0,631.0015079975128
0,631.0015079975128
0,671.0014185905457
0,671.0014185905457
0,671.0014185905457
0,671.0014185905457
0,671.0014185905457
0,671.0014185905457
0,671.0014185905457
0,671.0014185905457
0,719.0015051364899
0,719.0015051364899
0,719.0015051364899
0,719.0015051364899
0,719.0015051364899
0,719.0015051364899
0,719.0015051364899
0,719.0015051364899
0,753.0011034011841
0,753.0011034011841
0,753.0011034011841
0,753.0011034011841
0,753.0011034011841
0,753.0011034011841
0,753.0011034011841
0,753.0011034011841
0,785.0017006397247
0,785.0017006397247
0,785.0017006397247
0,785.0017006397247
0,785.0017006397247
0,785.0017006397247
0,785.0017006397247
0,785.0017006397247
0,821.0014433860779
0,821.0014433860779
0,821.0014433860779
0,821.0014433860779
0,821.0014433860779
0,821.0014433860779
0,821.0014433860779
0,821.0014433860779
0,839.0010540485382
0,839.0010540485382
0,839.0010540485382
0,839.0010540485382
0,839.0010540485382
0,839.0010540485382
0,839.0010540485382
0,839.0010540485382
0,889.0016553401947
0,889.0016553401947
0,889.0016553401947
0,889.0016553401947
0,889.0016553401947
0,889.0016553401947
0,889.0016553401947
0,889.0016553401947
0,935.001208782196
0,935.001208782196
0,935.001208782196
0,935.001208782196
0,935.001208782196
0,935.001208782196
0,935.001208782196
0,935.001208782196
0,965.0016055107117
0,965.0016055107117
0,965.0016055107117
0,965.0016055107117
0,965.0016055107117
0,965.0016055107117
0,965.0016055107117
0,965.0016055107117
0,1005.0021834373474
0,1005.0021834373474
0,1005.0021834373474
0,1005.0021834373474
0,1005.0021834373474
0,1005.0021834373474
0,1005.0021834373474
0,1005.0021834373474
0,1047.0017235279083
0,1047.0017235279083
0,1047.0017235279083
0,1047.0017235279083
0,1047.0017235279083
0,1047.0017235279083
0,1047.0017235279083
0,1047.0017235279083
0,1099.001972436905
0,1099.001972436905
0,1099.001972436905
0,1099.001972436905
0,1099.001972436905
0,1099.001972436905
0,1099.001972436905
0,1099.001972436905
0,1133.0015470981598
0,1133.0015470981598
0,1133.0015470981598
0,1133.0015470981598
0,1133.0015470981598
0,1133.0015470981598
0,1133.0015470981598
0,1133.0015470981598
0,1143.0011234283447
0,1143.0011234283447
0,1143.0011234283447
0,1143.0011234283447
0,1143.0011234283447
0,1143.0011234283447
0,1143.0011234283447
0,1143.0011234283447
0,1203.0022661685944
0,1203.0022661685944
0,1203.0022661685944
0,1203.0022661685944
0,1203.0022661685944
0,1203.0022661685944
0,1203.0022661685944
0,1203.0022661685944
0,1251.001172542572
0,1251.001172542572
0,1251.001172542572
0,1251.001172542572
0,1251.001172542572
0,1251.001172542572
0,1251.001172542572
0,1251.001172542572
0,1285.001155614853
0,1285.001155614853
0,1285.001155614853
0,1285.001155614853
0,1285.001155614853
0,1285.001155614853
0,1285.001155614853
0,1285.001155614853
0,1327.001718044281
0,1327.001718044281
0,1327.001718044281
0,1327.001718044281
0,1327.001718044281
0,1327.001718044281
0,1327.001718044281
0,1327.001718044281
0,1365.0015811920166
0,1365.0015811920166
0,1365.0015811920166
0,1365.0015811920166
0,1365.0015811920166
0,1365.0015811920166
0,1365.0015811920166
0,1365.0015811920166
0,1387.0015048980713
0,1387.0015048980713
0,1387.0015048980713
0,1387.0015048980713
0,1387.0015048980713
0,1387.0015048980713
0,1387.0015048980713
0,1387.0015048980713
0,1435.0012454986572
0,1435.0012454986572
0,1435.0012454986572
0,1435.0012454986572
0,1435.0012454986572
0,1435.0012454986572
0,1435.0012454986572
0,1435.0012454986572
0,1447.0021603107452
0,1447.0021603107452
0,1447.0021603107452
0,1447.0021603107452
0,1447.0021603107452
0,1447.0021603107452
0,1447.0021603107452
0,1447.0021603107452
0,1505.0014624595642
0,1505.0014624595642
0,1505.0014624595642
0,1505.0014624595642
0,1505.0014624595642
0,1505.0014624595642
0,1505.0014624595642
0,1505.0014624595642
0,1555.001769065857
0,1555.001769065857
0,1555.001769065857
0,1555.001769065857
0,1555.001769065857
0,1555.001769065857
0,1555.001769065857
0,1555.001769065857
0,1593.0016474723816
0,1593.0016474723816
0,1593.0016474723816
0,1593.0016474723816
0,1593.0016474723816
0,1593.0016474723816
0,1593.0016474723816
0,1593.0016474723816
0,1611.0015618801117
0,1611.0015618801117
0,1611.0015618801117
0,1611.0015618801117
0,1611.0015618801117
0,1611.0015618801117
0,1611.0015618801117
0,1611.0015618801117
0,1641.0013666152954
0,1641.0013666152954
0,1641.0013666152954
0,1641.0013666152954
0,1641.0013666152954
0,1641.0013666152954
0,1641.0013666152954
0,1641.0013666152954
0,1703.0020492076874
0,1703.0020492076874
0,1703.0020492076874
0,1703.0020492076874
0,1703.0020492076874
0,1703.0020492076874
0,1703.0020492076874
0,1703.0020492076874
0,1723.0011315345764
0,1723.0011315345764
0,1723.0011315345764
0,1723.0011315345764
0,1723.0011315345764
0,1723.0011315345764
0,1723.0011315345764
0,1723.0011315345764
0,1771.0011093616486
0,1771.0011093616486
0,1771.0011093616486
0,1771.0011093616486
0,1771.0011093616486
0,1771.0011093616486
0,1771.0011093616486
0,1771.0011093616486
0,1809.0015001296997
0,1809.0015001296997
0,1809.0015001296997
0,1809.0015001296997
0,1809.0015001296997
0,1809.0015001296997
0,1809.0015001296997
0,1809.0015001296997
0,1827.0014352798462
0,1827.0014352798462
0,1827.0014352798462
0,1827.0014352798462
0,1827.0014352798462
0,1827.0014352798462
0,1827.0014352798462
0,1827.0014352798462
0,1881.001541852951
0,1881.001541852951
0,1881.001541852951
0,1881.001541852951
0,1881.001541852951
0,1881.001541852951
0,1881.001541852951
0,1881.001541852951
0,1915.001412153244
0,1915.001412153244
0,1915.001412153244
0,1915.001412153244
0,1915.001412153244
0,1915.001412153244
0,1915.001412153244
0,1915.001412153244
0,1967.001458644867
0,1967.001458644867
0,1967.001458644867
0,1967.001458644867
0,1967.001458644867
0,1967.001458644867
0,1967.001458644867
0,1967.001458644867
0,2011.0017111301422
0,2011.0017111301422
0,2011.0017111301422
0,2011.0017111301422
0,2011.0017111301422
0,2011.0017111301422
0,2011.0017111301422
0,2011.0017111301422
0,2029.0014650821686
0,2029.0014650821686
0,2029.0014650821686
0,2029.0014650821686
0,2029.0014650821686
0,2029.0014650821686
0,2029.0014650821686
0,2029.0014650821686
0,2087.0011126995087
0,2087.0011126995087
0,2087.0011126995087
0,2087.0011126995087
0,2087.0011126995087
0,2087.0011126995087
0,2087.0011126995087
0,2087.0011126995087
0,2125.001446723938
0,2125.001446723938
0,2125.001446723938
0,2125.001446723938
0,2125.001446723938
0,2125.001446723938
0,2125.001446723938
0,2125.001446723938
0,2155.001357793808
0,2155.001357793808
0,2155.001357793808
0,2155.001357793808
0,2155.001357793808
0,2155.001357793808
0,2155.001357793808
0,2155.001357793808
0,2169.001077890396
0,2169.001077890396
0,2169.001077890396
0,2169.001077890396
0,2169.001077890396
0,2169.001077890396
0,2169.001077890396
0,2169.001077890396
0,2219.001093149185
0,2219.001093149185
0,2219.001093149185
0,2219.001093149185
0,2219.001093149185
0,2219.001093149185
0,2219.001093149185
0,2219.001093149185
0,2277.0019574165344
0,2277.0019574165344
0,2277.0019574165344
0,2277.0019574165344
0,2277.0019574165344
0,2277.0019574165344
0,2277.0019574165344
0,2277.0019574165344
0,2299.001296520233
0,2299.001296520233
0,2299.001296520233
0,2299.001296520233
0,2299.001296520233
0,2299.001296520233
0,2299.001296520233
0,2299.001296520233
0,2331.001352071762
0,2331.001352071762
0,2331.001352071762
0,2331.001352071762
0,2331.001352071762
0,2331.001352071762
0,2331.001352071762
0,2331.001352071762
0,2359.002100467682
0,2359.002100467682
0,2359.002100467682
0,2359.002100467682
0,2359.002100467682
0,2359.002100467682
0,2359.002100467682
0,2359.002100467682
0,2397.0012471675873
0,2397.0012471675873
0,2397.0012471675873
0,2397.0012471675873
0,2397.0012471675873
0,2397.0012471675873
0,2397.0012471675873
0,2397.0012471675873
0,2447.001060962677
0,2447.001060962677
0,2447.001060962677
0,2447.001060962677
0,2447.001060962677
0,2447.001060962677
0,2447.001060962677
0,2447.001060962677
0,2473.001547574997
0,2473.001547574997
0,2473.001547574997
0,2473.001547574997
0,2473.001547574997
0,2473.001547574997
0,2473.001547574997
0,2473.001547574997
0,2527.0015847682953
0,2527.0015847682953
0,2527.0015847682953
0,2527.0015847682953
0,2527.0015847682953
0,2527.0015847682953
0,2527.0015847682953
0,2527.0015847682953
0,2553.0015830993652
0,2553.0015830993652
0,2553.0015830993652
0,2553.0015830993652
0,2553.0015830993652
0,2553.0015830993652
0,2553.0015830993652
0,2553.0015830993652
0,2619.001041650772
0,2619.001041650772
0,2619.001041650772
0,2619.001041650772
0,2619.001041650772
0,2619.001041650772
0,2619.001041650772
0,2619.001041650772
0,2637.0017182826996
0,2637.0017182826996
0,2637.0017182826996
0,2637.0017182826996
0,2637.0017182826996
0,2637.0017182826996
0,2637.0017182826996
0,2637.0017182826996
0,2663.0009593963623
0,2663.0009593963623
0,2663.0009593963623
0,2663.0009593963623
0,2663.0009593963623
0,2663.0009593963623
0,2663.0009593963623
0,2663.0009593963623
0,2729.001468896866
0,2729.001468896866
0,2729.001468896866
0,2729.001468896866
0,2729.001468896866
0,2729.001468896866
0,2729.001468896866
0,2729.001468896866
0,2755.0014181137085
0,2755.0014181137085
0,2755.0014181137085
0,2755.0014181137085
0,2755.0014181137085
0,2755.0014181137085
0,2755.0014181137085
0,2755.0014181137085
0,2787.0011143684387
0,2787.0011143684387
0,2787.0011143684387
0,2787.0011143684387
0,2787.0011143684387
0,2787.0011143684387
0,2787.0011143684387
0,2787.0011143684387
0,2825.0010006427765
0,2825.0010006427765
0,2825.0010006427765
0,2825.0010006427765
0,2825.0010006427765
0,2825.0010006427765
0,2825.0010006427765
0,2825.0010006427765
0,2881.002106189728
0,2881.002106189728
0,2881.002106189728
0,2881.002106189728
0,2881.002106189728
0,2881.002106189728
0,2881.002106189728
0,2881.002106189728
0,2923.0020039081573
0,2923.0020039081573
0,2923.0020039081573
0,2923.0020039081573
0,2923.0020039081573
0,2923.0020039081573
0,2923.0020039081573
0,2923.0020039081573
0,2929.0016894340515
0,2929.0016894340515
0,2929.0016894340515
0,2929.0016894340515
0,2929.0016894340515
0,2929.0016894340515
0,2929.0016894340515
0,2929.0016894340515
0,2975.0013422966003
0,2975.0013422966003
0,2975.0013422966003
0,2975.0013422966003
0,2975.0013422966003
0,2975.0013422966003
0,2975.0013422966003
0,2975.0013422966003
0,3021.001660346985
0,3021.001660346985
0,3021.001660346985
0,3021.001660346985
0,3021.001660346985
0,3021.001660346985
0,3021.001660346985
0,3021.001660346985
0,3069.001156568527
0,3069.001156568527
0,3069.001156568527
0,3069.001156568527
0,3069.001156568527
0,3069.001156568527
0,3069.001156568527
0,3069.001156568527
0,3113.001510620117
0,3113.001510620117
0,3113.001510620117
0,3113.001510620117
0,3113.001510620117
0,3113.001510620117
0,3113.001510620117
0,3113.001510620117
0,3123.001103401184
0,3123.001103401184
0,3123.001103401184
0,3123.001103401184
0,3123.001103401184
0,3123.001103401184
0,3123.001103401184
0,3123.001103401184
0,3183.001724720001
0,3183.001724720001
0,3183.001724720001
0,3183.001724720001
0,3183.001724720001
0,3183.001724720001
0,3183.001724720001
0,3183.001724720001
0,3207.0010578632355
0,3207.0010578632355
0,3207.0010578632355
0,3207.0010578632355
0,3207.0010578632355
0,3207.0010578632355
0,3207.0010578632355
0,3207.0010578632355
0,3233.0012214183807
0,3233.0012214183807
0,3233.0012214183807
0,3233.0012214183807
0,3233.0012214183807
0,3233.0012214183807
0,3233.0012214183807
0,3233.0012214183807
0,3303.001056909561
0,3303.001056909561
0,3303.001056909561
0,3303.001056909561
0,3303.001056909561
0,3303.001056909561
0,3303.001056909561
0,3303.001056909561
0,3341.0018270015717
0,3341.0018270015717
0,3341.0018270015717
0,3341.0018270015717
0,3341.0018270015717
0,3341.0018270015717
0,3341.0018270015717
0,3341.0018270015717
0,3363.00155210495
0,3363.00155210495
0,3363.00155210495
0,3363.00155210495
0,3363.00155210495
0,3363.00155210495
0,3363.00155210495
0,3363.00155210495
0,3389.0018033981323
0,3389.0018033981323
0,3389.0018033981323
0,3389.0018033981323
0,3389.0018033981323
0,3389.0018033981323
0,3389.0018033981323
0,3389.0018033981323
0,3455.0018861293793
0,3455.0018861293793
0,3455.0018861293793
0,3455.0018861293793
0,3455.0018861293793
0,3455.0018861293793
0,3455.0018861293793
0,3455.0018861293793
0,3473.001272916794
0,3473.001272916794
0,3473.001272916794
0,3473.001272916794
0,3473.001272916794
0,3473.001272916794
0,3473.001272916794
0,3473.001272916794
0,3519.0012879371643
0,3519.0012879371643
0,3519.0012879371643
0,3519.0012879371643
0,3519.0012879371643
0,3519.0012879371643
0,3519.0012879371643
0,3519.0012879371643
0,3537.001889228821
0,3537.001889228821
0,3537.001889228821
0,3537.001889228821
0,3537.001889228821
0,3537.001889228821
0,3537.001889228821
0,3537.001889228821
0,3585.0012967586517
0,3585.0012967586517
0,3585.0012967586517
0,3585.0012967586517
0,3585.0012967586517
0,3585.0012967586517
0,3585.0012967586517
0,3585.0012967586517
0,3645.0015556812286
0,3645.0015556812286
0,3645.0015556812286
0,3645.0015556812286
0,3645.0015556812286
0,3645.0015556812286
0,3645.0015556812286
0,3645.0015556812286
0,3665.0014173984528
0,3665.0014173984528
0,3665.0014173984528
0,3665.0014173984528
0,3665.0014173984528
0,3665.0014173984528
0,3665.0014173984528
0,3665.0014173984528
0,3717.0013241767883
0,3717.0013241767883
0,3717.0013241767883
0,3717.0013241767883
0,3717.0013241767883
0,3717.0013241767883
0,3717.0013241767883
0,3717.0013241767883
0,3759.0014452934265
0,3759.0014452934265
0,3759.0014452934265
0,3759.0014452934265
0,3759.0014452934265
0,3759.0014452934265
0,3759.0014452934265
0,3759.0014452934265
0,3797.0019841194153
0,3797.0019841194153
0,3797.0019841194153
0,3797.0019841194153
0,3797.0019841194153
0,3797.0019841194153
0,3797.0019841194153
0,3797.0019841194153
0,3815.001184463501
0,3815.001184463501
0,3815.001184463501
0,3815.001184463501
0,3815.001184463501
0,3815.001184463501
0,3815.001184463501
0,3815.001184463501
0,3841.0019557476044
0,3841.0019557476044
0,3841.0019557476044
0,3841.0019557476044
0,3841.0019557476044
0,3841.0019557476044
0,3841.0019557476044
0,3841.0019557476044
0,3895.0014979839325
0,3895.0014979839325
0,3895.0014979839325
0,3895.0014979839325
0,3895.0014979839325
0,3895.0014979839325
0,3895.0014979839325
0,3895.0014979839325
0,3937.001132249832
0,3937.001132249832
0,3937.001132249832
0,3937.001132249832
0,3937.001132249832
0,3937.001132249832
0,3937.001132249832
0,3937.001132249832
0,3959.001118183136
0,3959.001118183136
0,3959.001118183136
0,3959.001118183136
0,3959.001118183136
0,3959.001118183136
0,3959.001118183136
0,3959.001118183136
0,4025.0016379356384
0,4025.0016379356384
0,4025.0016379356384
0,4025.0016379356384
0,4025.0016379356384
0,4025.0016379356384
0,4025.0016379356384
0,4025.0016379356384
0,4063.0020430088043
0,4063.0020430088043
0,4063.0020430088043
0,4063.0020430088043
0,4063.0020430088043
0,4063.0020430088043
0,4063.0020430088043
0,4063.0020430088043
0,4077.0011641979218
0,4077.0011641979218
0,4077.0011641979218
0,4077.0011641979218
0,4077.0011641979218
0,4077.0011641979218
0,4077.0011641979218
0,4077.0011641979218
0,4113.0011212825775
0,4113.0011212825775
0,4113.0011212825775
0,4113.0011212825775
0,4113.0011212825775
0,4113.0011212825775
0,4113.0011212825775
0,4113.0011212825775
0,4145.001157283783
0,4145.001157283783
0,4145.001157283783
0,4145.001157283783
0,4145.001157283783
0,4145.001157283783
0,4145.001157283783
0,4145.001157283783
0,4205.002319097519
0,4205.002319097519
0,4205.002319097519
0,4205.002319097519
0,4205.002319097519
0,4205.002319097519
0,4205.002319097519
0,4205.002319097519
0,4253.001576900482
0,4253.001576900482
0,4253.001576900482
0,4253.001576900482
0,4253.001576900482
0,4253.001576900482
0,4253.001576900482
0,4253.001576900482
0,4291.0016169548035
0,4291.0016169548035
0,4291.0016169548035
0,4291.0016169548035
0,4291.0016169548035
0,4291.0016169548035
0,4291.0016169548035
0,4291.0016169548035
0,4329.001538991928
0,4329.001538991928
0,4329.001538991928
0,4329.001538991928
0,4329.001538991928
0,4329.001538991928
0,4329.001538991928
0,4329.001538991928
0,4367.001835823059
0,4367.001835823059
0,4367.001835823059
0,4367.001835823059
0,4367.001835823059
0,4367.001835823059
0,4367.001835823059
0,4367.001835823059
0,4389.002066373825
0,4389.002066373825
0,4389.002066373825
0,4389.002066373825
0,4389.002066373825
0,4389.002066373825
0,4389.002066373825
0,4389.002066373825
0,4425.001328229904
0,4425.001328229904
0,4425.001328229904
0,4425.001328229904
0,4425.001328229904
0,4425.001328229904
0,4425.001328229904
0,4425.001328229904
0,4469.001438140869
0,4469.001438140869
0,4469.001438140869
0,4469.001438140869
0,4469.001438140869
0,4469.001438140869
0,4469.001438140869
0,4469.001438140869
0,4515.001402616501
0,4515.001402616501
0,4515.001402616501
0,4515.001402616501
0,4515.001402616501
0,4515.001402616501
0,4515.001402616501
0,4515.001402616501
0,4531.001717090607
0,4531.001717090607
0,4531.001717090607
0,4531.001717090607
0,4531.001717090607
0,4531.001717090607
0,4531.001717090607
0,4531.001717090607
0,4591.001442432404
0,4591.001442432404
0,4591.001442432404
0,4591.001442432404
0,4591.001442432404
0,4591.001442432404
0,4591.001442432404
0,4591.001442432404
0,4633.001670837402
0,4633.001670837402
0,4633.001670837402
0,4633.001670837402
0,4633.001670837402
0,4633.001670837402
0,4633.001670837402
0,4633.001670837402
0,4671.001136779785
0,4671.001136779785
0,4671.001136779785
0,4671.001136779785
0,4671.001136779785
0,4671.001136779785
0,4671.001136779785
0,4671.001136779785
0,4701.001741886139
0,4701.001741886139
0,4701.001741886139
0,4701.001741886139
0,4701.001741886139
0,4701.001741886139
0,4701.001741886139
0,4701.001741886139
0,4731.001510620117
0,4731.001510620117
0,4731.001510620117
0,4731.001510620117
0,4731.001510620117
0,4731.001510620117
0,4731.001510620117
0,4731.001510620117
0,4753.001140117645
0,4753.001140117645
0,4753.001140117645
0,4753.001140117645
0,4753.001140117645
0,4753.001140117645
0,4753.001140117645
0,4753.001140117645
0,4807.001209497452
0,4807.001209497452
0,4807.001209497452
0,4807.001209497452
0,4807.001209497452
0,4807.001209497452
0,4807.001209497452
0,4807.001209497452
0,4841.001572847366
0,4841.001572847366
0,4841.001572847366
0,4841.001572847366
0,4841.001572847366
0,4841.001572847366
0,4841.001572847366
0,4841.001572847366
0,4871.001733541489
0,4871.001733541489
0,4871.001733541489
0,4871.001733541489
0,4871.001733541489
0,4871.001733541489
0,4871.001733541489
0,4871.001733541489
0,4925.001278877258
0,4925.001278877258
0,4925.001278877258
0,4925.001278877258
0,4925.001278877258
0,4925.001278877258
0,4925.001278877258
0,4925.001278877258
0,4955.0019726753235
0,4955.0019726753235
0,4955.0019726753235
0,4955.0019726753235
0,4955.0019726753235
0,4955.0019726753235
0,4955.0019726753235
0,4955.0019726753235
0,4999.001265287399
0,4999.001265287399
0,4999.001265287399
0,4999.001265287399
0,4999.001265287399
0,4999.001265287399
0,4999.001265287399
0,4999.001265287399
0,5035.001319169998
0,5035.001319169998
0,5035.001319169998
0,5035.001319169998
0,5035.001319169998
0,5035.001319169998
0,5035.001319169998
0,5035.001319169998
0,5073.001145601273
0,5073.001145601273
0,5073.001145601273
0,5073.001145601273
0,5073.001145601273
0,5073.001145601273
0,5073.001145601273
0,5073.001145601273
0,5127.001491785049
0,5127.001491785049
0,5127.001491785049
0,5127.001491785049
0,5127.001491785049
0,5127.001491785049
0,5127.001491785049
0,5127.001491785049
0,5145.001782178879
0,5145.001782178879
0,5145.001782178879
0,5145.001782178879
0,5145.001782178879
0,5145.001782178879
0,5145.001782178879
0,5145.001782178879
0,5203.001216411591
0,5203.001216411591
0,5203.001216411591
0,5203.001216411591
0,5203.001216411591
0,5203.001216411591
0,5203.001216411591
0,5203.001216411591
0,5223.001132488251
0,5223.001132488251
0,5223.001132488251
0,5223.001132488251
0,5223.001132488251
0,5223.001132488251
0,5223.001132488251
0,5223.001132488251
0,5259.001280546188
0,5259.001280546188
0,5259.001280546188
0,5259.001280546188
0,5259.001280546188
0,5259.001280546188
0,5259.001280546188
0,5259.001280546188
0,5295.001185178757
0,5295.001185178757
0,5295.001185178757
0,5295.001185178757
0,5295.001185178757
0,5295.001185178757
0,5295.001185178757
0,5295.001185178757
0,5323.001112937927
0,5323.001112937927
0,5323.001112937927
0,5323.001112937927
0,5323.001112937927
0,5323.001112937927
0,5323.001112937927
0,5323.001112937927
0,5377.001492738724
0,5377.001492738724
0,5377.001492738724
0,5377.001492738724
0,5377.001492738724
0,5377.001492738724
0,5377.001492738724
0,5377.001492738724
0,5419.001501321793
0,5419.001501321793
0,5419.001501321793
0,5419.001501321793
0,5419.001501321793
0,5419.001501321793
0,5419.001501321793
0,5419.001501321793
0,5469.001841783524
0,5469.001841783524
0,5469.001841783524
0,5469.001841783524
0,5469.001841783524
0,5469.001841783524
0,5469.001841783524
0,5469.001841783524
0,5507.001676082611
0,5507.001676082611
0,5507.001676082611
0,5507.001676082611
0,5507.001676082611
0,5507.001676082611
0,5507.001676082611
0,5507.001676082611
0,5529.001551151276
0,5529.001551151276
0,5529.001551151276
0,5529.001551151276
0,5529.001551151276
0,5529.001551151276
0,5529.001551151276
0,5529.001551151276
0,5575.0013864040375
0,5575.0013864040375
0,5575.0013864040375
0,5575.0013864040375
0,5575.0013864040375
0,5575.0013864040375
0,5575.0013864040375
0,5575.0013864040375
0,5621.001492023468
0,5621.001492023468
0,5621.001492023468
0,5621.001492023468
0,5621.001492023468
0,5621.001492023468
0,5621.001492023468
0,5621.001492023468
0,5655.00185418129
0,5655.00185418129
0,5655.00185418129
0,5655.00185418129
0,5655.00185418129
0,5655.00185418129
0,5655.00185418129
0,5655.00185418129
0,5697.001393079758
0,5697.001393079758
0,5697.001393079758
0,5697.001393079758
0,5697.001393079758
0,5697.001393079758
0,5697.001393079758
0,5697.001393079758
0,5723.001503705978
0,5723.001503705978
0,5723.001503705978
0,5723.001503705978
0,5723.001503705978
0,5723.001503705978
0,5723.001503705978
0,5723.001503705978
0,5769.001898288727
0,5769.001898288727
0,5769.001898288727
0,5769.001898288727
0,5769.001898288727
0,5769.001898288727
0,5769.001898288727
0,5769.001898288727
0,5795.001487493515
0,5795.001487493515
0,5795.001487493515
0,5795.001487493515
0,5795.001487493515
0,5795.001487493515
0,5795.001487493515
0,5795.001487493515
0,5823.001235961914
0,5823.001235961914
0,5823.001235961914
0,5823.001235961914
0,5823.001235961914
0,5823.001235961914
0,5823.001235961914
0,5823.001235961914
0,5887.001240730286
0,5887.001240730286
0,5887.001240730286
0,5887.001240730286
0,5887.001240730286
0,5887.001240730286
0,5887.001240730286
0,5887.001240730286
0,5921.001295566559
0,5921.001295566559
0,5921.001295566559
0,5921.001295566559
0,5921.001295566559
0,5921.001295566559
0,5921.001295566559
0,5921.001295566559
0,5931.001151800156
0,5931.001151800156
0,5931.001151800156
0,5931.001151800156
0,5931.001151800156
0,5931.001151800156
0,5931.001151800156
0,5931.001151800156
0,5997.0013909339905
0,5997.0013909339905
0,5997.0013909339905
0,5997.0013909339905
0,5997.0013909339905
0,5997.0013909339905
0,5997.0013909339905
0,5997.0013909339905
0,6039.0013036727905
0,6039.0013036727905
0,6039.0013036727905
0,6039.0013036727905
0,6039.0013036727905
0,6039.0013036727905
0,6039.0013036727905
0,6039.0013036727905
0,6061.001259565353
0,6061.001259565353
0,6061.001259565353
0,6061.001259565353
0,6061.001259565353
0,6061.001259565353
0,6061.001259565353
0,6061.001259565353
0,6099.001163959503
0,6099.001163959503
0,6099.001163959503
0,6099.001163959503
0,6099.001163959503
0,6099.001163959503
0,6099.001163959503
0,6099.001163959503
0,6125.001601219177
0,6125.001601219177
0,6125.001601219177
0,6125.001601219177
0,6125.001601219177
0,6125.001601219177
0,6125.001601219177
0,6125.001601219177
0,6177.001392364502
0,6177.001392364502
0,6177.001392364502
0,6177.001392364502
0,6177.001392364502
0,6177.001392364502
0,6177.001392364502
0,6177.001392364502
0,6201.001252174377
0,6201.001252174377
0,6201.001252174377
0,6201.001252174377
0,6201.001252174377
0,6201.001252174377
0,6201.001252174377
0,6201.001252174377
0,6235.001038789749
0,6235.001038789749
0,6235.001038789749
0,6235.001038789749
0,6235.001038789749
0,6235.001038789749
0,6235.001038789749
0,6235.001038789749
0,6301.001815319061
0,6301.001815319061
0,6301.001815319061
0,6301.001815319061
0,6301.001815319061
0,6301.001815319061
0,6301.001815319061
0,6301.001815319061
0,6335.0018792152405
0,6335.0018792152405
0,6335.0018792152405
0,6335.0018792152405
0,6335.0018792152405
0,6335.0018792152405
0,6335.0018792152405
0,6335.0018792152405
