7,10
7,72
7,114
7,136
7,178
7,3238
7,3282
7,3300
7,3370
7,3410
7,3426
7,3464
7,3528
7,3586
7,3602
7,3658
7,3680
7,3750
7,3758
7,3808
7,3850
7,3888
7,3940
7,7006
7,7026
7,7070
7,7128
7,7174
7,7198
7,7246
7,7270
7,7316
7,7364
7,7396
7,7468
7,7510
7,7514
7,7570
7,7628
7,7640
7,7702
7,7758
7,7774
7,7826
7,7850
7,7900
7,7948
7,8010
7,8022
7,8060
7,8106
7,8182
7,8208
7,8232
7,8284
7,8338
7,8370
7,8424
7,8442
7,8514
7,8548
7,8594
7,8644
7,8678
7,8694
7,8744
7,8778
7,8820
7,8866
7,8900
7,8946
7,8998
7,9044
7,9072
7,9128
7,9172
7,9198
7,9240
7,9316
7,9336
7,9362
7,9412
7,9450
7,9496
7,9534
7,9592
7,9652
7,9656
7,9732
7,9778
7,9810
7,9844
7,9882
7,9908
7,9988
7,10030
7,10064
7,10104
7,10148
7,10182
7,10210
7,10258
7,10310
7,10344
7,10370
7,10420
7,10478
7,10530
7,10542
7,10614
7,10634
7,10672
7,10734
7,10748
7,10818
7,10850
7,10882
7,10936
7,10978
7,11038
7,11076
7,11122
7,11130
7,11180
7,11248
7,11278
7,11318
7,11370
7,11388
7,11434
7,11496
7,11524
7,11556
7,11588
7,11660
7,11686
7,11714
7,11786
7,11826
7,11848
7,11912
7,11928
7,11976
7,12020
7,12050
7,12104
7,12154
7,12214
7,12256
7,12298
7,12324
7,12352
7,12404
7,12460
7,12486
7,12546
7,12592
7,12608
7,12638
7,12690
7,12750
7,12798
7,12838
7,12872
7,12894
7,12936
7,12996
7,13016
7,13088
7,13118
7,13172
7,13214
7,13264
7,13272
7,13324
7,13360
7,13410
7,13460
7,13482
7,13534
7,13566
7,13638
7,13672
7,13692
7,13752
7,13800
7,13824
7,13878
7,13916
7,13974
7,13994
7,14036
7,14096
7,14130
7,14168
7,14220
7,14242
7,14284
7,14356
7,14386
7,14440
7,14448
7,14524
7,14532
7,14590
7,14630
7,14688
7,14704
7,14742
7,14780
7,14850
7,14898
7,14930
7,14974
7,14996
7,15040
7,15096
7,15150
7,15196
7,15214
7,15246
7,15322
7,15326
7,15380
7,15442
7,15468
7,15528
7,15574
7,15616
7,15652
7,15678
7,15730
7,15766
7,15798
7,15854
7,15872
7,15932
7,15986
7,16032
7,16040
7,16082
7,16138
7,16170
7,16224
7,16274
7,16292
7,16372
7,16410
7,16442
7,16484
7,16522
7,16554
7,16624
7,16636
7,16690
7,16720
7,16762
7,16826
7,16842
7,16900
7,16922
7,16982
7,17040
7,17052
7,17108
7,17170
7,17208
7,17240
7,17268
7,17318
7,17374
7,17400
7,17452
7,17492
7,17530
7,17582
7,17622
7,17658
7,17688
7,17754
7,17774
7,17834
7,17870
7,17910
7,17938
7,18010
7,18014
7,18064
7,18132
7,18162
7,18192
7,18232
7,18292
7,18336
7,18350
7,18418
7,18472
7,18500
7,18532
7,18584
7,18616
7,18670
7,18702
7,18742
7,18770
7,18830
7,18888
7,18904
7,18972
7,18988
7,19042
7,19094
7,19132
7,19168
7,19208
7,19266
7,19282
7,19328
7,19376
7,19408
7,19480
7,19502
7,19546
7,19594
7,19642
7,19686
7,19706
7,19748
7,19808
7,19846
7,19872
7,19928
7,19984
7,20000
