9,19
9,19
9,19
9,19
9,19
9,19
9,19
9,19
9,19
9,81
9,81
9,81
9,81
9,81
9,81
9,81
9,81
9,81
9,123
9,123
9,123
9,123
9,123
9,123
9,123
9,123
9,123
9,141
9,141
9,141
9,141
9,141
9,141
9,141
9,141
9,141
9,3203
9,3203
9,3203
9,3203
9,3203
9,3203
9,3203
9,3203
9,3203
9,3213
9,3213
9,3213
9,3213
9,3213
9,3213
9,3213
9,3213
9,3213
9,3291
9,3291
9,3291
9,3291
9,3291
9,3291
9,3291
9,3291
9,3291
9,3333
9,3333
9,3333
9,3333
9,3333
9,3333
9,3333
9,3333
9,3333
9,3375
9,3375
9,3375
9,3375
9,3375
9,3375
9,3375
9,3375
9,3375
9,3385
9,3385
9,3385
9,3385
9,3385
9,3385
9,3385
9,3385
9,3385
9,3447
9,3447
9,3447
9,3447
9,3447
9,3447
9,3447
9,3447
9,3447
9,3501
9,3501
9,3501
9,3501
9,3501
9,3501
9,3501
9,3501
9,3501
9,3507
9,3507
9,3507
9,3507
9,3507
9,3507
9,3507
9,3507
9,3507
9,3569
9,3569
9,3569
9,3569
9,3569
9,3569
9,3569
9,3569
9,3569
9,3619
9,3619
9,3619
9,3619
9,3619
9,3619
9,3619
9,3619
9,3619
9,3633
9,3633
9,3633
9,3633
9,3633
9,3633
9,3633
9,3633
9,3633
9,3675
9,3675
9,3675
9,3675
9,3675
9,3675
9,3675
9,3675
9,3675
9,3729
9,3729
9,3729
9,3729
9,3729
9,3729
9,3729
9,3729
9,3729
9,3767
9,3767
9,3767
9,3767
9,3767
9,3767
9,3767
9,3767
9,3767
9,3821
9,3821
9,3821
9,3821
9,3821
9,3821
9,3821
9,3821
9,3821
9,3867
9,3867
9,3867
9,3867
9,3867
9,3867
9,3867
9,3867
9,3867
9,3893
9,3893
9,3893
9,3893
9,3893
9,3893
9,3893
9,3893
9,3893
9,3931
9,3931
9,3931
9,3931
9,3931
9,3931
9,3931
9,3931
9,3931
9,3985
9,3985
9,3985
9,3985
9,3985
9,3985
9,3985
9,3985
9,3985
9,7043
9,7043
9,7043
9,7043
9,7043
9,7043
9,7043
9,7043
9,7043
9,7057
9,7057
9,7057
9,7057
9,7057
9,7057
9,7057
9,7057
9,7057
9,7095
9,7095
9,7095
9,7095
9,7095
9,7095
9,7095
9,7095
9,7095
9,7165
9,7165
9,7165
9,7165
9,7165
9,7165
9,7165
9,7165
9,7165
9,7211
9,7211
9,7211
9,7211
9,7211
9,7211
9,7211
9,7211
9,7211
9,7237
9,7237
9,7237
9,7237
9,7237
9,7237
9,7237
9,7237
9,7237
9,7275
9,7275
9,7275
9,7275
9,7275
9,7275
9,7275
9,7275
9,7275
9,7325
9,7325
9,7325
9,7325
9,7325
9,7325
9,7325
9,7325
9,7325
9,7347
9,7347
9,7347
9,7347
9,7347
9,7347
9,7347
9,7347
9,7347
9,7417
9,7417
9,7417
9,7417
9,7417
9,7417
9,7417
9,7417
9,7417
9,7443
9,7443
9,7443
9,7443
9,7443
9,7443
9,7443
9,7443
9,7443
9,7477
9,7477
9,7477
9,7477
9,7477
9,7477
9,7477
9,7477
9,7477
9,7551
9,7551
9,7551
9,7551
9,7551
9,7551
9,7551
9,7551
9,7551
9,7565
9,7565
9,7565
9,7565
9,7565
9,7565
9,7565
9,7565
9,7565
9,7603
9,7603
9,7603
9,7603
9,7603
9,7603
9,7603
9,7603
9,7603
9,7649
9,7649
9,7649
9,7649
9,7649
9,7649
9,7649
9,7649
9,7649
9,7707
9,7707
9,7707
9,7707
9,7707
9,7707
9,7707
9,7707
9,7707
9,7737
9,7737
9,7737
9,7737
9,7737
9,7737
9,7737
9,7737
9,7737
9,7803
9,7803
9,7803
9,7803
9,7803
9,7803
9,7803
9,7803
9,7803
9,7813
9,7813
9,7813
9,7813
9,7813
9,7813
9,7813
9,7813
9,7813
9,7887
9,7887
9,7887
9,7887
9,7887
9,7887
9,7887
9,7887
9,7887
9,7925
9,7925
9,7925
9,7925
9,7925
9,7925
9,7925
9,7925
9,7925
9,7939
9,7939
9,7939
9,7939
9,7939
9,7939
9,7939
9,7939
9,7939
9,7977
9,7977
9,7977
9,7977
9,7977
9,7977
9,7977
9,7977
9,7977
9,8031
9,8031
9,8031
9,8031
9,8031
9,8031
9,8031
9,8031
9,8031
9,8085
9,8085
9,8085
9,8085
9,8085
9,8085
9,8085
9,8085
9,8085
9,8139
9,8139
9,8139
9,8139
9,8139
9,8139
9,8139
9,8139
9,8139
9,8157
9,8157
9,8157
9,8157
9,8157
9,8157
9,8157
9,8157
9,8157
9,8199
9,8199
9,8199
9,8199
9,8199
9,8199
9,8199
9,8199
9,8199
9,8265
9,8265
9,8265
9,8265
9,8265
9,8265
9,8265
9,8265
9,8265
9,8279
9,8279
9,8279
9,8279
9,8279
9,8279
9,8279
9,8279
9,8279
9,8313
9,8313
9,8313
9,8313
9,8313
9,8313
9,8313
9,8313
9,8313
9,8387
9,8387
9,8387
9,8387
9,8387
9,8387
9,8387
9,8387
9,8387
9,8429
9,8429
9,8429
9,8429
9,8429
9,8429
9,8429
9,8429
9,8429
9,8447
9,8447
9,8447
9,8447
9,8447
9,8447
9,8447
9,8447
9,8447
9,8481
9,8481
9,8481
9,8481
9,8481
9,8481
9,8481
9,8481
9,8481
9,8535
9,8535
9,8535
9,8535
9,8535
9,8535
9,8535
9,8535
9,8535
9,8585
9,8585
9,8585
9,8585
9,8585
9,8585
9,8585
9,8585
9,8585
9,8623
9,8623
9,8623
9,8623
9,8623
9,8623
9,8623
9,8623
9,8623
9,8673
9,8673
9,8673
9,8673
9,8673
9,8673
9,8673
9,8673
9,8673
9,8703
9,8703
9,8703
9,8703
9,8703
9,8703
9,8703
9,8703
9,8703
9,8749
9,8749
9,8749
9,8749
9,8749
9,8749
9,8749
9,8749
9,8749
9,8795
9,8795
9,8795
9,8795
9,8795
9,8795
9,8795
9,8795
9,8795
9,8849
9,8849
9,8849
9,8849
9,8849
9,8849
9,8849
9,8849
9,8849
9,8875
9,8875
9,8875
9,8875
9,8875
9,8875
9,8875
9,8875
9,8875
9,8933
9,8933
9,8933
9,8933
9,8933
9,8933
9,8933
9,8933
9,8933
9,8959
9,8959
9,8959
9,8959
9,8959
9,8959
9,8959
9,8959
9,8959
9,8989
9,8989
9,8989
9,8989
9,8989
9,8989
9,8989
9,8989
9,8989
9,9031
9,9031
9,9031
9,9031
9,9031
9,9031
9,9031
9,9031
9,9031
9,9081
9,9081
9,9081
9,9081
9,9081
9,9081
9,9081
9,9081
9,9081
9,9115
9,9115
9,9115
9,9115
9,9115
9,9115
9,9115
9,9115
9,9115
9,9189
9,9189
9,9189
9,9189
9,9189
9,9189
9,9189
9,9189
9,9189
9,9231
9,9231
9,9231
9,9231
9,9231
9,9231
9,9231
9,9231
9,9231
9,9245
9,9245
9,9245
9,9245
9,9245
9,9245
9,9245
9,9245
9,9245
9,9279
9,9279
9,9279
9,9279
9,9279
9,9279
9,9279
9,9279
9,9279
9,9353
9,9353
9,9353
9,9353
9,9353
9,9353
9,9353
9,9353
9,9353
9,9387
9,9387
9,9387
9,9387
9,9387
9,9387
9,9387
9,9387
9,9387
9,9441
9,9441
9,9441
9,9441
9,9441
9,9441
9,9441
9,9441
9,9441
9,9455
9,9455
9,9455
9,9455
9,9455
9,9455
9,9455
9,9455
9,9455
9,9525
9,9525
9,9525
9,9525
9,9525
9,9525
9,9525
9,9525
9,9525
9,9539
9,9539
9,9539
9,9539
9,9539
9,9539
9,9539
9,9539
9,9539
9,9597
9,9597
9,9597
9,9597
9,9597
9,9597
9,9597
9,9597
9,9597
9,9639
9,9639
9,9639
9,9639
9,9639
9,9639
9,9639
9,9639
9,9639
9,9669
9,9669
9,9669
9,9669
9,9669
9,9669
9,9669
9,9669
9,9669
9,9711
9,9711
9,9711
9,9711
9,9711
9,9711
9,9711
9,9711
9,9711
9,9757
9,9757
9,9757
9,9757
9,9757
9,9757
9,9757
9,9757
9,9757
9,9815
9,9815
9,9815
9,9815
9,9815
9,9815
9,9815
9,9815
9,9815
9,9849
9,9849
9,9849
9,9849
9,9849
9,9849
9,9849
9,9849
9,9849
9,9891
9,9891
9,9891
9,9891
9,9891
9,9891
9,9891
9,9891
9,9891
9,9913
9,9913
9,9913
9,9913
9,9913
9,9913
9,9913
9,9913
9,9913
9,9959
9,9959
9,9959
9,9959
9,9959
9,9959
9,9959
9,9959
9,9959
9,10001
9,10001
9,10001
9,10001
9,10001
9,10001
9,10001
9,10001
9,10001
9,10059
9,10059
9,10059
9,10059
9,10059
9,10059
9,10059
9,10059
9,10059
9,10113
9,10113
9,10113
9,10113
9,10113
9,10113
9,10113
9,10113
9,10113
9,10143
9,10143
9,10143
9,10143
9,10143
9,10143
9,10143
9,10143
9,10143
9,10173
9,10173
9,10173
9,10173
9,10173
9,10173
9,10173
9,10173
9,10173
9,10235
9,10235
9,10235
9,10235
9,10235
9,10235
9,10235
9,10235
9,10235
9,10253
9,10253
9,10253
9,10253
9,10253
9,10253
9,10253
9,10253
9,10253
9,10319
9,10319
9,10319
9,10319
9,10319
9,10319
9,10319
9,10319
9,10319
9,10365
9,10365
9,10365
9,10365
9,10365
9,10365
9,10365
9,10365
9,10365
9,10387
9,10387
9,10387
9,10387
9,10387
9,10387
9,10387
9,10387
9,10387
9,10429
9,10429
9,10429
9,10429
9,10429
9,10429
9,10429
9,10429
9,10429
9,10487
9,10487
9,10487
9,10487
9,10487
9,10487
9,10487
9,10487
9,10487
9,10505
9,10505
9,10505
9,10505
9,10505
9,10505
9,10505
9,10505
9,10505
9,10559
9,10559
9,10559
9,10559
9,10559
9,10559
9,10559
9,10559
9,10559
9,10601
9,10601
9,10601
9,10601
9,10601
9,10601
9,10601
9,10601
9,10601
9,10655
9,10655
9,10655
9,10655
9,10655
9,10655
9,10655
9,10655
9,10655
9,10681
9,10681
9,10681
9,10681
9,10681
9,10681
9,10681
9,10681
9,10681
9,10739
9,10739
9,10739
9,10739
9,10739
9,10739
9,10739
9,10739
9,10739
9,10785
9,10785
9,10785
9,10785
9,10785
9,10785
9,10785
9,10785
9,10785
9,10823
9,10823
9,10823
9,10823
9,10823
9,10823
9,10823
9,10823
9,10823
9,10833
9,10833
9,10833
9,10833
9,10833
9,10833
9,10833
9,10833
9,10833
9,10899
9,10899
9,10899
9,10899
9,10899
9,10899
9,10899
9,10899
9,10899
9,10953
9,10953
9,10953
9,10953
9,10953
9,10953
9,10953
9,10953
9,10953
9,10991
9,10991
9,10991
9,10991
9,10991
9,10991
9,10991
9,10991
9,10991
9,11009
9,11009
9,11009
9,11009
9,11009
9,11009
9,11009
9,11009
9,11009
9,11047
9,11047
9,11047
9,11047
9,11047
9,11047
9,11047
9,11047
9,11047
9,11109
9,11109
9,11109
9,11109
9,11109
9,11109
9,11109
9,11109
9,11109
9,11163
9,11163
9,11163
9,11163
9,11163
9,11163
9,11163
9,11163
9,11163
9,11197
9,11197
9,11197
9,11197
9,11197
9,11197
9,11197
9,11197
9,11197
9,11211
9,11211
9,11211
9,11211
9,11211
9,11211
9,11211
9,11211
9,11211
9,11253
9,11253
9,11253
9,11253
9,11253
9,11253
9,11253
9,11253
9,11253
9,11323
9,11323
9,11323
9,11323
9,11323
9,11323
9,11323
9,11323
9,11323
9,11353
9,11353
9,11353
9,11353
9,11353
9,11353
9,11353
9,11353
9,11353
9,11383
9,11383
9,11383
9,11383
9,11383
9,11383
9,11383
9,11383
9,11383
9,11425
9,11425
9,11425
9,11425
9,11425
9,11425
9,11425
9,11425
9,11425
9,11479
9,11479
9,11479
9,11479
9,11479
9,11479
9,11479
9,11479
9,11479
9,11541
9,11541
9,11541
9,11541
9,11541
9,11541
9,11541
9,11541
9,11541
9,11547
9,11547
9,11547
9,11547
9,11547
9,11547
9,11547
9,11547
9,11547
9,11617
9,11617
9,11617
9,11617
9,11617
9,11617
9,11617
9,11617
9,11617
9,11631
9,11631
9,11631
9,11631
9,11631
9,11631
9,11631
9,11631
9,11631
9,11677
9,11677
9,11677
9,11677
9,11677
9,11677
9,11677
9,11677
9,11677
9,11723
9,11723
9,11723
9,11723
9,11723
9,11723
9,11723
9,11723
9,11723
9,11761
9,11761
9,11761
9,11761
9,11761
9,11761
9,11761
9,11761
9,11761
9,11835
9,11835
9,11835
9,11835
9,11835
9,11835
9,11835
9,11835
9,11835
9,11861
9,11861
9,11861
9,11861
9,11861
9,11861
9,11861
9,11861
9,11861
9,11887
9,11887
9,11887
9,11887
9,11887
9,11887
9,11887
9,11887
9,11887
9,11941
9,11941
9,11941
9,11941
9,11941
9,11941
9,11941
9,11941
9,11941
9,11967
9,11967
9,11967
9,11967
9,11967
9,11967
9,11967
9,11967
9,11967
9,12041
9,12041
9,12041
9,12041
9,12041
9,12041
9,12041
9,12041
9,12041
9,12075
9,12075
9,12075
9,12075
9,12075
9,12075
9,12075
9,12075
9,12075
9,12129
9,12129
9,12129
9,12129
9,12129
9,12129
9,12129
9,12129
9,12129
9,12159
9,12159
9,12159
9,12159
9,12159
9,12159
9,12159
9,12159
9,12159
9,12205
9,12205
9,12205
9,12205
9,12205
9,12205
9,12205
9,12205
9,12205
9,12239
9,12239
9,12239
9,12239
9,12239
9,12239
9,12239
9,12239
9,12239
9,12293
9,12293
9,12293
9,12293
9,12293
9,12293
9,12293
9,12293
9,12293
9,12303
9,12303
9,12303
9,12303
9,12303
9,12303
9,12303
9,12303
9,12303
9,12381
9,12381
9,12381
9,12381
9,12381
9,12381
9,12381
9,12381
9,12381
9,12387
9,12387
9,12387
9,12387
9,12387
9,12387
9,12387
9,12387
9,12387
9,12465
9,12465
9,12465
9,12465
9,12465
9,12465
9,12465
9,12465
9,12465
9,12503
9,12503
9,12503
9,12503
9,12503
9,12503
9,12503
9,12503
9,12503
9,12541
9,12541
9,12541
9,12541
9,12541
9,12541
9,12541
9,12541
9,12541
9,12559
9,12559
9,12559
9,12559
9,12559
9,12559
9,12559
9,12559
9,12559
9,12625
9,12625
9,12625
9,12625
9,12625
9,12625
9,12625
9,12625
9,12625
9,12655
9,12655
9,12655
9,12655
9,12655
9,12655
9,12655
9,12655
9,12655
9,12681
9,12681
9,12681
9,12681
9,12681
9,12681
9,12681
9,12681
9,12681
9,12755
9,12755
9,12755
9,12755
9,12755
9,12755
9,12755
9,12755
9,12755
9,12765
9,12765
9,12765
9,12765
9,12765
9,12765
9,12765
9,12765
9,12765
9,12843
9,12843
9,12843
9,12843
9,12843
9,12843
9,12843
9,12843
9,12843
9,12877
9,12877
9,12877
9,12877
9,12877
9,12877
9,12877
9,12877
9,12877
9,12907
9,12907
9,12907
9,12907
9,12907
9,12907
9,12907
9,12907
9,12907
9,12969
9,12969
9,12969
9,12969
9,12969
9,12969
9,12969
9,12969
9,12969
9,12979
9,12979
9,12979
9,12979
9,12979
9,12979
9,12979
9,12979
9,12979
9,13053
9,13053
9,13053
9,13053
9,13053
9,13053
9,13053
9,13053
9,13053
9,13059
9,13059
9,13059
9,13059
9,13059
9,13059
9,13059
9,13059
9,13059
9,13109
9,13109
9,13109
9,13109
9,13109
9,13109
9,13109
9,13109
9,13109
9,13147
9,13147
9,13147
9,13147
9,13147
9,13147
9,13147
9,13147
9,13147
9,13209
9,13209
9,13209
9,13209
9,13209
9,13209
9,13209
9,13209
9,13209
9,13255
9,13255
9,13255
9,13255
9,13255
9,13255
9,13255
9,13255
9,13255
9,13285
9,13285
9,13285
9,13285
9,13285
9,13285
9,13285
9,13285
9,13285
9,13319
9,13319
9,13319
9,13319
9,13319
9,13319
9,13319
9,13319
9,13319
9,13389
9,13389
9,13389
9,13389
9,13389
9,13389
9,13389
9,13389
9,13389
9,13415
9,13415
9,13415
9,13415
9,13415
9,13415
9,13415
9,13415
9,13415
9,13469
9,13469
9,13469
9,13469
9,13469
9,13469
9,13469
9,13469
9,13469
9,13503
9,13503
9,13503
9,13503
9,13503
9,13503
9,13503
9,13503
9,13503
9,13529
9,13529
9,13529
9,13529
9,13529
9,13529
9,13529
9,13529
9,13529
9,13591
9,13591
9,13591
9,13591
9,13591
9,13591
9,13591
9,13591
9,13591
9,13621
9,13621
9,13621
9,13621
9,13621
9,13621
9,13621
9,13621
9,13621
9,13667
9,13667
9,13667
9,13667
9,13667
9,13667
9,13667
9,13667
9,13667
9,13697
9,13697
9,13697
9,13697
9,13697
9,13697
9,13697
9,13697
9,13697
9,13747
9,13747
9,13747
9,13747
9,13747
9,13747
9,13747
9,13747
9,13747
9,13809
9,13809
9,13809
9,13809
9,13809
9,13809
9,13809
9,13809
9,13809
9,13819
9,13819
9,13819
9,13819
9,13819
9,13819
9,13819
9,13819
9,13819
9,13873
9,13873
9,13873
9,13873
9,13873
9,13873
9,13873
9,13873
9,13873
9,13907
9,13907
9,13907
9,13907
9,13907
9,13907
9,13907
9,13907
9,13907
9,13961
9,13961
9,13961
9,13961
9,13961
9,13961
9,13961
9,13961
9,13961
9,14019
9,14019
9,14019
9,14019
9,14019
9,14019
9,14019
9,14019
9,14019
9,14061
9,14061
9,14061
9,14061
9,14061
9,14061
9,14061
9,14061
9,14061
9,14083
9,14083
9,14083
9,14083
9,14083
9,14083
9,14083
9,14083
9,14083
9,14121
9,14121
9,14121
9,14121
9,14121
9,14121
9,14121
9,14121
9,14121
9,14163
9,14163
9,14163
9,14163
9,14163
9,14163
9,14163
9,14163
9,14163
9,14229
9,14229
9,14229
9,14229
9,14229
9,14229
9,14229
9,14229
9,14229
9,14247
9,14247
9,14247
9,14247
9,14247
9,14247
9,14247
9,14247
9,14247
9,14305
9,14305
9,14305
9,14305
9,14305
9,14305
9,14305
9,14305
9,14305
9,14331
9,14331
9,14331
9,14331
9,14331
9,14331
9,14331
9,14331
9,14331
9,14365
9,14365
9,14365
9,14365
9,14365
9,14365
9,14365
9,14365
9,14365
9,14403
9,14403
9,14403
9,14403
9,14403
9,14403
9,14403
9,14403
9,14403
9,14477
9,14477
9,14477
9,14477
9,14477
9,14477
9,14477
9,14477
9,14477
9,14519
9,14519
9,14519
9,14519
9,14519
9,14519
9,14519
9,14519
9,14519
9,14561
9,14561
9,14561
9,14561
9,14561
9,14561
9,14561
9,14561
9,14561
9,14595
9,14595
9,14595
9,14595
9,14595
9,14595
9,14595
9,14595
9,14595
9,14617
9,14617
9,14617
9,14617
9,14617
9,14617
9,14617
9,14617
9,14617
9,14663
9,14663
9,14663
9,14663
9,14663
9,14663
9,14663
9,14663
9,14663
9,14721
9,14721
9,14721
9,14721
9,14721
9,14721
9,14721
9,14721
9,14721
9,14775
9,14775
9,14775
9,14775
9,14775
9,14775
9,14775
9,14775
9,14775
9,14793
9,14793
9,14793
9,14793
9,14793
9,14793
9,14793
9,14793
9,14793
9,14859
9,14859
9,14859
9,14859
9,14859
9,14859
9,14859
9,14859
9,14859
9,14881
9,14881
9,14881
9,14881
9,14881
9,14881
9,14881
9,14881
9,14881
9,14939
9,14939
9,14939
9,14939
9,14939
9,14939
9,14939
9,14939
9,14939
9,14961
9,14961
9,14961
9,14961
9,14961
9,14961
9,14961
9,14961
9,14961
9,14991
9,14991
9,14991
9,14991
9,14991
9,14991
9,14991
9,14991
9,14991
9,15069
9,15069
9,15069
9,15069
9,15069
9,15069
9,15069
9,15069
9,15069
9,15075
9,15075
9,15075
9,15075
9,15075
9,15075
9,15075
9,15075
9,15075
9,15137
9,15137
9,15137
9,15137
9,15137
9,15137
9,15137
9,15137
9,15137
9,15187
9,15187
9,15187
9,15187
9,15187
9,15187
9,15187
9,15187
9,15187
9,15205
9,15205
9,15205
9,15205
9,15205
9,15205
9,15205
9,15205
9,15205
9,15271
9,15271
9,15271
9,15271
9,15271
9,15271
9,15271
9,15271
9,15271
9,15305
9,15305
9,15305
9,15305
9,15305
9,15305
9,15305
9,15305
9,15305
9,15343
9,15343
9,15343
9,15343
9,15343
9,15343
9,15343
9,15343
9,15343
9,15389
9,15389
9,15389
9,15389
9,15389
9,15389
9,15389
9,15389
9,15389
9,15447
9,15447
9,15447
9,15447
9,15447
9,15447
9,15447
9,15447
9,15447
9,15477
9,15477
9,15477
9,15477
9,15477
9,15477
9,15477
9,15477
9,15477
9,15519
9,15519
9,15519
9,15519
9,15519
9,15519
9,15519
9,15519
9,15519
9,15537
9,15537
9,15537
9,15537
9,15537
9,15537
9,15537
9,15537
9,15537
9,15611
9,15611
9,15611
9,15611
9,15611
9,15611
9,15611
9,15611
9,15611
9,15657
9,15657
9,15657
9,15657
9,15657
9,15657
9,15657
9,15657
9,15657
9,15699
9,15699
9,15699
9,15699
9,15699
9,15699
9,15699
9,15699
9,15699
9,15709
9,15709
9,15709
9,15709
9,15709
9,15709
9,15709
9,15709
9,15709
9,15783
9,15783
9,15783
9,15783
9,15783
9,15783
9,15783
9,15783
9,15783
9,15789
9,15789
9,15789
9,15789
9,15789
9,15789
9,15789
9,15789
9,15789
9,15867
9,15867
9,15867
9,15867
9,15867
9,15867
9,15867
9,15867
9,15867
9,15881
9,15881
9,15881
9,15881
9,15881
9,15881
9,15881
9,15881
9,15881
9,15927
9,15927
9,15927
9,15927
9,15927
9,15927
9,15927
9,15927
9,15927
9,15977
9,15977
9,15977
9,15977
9,15977
9,15977
9,15977
9,15977
9,15977
9,16003
9,16003
9,16003
9,16003
9,16003
9,16003
9,16003
9,16003
9,16003
9,16069
9,16069
9,16069
9,16069
9,16069
9,16069
9,16069
9,16069
9,16069
9,16107
9,16107
9,16107
9,16107
9,16107
9,16107
9,16107
9,16107
9,16107
9,16125
9,16125
9,16125
9,16125
9,16125
9,16125
9,16125
9,16125
9,16125
9,16179
9,16179
9,16179
9,16179
9,16179
9,16179
9,16179
9,16179
9,16179
9,16233
9,16233
9,16233
9,16233
9,16233
9,16233
9,16233
9,16233
9,16233
9,16287
9,16287
9,16287
9,16287
9,16287
9,16287
9,16287
9,16287
9,16287
9,16301
9,16301
9,16301
9,16301
9,16301
9,16301
9,16301
9,16301
9,16301
9,16359
9,16359
9,16359
9,16359
9,16359
9,16359
9,16359
9,16359
9,16359
9,16393
9,16393
9,16393
9,16393
9,16393
9,16393
9,16393
9,16393
9,16393
9,16455
9,16455
9,16455
9,16455
9,16455
9,16455
9,16455
9,16455
9,16455
9,16489
9,16489
9,16489
9,16489
9,16489
9,16489
9,16489
9,16489
9,16489
9,16535
9,16535
9,16535
9,16535
9,16535
9,16535
9,16535
9,16535
9,16535
9,16545
9,16545
9,16545
9,16545
9,16545
9,16545
9,16545
9,16545
9,16545
9,16591
9,16591
9,16591
9,16591
9,16591
9,16591
9,16591
9,16591
9,16591
9,16661
9,16661
9,16661
9,16661
9,16661
9,16661
9,16661
9,16661
9,16661
9,16695
9,16695
9,16695
9,16695
9,16695
9,16695
9,16695
9,16695
9,16695
9,16725
9,16725
9,16725
9,16725
9,16725
9,16725
9,16725
9,16725
9,16725
9,16779
9,16779
9,16779
9,16779
9,16779
9,16779
9,16779
9,16779
9,16779
9,16817
9,16817
9,16817
9,16817
9,16817
9,16817
9,16817
9,16817
9,16817
9,16875
9,16875
9,16875
9,16875
9,16875
9,16875
9,16875
9,16875
9,16875
9,16917
9,16917
9,16917
9,16917
9,16917
9,16917
9,16917
9,16917
9,16917
9,16943
9,16943
9,16943
9,16943
9,16943
9,16943
9,16943
9,16943
9,16943
9,16969
9,16969
9,16969
9,16969
9,16969
9,16969
9,16969
9,16969
9,16969
9,17011
9,17011
9,17011
9,17011
9,17011
9,17011
9,17011
9,17011
9,17011
9,17085
9,17085
9,17085
9,17085
9,17085
9,17085
9,17085
9,17085
9,17085
9,17095
9,17095
9,17095
9,17095
9,17095
9,17095
9,17095
9,17095
9,17095
9,17145
9,17145
9,17145
9,17145
9,17145
9,17145
9,17145
9,17145
9,17145
9,17203
9,17203
9,17203
9,17203
9,17203
9,17203
9,17203
9,17203
9,17203
9,17249
9,17249
9,17249
9,17249
9,17249
9,17249
9,17249
9,17249
9,17249
9,17259
9,17259
9,17259
9,17259
9,17259
9,17259
9,17259
9,17259
9,17259
9,17301
9,17301
9,17301
9,17301
9,17301
9,17301
9,17301
9,17301
9,17301
9,17379
9,17379
9,17379
9,17379
9,17379
9,17379
9,17379
9,17379
9,17379
9,17417
9,17417
9,17417
9,17417
9,17417
9,17417
9,17417
9,17417
9,17417
9,17427
9,17427
9,17427
9,17427
9,17427
9,17427
9,17427
9,17427
9,17427
9,17505
9,17505
9,17505
9,17505
9,17505
9,17505
9,17505
9,17505
9,17505
9,17543
9,17543
9,17543
9,17543
9,17543
9,17543
9,17543
9,17543
9,17543
9,17569
9,17569
9,17569
9,17569
9,17569
9,17569
9,17569
9,17569
9,17569
9,17631
9,17631
9,17631
9,17631
9,17631
9,17631
9,17631
9,17631
9,17631
9,17653
9,17653
9,17653
9,17653
9,17653
9,17653
9,17653
9,17653
9,17653
9,17679
9,17679
9,17679
9,17679
9,17679
9,17679
9,17679
9,17679
9,17679
9,17725
9,17725
9,17725
9,17725
9,17725
9,17725
9,17725
9,17725
9,17725
9,17795
9,17795
9,17795
9,17795
9,17795
9,17795
9,17795
9,17795
9,17795
9,17813
9,17813
9,17813
9,17813
9,17813
9,17813
9,17813
9,17813
9,17813
9,17879
9,17879
9,17879
9,17879
9,17879
9,17879
9,17879
9,17879
9,17879
9,17893
9,17893
9,17893
9,17893
9,17893
9,17893
9,17893
9,17893
9,17893
9,17963
9,17963
9,17963
9,17963
9,17963
9,17963
9,17963
9,17963
9,17963
9,18001
9,18001
9,18001
9,18001
9,18001
9,18001
9,18001
9,18001
9,18001
9,18051
9,18051
9,18051
9,18051
9,18051
9,18051
9,18051
9,18051
9,18051
9,18069
9,18069
9,18069
9,18069
9,18069
9,18069
9,18069
9,18069
9,18069
9,18127
9,18127
9,18127
9,18127
9,18127
9,18127
9,18127
9,18127
9,18127
9,18145
9,18145
9,18145
9,18145
9,18145
9,18145
9,18145
9,18145
9,18145
9,18183
9,18183
9,18183
9,18183
9,18183
9,18183
9,18183
9,18183
9,18183
9,18245
9,18245
9,18245
9,18245
9,18245
9,18245
9,18245
9,18245
9,18245
9,18271
9,18271
9,18271
9,18271
9,18271
9,18271
9,18271
9,18271
9,18271
9,18341
9,18341
9,18341
9,18341
9,18341
9,18341
9,18341
9,18341
9,18341
9,18383
9,18383
9,18383
9,18383
9,18383
9,18383
9,18383
9,18383
9,18383
9,18393
9,18393
9,18393
9,18393
9,18393
9,18393
9,18393
9,18393
9,18393
9,18447
9,18447
9,18447
9,18447
9,18447
9,18447
9,18447
9,18447
9,18447
9,18505
9,18505
9,18505
9,18505
9,18505
9,18505
9,18505
9,18505
9,18505
9,18527
9,18527
9,18527
9,18527
9,18527
9,18527
9,18527
9,18527
9,18527
9,18597
9,18597
9,18597
9,18597
9,18597
9,18597
9,18597
9,18597
9,18597
9,18603
9,18603
9,18603
9,18603
9,18603
9,18603
9,18603
9,18603
9,18603
9,18653
9,18653
9,18653
9,18653
9,18653
9,18653
9,18653
9,18653
9,18653
9,18711
9,18711
9,18711
9,18711
9,18711
9,18711
9,18711
9,18711
9,18711
9,18737
9,18737
9,18737
9,18737
9,18737
9,18737
9,18737
9,18737
9,18737
9,18791
9,18791
9,18791
9,18791
9,18791
9,18791
9,18791
9,18791
9,18791
9,18813
9,18813
9,18813
9,18813
9,18813
9,18813
9,18813
9,18813
9,18813
9,18863
9,18863
9,18863
9,18863
9,18863
9,18863
9,18863
9,18863
9,18863
9,18929
9,18929
9,18929
9,18929
9,18929
9,18929
9,18929
9,18929
9,18929
9,18959
9,18959
9,18959
9,18959
9,18959
9,18959
9,18959
9,18959
9,18959
9,18993
9,18993
9,18993
9,18993
9,18993
9,18993
9,18993
9,18993
9,18993
9,19059
9,19059
9,19059
9,19059
9,19059
9,19059
9,19059
9,19059
9,19059
9,19073
9,19073
9,19073
9,19073
9,19073
9,19073
9,19073
9,19073
9,19073
9,19123
9,19123
9,19123
9,19123
9,19123
9,19123
9,19123
9,19123
9,19123
9,19177
9,19177
9,19177
9,19177
9,19177
9,19177
9,19177
9,19177
9,19177
9,19191
9,19191
9,19191
9,19191
9,19191
9,19191
9,19191
9,19191
9,19191
9,19257
9,19257
9,19257
9,19257
9,19257
9,19257
9,19257
9,19257
9,19257
9,19291
9,19291
9,19291
9,19291
9,19291
9,19291
9,19291
9,19291
9,19291
9,19349
9,19349
9,19349
9,19349
9,19349
9,19349
9,19349
9,19349
9,19349
9,19371
9,19371
9,19371
9,19371
9,19371
9,19371
9,19371
9,19371
9,19371
9,19437
9,19437
9,19437
9,19437
9,19437
9,19437
9,19437
9,19437
9,19437
9,19447
9,19447
9,19447
9,19447
9,19447
9,19447
9,19447
9,19447
9,19447
9,19485
9,19485
9,19485
9,19485
9,19485
9,19485
9,19485
9,19485
9,19485
9,19563
9,19563
9,19563
9,19563
9,19563
9,19563
9,19563
9,19563
9,19563
9,19577
9,19577
9,19577
9,19577
9,19577
9,19577
9,19577
9,19577
9,19577
9,19647
9,19647
9,19647
9,19647
9,19647
9,19647
9,19647
9,19647
9,19647
9,19665
9,19665
9,19665
9,19665
9,19665
9,19665
9,19665
9,19665
9,19665
9,19731
9,19731
9,19731
9,19731
9,19731
9,19731
9,19731
9,19731
9,19731
9,19753
9,19753
9,19753
9,19753
9,19753
9,19753
9,19753
9,19753
9,19753
9,19779
9,19779
9,19779
9,19779
9,19779
9,19779
9,19779
9,19779
9,19779
9,19841
9,19841
9,19841
9,19841
9,19841
9,19841
9,19841
9,19841
9,19841
9,19863
9,19863
9,19863
9,19863
9,19863
9,19863
9,19863
9,19863
9,19863
9,19941
9,19941
9,19941
9,19941
9,19941
9,19941
9,19941
9,19941
9,19941
9,19947
9,19947
9,19947
9,19947
9,19947
9,19947
9,19947
9,19947
9,19947
9,20017
9,20017
9,20017
9,20017
9,20017
9,20017
9,20017
9,20017
9,20017
