3,28
3,56
3,118
3,162
3,174
3,3246
3,3270
3,3324
3,3338
3,3406
3,3422
3,3488
3,3536
3,3556
3,3594
3,3642
3,3708
3,3734
3,3784
3,3826
3,3872
3,3898
3,3960
3,3994
3,7022
3,7066
3,7104
3,7144
3,7182
3,7242
3,7288
3,7342
3,7372
3,7412
3,7452
3,7486
3,7538
3,7590
3,7624
3,7670
3,7686
3,7746
3,7782
3,7834
3,7878
3,7908
3,7956
3,8002
3,8052
3,8076
3,8130
3,8144
3,8224
3,8248
3,8288
3,8326
3,8362
3,8400
3,8468
3,8502
3,8526
3,8572
3,8618
3,8668
3,8728
3,8758
3,8800
3,8836
3,8888
3,8916
3,8972
3,9010
3,9036
3,9098
3,9148
3,9168
3,9210
3,9258
3,9308
3,9348
3,9396
3,9436
3,9472
3,9488
3,9556
3,9580
3,9622
3,9682
3,9736
3,9740
3,9790
3,9858
3,9870
3,9942
3,9968
3,10006
3,10054
3,10096
3,10122
3,10190
3,10218
3,10244
3,10286
3,10340
3,10396
3,10434
3,10474
3,10510
3,10546
3,10584
3,10630
3,10694
3,10730
3,10780
3,10798
3,10858
3,10878
3,10948
3,10986
3,11000
3,11068
3,11088
3,11134
3,11172
3,11228
3,11282
3,11302
3,11336
3,11416
3,11454
3,11484
3,11532
3,11568
3,11622
3,11648
3,11694
3,11728
3,11770
3,11798
3,11866
3,11896
3,11950
3,12004
3,12016
3,12058
3,12112
3,12134
3,12188
3,12234
3,12268
3,12340
3,12368
3,12416
3,12444
3,12482
3,12528
3,12580
3,12596
3,12664
3,12710
3,12734
3,12790
3,12826
3,12882
3,12916
3,12952
3,12988
3,13036
3,13080
3,13126
3,13180
3,13184
3,13230
3,13298
3,13336
3,13384
3,13424
3,13456
3,13508
3,13524
3,13570
3,13626
3,13650
3,13714
3,13738
3,13784
3,13836
3,13894
3,13936
3,13944
3,14002
3,14032
3,14078
3,14126
3,14188
3,14224
3,14268
3,14288
3,14322
3,14398
3,14412
3,14464
3,14502
3,14552
3,14582
3,14638
3,14668
3,14708
3,14750
3,14806
3,14822
3,14876
3,14922
3,14956
3,15012
3,15052
3,15084
3,15124
3,15182
3,15230
3,15266
3,15296
3,15330
3,15368
3,15434
3,15486
3,15502
3,15558
3,15582
3,15640
3,15686
3,15742
3,15750
3,15822
3,15838
3,15910
3,15914
3,15964
3,16008
3,16074
3,16094
3,16154
3,16200
3,16246
3,16262
3,16318
3,16338
3,16380
3,16434
3,16494
3,16506
3,16570
3,16612
3,16656
3,16704
3,16742
3,16774
3,16800
3,16870
3,16880
3,16952
3,16986
3,17036
3,17068
3,17116
3,17132
3,17186
3,17228
3,17288
3,17330
3,17354
3,17404
3,17464
3,17480
3,17548
3,17556
3,17602
3,17644
3,17700
3,17742
3,17778
3,17808
3,17866
3,17918
3,17950
3,17972
3,18022
3,18074
3,18114
3,18158
3,18208
3,18262
3,18276
3,18324
3,18366
3,18426
3,18456
3,18510
3,18544
3,18564
3,18636
3,18682
3,18694
3,18758
3,18804
3,18834
3,18892
3,18920
3,18946
3,19010
3,19022
3,19090
3,19140
3,19152
3,19220
3,19236
3,19304
3,19340
3,19392
3,19404
3,19460
3,19510
3,19550
3,19590
3,19630
3,19652
3,19714
3,19770
3,19788
3,19828
3,19896
3,19920
3,19960
3,20008
