2,32
2,48
2,110
2,166
2,186
2,3250
2,3274
2,3308
2,3350
2,3394
2,3452
2,3496
2,3540
2,3564
2,3598
2,3654
2,3688
2,3720
2,3776
2,3834
2,3842
2,3906
2,3956
2,3998
2,7030
2,7078
2,7116
2,7140
2,7202
2,7228
2,7292
2,7312
2,7384
2,7422
2,7460
2,7494
2,7546
2,7594
2,7632
2,7674
2,7698
2,7724
2,7798
2,7842
2,7866
2,7892
2,7960
2,7982
2,8036
2,8080
2,8126
2,8152
2,8216
2,8240
2,8296
2,8322
2,8378
2,8408
2,8472
2,8498
2,8522
2,8568
2,8632
2,8652
2,8708
2,8762
2,8808
2,8840
2,8880
2,8920
2,8976
2,9002
2,9056
2,9094
2,9120
2,9160
2,9206
2,9270
2,9284
2,9328
2,9382
2,9424
2,9476
2,9504
2,9560
2,9588
2,9626
2,9686
2,9702
2,9770
2,9794
2,9832
2,9878
2,9934
2,9972
2,10022
2,10050
2,10100
2,10130
2,10164
2,10226
2,10278
2,10294
2,10348
2,10400
2,10438
2,10462
2,10496
2,10554
2,10580
2,10622
2,10690
2,10710
2,10768
2,10814
2,10846
2,10904
2,10924
2,10966
2,11014
2,11072
2,11096
2,11154
2,11176
2,11220
2,11290
2,11306
2,11340
2,11408
2,11458
2,11466
2,11528
2,11572
2,11626
2,11640
2,11702
2,11744
2,11774
2,11802
2,11870
2,11904
2,11924
2,11992
2,12046
2,12084
2,12116
2,12150
2,12184
2,12222
2,12264
2,12316
2,12364
2,12424
2,12452
2,12474
2,12516
2,12576
2,12600
2,12650
2,12714
2,12738
2,12774
2,12810
2,12886
2,12920
2,12948
2,12984
2,13028
2,13084
2,13122
2,13156
2,13200
2,13246
2,13302
2,13344
2,13380
2,13394
2,13474
2,13494
2,13554
2,13578
2,13608
2,13654
2,13718
2,13734
2,13780
2,13844
2,13860
2,13898
2,13948
2,14006
2,14044
2,14066
2,14142
2,14154
2,14208
2,14252
2,14300
2,14326
2,14390
2,14420
2,14444
2,14494
2,14544
2,14574
2,14612
2,14654
2,14726
2,14754
2,14802
2,14826
2,14890
2,14914
2,14966
2,15016
2,15060
2,15092
2,15146
2,15162
2,15226
2,15258
2,15292
2,15348
2,15394
2,15414
2,15456
2,15506
2,15550
2,15586
2,15620
2,15690
2,15704
2,15758
2,15826
2,15846
2,15890
2,15918
2,15960
2,16028
2,16078
2,16102
2,16162
2,16188
2,16238
2,16266
2,16306
2,16350
2,16384
2,16438
2,16460
2,16502
2,16578
2,16600
2,16640
2,16670
2,16730
2,16788
2,16804
2,16858
2,16904
2,16956
2,16994
2,17006
2,17072
2,17090
2,17136
2,17182
2,17236
2,17264
2,17310
2,17358
2,17422
2,17460
2,17468
2,17522
2,17564
2,17610
2,17648
2,17712
2,17746
2,17766
2,17804
2,17850
2,17914
2,17954
2,17976
2,18030
2,18086
2,18122
2,18174
2,18204
2,18258
2,18284
2,18308
2,18362
2,18402
2,18438
2,18492
2,18556
2,18576
2,18632
2,18662
2,18698
2,18746
2,18782
2,18822
2,18858
2,18934
2,18942
2,18998
2,19050
2,19064
2,19110
2,19164
2,19216
2,19240
2,19286
2,19336
2,19396
2,19428
2,19452
2,19522
2,19526
2,19572
2,19614
2,19670
2,19710
2,19758
2,19796
2,19832
2,19888
2,19908
2,19976
2,20022
