2,6
2,6
2,6
2,6
2,6
2,6
2,6
2,6
2,54
2,54
2,54
2,54
2,54
2,54
2,54
2,54
2,66
2,66
2,66
2,66
2,66
2,66
2,66
2,66
2,118
2,118
2,118
2,118
2,118
2,118
2,118
2,118
2,138
2,138
2,138
2,138
2,138
2,138
2,138
2,138
2,186
2,186
2,186
2,186
2,186
2,186
2,186
2,186
2,218
2,218
2,218
2,218
2,218
2,218
2,218
2,218
2,234
2,234
2,234
2,234
2,234
2,234
2,234
2,234
2,262
2,262
2,262
2,262
2,262
2,262
2,262
2,262
2,298
2,298
2,298
2,298
2,298
2,298
2,298
2,298
2,342
2,342
2,342
2,342
2,342
2,342
2,342
2,342
2,358
2,358
2,358
2,358
2,358
2,358
2,358
2,358
2,390
2,390
2,390
2,390
2,390
2,390
2,390
2,390
2,446
2,446
2,446
2,446
2,446
2,446
2,446
2,446
2,466
2,466
2,466
2,466
2,466
2,466
2,466
2,466
2,498
2,498
2,498
2,498
2,498
2,498
2,498
2,498
2,518
2,518
2,518
2,518
2,518
2,518
2,518
2,518
2,550
2,550
2,550
2,550
2,550
2,550
2,550
2,550
2,582
2,582
2,582
2,582
2,582
2,582
2,582
2,582
2,618
2,618
2,618
2,618
2,618
2,618
2,618
2,618
2,646
2,646
2,646
2,646
2,646
2,646
2,646
2,646
2,698
2,698
2,698
2,698
2,698
2,698
2,698
2,698
2,734
2,734
2,734
2,734
2,734
2,734
2,734
2,734
2,742
2,742
2,742
2,742
2,742
2,742
2,742
2,742
2,770
2,770
2,770
2,770
2,770
2,770
2,770
2,770
2,826
2,826
2,826
2,826
2,826
2,826
2,826
2,826
2,842
2,842
2,842
2,842
2,842
2,842
2,842
2,842
2,894
2,894
2,894
2,894
2,894
2,894
2,894
2,894
2,926
2,926
2,926
2,926
2,926
2,926
2,926
2,926
2,954
2,954
2,954
2,954
2,954
2,954
2,954
2,954
2,982
2,982
2,982
2,982
2,982
2,982
2,982
2,982
2,1010
2,1010
2,1010
2,1010
2,1010
2,1010
2,1010
2,1010
2,1046
2,1046
2,1046
2,1046
2,1046
2,1046
2,1046
2,1046
2,1082
2,1082
2,1082
2,1082
2,1082
2,1082
2,1082
2,1082
2,1110
2,1110
2,1110
2,1110
2,1110
2,1110
2,1110
2,1110
2,1146
2,1146
2,1146
2,1146
2,1146
2,1146
2,1146
2,1146
2,1170
2,1170
2,1170
2,1170
2,1170
2,1170
2,1170
2,1170
2,1186
2,1186
2,1186
2,1186
2,1186
2,1186
2,1186
2,1186
2,1218
2,1218
2,1218
2,1218
2,1218
2,1218
2,1218
2,1218
2,1262
2,1262
2,1262
2,1262
2,1262
2,1262
2,1262
2,1262
2,1302
2,1302
2,1302
2,1302
2,1302
2,1302
2,1302
2,1302
2,1326
2,1326
2,1326
2,1326
2,1326
2,1326
2,1326
2,1326
2,1362
2,1362
2,1362
2,1362
2,1362
2,1362
2,1362
2,1362
2,1382
2,1382
2,1382
2,1382
2,1382
2,1382
2,1382
2,1382
2,1410
2,1410
2,1410
2,1410
2,1410
2,1410
2,1410
2,1410
2,1442
2,1442
2,1442
2,1442
2,1442
2,1442
2,1442
2,1442
2,1490
2,1490
2,1490
2,1490
2,1490
2,1490
2,1490
2,1490
2,1506
2,1506
2,1506
2,1506
2,1506
2,1506
2,1506
2,1506
2,1538
2,1538
2,1538
2,1538
2,1538
2,1538
2,1538
2,1538
2,1570
2,1570
2,1570
2,1570
2,1570
2,1570
2,1570
2,1570
2,1630
2,1630
2,1630
2,1630
2,1630
2,1630
2,1630
2,1630
2,1658
2,1658
2,1658
2,1658
2,1658
2,1658
2,1658
2,1658
2,1678
2,1678
2,1678
2,1678
2,1678
2,1678
2,1678
2,1678
2,1718
2,1718
2,1718
2,1718
2,1718
2,1718
2,1718
2,1718
2,1758
2,1758
2,1758
2,1758
2,1758
2,1758
2,1758
2,1758
2,1790
2,1790
2,1790
2,1790
2,1790
2,1790
2,1790
2,1790
2,1794
2,1794
2,1794
2,1794
2,1794
2,1794
2,1794
2,1794
2,1846
2,1846
2,1846
2,1846
2,1846
2,1846
2,1846
2,1846
2,1874
2,1874
2,1874
2,1874
2,1874
2,1874
2,1874
2,1874
2,1894
2,1894
2,1894
2,1894
2,1894
2,1894
2,1894
2,1894
2,1930
2,1930
2,1930
2,1930
2,1930
2,1930
2,1930
2,1930
2,1974
2,1974
2,1974
2,1974
2,1974
2,1974
2,1974
2,1974
2,2010
2,2010
2,2010
2,2010
2,2010
2,2010
2,2010
2,2010
2,2018
2,2018
2,2018
2,2018
2,2018
2,2018
2,2018
2,2018
2,2062
2,2062
2,2062
2,2062
2,2062
2,2062
2,2062
2,2062
2,2110
2,2110
2,2110
2,2110
2,2110
2,2110
2,2110
2,2110
2,2134
2,2134
2,2134
2,2134
2,2134
2,2134
2,2134
2,2134
2,2150
2,2150
2,2150
2,2150
2,2150
2,2150
2,2150
2,2150
2,2190
2,2190
2,2190
2,2190
2,2190
2,2190
2,2190
2,2190
2,2234
2,2234
2,2234
2,2234
2,2234
2,2234
2,2234
2,2234
2,2266
2,2266
2,2266
2,2266
2,2266
2,2266
2,2266
2,2266
2,2298
2,2298
2,2298
2,2298
2,2298
2,2298
2,2298
2,2298
2,2322
2,2322
2,2322
2,2322
2,2322
2,2322
2,2322
2,2322
2,2362
2,2362
2,2362
2,2362
2,2362
2,2362
2,2362
2,2362
2,2378
2,2378
2,2378
2,2378
2,2378
2,2378
2,2378
2,2378
2,2426
2,2426
2,2426
2,2426
2,2426
2,2426
2,2426
2,2426
2,2458
2,2458
2,2458
2,2458
2,2458
2,2458
2,2458
2,2458
2,2494
2,2494
2,2494
2,2494
2,2494
2,2494
2,2494
2,2494
2,2506
2,2506
2,2506
2,2506
2,2506
2,2506
2,2506
2,2506
2,2550
2,2550
2,2550
2,2550
2,2550
2,2550
2,2550
2,2550
2,2566
2,2566
2,2566
2,2566
2,2566
2,2566
2,2566
2,2566
2,2606
2,2606
2,2606
2,2606
2,2606
2,2606
2,2606
2,2606
2,2646
2,2646
2,2646
2,2646
2,2646
2,2646
2,2646
2,2646
2,2666
2,2666
2,2666
2,2666
2,2666
2,2666
2,2666
2,2666
2,2698
2,2698
2,2698
2,2698
2,2698
2,2698
2,2698
2,2698
2,2738
2,2738
2,2738
2,2738
2,2738
2,2738
2,2738
2,2738
2,2782
2,2782
2,2782
2,2782
2,2782
2,2782
2,2782
2,2782
2,2790
2,2790
2,2790
2,2790
2,2790
2,2790
2,2790
2,2790
2,2834
2,2834
2,2834
2,2834
2,2834
2,2834
2,2834
2,2834
2,2866
2,2866
2,2866
2,2866
2,2866
2,2866
2,2866
2,2866
2,2886
2,2886
2,2886
2,2886
2,2886
2,2886
2,2886
2,2886
2,2930
2,2930
2,2930
2,2930
2,2930
2,2930
2,2930
2,2930
2,2946
2,2946
2,2946
2,2946
2,2946
2,2946
2,2946
2,2946
2,2986
2,2986
2,2986
2,2986
2,2986
2,2986
2,2986
2,2986
2,3014
2,3014
2,3014
2,3014
2,3014
2,3014
2,3014
2,3014
2,3046
2,3046
2,3046
2,3046
2,3046
2,3046
2,3046
2,3046
2,3098
2,3098
2,3098
2,3098
2,3098
2,3098
2,3098
2,3098
2,3126
2,3126
2,3126
2,3126
2,3126
2,3126
2,3126
2,3126
2,3154
2,3154
2,3154
2,3154
2,3154
2,3154
2,3154
2,3154
2,3194
2,3194
2,3194
2,3194
2,3194
2,3194
2,3194
2,3194
2,3226
2,3226
2,3226
2,3226
2,3226
2,3226
2,3226
2,3226
2,3234
2,3234
2,3234
2,3234
2,3234
2,3234
2,3234
2,3234
2,3290
2,3290
2,3290
2,3290
2,3290
2,3290
2,3290
2,3290
2,3302
2,3302
2,3302
2,3302
2,3302
2,3302
2,3302
2,3302
2,3346
2,3346
2,3346
2,3346
2,3346
2,3346
2,3346
2,3346
2,3374
2,3374
2,3374
2,3374
2,3374
2,3374
2,3374
2,3374
2,3414
2,3414
2,3414
2,3414
2,3414
2,3414
2,3414
2,3414
2,3450
2,3450
2,3450
2,3450
2,3450
2,3450
2,3450
2,3450
2,3462
2,3462
2,3462
2,3462
2,3462
2,3462
2,3462
2,3462
2,3506
2,3506
2,3506
2,3506
2,3506
2,3506
2,3506
2,3506
2,3530
2,3530
2,3530
2,3530
2,3530
2,3530
2,3530
2,3530
2,3558
2,3558
2,3558
2,3558
2,3558
2,3558
2,3558
2,3558
2,3614
2,3614
2,3614
2,3614
2,3614
2,3614
2,3614
2,3614
2,3622
2,3622
2,3622
2,3622
2,3622
2,3622
2,3622
2,3622
2,3670
2,3670
2,3670
2,3670
2,3670
2,3670
2,3670
2,3670
2,3698
2,3698
2,3698
2,3698
2,3698
2,3698
2,3698
2,3698
2,3718
2,3718
2,3718
2,3718
2,3718
2,3718
2,3718
2,3718
2,3754
2,3754
2,3754
2,3754
2,3754
2,3754
2,3754
2,3754
2,3802
2,3802
2,3802
2,3802
2,3802
2,3802
2,3802
2,3802
2,3814
2,3814
2,3814
2,3814
2,3814
2,3814
2,3814
2,3814
2,3846
2,3846
2,3846
2,3846
2,3846
2,3846
2,3846
2,3846
2,3894
2,3894
2,3894
2,3894
2,3894
2,3894
2,3894
2,3894
2,3934
2,3934
2,3934
2,3934
2,3934
2,3934
2,3934
2,3934
2,3942
2,3942
2,3942
2,3942
2,3942
2,3942
2,3942
2,3942
2,3982
2,3982
2,3982
2,3982
2,3982
2,3982
2,3982
2,3982
2,4010
2,4010
2,4010
2,4010
2,4010
2,4010
2,4010
2,4010
2,4038
2,4038
2,4038
2,4038
2,4038
2,4038
2,4038
2,4038
2,4070
2,4070
2,4070
2,4070
2,4070
2,4070
2,4070
2,4070
2,4102
2,4102
2,4102
2,4102
2,4102
2,4102
2,4102
2,4102
2,4130
2,4130
2,4130
2,4130
2,4130
2,4130
2,4130
2,4130
2,4186
2,4186
2,4186
2,4186
2,4186
2,4186
2,4186
2,4186
2,4194
2,4194
2,4194
2,4194
2,4194
2,4194
2,4194
2,4194
2,4226
2,4226
2,4226
2,4226
2,4226
2,4226
2,4226
2,4226
2,4278
2,4278
2,4278
2,4278
2,4278
2,4278
2,4278
2,4278
2,4318
2,4318
2,4318
2,4318
2,4318
2,4318
2,4318
2,4318
2,4334
2,4334
2,4334
2,4334
2,4334
2,4334
2,4334
2,4334
2,4370
2,4370
2,4370
2,4370
2,4370
2,4370
2,4370
2,4370
2,4394
2,4394
2,4394
2,4394
2,4394
2,4394
2,4394
2,4394
2,4418
2,4418
2,4418
2,4418
2,4418
2,4418
2,4418
2,4418
2,4466
2,4466
2,4466
2,4466
2,4466
2,4466
2,4466
2,4466
2,4506
2,4506
2,4506
2,4506
2,4506
2,4506
2,4506
2,4506
2,4526
2,4526
2,4526
2,4526
2,4526
2,4526
2,4526
2,4526
2,4570
2,4570
2,4570
2,4570
2,4570
2,4570
2,4570
2,4570
2,4582
2,4582
2,4582
2,4582
2,4582
2,4582
2,4582
2,4582
2,4618
2,4618
2,4618
2,4618
2,4618
2,4618
2,4618
2,4618
2,4642
2,4642
2,4642
2,4642
2,4642
2,4642
2,4642
2,4642
2,4702
2,4702
2,4702
2,4702
2,4702
2,4702
2,4702
2,4702
2,4726
2,4726
2,4726
2,4726
2,4726
2,4726
2,4726
2,4726
2,4750
2,4750
2,4750
2,4750
2,4750
2,4750
2,4750
2,4750
2,4778
2,4778
2,4778
2,4778
2,4778
2,4778
2,4778
2,4778
2,4806
2,4806
2,4806
2,4806
2,4806
2,4806
2,4806
2,4806
2,4858
2,4858
2,4858
2,4858
2,4858
2,4858
2,4858
2,4858
2,4882
2,4882
2,4882
2,4882
2,4882
2,4882
2,4882
2,4882
2,4902
2,4902
2,4902
2,4902
2,4902
2,4902
2,4902
2,4902
2,4954
2,4954
2,4954
2,4954
2,4954
2,4954
2,4954
2,4954
2,4966
2,4966
2,4966
2,4966
2,4966
2,4966
2,4966
2,4966
2,5014
2,5014
2,5014
2,5014
2,5014
2,5014
2,5014
2,5014
2,5026
2,5026
2,5026
2,5026
2,5026
2,5026
2,5026
2,5026
2,5058
2,5058
2,5058
2,5058
2,5058
2,5058
2,5058
2,5058
2,5106
2,5106
2,5106
2,5106
2,5106
2,5106
2,5106
2,5106
2,5142
2,5142
2,5142
2,5142
2,5142
2,5142
2,5142
2,5142
2,5178
2,5178
2,5178
2,5178
2,5178
2,5178
2,5178
2,5178
2,5198
2,5198
2,5198
2,5198
2,5198
2,5198
2,5198
2,5198
2,5226
2,5226
2,5226
2,5226
2,5226
2,5226
2,5226
2,5226
2,5266
2,5266
2,5266
2,5266
2,5266
2,5266
2,5266
2,5266
2,5282
2,5282
2,5282
2,5282
2,5282
2,5282
2,5282
2,5282
2,5334
2,5334
2,5334
2,5334
2,5334
2,5334
2,5334
2,5334
