7,26
7,26
7,26
7,46
7,46
7,46
7,82
7,82
7,82
7,106
7,106
7,106
7,130
7,130
7,130
7,166
7,166
7,166
7,198
7,198
7,198
7,246
7,246
7,246
7,278
7,278
7,278
7,318
7,318
7,318
7,350
7,350
7,350
7,370
7,370
7,370
7,398
7,398
7,398
7,426
7,426
7,426
7,458
7,458
7,458
7,490
7,490
7,490
7,534
7,534
7,534
7,574
7,574
7,574
7,594
7,594
7,594
7,622
7,622
7,622
7,650
7,650
7,650
7,702
7,702
7,702
7,710
7,710
7,710
7,754
7,754
7,754
7,782
7,782
7,782
7,810
7,810
7,810
7,862
7,862
7,862
7,870
7,870
7,870
7,914
7,914
7,914
7,938
7,938
7,938
7,986
7,986
7,986
7,1018
7,1018
7,1018
7,1026
7,1026
7,1026
7,1058
7,1058
7,1058
7,1090
7,1090
7,1090
7,1142
7,1142
7,1142
7,1182
7,1182
7,1182
7,1194
7,1194
7,1194
7,1234
7,1234
7,1234
7,1270
7,1270
7,1270
7,1282
7,1282
7,1282
7,1338
7,1338
7,1338
7,1358
7,1358
7,1358
7,1394
7,1394
7,1394
7,1418
7,1418
7,1418
7,1458
7,1458
7,1458
7,1502
7,1502
7,1502
7,1510
7,1510
7,1510
7,1546
7,1546
7,1546
7,1586
7,1586
7,1586
7,1602
7,1602
7,1602
7,1634
7,1634
7,1634
7,1666
7,1666
7,1666
7,1726
7,1726
7,1726
7,1742
7,1742
7,1742
7,1762
7,1762
7,1762
7,1818
7,1818
7,1818
7,1854
7,1854
7,1854
7,1858
7,1858
7,1858
7,1918
7,1918
7,1918
7,1942
7,1942
7,1942
7,1962
7,1962
7,1962
7,1994
7,1994
7,1994
7,2022
7,2022
7,2022
7,2078
7,2078
7,2078
7,2102
7,2102
7,2102
7,2130
7,2130
7,2130
7,2154
7,2154
7,2154
7,2186
7,2186
7,2186
7,2238
7,2238
7,2238
7,2242
7,2242
7,2242
7,2278
7,2278
7,2278
7,2306
7,2306
7,2306
7,2338
7,2338
7,2338
7,2398
7,2398
7,2398
7,2402
7,2402
7,2402
7,2434
7,2434
7,2434
7,2478
7,2478
7,2478
7,2526
7,2526
7,2526
7,2530
7,2530
7,2530
7,2574
7,2574
7,2574
7,2622
7,2622
7,2622
7,2630
7,2630
7,2630
7,2678
7,2678
7,2678
7,2706
7,2706
7,2706
7,2742
7,2742
7,2742
7,2766
7,2766
7,2766
7,2810
7,2810
7,2810
7,2846
7,2846
7,2846
7,2874
7,2874
7,2874
7,2894
7,2894
7,2894
7,2934
7,2934
7,2934
7,2970
7,2970
7,2970
7,2982
7,2982
7,2982
7,3022
7,3022
7,3022
7,3066
7,3066
7,3066
7,3086
7,3086
7,3086
7,3134
7,3134
7,3134
7,3166
7,3166
7,3166
7,3186
7,3186
7,3186
7,3202
7,3202
7,3202
7,3246
7,3246
7,3246
7,3274
7,3274
7,3274
7,3310
7,3310
7,3310
7,3350
7,3350
7,3350
7,3366
7,3366
7,3366
7,3394
7,3394
7,3394
7,3426
7,3426
7,3426
7,3474
7,3474
7,3474
7,3490
7,3490
7,3490
7,3538
7,3538
7,3538
7,3570
7,3570
7,3570
7,3590
7,3590
7,3590
7,3630
7,3630
7,3630
7,3650
7,3650
7,3650
7,3682
7,3682
7,3682
7,3730
7,3730
7,3730
7,3758
7,3758
7,3758
7,3806
7,3806
7,3806
7,3822
7,3822
7,3822
7,3862
7,3862
7,3862
7,3890
7,3890
7,3890
7,3918
7,3918
7,3918
7,3950
7,3950
7,3950
7,3994
7,3994
7,3994
7,4022
7,4022
7,4022
7,4034
7,4034
7,4034
7,4082
7,4082
7,4082
7,4110
7,4110
7,4110
7,4142
7,4142
7,4142
7,4178
7,4178
7,4178
7,4214
7,4214
7,4214
7,4238
7,4238
7,4238
7,4274
7,4274
7,4274
7,4314
7,4314
7,4314
7,4338
7,4338
7,4338
7,4366
7,4366
7,4366
7,4402
7,4402
7,4402
7,4430
7,4430
7,4430
7,4474
7,4474
7,4474
7,4510
7,4510
7,4510
7,4542
7,4542
7,4542
7,4550
7,4550
7,4550
7,4586
7,4586
7,4586
7,4630
7,4630
7,4630
7,4650
7,4650
7,4650
7,4674
7,4674
7,4674
7,4722
7,4722
7,4722
7,4758
7,4758
7,4758
7,4786
7,4786
7,4786
7,4826
7,4826
7,4826
7,4842
7,4842
7,4842
7,4886
7,4886
7,4886
7,4922
7,4922
7,4922
7,4930
7,4930
7,4930
7,4990
7,4990
7,4990
7,5006
7,5006
7,5006
7,5034
7,5034
7,5034
7,5062
7,5062
7,5062
7,5114
7,5114
7,5114
7,5122
7,5122
7,5122
7,5182
7,5182
7,5182
7,5186
7,5186
7,5186
7,5242
7,5242
7,5242
7,5278
7,5278
7,5278
7,5302
7,5302
7,5302
7,5342
7,5342
7,5342
