7,26
7,78
7,110
7,148
7,196
7,246
7,292
7,306
7,362
7,392
7,426
7,479
7,511
7,573
7,599
7,637
7,701
7,751
7,785
7,817
7,865
7,895
7,961
7,969
7,1037
7,1061
7,1133
7,1137
7,1193
7,1221
7,1269
7,1335
7,1381
7,1409
7,1439
7,1511
7,1545
7,1558
7,1620
7,1670
7,1708
7,1732
7,1782
7,1818
7,1886
7,1914
7,1948
7,1978
7,2050
7,2088
7,2120
7,2168
7,2222
7,2260
7,2306
7,2322
7,2380
7,2404
7,2474
7,2516
7,2552
7,2577
7,2640
7,2658
7,2702
7,2767
7,2818
7,2856
7,2884
7,2940
7,2948
7,3004
7,3045
7,3109
7,3133
7,3173
7,3201
7,3281
7,3297
7,3365
7,3369
7,3439
7,3479
7,3533
7,3563
7,3613
7,3655
7,3667
7,3721
7,3765
7,3819
7,3853
7,3907
7,3939
7,3991
7,4033
7,4071
7,4087
7,4160
7,4206
7,4236
7,4282
7,4294
7,4350
7,4408
7,4438
7,4462
7,4526
7,4572
7,4598
7,4668
7,4702
7,4718
7,4786
7,4832
7,4868
7,4906
7,4950
7,4970
7,5034
7,5068
7,5122
7,5162
7,5184
7,5244
7,5276
7,5306
7,5348
7,5410
7,5432
7,5498
7,5530
7,5588
7,5612
7,5642
7,5708
7,5760
7,5798
7,5840
7,5860
7,5917
7,5933
7,5993
7,6017
7,6067
7,6101
7,6159
7,6203
7,6227
7,6307
7,6339
7,6360
7,6430
7,6472
7,6492
7,6542
7,6564
7,6610
7,6686
7,6728
7,6758
7,6808
7,6840
7,6858
7,6904
7,6948
7,7010
7,7046
7,7106
7,7124
7,7152
7,7222
7,7266
7,7316
7,7324
7,7388
7,7408
7,7475
7,7501
7,7535
7,7607
7,7624
7,7658
7,7711
7,7777
7,7799
7,7857
7,7891
7,7939
7,7953
7,8021
7,8059
7,8109
7,8153
7,8181
7,8212
7,8284
7,8312
7,8334
7,8408
7,8409
7,8431
7,8466
7,8542
7,8580
7,8626
7,8668
7,8678
7,8744
7,8774
7,8802
7,8848
7,8886
7,8962
7,9000
7,9042
7,9050
7,9118
7,9142
7,9206
7,9256
7,9290
7,9302
7,9356
7,9390
7,9450
7,9504
7,9505
7,9552
7,9556
7,9614
7,9644
7,9686
7,9763
7,9801
7,9837
7,9877
7,9919
7,9943
7,9997
7,10051
7,10091
7,10108
7,10164
7,10208
7,10209
7,10251
7,10307
7,10331
7,10367
7,10405
7,10447
7,10519
7,10561
7,10593
7,10635
7,10679
7,10721
7,10745
7,10807
7,10849
7,10889
7,10931
7,10981
7,11007
7,11061
7,11091
7,11149
7,11197
7,11235
7,11247
7,11311
7,11356
7,11370
7,11438
7,11462
7,11513
7,11543
7,11615
7,11623
7,11689
7,11707
7,11753
7,11826
7,11850
7,11902
7,11922
7,11998
7,12040
7,12056
7,12098
7,12134
7,12177
7,12227
7,12293
7,12309
7,12365
7,12415
7,12451
7,12487
7,12520
7,12563
7,12605
7,12659
7,12677
7,12719
7,12761
7,12803
7,12875
7,12921
7,12945
7,13005
7,13017
7,13090
7,13118
7,13171
7,13209
7,13259
7,13275
7,13313
7,13361
7,13393
7,13469
7,13497
7,13541
7,13579
7,13637
7,13673
7,13705
7,13763
7,13805
7,13837
7,13869
7,13901
7,13943
7,13981
7,14037
