9,35
9,35
9,35
9,35
9,35
9,35
9,35
9,35
9,35
9,53
9,53
9,53
9,53
9,53
9,53
9,53
9,53
9,53
9,111
9,111
9,111
9,111
9,111
9,111
9,111
9,111
9,111
9,141
9,141
9,141
9,141
9,141
9,141
9,141
9,141
9,141
9,203
9,203
9,203
9,203
9,203
9,203
9,203
9,203
9,203
9,213
9,213
9,213
9,213
9,213
9,213
9,213
9,213
9,213
9,279
9,279
9,279
9,279
9,279
9,279
9,279
9,279
9,279
9,297
9,297
9,297
9,297
9,297
9,297
9,297
9,297
9,297
9,367
9,367
9,367
9,367
9,367
9,367
9,367
9,367
9,367
9,385
9,385
9,385
9,385
9,385
9,385
9,385
9,385
9,385
9,439
9,439
9,439
9,439
9,439
9,439
9,439
9,439
9,439
9,481
9,481
9,481
9,481
9,481
9,481
9,481
9,481
9,481
9,543
9,543
9,543
9,543
9,543
9,543
9,543
9,543
9,543
9,549
9,549
9,549
9,549
9,549
9,549
9,549
9,549
9,549
9,607
9,607
9,607
9,607
9,607
9,607
9,607
9,607
9,607
9,645
9,645
9,645
9,645
9,645
9,645
9,645
9,645
9,645
9,711
9,711
9,711
9,711
9,711
9,711
9,711
9,711
9,711
9,725
9,725
9,725
9,725
9,725
9,725
9,725
9,725
9,725
9,779
9,779
9,779
9,779
9,779
9,779
9,779
9,779
9,779
9,805
9,805
9,805
9,805
9,805
9,805
9,805
9,805
9,805
9,875
9,875
9,875
9,875
9,875
9,875
9,875
9,875
9,875
9,893
9,893
9,893
9,893
9,893
9,893
9,893
9,893
9,893
9,951
9,951
9,951
9,951
9,951
9,951
9,951
9,951
9,951
9,985
9,985
9,985
9,985
9,985
9,985
9,985
9,985
9,985
9,1047
9,1047
9,1047
9,1047
9,1047
9,1047
9,1047
9,1047
9,1047
9,1085
9,1085
9,1085
9,1085
9,1085
9,1085
9,1085
9,1085
9,1085
9,1131
9,1131
9,1131
9,1131
9,1131
9,1131
9,1131
9,1131
9,1131
9,1157
9,1157
9,1157
9,1157
9,1157
9,1157
9,1157
9,1157
9,1157
9,1211
9,1211
9,1211
9,1211
9,1211
9,1211
9,1211
9,1211
9,1211
9,1233
9,1233
9,1233
9,1233
9,1233
9,1233
9,1233
9,1233
9,1233
9,1263
9,1263
9,1263
9,1263
9,1263
9,1263
9,1263
9,1263
9,1263
9,1309
9,1309
9,1309
9,1309
9,1309
9,1309
9,1309
9,1309
9,1309
9,1347
9,1347
9,1347
9,1347
9,1347
9,1347
9,1347
9,1347
9,1347
9,1389
9,1389
9,1389
9,1389
9,1389
9,1389
9,1389
9,1389
9,1389
9,1447
9,1447
9,1447
9,1447
9,1447
9,1447
9,1447
9,1447
9,1447
9,1481
9,1481
9,1481
9,1481
9,1481
9,1481
9,1481
9,1481
9,1481
9,1535
9,1535
9,1535
9,1535
9,1535
9,1535
9,1535
9,1535
9,1535
9,1569
9,1569
9,1569
9,1569
9,1569
9,1569
9,1569
9,1569
9,1569
9,1623
9,1623
9,1623
9,1623
9,1623
9,1623
9,1623
9,1623
9,1623
9,1645
9,1645
9,1645
9,1645
9,1645
9,1645
9,1645
9,1645
9,1645
9,1683
9,1683
9,1683
9,1683
9,1683
9,1683
9,1683
9,1683
9,1683
9,1753
9,1753
9,1753
9,1753
9,1753
9,1753
9,1753
9,1753
9,1753
9,1787
9,1787
9,1787
9,1787
9,1787
9,1787
9,1787
9,1787
9,1787
9,1841
9,1841
9,1841
9,1841
9,1841
9,1841
9,1841
9,1841
9,1841
9,1879
9,1879
9,1879
9,1879
9,1879
9,1879
9,1879
9,1879
9,1879
9,1905
9,1905
9,1905
9,1905
9,1905
9,1905
9,1905
9,1905
9,1905
9,1955
9,1955
9,1955
9,1955
9,1955
9,1955
9,1955
9,1955
9,1955
9,2001
9,2001
9,2001
9,2001
9,2001
9,2001
9,2001
9,2001
9,2001
9,2055
9,2055
9,2055
9,2055
9,2055
9,2055
9,2055
9,2055
9,2055
9,2097
9,2097
9,2097
9,2097
9,2097
9,2097
9,2097
9,2097
9,2097
9,2115
9,2115
9,2115
9,2115
9,2115
9,2115
9,2115
9,2115
9,2115
9,2149
9,2149
9,2149
9,2149
9,2149
9,2149
9,2149
9,2149
9,2149
9,2219
9,2219
9,2219
9,2219
9,2219
9,2219
9,2219
9,2219
9,2219
9,2249
9,2249
9,2249
9,2249
9,2249
9,2249
9,2249
9,2249
9,2249
9,2291
9,2291
9,2291
9,2291
9,2291
9,2291
9,2291
9,2291
9,2291
9,2325
9,2325
9,2325
9,2325
9,2325
9,2325
9,2325
9,2325
9,2325
9,2359
9,2359
9,2359
9,2359
9,2359
9,2359
9,2359
9,2359
9,2359
9,2413
9,2413
9,2413
9,2413
9,2413
9,2413
9,2413
9,2413
9,2413
9,2447
9,2447
9,2447
9,2447
9,2447
9,2447
9,2447
9,2447
9,2447
9,2513
9,2513
9,2513
9,2513
9,2513
9,2513
9,2513
9,2513
9,2513
9,2531
9,2531
9,2531
9,2531
9,2531
9,2531
9,2531
9,2531
9,2531
9,2601
9,2601
9,2601
9,2601
9,2601
9,2601
9,2601
9,2601
9,2601
9,2627
9,2627
9,2627
9,2627
9,2627
9,2627
9,2627
9,2627
9,2627
9,2657
9,2657
9,2657
9,2657
9,2657
9,2657
9,2657
9,2657
9,2657
9,2727
9,2727
9,2727
9,2727
9,2727
9,2727
9,2727
9,2727
9,2727
9,2765
9,2765
9,2765
9,2765
9,2765
9,2765
9,2765
9,2765
9,2765
9,2791
9,2791
9,2791
9,2791
9,2791
9,2791
9,2791
9,2791
9,2791
9,2833
9,2833
9,2833
9,2833
9,2833
9,2833
9,2833
9,2833
9,2833
9,2867
9,2867
9,2867
9,2867
9,2867
9,2867
9,2867
9,2867
9,2867
9,2921
9,2921
9,2921
9,2921
9,2921
9,2921
9,2921
9,2921
9,2921
9,2979
9,2979
9,2979
9,2979
9,2979
9,2979
9,2979
9,2979
9,2979
9,2997
9,2997
9,2997
9,2997
9,2997
9,2997
9,2997
9,2997
9,2997
9,3055
9,3055
9,3055
9,3055
9,3055
9,3055
9,3055
9,3055
9,3055
9,3105
9,3105
9,3105
9,3105
9,3105
9,3105
9,3105
9,3105
9,3105
9,3111
9,3111
9,3111
9,3111
9,3111
9,3111
9,3111
9,3111
9,3111
9,3189
9,3189
9,3189
9,3189
9,3189
9,3189
9,3189
9,3189
9,3189
9,3231
9,3231
9,3231
9,3231
9,3231
9,3231
9,3231
9,3231
9,3231
9,3273
9,3273
9,3273
9,3273
9,3273
9,3273
9,3273
9,3273
9,3273
9,3295
9,3295
9,3295
9,3295
9,3295
9,3295
9,3295
9,3295
9,3295
9,3349
9,3349
9,3349
9,3349
9,3349
9,3349
9,3349
9,3349
9,3349
9,3363
9,3363
9,3363
9,3363
9,3363
9,3363
9,3363
9,3363
9,3363
9,3409
9,3409
9,3409
9,3409
9,3409
9,3409
9,3409
9,3409
9,3409
9,3475
9,3475
9,3475
9,3475
9,3475
9,3475
9,3475
9,3475
9,3475
9,3513
9,3513
9,3513
9,3513
9,3513
9,3513
9,3513
9,3513
9,3513
9,3555
9,3555
9,3555
9,3555
9,3555
9,3555
9,3555
9,3555
9,3555
9,3609
9,3609
9,3609
9,3609
9,3609
9,3609
9,3609
9,3609
9,3609
9,3615
9,3615
9,3615
9,3615
9,3615
9,3615
9,3615
9,3615
9,3615
9,3669
9,3669
9,3669
9,3669
9,3669
9,3669
9,3669
9,3669
9,3669
9,3735
9,3735
9,3735
9,3735
9,3735
9,3735
9,3735
9,3735
9,3735
9,3773
9,3773
9,3773
9,3773
9,3773
9,3773
9,3773
9,3773
9,3773
9,3791
9,3791
9,3791
9,3791
9,3791
9,3791
9,3791
9,3791
9,3791
9,3853
9,3853
9,3853
9,3853
9,3853
9,3853
9,3853
9,3853
9,3853
9,3883
9,3883
9,3883
9,3883
9,3883
9,3883
9,3883
9,3883
9,3883
9,3909
9,3909
9,3909
9,3909
9,3909
9,3909
9,3909
9,3909
9,3909
9,3987
9,3987
9,3987
9,3987
9,3987
9,3987
9,3987
9,3987
9,3987
9,4009
9,4009
9,4009
9,4009
9,4009
9,4009
9,4009
9,4009
9,4009
9,4035
9,4035
9,4035
9,4035
9,4035
9,4035
9,4035
9,4035
9,4035
9,4113
9,4113
9,4113
9,4113
9,4113
9,4113
9,4113
9,4113
9,4113
9,4143
9,4143
9,4143
9,4143
9,4143
9,4143
9,4143
9,4143
9,4143
9,4169
9,4169
9,4169
9,4169
9,4169
9,4169
9,4169
9,4169
9,4169
9,4239
9,4239
9,4239
9,4239
9,4239
9,4239
9,4239
9,4239
9,4239
9,4245
9,4245
9,4245
9,4245
9,4245
9,4245
9,4245
9,4245
9,4245
9,4323
9,4323
9,4323
9,4323
9,4323
9,4323
9,4323
9,4323
9,4323
9,4349
9,4349
9,4349
9,4349
9,4349
9,4349
9,4349
9,4349
9,4349
9,4399
9,4399
9,4399
9,4399
9,4399
9,4399
9,4399
9,4399
9,4399
9,4421
9,4421
9,4421
9,4421
9,4421
9,4421
9,4421
9,4421
9,4421
9,4491
9,4491
9,4491
9,4491
9,4491
9,4491
9,4491
9,4491
9,4491
9,4505
9,4505
9,4505
9,4505
9,4505
9,4505
9,4505
9,4505
9,4505
9,4563
9,4563
9,4563
9,4563
9,4563
9,4563
9,4563
9,4563
9,4563
9,4581
9,4581
9,4581
9,4581
9,4581
9,4581
9,4581
9,4581
9,4581
9,4651
9,4651
9,4651
9,4651
9,4651
9,4651
9,4651
9,4651
9,4651
9,4669
9,4669
9,4669
9,4669
9,4669
9,4669
9,4669
9,4669
9,4669
9,4739
9,4739
9,4739
9,4739
9,4739
9,4739
9,4739
9,4739
9,4739
9,4777
9,4777
9,4777
9,4777
9,4777
9,4777
9,4777
9,4777
9,4777
9,4807
9,4807
9,4807
9,4807
9,4807
9,4807
9,4807
9,4807
9,4807
9,4833
9,4833
9,4833
9,4833
9,4833
9,4833
9,4833
9,4833
9,4833
9,4911
9,4911
9,4911
9,4911
9,4911
9,4911
9,4911
9,4911
9,4911
9,4945
9,4945
9,4945
9,4945
9,4945
9,4945
9,4945
9,4945
9,4945
9,4991
9,4991
9,4991
9,4991
9,4991
9,4991
9,4991
9,4991
9,4991
9,5037
9,5037
9,5037
9,5037
9,5037
9,5037
9,5037
9,5037
9,5037
9,5059
9,5059
9,5059
9,5059
9,5059
9,5059
9,5059
9,5059
9,5059
9,5085
9,5085
9,5085
9,5085
9,5085
9,5085
9,5085
9,5085
9,5085
9,5159
9,5159
9,5159
9,5159
9,5159
9,5159
9,5159
9,5159
9,5159
9,5181
9,5181
9,5181
9,5181
9,5181
9,5181
9,5181
9,5181
9,5181
9,5231
9,5231
9,5231
9,5231
9,5231
9,5231
9,5231
9,5231
9,5231
9,5257
9,5257
9,5257
9,5257
9,5257
9,5257
9,5257
9,5257
9,5257
9,5299
9,5299
9,5299
9,5299
9,5299
9,5299
9,5299
9,5299
9,5299
9,5353
9,5353
9,5353
9,5353
9,5353
9,5353
9,5353
9,5353
9,5353
9,5415
9,5415
9,5415
9,5415
9,5415
9,5415
9,5415
9,5415
9,5415
9,5437
9,5437
9,5437
9,5437
9,5437
9,5437
9,5437
9,5437
9,5437
9,5491
9,5491
9,5491
9,5491
9,5491
9,5491
9,5491
9,5491
9,5491
9,5541
9,5541
9,5541
9,5541
9,5541
9,5541
9,5541
9,5541
9,5541
9,5575
9,5575
9,5575
9,5575
9,5575
9,5575
9,5575
9,5575
9,5575
9,5613
9,5613
9,5613
9,5613
9,5613
9,5613
9,5613
9,5613
9,5613
9,5659
9,5659
9,5659
9,5659
9,5659
9,5659
9,5659
9,5659
9,5659
9,5673
9,5673
9,5673
9,5673
9,5673
9,5673
9,5673
9,5673
9,5673
9,5743
9,5743
9,5743
9,5743
9,5743
9,5743
9,5743
9,5743
9,5743
9,5765
9,5765
9,5765
9,5765
9,5765
9,5765
9,5765
9,5765
9,5765
9,5799
9,5799
9,5799
9,5799
9,5799
9,5799
9,5799
9,5799
9,5799
9,5869
9,5869
9,5869
9,5869
9,5869
9,5869
9,5869
9,5869
9,5869
9,5915
9,5915
9,5915
9,5915
9,5915
9,5915
9,5915
9,5915
9,5915
9,5929
9,5929
9,5929
9,5929
9,5929
9,5929
9,5929
9,5929
9,5929
9,5971
9,5971
9,5971
9,5971
9,5971
9,5971
9,5971
9,5971
9,5971
9,6045
9,6045
9,6045
9,6045
9,6045
9,6045
9,6045
9,6045
9,6045
9,6071
9,6071
9,6071
9,6071
9,6071
9,6071
9,6071
9,6071
9,6071
9,6113
9,6113
9,6113
9,6113
9,6113
9,6113
9,6113
9,6113
9,6113
9,6147
9,6147
9,6147
9,6147
9,6147
9,6147
9,6147
9,6147
9,6147
9,6181
9,6181
9,6181
9,6181
9,6181
9,6181
9,6181
9,6181
9,6181
9,6235
9,6235
9,6235
9,6235
9,6235
9,6235
9,6235
9,6235
9,6235
9,6281
9,6281
9,6281
9,6281
9,6281
9,6281
9,6281
9,6281
9,6281
9,6303
9,6303
9,6303
9,6303
9,6303
9,6303
9,6303
9,6303
9,6303
9,6381
9,6381
9,6381
9,6381
9,6381
9,6381
9,6381
9,6381
9,6381
9,6407
9,6407
9,6407
9,6407
9,6407
9,6407
9,6407
9,6407
9,6407
9,6429
9,6429
9,6429
9,6429
9,6429
9,6429
9,6429
9,6429
9,6429
9,6507
9,6507
9,6507
9,6507
9,6507
9,6507
9,6507
9,6507
9,6507
9,6517
9,6517
9,6517
9,6517
9,6517
9,6517
9,6517
9,6517
9,6517
9,6555
9,6555
9,6555
9,6555
9,6555
9,6555
9,6555
9,6555
9,6555
9,6633
9,6633
9,6633
9,6633
9,6633
9,6633
9,6633
9,6633
9,6633
9,6643
9,6643
9,6643
9,6643
9,6643
9,6643
9,6643
9,6643
9,6643
9,6681
9,6681
9,6681
9,6681
9,6681
9,6681
9,6681
9,6681
9,6681
9,6755
9,6755
9,6755
9,6755
9,6755
9,6755
9,6755
9,6755
9,6755
9,6789
9,6789
9,6789
9,6789
9,6789
9,6789
9,6789
9,6789
9,6789
9,6827
9,6827
9,6827
9,6827
9,6827
9,6827
9,6827
9,6827
9,6827
9,6861
9,6861
9,6861
9,6861
9,6861
9,6861
9,6861
9,6861
9,6861
9,6915
9,6915
9,6915
9,6915
9,6915
9,6915
9,6915
9,6915
9,6915
9,6937
9,6937
9,6937
9,6937
9,6937
9,6937
9,6937
9,6937
9,6937
9,6999
9,6999
9,6999
9,6999
9,6999
9,6999
9,6999
9,6999
9,6999
9,7033
9,7033
9,7033
9,7033
9,7033
9,7033
9,7033
9,7033
9,7033
9,7079
9,7079
9,7079
9,7079
9,7079
9,7079
9,7079
9,7079
9,7079
9,7101
9,7101
9,7101
9,7101
9,7101
9,7101
9,7101
9,7101
9,7101
9,7167
9,7167
9,7167
9,7167
9,7167
9,7167
9,7167
9,7167
9,7167
9,7185
9,7185
9,7185
9,7185
9,7185
9,7185
9,7185
9,7185
9,7185
9,7263
9,7263
9,7263
9,7263
9,7263
9,7263
9,7263
9,7263
9,7263
9,7269
9,7269
9,7269
9,7269
9,7269
9,7269
9,7269
9,7269
9,7269
9,7331
9,7331
9,7331
9,7331
9,7331
9,7331
9,7331
9,7331
9,7331
9,7389
9,7389
9,7389
9,7389
9,7389
9,7389
9,7389
9,7389
9,7389
9,7431
9,7431
9,7431
9,7431
9,7431
9,7431
9,7431
9,7431
9,7431
9,7469
9,7469
9,7469
9,7469
9,7469
9,7469
9,7469
9,7469
9,7469
9,7515
9,7515
9,7515
9,7515
9,7515
9,7515
9,7515
9,7515
9,7515
9,7537
9,7537
9,7537
9,7537
9,7537
9,7537
9,7537
9,7537
9,7537
9,7583
9,7583
9,7583
9,7583
9,7583
9,7583
9,7583
9,7583
9,7583
9,7633
9,7633
9,7633
9,7633
9,7633
9,7633
9,7633
9,7633
9,7633
9,7671
9,7671
9,7671
9,7671
9,7671
9,7671
9,7671
9,7671
9,7671
9,7725
9,7725
9,7725
9,7725
9,7725
9,7725
9,7725
9,7725
9,7725
9,7743
9,7743
9,7743
9,7743
9,7743
9,7743
9,7743
9,7743
9,7743
9,7801
9,7801
9,7801
9,7801
9,7801
9,7801
9,7801
9,7801
9,7801
9,7831
9,7831
9,7831
9,7831
9,7831
9,7831
9,7831
9,7831
9,7831
9,7893
9,7893
9,7893
9,7893
9,7893
9,7893
9,7893
9,7893
9,7893
9,7935
9,7935
9,7935
9,7935
9,7935
9,7935
9,7935
9,7935
9,7935
9,7945
9,7945
9,7945
9,7945
9,7945
9,7945
9,7945
9,7945
9,7945
9,8011
9,8011
9,8011
9,8011
9,8011
9,8011
9,8011
9,8011
9,8011
9,8049
9,8049
9,8049
9,8049
9,8049
9,8049
9,8049
9,8049
9,8049
9,8087
9,8087
9,8087
9,8087
9,8087
9,8087
9,8087
9,8087
9,8087
9,8109
9,8109
9,8109
9,8109
9,8109
9,8109
9,8109
9,8109
9,8109
9,8183
9,8183
9,8183
9,8183
9,8183
9,8183
9,8183
9,8183
9,8183
9,8221
9,8221
9,8221
9,8221
9,8221
9,8221
9,8221
9,8221
9,8221
9,8243
9,8243
9,8243
9,8243
9,8243
9,8243
9,8243
9,8243
9,8243
9,8313
9,8313
9,8313
9,8313
9,8313
9,8313
9,8313
9,8313
9,8313
9,8351
9,8351
9,8351
9,8351
9,8351
9,8351
9,8351
9,8351
9,8351
9,8361
9,8361
9,8361
9,8361
9,8361
9,8361
9,8361
9,8361
9,8361
9,8431
9,8431
9,8431
9,8431
9,8431
9,8431
9,8431
9,8431
9,8431
9,8481
9,8481
9,8481
9,8481
9,8481
9,8481
9,8481
9,8481
9,8481
9,8519
9,8519
9,8519
9,8519
9,8519
9,8519
9,8519
9,8519
9,8519
9,8537
9,8537
9,8537
9,8537
9,8537
9,8537
9,8537
9,8537
9,8537
9,8607
9,8607
9,8607
9,8607
9,8607
9,8607
9,8607
9,8607
9,8607
9,8625
9,8625
9,8625
9,8625
9,8625
9,8625
9,8625
9,8625
9,8625
9,8671
9,8671
9,8671
9,8671
9,8671
9,8671
9,8671
9,8671
9,8671
9,8725
9,8725
9,8725
9,8725
9,8725
9,8725
9,8725
9,8725
9,8725
9,8775
9,8775
9,8775
9,8775
9,8775
9,8775
9,8775
9,8775
9,8775
9,8797
9,8797
9,8797
9,8797
9,8797
9,8797
9,8797
9,8797
9,8797
9,8827
9,8827
9,8827
9,8827
9,8827
9,8827
9,8827
9,8827
9,8827
9,8897
9,8897
9,8897
9,8897
9,8897
9,8897
9,8897
9,8897
9,8897
9,8915
9,8915
9,8915
9,8915
9,8915
9,8915
9,8915
9,8915
9,8915
9,8981
9,8981
9,8981
9,8981
9,8981
9,8981
9,8981
9,8981
9,8981
9,9003
9,9003
9,9003
9,9003
9,9003
9,9003
9,9003
9,9003
9,9003
9,9065
9,9065
9,9065
9,9065
9,9065
9,9065
9,9065
9,9065
9,9065
9,9111
9,9111
9,9111
9,9111
9,9111
9,9111
9,9111
9,9111
9,9111
9,9153
9,9153
9,9153
9,9153
9,9153
9,9153
9,9153
9,9153
9,9153
9,9163
9,9163
9,9163
9,9163
9,9163
9,9163
9,9163
9,9163
9,9163
9,9229
9,9229
9,9229
9,9229
9,9229
9,9229
9,9229
9,9229
9,9229
9,9259
9,9259
9,9259
9,9259
9,9259
9,9259
9,9259
9,9259
9,9259
9,9297
9,9297
9,9297
9,9297
9,9297
9,9297
9,9297
9,9297
9,9297
9,9327
9,9327
9,9327
9,9327
9,9327
9,9327
9,9327
9,9327
9,9327
9,9389
9,9389
9,9389
9,9389
9,9389
9,9389
9,9389
9,9389
9,9389
9,9411
9,9411
9,9411
9,9411
9,9411
9,9411
9,9411
9,9411
9,9411
9,9485
9,9485
9,9485
9,9485
9,9485
9,9485
9,9485
9,9485
9,9485
9,9531
9,9531
9,9531
9,9531
9,9531
9,9531
9,9531
9,9531
9,9531
9,9545
9,9545
9,9545
9,9545
9,9545
9,9545
9,9545
9,9545
9,9545
9,9583
9,9583
9,9583
9,9583
9,9583
9,9583
9,9583
9,9583
9,9583
9,9649
9,9649
9,9649
9,9649
9,9649
9,9649
9,9649
9,9649
9,9649
9,9687
9,9687
9,9687
9,9687
9,9687
9,9687
9,9687
9,9687
9,9687
9,9729
9,9729
9,9729
9,9729
9,9729
9,9729
9,9729
9,9729
9,9729
9,9767
9,9767
9,9767
9,9767
9,9767
9,9767
9,9767
9,9767
9,9767
9,9805
9,9805
9,9805
9,9805
9,9805
9,9805
9,9805
9,9805
9,9805
9,9831
9,9831
9,9831
9,9831
9,9831
9,9831
9,9831
9,9831
9,9831
9,9905
9,9905
9,9905
9,9905
9,9905
9,9905
9,9905
9,9905
9,9905
9,9943
9,9943
9,9943
9,9943
9,9943
9,9943
9,9943
9,9943
9,9943
9,9957
9,9957
9,9957
9,9957
9,9957
9,9957
9,9957
9,9957
9,9957
9,10027
9,10027
9,10027
9,10027
9,10027
9,10027
9,10027
9,10027
9,10027
9,10061
9,10061
9,10061
9,10061
9,10061
9,10061
9,10061
9,10061
9,10061
9,10083
9,10083
9,10083
9,10083
9,10083
9,10083
9,10083
9,10083
9,10083
9,10137
9,10137
9,10137
9,10137
9,10137
9,10137
9,10137
9,10137
9,10137
9,10167
9,10167
9,10167
9,10167
9,10167
9,10167
9,10167
9,10167
9,10167
9,10225
9,10225
9,10225
9,10225
9,10225
9,10225
9,10225
9,10225
9,10225
9,10251
9,10251
9,10251
9,10251
9,10251
9,10251
9,10251
9,10251
9,10251
9,10317
9,10317
9,10317
9,10317
9,10317
9,10317
9,10317
9,10317
9,10317
9,10343
9,10343
9,10343
9,10343
9,10343
9,10343
9,10343
9,10343
9,10343
9,10389
9,10389
9,10389
9,10389
9,10389
9,10389
9,10389
9,10389
9,10389
9,10423
9,10423
9,10423
9,10423
9,10423
9,10423
9,10423
9,10423
9,10423
9,10477
9,10477
9,10477
9,10477
9,10477
9,10477
9,10477
9,10477
9,10477
9,10507
9,10507
9,10507
9,10507
9,10507
9,10507
9,10507
9,10507
9,10507
9,10545
9,10545
9,10545
9,10545
9,10545
9,10545
9,10545
9,10545
9,10545
9,10611
9,10611
9,10611
9,10611
9,10611
9,10611
9,10611
9,10611
9,10611
9,10633
9,10633
9,10633
9,10633
9,10633
9,10633
9,10633
9,10633
9,10633
9,10691
9,10691
9,10691
9,10691
9,10691
9,10691
9,10691
9,10691
9,10691
9,10713
9,10713
9,10713
9,10713
9,10713
9,10713
9,10713
9,10713
9,10713
9,10787
9,10787
9,10787
9,10787
9,10787
9,10787
9,10787
9,10787
9,10787
9,10797
9,10797
9,10797
9,10797
9,10797
9,10797
9,10797
9,10797
9,10797
9,10863
9,10863
9,10863
9,10863
9,10863
9,10863
9,10863
9,10863
9,10863
9,10909
9,10909
9,10909
9,10909
9,10909
9,10909
9,10909
9,10909
9,10909
9,10935
9,10935
9,10935
9,10935
9,10935
9,10935
9,10935
9,10935
9,10935
9,11001
9,11001
9,11001
9,11001
9,11001
9,11001
9,11001
9,11001
9,11001
9,11043
9,11043
9,11043
9,11043
9,11043
9,11043
9,11043
9,11043
9,11043
9,11061
9,11061
9,11061
9,11061
9,11061
9,11061
9,11061
9,11061
9,11061
9,11111
9,11111
9,11111
9,11111
9,11111
9,11111
9,11111
9,11111
9,11111
9,11161
9,11161
9,11161
9,11161
9,11161
9,11161
9,11161
9,11161
9,11161
9,11179
9,11179
9,11179
9,11179
9,11179
9,11179
9,11179
9,11179
9,11179
9,11241
9,11241
9,11241
9,11241
9,11241
9,11241
9,11241
9,11241
9,11241
9,11295
9,11295
9,11295
9,11295
9,11295
9,11295
9,11295
9,11295
9,11295
9,11309
9,11309
9,11309
9,11309
9,11309
9,11309
9,11309
9,11309
9,11309
9,11375
9,11375
9,11375
9,11375
9,11375
9,11375
9,11375
9,11375
9,11375
9,11417
9,11417
9,11417
9,11417
9,11417
9,11417
9,11417
9,11417
9,11417
9,11431
9,11431
9,11431
9,11431
9,11431
9,11431
9,11431
9,11431
9,11431
9,11501
9,11501
9,11501
9,11501
9,11501
9,11501
9,11501
9,11501
9,11501
9,11543
9,11543
9,11543
9,11543
9,11543
9,11543
9,11543
9,11543
9,11543
9,11557
9,11557
9,11557
9,11557
9,11557
9,11557
9,11557
9,11557
9,11557
9,11611
9,11611
9,11611
9,11611
9,11611
9,11611
9,11611
9,11611
9,11611
9,11673
9,11673
9,11673
9,11673
9,11673
9,11673
9,11673
9,11673
9,11673
9,11707
9,11707
9,11707
9,11707
9,11707
9,11707
9,11707
9,11707
9,11707
9,11753
9,11753
9,11753
9,11753
9,11753
9,11753
9,11753
9,11753
9,11753
9,11795
9,11795
9,11795
9,11795
9,11795
9,11795
9,11795
9,11795
9,11795
9,11813
9,11813
9,11813
9,11813
9,11813
9,11813
9,11813
9,11813
9,11813
9,11875
9,11875
9,11875
9,11875
9,11875
9,11875
9,11875
9,11875
9,11875
9,11913
9,11913
9,11913
9,11913
9,11913
9,11913
9,11913
9,11913
9,11913
9,11959
9,11959
9,11959
9,11959
9,11959
9,11959
9,11959
9,11959
9,11959
9,11977
9,11977
9,11977
9,11977
9,11977
9,11977
9,11977
9,11977
9,11977
9,12047
9,12047
9,12047
9,12047
9,12047
9,12047
9,12047
9,12047
9,12047
9,12073
9,12073
9,12073
9,12073
9,12073
9,12073
9,12073
9,12073
9,12073
9,12099
9,12099
9,12099
9,12099
9,12099
9,12099
9,12099
9,12099
9,12099
9,12145
9,12145
9,12145
9,12145
9,12145
9,12145
9,12145
9,12145
9,12145
9,12191
9,12191
9,12191
9,12191
9,12191
9,12191
9,12191
9,12191
9,12191
9,12253
9,12253
9,12253
9,12253
9,12253
9,12253
9,12253
9,12253
9,12253
9,12303
9,12303
9,12303
9,12303
9,12303
9,12303
9,12303
9,12303
9,12303
9,12321
9,12321
9,12321
9,12321
9,12321
9,12321
9,12321
9,12321
9,12321
9,12371
9,12371
9,12371
9,12371
9,12371
9,12371
9,12371
9,12371
9,12371
9,12413
9,12413
9,12413
9,12413
9,12413
9,12413
9,12413
9,12413
9,12413
9,12451
9,12451
9,12451
9,12451
9,12451
9,12451
9,12451
9,12451
9,12451
9,12505
9,12505
9,12505
9,12505
9,12505
9,12505
9,12505
9,12505
9,12505
9,12555
9,12555
9,12555
9,12555
9,12555
9,12555
9,12555
9,12555
9,12555
9,12565
9,12565
9,12565
9,12565
9,12565
9,12565
9,12565
9,12565
9,12565
9,12607
9,12607
9,12607
9,12607
9,12607
9,12607
9,12607
9,12607
9,12607
9,12681
9,12681
9,12681
9,12681
9,12681
9,12681
9,12681
9,12681
9,12681
9,12695
9,12695
9,12695
9,12695
9,12695
9,12695
9,12695
9,12695
9,12695
9,12757
9,12757
9,12757
9,12757
9,12757
9,12757
9,12757
9,12757
9,12757
9,12807
9,12807
9,12807
9,12807
9,12807
9,12807
9,12807
9,12807
9,12807
9,12817
9,12817
9,12817
9,12817
9,12817
9,12817
9,12817
9,12817
9,12817
9,12855
9,12855
9,12855
9,12855
9,12855
9,12855
9,12855
9,12855
9,12855
9,12933
9,12933
9,12933
9,12933
9,12933
9,12933
9,12933
9,12933
9,12933
9,12955
9,12955
9,12955
9,12955
9,12955
9,12955
9,12955
9,12955
9,12955
9,13013
9,13013
9,13013
9,13013
9,13013
9,13013
9,13013
9,13013
9,13013
9,13051
9,13051
9,13051
9,13051
9,13051
9,13051
9,13051
9,13051
9,13051
9,13085
9,13085
9,13085
9,13085
9,13085
9,13085
9,13085
9,13085
9,13085
9,13135
9,13135
9,13135
9,13135
9,13135
9,13135
9,13135
9,13135
9,13135
9,13177
9,13177
9,13177
9,13177
9,13177
9,13177
9,13177
9,13177
9,13177
9,13191
9,13191
9,13191
9,13191
9,13191
9,13191
9,13191
9,13191
9,13191
9,13233
9,13233
9,13233
9,13233
9,13233
9,13233
9,13233
9,13233
9,13233
9,13287
9,13287
9,13287
9,13287
9,13287
9,13287
9,13287
9,13287
9,13287
9,13337
9,13337
9,13337
9,13337
9,13337
9,13337
9,13337
9,13337
9,13337
9,13371
9,13371
9,13371
9,13371
9,13371
9,13371
9,13371
9,13371
9,13371
9,13405
9,13405
9,13405
9,13405
9,13405
9,13405
9,13405
9,13405
9,13405
9,13443
9,13443
9,13443
9,13443
9,13443
9,13443
9,13443
9,13443
9,13443
9,13501
9,13501
9,13501
9,13501
9,13501
9,13501
9,13501
9,13501
9,13501
9,13559
9,13559
9,13559
9,13559
9,13559
9,13559
9,13559
9,13559
9,13559
9,13581
9,13581
9,13581
9,13581
9,13581
9,13581
9,13581
9,13581
9,13581
9,13647
9,13647
9,13647
9,13647
9,13647
9,13647
9,13647
9,13647
9,13647
9,13669
9,13669
9,13669
9,13669
9,13669
9,13669
9,13669
9,13669
9,13669
9,13707
9,13707
9,13707
9,13707
9,13707
9,13707
9,13707
9,13707
9,13707
9,13741
9,13741
9,13741
9,13741
9,13741
9,13741
9,13741
9,13741
9,13741
9,13811
9,13811
9,13811
9,13811
9,13811
9,13811
9,13811
9,13811
9,13811
9,13845
9,13845
9,13845
9,13845
9,13845
9,13845
9,13845
9,13845
9,13845
9,13899
9,13899
9,13899
9,13899
9,13899
9,13899
9,13899
9,13899
9,13899
9,13925
9,13925
9,13925
9,13925
9,13925
9,13925
9,13925
9,13925
9,13925
9,13967
9,13967
9,13967
9,13967
9,13967
9,13967
9,13967
9,13967
9,13967
9,14013
9,14013
9,14013
9,14013
9,14013
9,14013
9,14013
9,14013
9,14013
