6,22
6,62
6,124
6,150
6,198
6,250
6,288
6,322
6,350
6,410
6,444
6,486
6,514
6,578
6,620
6,666
6,686
6,750
6,766
6,834
6,880
6,914
6,930
6,998
6,1030
6,1052
6,1094
6,1170
6,1194
6,1220
6,1272
6,1314
6,1360
6,1398
6,1442
6,1494
6,1548
6,1564
6,1628
6,1650
6,1688
6,1740
6,1774
6,1820
6,1888
6,1926
6,1964
6,1980
6,2022
6,2060
6,2132
6,2158
6,2186
6,2266
6,2300
6,2330
6,2388
6,2430
6,2460
6,2492
6,2540
6,2580
6,2636
6,2686
6,2694
6,2748
6,2804
6,2850
6,2884
6,2908
6,2954
6,3018
6,3038
6,3092
6,3124
6,3184
6,3202
6,3248
6,3312
6,3336
6,3372
6,3434
6,3450
6,3518
6,3542
6,3580
6,3640
6,3690
6,3710
6,3760
6,3804
6,3858
6,3870
6,3942
6,3970
6,4004
6,4056
6,4104
6,4148
6,4174
6,4218
6,4270
6,4314
6,4332
6,4390
6,4450
6,4454
6,4526
6,4558
6,4594
6,4630
6,4702
6,4714
6,4786
6,4824
6,4854
6,4874
6,4924
6,4962
6,5028
6,5068
6,5110
6,5164
6,5190
6,5244
6,5270
6,5316
6,5344
6,5394
6,5432
6,5478
6,5504
6,5546
6,5618
6,5664
6,5706
6,5722
6,5790
6,5828
6,5840
6,5920
6,5954
6,6000
6,6028
6,6062
6,6126
6,6134
6,6214
6,6252
6,6286
6,6312
6,6360
6,6402
6,6438
6,6482
6,6538
6,6592
6,6596
6,6668
6,6690
6,6738
6,6768
6,6844
6,6878
6,6924
6,6958
6,6974
6,7050
6,7058
6,7118
6,7142
6,7206
6,7250
6,7302
6,7344
6,7368
6,7422
6,7456
6,7502
6,7550
6,7588
6,7612
6,7680
6,7720
6,7760
6,7780
6,7844
6,7880
6,7914
6,7954
6,8006
6,8058
6,8070
6,8126
6,8174
6,8192
6,8252
6,8308
6,8322
6,8390
6,8402
6,8468
6,8498
6,8554
6,8602
6,8630
6,8688
6,8712
6,8738
6,8784
6,8856
6,8892
6,8928
6,8968
6,9016
6,9052
6,9086
6,9124
6,9192
6,9234
6,9264
6,9288
6,9348
6,9398
6,9440
6,9460
6,9518
6,9536
6,9588
6,9632
6,9666
6,9742
6,9754
6,9826
6,9844
6,9872
6,9938
6,9994
6,10010
6,10066
6,10088
6,10124
6,10204
6,10216
6,10284
6,10330
6,10360
6,10414
6,10428
6,10468
6,10516
6,10582
6,10616
6,10662
6,10700
6,10750
6,10774
6,10826
6,10850
6,10900
6,10960
6,10972
6,11010
6,11082
6,11120
6,11148
6,11208
6,11254
6,11282
6,11334
6,11362
6,11384
6,11460
6,11476
6,11548
6,11590
6,11594
6,11660
6,11686
6,11740
6,11790
6,11834
6,11850
6,11918
6,11934
6,12002
6,12034
6,12068
6,12128
6,12174
6,12204
6,12224
6,12286
6,12312
6,12350
6,12430
6,12464
6,12488
6,12550
6,12590
6,12628
6,12660
6,12716
6,12728
6,12774
6,12822
6,12888
6,12920
6,12946
6,13004
6,13042
6,13090
6,13130
6,13164
6,13220
6,13270
6,13304
6,13342
6,13366
6,13418
6,13452
6,13514
6,13550
6,13576
6,13610
6,13656
6,13694
6,13762
6,13802
6,13850
6,13886
6,13934
6,13954
6,14026
