7,26
7,66
7,120
7,154
7,194
7,242
7,292
7,330
7,354
7,402
7,456
7,490
7,526
7,574
7,624
7,658
7,678
7,738
7,762
7,826
7,866
7,918
7,934
7,1002
7,1010
7,1080
7,1126
7,1162
7,1182
7,1238
7,1268
7,1338
7,1364
7,1394
7,1438
7,1498
7,1544
7,1556
7,1614
7,1674
7,1716
7,1744
7,1792
7,1828
7,1854
7,1922
7,1968
7,1992
7,2018
7,2068
7,2106
7,2154
7,2190
7,2262
7,2304
7,2320
7,2392
7,2426
7,2438
7,2488
7,2544
7,2564
7,2632
7,2662
7,2690
7,2770
7,2800
7,2854
7,2880
7,2904
7,2942
7,2988
7,3046
7,3076
7,3128
7,3180
7,3206
7,3264
7,3290
7,3340
7,3376
7,3438
7,3462
7,3522
7,3538
7,3592
7,3636
7,3664
7,3698
7,3778
7,3800
7,3828
7,3866
7,3934
7,3954
7,3996
7,4060
7,4088
7,4122
7,4186
7,4230
7,4278
7,4306
7,4340
7,4408
7,4426
7,4458
7,4534
7,4576
7,4606
7,4626
7,4698
7,4706
7,4772
7,4816
7,4858
7,4890
7,4920
7,4958
7,5024
7,5080
7,5094
7,5154
7,5194
7,5248
7,5286
7,5324
7,5340
7,5382
7,5446
7,5496
7,5516
7,5584
7,5626
7,5642
7,5694
7,5714
7,5786
7,5836
7,5848
7,5882
7,5950
7,5996
7,6040
7,6066
7,6122
7,6142
7,6210
7,6256
7,6294
7,6316
7,6356
7,6394
7,6434
7,6474
7,6542
7,6584
7,6604
7,6638
7,6718
7,6726
7,6794
7,6836
7,6886
7,6920
7,6966
7,6982
7,7042
7,7088
7,7122
7,7162
7,7210
7,7246
7,7274
7,7336
7,7380
7,7418
7,7464
7,7494
7,7542
7,7566
7,7608
7,7676
7,7716
7,7752
7,7806
7,7848
7,7872
7,7910
7,7974
7,8016
7,8062
7,8078
7,8118
7,8178
7,8216
7,8260
7,8276
7,8326
7,8378
7,8414
7,8472
7,8502
7,8558
7,8598
7,8646
7,8684
7,8704
7,8754
7,8788
7,8848
7,8868
7,8920
7,8976
7,8998
7,9056
7,9098
7,9120
7,9172
7,9224
7,9272
7,9284
7,9340
7,9368
7,9444
7,9490
7,9514
7,9540
7,9578
7,9624
7,9670
7,9724
7,9784
7,9822
7,9840
7,9884
7,9952
7,9982
7,10022
7,10052
7,10100
7,10128
7,10176
7,10208
7,10272
7,10326
7,10334
7,10406
7,10418
7,10464
7,10512
7,10574
7,10624
7,10654
7,10696
7,10734
7,10770
7,10834
7,10846
7,10892
7,10930
7,10996
7,11006
7,11052
7,11116
7,11136
7,11212
7,11250
7,11290
7,11304
7,11358
7,11408
7,11452
7,11488
7,11538
7,11586
7,11598
7,11668
7,11716
7,11728
7,11778
7,11830
7,11862
7,11922
7,11930
7,11998
7,12042
7,12094
7,12124
7,12140
7,12220
7,12244
7,12278
7,12316
7,12354
7,12426
7,12460
7,12514
7,12546
7,12582
7,12636
7,12664
7,12708
7,12732
7,12802
7,12812
7,12880
7,12924
7,12950
7,12996
7,13026
7,13094
7,13118
7,13152
7,13224
7,13242
7,13300
7,13346
7,13358
7,13414
7,13480
7,13510
7,13546
7,13590
7,13614
7,13660
7,13712
7,13750
7,13794
7,13854
7,13862
7,13904
7,13950
7,14018
