5,18
5,81
5,89
5,175
5,183
5,273
5,300
5,348
5,398
5,453
5,503
5,584
5,658
5,668
5,737
5,837
5,884
5,912
5,1018
5,1094
5,1124
5,1168
5,1244
5,1362
5,1420
5,1458
5,1517
5,1591
5,1729
5,1745
5,1836
5,1971
5,2048
5,2072
5,2210
5,2244
5,2338
5,2449
5,2550
5,2626
5,2680
5,2803
5,2847
5,2996
5,3107
5,3125
5,3214
5,3310
5,3471
5,3564
5,3598
5,3780
5,3806
5,3906
5,4103
5,4218
5,4230
5,4409
5,4541
5,4640
5,4754
5,4873
5,4971
5,5095
5,5228
5,5330
5,5370
5,5481
5,5707
5,5741
5,5944
5,5956
5,6081
5,6211
5,6335
5,6576
5,6693
5,6727
5,6867
5,7107
5,7228
5,7382
5,7398
5,7551
5,7775
5,7823
5,8063
5,8230
5,8268
5,8504
5,8538
5,8685
5,8952
5,8980
5,9260
5,9416
5,9547
5,9719
5,9879
5,10030
5,10180
5,10206
5,10381
5,10667
5,10683
5,10845
5,11029
5,11180
5,11341
5,11514
5,11686
5,11982
5,12040
5,12183
5,12372
5,12689
5,12877
5,13054
5,13218
5,13240
5,13590
5,13764
5,13955
5,14124
5,14150
5,14513
5,14533
5,17886
5,18068
5,18251
5,18441
5,18621
5,18643
5,18991
5,19191
5,19359
5,19389
5,25737
5,25925
5,25969
5,29303
5,29481
5,29515
5,29855
5,30035
5,30071
5,30409
5,30437
5,30777
5,30959
5,31003
5,31183
5,31377
5,34711
5,34739
5,35095
5,35119
5,38451
5,38641
5,38673
5,39025
5,39043
5,39374
5,39400
5,39764
5,39806
5,40126
5,40162
5,40501
5,40513
5,43858
5,44049
5,44215
5,44414
5,44450
5,44620
5,44831
5,44990
5,48348
5,48527
5,48723
5,48739
5,49075
5,49257
5,49289
5,49649
5,49827
5,49843
5,50202
5,50236
5,50577
5,50589
5,53934
5,54110
5,54307
5,54323
5,54657
5,54862
5,55050
5,55230
5,55418
5,58584
5,58775
5,58803
5,62082
5,62167
5,62227
5,62287
5,62295
5,62405
5,62460
5,62531
5,62588
5,62618
5,62670
5,62768
5,62800
5,62865
5,62958
5,63028
5,63032
5,63148
5,63196
5,63230
5,63292
5,63354
5,63436
5,63486
5,63560
5,63576
5,63680
5,63704
5,63776
5,63861
5,63877
5,63937
5,64009
5,64109
5,64169
5,64213
5,64251
5,64337
5,64385
5,64431
5,64485
5,64571
5,64597
5,64705
5,64769
5,64829
5,64865
5,64949
5,64999
5,65047
5,65129
5,65185
5,65249
5,65293
5,65317
5,65393
5,65485
5,65539
5,65593
5,65665
5,65713
5,65751
5,65801
5,65888
5,65925
5,66019
5,66073
5,66140
5,66216
5,66276
5,66318
5,66392
5,66446
5,66488
5,66562
5,66606
5,66640
5,66748
5,66800
5,66836
5,66936
5,66950
5,67044
5,67076
5,67160
5,67224
5,67280
5,67308
5,67394
5,67472
5,67524
5,67566
5,67600
5,67678
5,67754
5,67826
5,67866
5,67916
5,67960
5,68042
5,68080
5,68182
5,68256
5,68264
5,68376
5,68428
5,68444
5,68542
5,68612
5,68676
5,68714
5,68774
5,68856
5,68904
5,68972
5,69030
5,69080
5,69120
5,69200
5,69276
5,69336
5,69396
5,69400
5,69512
5,69576
5,69600
5,69640
5,69714
5,69802
5,69820
