7,26
7,85
7,122
7,155
7,219
7,231
7,324
7,370
7,388
7,465
7,507
7,600
7,608
7,676
7,725
7,829
7,880
7,959
7,967
7,1082
7,1108
7,1224
7,1297
7,1350
7,1416
7,1444
7,1579
7,1613
7,1725
7,1814
7,1818
7,1967
7,2044
7,2060
7,2202
7,2240
7,2326
7,2467
7,2538
7,2630
7,2736
7,2811
7,2839
7,2927
7,3103
7,3133
7,3222
7,3302
7,3483
7,3580
7,3602
7,3792
7,3810
7,3996
7,4083
7,4208
7,4222
7,4425
7,4439
7,4636
7,4758
7,4776
7,4979
7,5111
7,5200
7,5346
7,5378
7,5477
7,5595
7,5723
7,5936
7,6073
7,6199
7,6215
7,6339
7,6568
7,6596
7,6735
7,6859
7,6989
7,7248
7,7360
7,7406
7,7531
7,7805
7,7827
7,8059
7,8222
7,8244
7,8382
7,8667
7,8701
7,8956
7,8998
7,9122
7,9390
7,9424
7,9711
7,9871
7,10018
7,10194
7,10202
7,10385
7,10518
7,10701
7,10997
7,11005
7,11188
7,11345
7,11668
7,11834
7,12008
7,12020
7,12352
7,12376
7,12534
7,12869
7,13040
7,13210
7,13244
7,13426
7,13760
7,13959
7,14134
7,14146
7,14489
7,14525
7,17711
7,17890
7,18255
7,18263
7,18631
7,18635
7,18829
7,19187
7,19363
7,19381
7,25741
7,25901
7,25961
7,29295
7,29485
7,29678
7,29863
7,30043
7,30231
7,30417
7,30429
7,30793
7,30967
7,30987
7,31173
7,34537
7,34719
7,34735
7,35091
7,35107
7,38443
7,38649
7,38833
7,39001
7,39207
7,39396
7,39408
7,39760
7,39798
7,40122
7,40166
7,40509
7,43685
7,43868
7,44053
7,44241
7,44400
7,44434
7,44636
7,44839
7,44998
7,48344
7,48535
7,48569
7,48727
7,48916
7,49261
7,49293
7,49481
7,49835
7,49839
7,50052
7,50244
7,50569
7,50759
7,53946
7,54114
7,54303
7,54319
7,54687
7,54846
7,55028
7,55070
7,55422
7,58606
7,58793
7,58823
7,59002
7,62108
7,62171
7,62283
7,62291
7,62351
7,62413
7,62523
7,62584
7,62658
7,62684
7,62776
7,62788
7,62861
7,62950
7,63012
7,63036
7,63136
7,63184
7,63226
7,63288
7,63338
7,63444
7,63508
7,63556
7,63572
7,63676
7,63712
7,63772
7,63853
7,63873
7,63933
7,64001
7,64057
7,64145
7,64225
7,64255
7,64349
7,64397
7,64457
7,64473
7,64581
7,64609
7,64701
7,64757
7,64781
7,64889
7,64941
7,64957
7,65065
7,65073
7,65133
7,65229
7,65275
7,65329
7,65389
7,65477
7,65497
7,65597
7,65661
7,65695
7,65733
7,65797
7,65884
7,65917
7,66023
7,66065
7,66152
7,66164
7,66220
7,66314
7,66370
7,66404
7,66468
7,66558
7,66580
7,66652
7,66740
7,66812
7,66820
7,66910
7,66974
7,67048
7,67086
7,67120
7,67228
7,67288
7,67316
7,67410
7,67476
7,67480
7,67592
7,67646
7,67660
7,67762
7,67784
7,67844
7,67928
7,67970
7,68020
7,68088
7,68186
7,68200
7,68260
7,68364
7,68432
7,68440
7,68556
7,68568
7,68654
7,68684
7,68744
7,68844
7,68896
7,68964
7,69018
7,69096
7,69100
7,69196
7,69244
7,69280
7,69350
7,69452
7,69460
7,69556
7,69604
7,69688
7,69706
7,69806
7,69824
