6,22
6,77
6,126
6,171
6,223
6,277
6,304
6,380
6,433
6,461
6,511
6,588
6,648
6,692
6,721
6,819
6,896
6,916
6,1022
6,1090
6,1120
6,1176
6,1240
6,1358
6,1424
6,1466
6,1587
6,1617
6,1709
6,1810
6,1822
6,1896
6,2040
6,2068
6,2194
6,2248
6,2334
6,2471
6,2558
6,2642
6,2668
6,2815
6,2831
6,2937
6,3099
6,3129
6,3218
6,3330
6,3475
6,3584
6,3610
6,3788
6,3814
6,3984
6,4107
6,4204
6,4238
6,4413
6,4443
6,4652
6,4746
6,4861
6,4967
6,5099
6,5220
6,5342
6,5350
6,5473
6,5599
6,5737
6,5833
6,6077
6,6089
6,6219
6,6365
6,6564
6,6719
6,6723
6,6863
6,7111
6,7244
6,7378
6,7402
6,7555
6,7801
6,7815
6,8071
6,8226
6,8252
6,8386
6,8659
6,8681
6,8964
6,8972
6,9118
6,9386
6,9551
6,9723
6,9875
6,10022
6,10176
6,10210
6,10373
6,10522
6,10679
6,10841
6,11009
6,11196
6,11337
6,11534
6,11838
6,11846
6,12016
6,12187
6,12384
6,12681
6,12873
6,13044
6,13214
6,13236
6,13594
6,13768
6,13951
6,14142
6,14154
6,14493
6,14517
6,17870
6,17894
6,18259
6,18279
6,18453
6,18639
6,18821
6,19183
6,19367
6,19411
6,25745
6,25935
6,25939
6,29299
6,29493
6,29674
6,29847
6,30031
6,30063
6,30421
6,30433
6,30773
6,30963
6,30991
6,31191
6,34533
6,34715
6,34731
6,35071
6,35103
6,38447
6,38653
6,38669
6,39005
6,39203
6,39382
6,39578
6,39752
6,39802
6,40108
6,40154
6,40497
6,43693
6,43876
6,44057
6,44223
6,44430
6,44438
6,44624
6,44811
6,44994
6,48336
6,48519
6,48561
6,48735
6,49071
6,49253
6,49297
6,49641
6,49819
6,49847
6,50040
6,50240
6,50573
6,50603
6,53938
6,54122
6,54315
6,54343
6,54679
6,54838
6,55046
6,55066
6,55404
6,58580
6,58789
6,58831
6,62086
6,62112
6,62175
6,62275
6,62303
6,62401
6,62468
6,62527
6,62592
6,62610
6,62666
6,62764
6,62796
6,62851
6,62962
6,63008
6,63044
6,63144
6,63204
6,63212
6,63284
6,63346
6,63448
6,63500
6,63568
6,63580
6,63668
6,63716
6,63768
6,63857
6,63881
6,63953
6,63997
6,64065
6,64149
6,64217
6,64263
6,64333
6,64393
6,64427
6,64481
6,64589
6,64635
6,64709
6,64761
6,64811
6,64885
6,64945
6,64995
6,65051
6,65125
6,65189
6,65233
6,65279
6,65313
6,65373
6,65489
6,65493
6,65609
6,65657
6,65709
6,65741
6,65821
6,65864
6,65929
6,66031
6,66085
6,66156
6,66168
6,66272
6,66330
6,66384
6,66442
6,66460
6,66546
6,66610
6,66644
6,66752
6,66760
6,66866
6,66928
6,66958
6,67052
6,67090
6,67128
6,67232
6,67276
6,67328
6,67402
6,67468
6,67536
6,67558
6,67630
6,67668
6,67750
6,67836
6,67840
6,67904
6,67978
6,68050
6,68092
6,68178
6,68204
6,68272
6,68372
6,68424
6,68448
6,68530
6,68564
6,68662
6,68718
6,68764
6,68848
6,68892
6,68956
6,69026
6,69092
6,69116
6,69192
6,69240
6,69332
6,69346
6,69448
6,69508
6,69568
6,69580
6,69654
6,69756
6,69816
6,69832
