9,35.000757694244385
9,35.000757694244385
9,35.000757694244385
9,35.000757694244385
9,35.000757694244385
9,35.000757694244385
9,35.000757694244385
9,35.000757694244385
9,35.000757694244385
9,81.00092363357544
9,81.00092363357544
9,81.00092363357544
9,81.00092363357544
9,81.00092363357544
9,81.00092363357544
9,81.00092363357544
9,81.00092363357544
9,81.00092363357544
9,91.0009515285492
9,91.0009515285492
9,91.0009515285492
9,91.0009515285492
9,91.0009515285492
9,91.0009515285492
9,91.0009515285492
9,91.0009515285492
9,91.0009515285492
9,161.00084519386292
9,161.00084519386292
9,161.00084519386292
9,161.00084519386292
9,161.00084519386292
9,161.00084519386292
9,161.00084519386292
9,161.00084519386292
9,161.00084519386292
9,195.00122499465942
9,195.00122499465942
9,195.00122499465942
9,195.00122499465942
9,195.00122499465942
9,195.00122499465942
9,195.00122499465942
9,195.00122499465942
9,195.00122499465942
9,249.00121808052063
9,249.00121808052063
9,249.00121808052063
9,249.00121808052063
9,249.00121808052063
9,249.00121808052063
9,249.00121808052063
9,249.00121808052063
9,249.00121808052063
9,287.0014982223511
9,287.0014982223511
9,287.0014982223511
9,287.0014982223511
9,287.0014982223511
9,287.0014982223511
9,287.0014982223511
9,287.0014982223511
9,287.0014982223511
9,309.00091099739075
9,309.00091099739075
9,309.00091099739075
9,309.00091099739075
9,309.00091099739075
9,309.00091099739075
9,309.00091099739075
9,309.00091099739075
9,309.00091099739075
9,351.00120878219604
9,351.00120878219604
9,351.00120878219604
9,351.00120878219604
9,351.00120878219604
9,351.00120878219604
9,351.00120878219604
9,351.00120878219604
9,351.00120878219604
9,409.00152683258057
9,409.00152683258057
9,409.00152683258057
9,409.00152683258057
9,409.00152683258057
9,409.00152683258057
9,409.00152683258057
9,409.00152683258057
9,409.00152683258057
9,435.0010619163513
9,435.0010619163513
9,435.0010619163513
9,435.0010619163513
9,435.0010619163513
9,435.0010619163513
9,435.0010619163513
9,435.0010619163513
9,435.0010619163513
9,501.00100564956665
9,501.00100564956665
9,501.00100564956665
9,501.00100564956665
9,501.00100564956665
9,501.00100564956665
9,501.00100564956665
9,501.00100564956665
9,501.00100564956665
9,511.0011570453644
9,511.0011570453644
9,511.0011570453644
9,511.0011570453644
9,511.0011570453644
9,511.0011570453644
9,511.0011570453644
9,511.0011570453644
9,511.0011570453644
9,585.0009512901306
9,585.0009512901306
9,585.0009512901306
9,585.0009512901306
9,585.0009512901306
9,585.0009512901306
9,585.0009512901306
9,585.0009512901306
9,585.0009512901306
9,595.0008914470673
9,595.0008914470673
9,595.0008914470673
9,595.0008914470673
9,595.0008914470673
9,595.0008914470673
9,595.0008914470673
9,595.0008914470673
9,595.0008914470673
9,665.0011398792267
9,665.0011398792267
9,665.0011398792267
9,665.0011398792267
9,665.0011398792267
9,665.0011398792267
9,665.0011398792267
9,665.0011398792267
9,665.0011398792267
9,703.0009791851044
9,703.0009791851044
9,703.0009791851044
9,703.0009791851044
9,703.0009791851044
9,703.0009791851044
9,703.0009791851044
9,703.0009791851044
9,703.0009791851044
9,753.0012800693512
9,753.0012800693512
9,753.0012800693512
9,753.0012800693512
9,753.0012800693512
9,753.0012800693512
9,753.0012800693512
9,753.0012800693512
9,753.0012800693512
9,759.000949382782
9,759.000949382782
9,759.000949382782
9,759.000949382782
9,759.000949382782
9,759.000949382782
9,759.000949382782
9,759.000949382782
9,759.000949382782
9,805.0010812282562
9,805.0010812282562
9,805.0010812282562
9,805.0010812282562
9,805.0010812282562
9,805.0010812282562
9,805.0010812282562
9,805.0010812282562
9,805.0010812282562
9,859.0010318756104
9,859.0010318756104
9,859.0010318756104
9,859.0010318756104
9,859.0010318756104
9,859.0010318756104
9,859.0010318756104
9,859.0010318756104
9,859.0010318756104
9,921.0010175704956
9,921.0010175704956
9,921.0010175704956
9,921.0010175704956
9,921.0010175704956
9,921.0010175704956
9,921.0010175704956
9,921.0010175704956
9,921.0010175704956
9,959.000866651535
9,959.000866651535
9,959.000866651535
9,959.000866651535
9,959.000866651535
9,959.000866651535
9,959.000866651535
9,959.000866651535
9,959.000866651535
9,1005.0018472671509
9,1005.0018472671509
9,1005.0018472671509
9,1005.0018472671509
9,1005.0018472671509
9,1005.0018472671509
9,1005.0018472671509
9,1005.0018472671509
9,1005.0018472671509
9,1011.0011279582977
9,1011.0011279582977
9,1011.0011279582977
9,1011.0011279582977
9,1011.0011279582977
9,1011.0011279582977
9,1011.0011279582977
9,1011.0011279582977
9,1011.0011279582977
9,1077.001388311386
9,1077.001388311386
9,1077.001388311386
9,1077.001388311386
9,1077.001388311386
9,1077.001388311386
9,1077.001388311386
9,1077.001388311386
9,1077.001388311386
9,1099.0009334087372
9,1099.0009334087372
9,1099.0009334087372
9,1099.0009334087372
9,1099.0009334087372
9,1099.0009334087372
9,1099.0009334087372
9,1099.0009334087372
9,1099.0009334087372
9,1169.0009191036224
9,1169.0009191036224
9,1169.0009191036224
9,1169.0009191036224
9,1169.0009191036224
9,1169.0009191036224
9,1169.0009191036224
9,1169.0009191036224
9,1169.0009191036224
9,1199.0010061264038
9,1199.0010061264038
9,1199.0010061264038
9,1199.0010061264038
9,1199.0010061264038
9,1199.0010061264038
9,1199.0010061264038
9,1199.0010061264038
9,1199.0010061264038
9,1221.0010869503021
9,1221.0010869503021
9,1221.0010869503021
9,1221.0010869503021
9,1221.0010869503021
9,1221.0010869503021
9,1221.0010869503021
9,1221.0010869503021
9,1221.0010869503021
9,1283.0012662410736
9,1283.0012662410736
9,1283.0012662410736
9,1283.0012662410736
9,1283.0012662410736
9,1283.0012662410736
9,1283.0012662410736
9,1283.0012662410736
9,1283.0012662410736
9,1341.0014264583588
9,1341.0014264583588
9,1341.0014264583588
9,1341.0014264583588
9,1341.0014264583588
9,1341.0014264583588
9,1341.0014264583588
9,1341.0014264583588
9,1341.0014264583588
9,1347.0007524490356
9,1347.0007524490356
9,1347.0007524490356
9,1347.0007524490356
9,1347.0007524490356
9,1347.0007524490356
9,1347.0007524490356
9,1347.0007524490356
9,1347.0007524490356
9,1409.001000881195
9,1409.001000881195
9,1409.001000881195
9,1409.001000881195
9,1409.001000881195
9,1409.001000881195
9,1409.001000881195
9,1409.001000881195
9,1409.001000881195
9,1431.000816822052
9,1431.000816822052
9,1431.000816822052
9,1431.000816822052
9,1431.000816822052
9,1431.000816822052
9,1431.000816822052
9,1431.000816822052
9,1431.000816822052
9,1493.0010933876038
9,1493.0010933876038
9,1493.0010933876038
9,1493.0010933876038
9,1493.0010933876038
9,1493.0010933876038
9,1493.0010933876038
9,1493.0010933876038
9,1493.0010933876038
9,1515.001013994217
9,1515.001013994217
9,1515.001013994217
9,1515.001013994217
9,1515.001013994217
9,1515.001013994217
9,1515.001013994217
9,1515.001013994217
9,1515.001013994217
9,1593.0009381771088
9,1593.0009381771088
9,1593.0009381771088
9,1593.0009381771088
9,1593.0009381771088
9,1593.0009381771088
9,1593.0009381771088
9,1593.0009381771088
9,1593.0009381771088
9,1635.001220703125
9,1635.001220703125
9,1635.001220703125
9,1635.001220703125
9,1635.001220703125
9,1635.001220703125
9,1635.001220703125
9,1635.001220703125
9,1635.001220703125
9,1645.0008761882782
9,1645.0008761882782
9,1645.0008761882782
9,1645.0008761882782
9,1645.0008761882782
9,1645.0008761882782
9,1645.0008761882782
9,1645.0008761882782
9,1645.0008761882782
9,1687.000783443451
9,1687.000783443451
9,1687.000783443451
9,1687.000783443451
9,1687.000783443451
9,1687.000783443451
9,1687.000783443451
9,1687.000783443451
9,1687.000783443451
9,1761.001261472702
9,1761.001261472702
9,1761.001261472702
9,1761.001261472702
9,1761.001261472702
9,1761.001261472702
9,1761.001261472702
9,1761.001261472702
9,1761.001261472702
9,1799.0011954307556
9,1799.0011954307556
9,1799.0011954307556
9,1799.0011954307556
9,1799.0011954307556
9,1799.0011954307556
9,1799.0011954307556
9,1799.0011954307556
9,1799.0011954307556
9,1813.001192331314
9,1813.001192331314
9,1813.001192331314
9,1813.001192331314
9,1813.001192331314
9,1813.001192331314
9,1813.001192331314
9,1813.001192331314
9,1813.001192331314
9,1875.0011036396027
9,1875.0011036396027
9,1875.0011036396027
9,1875.0011036396027
9,1875.0011036396027
9,1875.0011036396027
9,1875.0011036396027
9,1875.0011036396027
9,1875.0011036396027
9,1893.0009882450104
9,1893.0009882450104
9,1893.0009882450104
9,1893.0009882450104
9,1893.0009882450104
9,1893.0009882450104
9,1893.0009882450104
9,1893.0009882450104
9,1893.0009882450104
9,1939.0009100437164
9,1939.0009100437164
9,1939.0009100437164
9,1939.0009100437164
9,1939.0009100437164
9,1939.0009100437164
9,1939.0009100437164
9,1939.0009100437164
9,1939.0009100437164
9,2005.0009291172028
9,2005.0009291172028
9,2005.0009291172028
9,2005.0009291172028
9,2005.0009291172028
9,2005.0009291172028
9,2005.0009291172028
9,2005.0009291172028
9,2005.0009291172028
9,2039.0010125637054
9,2039.0010125637054
9,2039.0010125637054
9,2039.0010125637054
9,2039.0010125637054
9,2039.0010125637054
9,2039.0010125637054
9,2039.0010125637054
9,2039.0010125637054
9,2097.0010323524475
9,2097.0010323524475
9,2097.0010323524475
9,2097.0010323524475
9,2097.0010323524475
9,2097.0010323524475
9,2097.0010323524475
9,2097.0010323524475
9,2097.0010323524475
9,2127.0008850097656
9,2127.0008850097656
9,2127.0008850097656
9,2127.0008850097656
9,2127.0008850097656
9,2127.0008850097656
9,2127.0008850097656
9,2127.0008850097656
9,2127.0008850097656
9,2181.001031398773
9,2181.001031398773
9,2181.001031398773
9,2181.001031398773
9,2181.001031398773
9,2181.001031398773
9,2181.001031398773
9,2181.001031398773
9,2181.001031398773
9,2187.00092625618
9,2187.00092625618
9,2187.00092625618
9,2187.00092625618
9,2187.00092625618
9,2187.00092625618
9,2187.00092625618
9,2187.00092625618
9,2187.00092625618
9,2229.001241207123
9,2229.001241207123
9,2229.001241207123
9,2229.001241207123
9,2229.001241207123
9,2229.001241207123
9,2229.001241207123
9,2229.001241207123
9,2229.001241207123
9,2295.000930786133
9,2295.000930786133
9,2295.000930786133
9,2295.000930786133
9,2295.000930786133
9,2295.000930786133
9,2295.000930786133
9,2295.000930786133
9,2295.000930786133
9,2349.001178741455
9,2349.001178741455
9,2349.001178741455
9,2349.001178741455
9,2349.001178741455
9,2349.001178741455
9,2349.001178741455
9,2349.001178741455
9,2349.001178741455
9,2387.0012316703796
9,2387.0012316703796
9,2387.0012316703796
9,2387.0012316703796
9,2387.0012316703796
9,2387.0012316703796
9,2387.0012316703796
9,2387.0012316703796
9,2387.0012316703796
9,2425.000961780548
9,2425.000961780548
9,2425.000961780548
9,2425.000961780548
9,2425.000961780548
9,2425.000961780548
9,2425.000961780548
9,2425.000961780548
9,2425.000961780548
9,2447.001113653183
9,2447.001113653183
9,2447.001113653183
9,2447.001113653183
9,2447.001113653183
9,2447.001113653183
9,2447.001113653183
9,2447.001113653183
9,2447.001113653183
9,2505.001455783844
9,2505.001455783844
9,2505.001455783844
9,2505.001455783844
9,2505.001455783844
9,2505.001455783844
9,2505.001455783844
9,2505.001455783844
9,2505.001455783844
9,2527.000866651535
9,2527.000866651535
9,2527.000866651535
9,2527.000866651535
9,2527.000866651535
9,2527.000866651535
9,2527.000866651535
9,2527.000866651535
9,2527.000866651535
9,2565.0010201931
9,2565.0010201931
9,2565.0010201931
9,2565.0010201931
9,2565.0010201931
9,2565.0010201931
9,2565.0010201931
9,2565.0010201931
9,2565.0010201931
9,2639.00106048584
9,2639.00106048584
9,2639.00106048584
9,2639.00106048584
9,2639.00106048584
9,2639.00106048584
9,2639.00106048584
9,2639.00106048584
9,2639.00106048584
9,2685.000913619995
9,2685.000913619995
9,2685.000913619995
9,2685.000913619995
9,2685.000913619995
9,2685.000913619995
9,2685.000913619995
9,2685.000913619995
9,2685.000913619995
9,2703.000991821289
9,2703.000991821289
9,2703.000991821289
9,2703.000991821289
9,2703.000991821289
9,2703.000991821289
9,2703.000991821289
9,2703.000991821289
9,2703.000991821289
9,2757.0014991760254
9,2757.0014991760254
9,2757.0014991760254
9,2757.0014991760254
9,2757.0014991760254
9,2757.0014991760254
9,2757.0014991760254
9,2757.0014991760254
9,2757.0014991760254
9,2787.001012325287
9,2787.001012325287
9,2787.001012325287
9,2787.001012325287
9,2787.001012325287
9,2787.001012325287
9,2787.001012325287
9,2787.001012325287
9,2787.001012325287
9,2853.0014622211456
9,2853.0014622211456
9,2853.0014622211456
9,2853.0014622211456
9,2853.0014622211456
9,2853.0014622211456
9,2853.0014622211456
9,2853.0014622211456
9,2853.0014622211456
9,2875.0014657974243
9,2875.0014657974243
9,2875.0014657974243
9,2875.0014657974243
9,2875.0014657974243
9,2875.0014657974243
9,2875.0014657974243
9,2875.0014657974243
9,2875.0014657974243
9,2929.0012073516846
9,2929.0012073516846
9,2929.0012073516846
9,2929.0012073516846
9,2929.0012073516846
9,2929.0012073516846
9,2929.0012073516846
9,2929.0012073516846
9,2929.0012073516846
9,2963.0014119148254
9,2963.0014119148254
9,2963.0014119148254
9,2963.0014119148254
9,2963.0014119148254
9,2963.0014119148254
9,2963.0014119148254
9,2963.0014119148254
9,2963.0014119148254
9,3017.0009257793427
9,3017.0009257793427
9,3017.0009257793427
9,3017.0009257793427
9,3017.0009257793427
9,3017.0009257793427
9,3017.0009257793427
9,3017.0009257793427
9,3017.0009257793427
9,3027.0016062259674
9,3027.0016062259674
9,3027.0016062259674
9,3027.0016062259674
9,3027.0016062259674
9,3027.0016062259674
9,3027.0016062259674
9,3027.0016062259674
9,3027.0016062259674
9,3105.0014247894287
9,3105.0014247894287
9,3105.0014247894287
9,3105.0014247894287
9,3105.0014247894287
9,3105.0014247894287
9,3105.0014247894287
9,3105.0014247894287
9,3105.0014247894287
9,3119.0009655952454
9,3119.0009655952454
9,3119.0009655952454
9,3119.0009655952454
9,3119.0009655952454
9,3119.0009655952454
9,3119.0009655952454
9,3119.0009655952454
9,3119.0009655952454
9,3157.0009531974792
9,3157.0009531974792
9,3157.0009531974792
9,3157.0009531974792
9,3157.0009531974792
9,3157.0009531974792
9,3157.0009531974792
9,3157.0009531974792
9,3157.0009531974792
9,3227.0009319782257
9,3227.0009319782257
9,3227.0009319782257
9,3227.0009319782257
9,3227.0009319782257
9,3227.0009319782257
9,3227.0009319782257
9,3227.0009319782257
9,3227.0009319782257
9,3237.0011355876923
9,3237.0011355876923
9,3237.0011355876923
9,3237.0011355876923
9,3237.0011355876923
9,3237.0011355876923
9,3237.0011355876923
9,3237.0011355876923
9,3237.0011355876923
9,3307.001456975937
9,3307.001456975937
9,3307.001456975937
9,3307.001456975937
9,3307.001456975937
9,3307.001456975937
9,3307.001456975937
9,3307.001456975937
9,3307.001456975937
9,3321.001212120056
9,3321.001212120056
9,3321.001212120056
9,3321.001212120056
9,3321.001212120056
9,3321.001212120056
9,3321.001212120056
9,3321.001212120056
9,3321.001212120056
9,3391.0011236667633
9,3391.0011236667633
9,3391.0011236667633
9,3391.0011236667633
9,3391.0011236667633
9,3391.0011236667633
9,3391.0011236667633
9,3391.0011236667633
9,3391.0011236667633
9,3409.0008461475372
9,3409.0008461475372
9,3409.0008461475372
9,3409.0008461475372
9,3409.0008461475372
9,3409.0008461475372
9,3409.0008461475372
9,3409.0008461475372
9,3409.0008461475372
9,3471.000941514969
9,3471.000941514969
9,3471.000941514969
9,3471.000941514969
9,3471.000941514969
9,3471.000941514969
9,3471.000941514969
9,3471.000941514969
9,3471.000941514969
9,3489.0015087127686
9,3489.0015087127686
9,3489.0015087127686
9,3489.0015087127686
9,3489.0015087127686
9,3489.0015087127686
9,3489.0015087127686
9,3489.0015087127686
9,3489.0015087127686
9,3543.000944852829
9,3543.000944852829
9,3543.000944852829
9,3543.000944852829
9,3543.000944852829
9,3543.000944852829
9,3543.000944852829
9,3543.000944852829
9,3543.000944852829
9,3577.0014023780823
9,3577.0014023780823
9,3577.0014023780823
9,3577.0014023780823
9,3577.0014023780823
9,3577.0014023780823
9,3577.0014023780823
9,3577.0014023780823
9,3577.0014023780823
9,3647.000964164734
9,3647.000964164734
9,3647.000964164734
9,3647.000964164734
9,3647.000964164734
9,3647.000964164734
9,3647.000964164734
9,3647.000964164734
9,3647.000964164734
9,3673.001487970352
9,3673.001487970352
9,3673.001487970352
9,3673.001487970352
9,3673.001487970352
9,3673.001487970352
9,3673.001487970352
9,3673.001487970352
9,3673.001487970352
9,3719.0011994838715
9,3719.0011994838715
9,3719.0011994838715
9,3719.0011994838715
9,3719.0011994838715
9,3719.0011994838715
9,3719.0011994838715
9,3719.0011994838715
9,3719.0011994838715
9,3745.000915288925
9,3745.000915288925
9,3745.000915288925
9,3745.000915288925
9,3745.000915288925
9,3745.000915288925
9,3745.000915288925
9,3745.000915288925
9,3745.000915288925
9,3783.0010883808136
9,3783.0010883808136
9,3783.0010883808136
9,3783.0010883808136
9,3783.0010883808136
9,3783.0010883808136
9,3783.0010883808136
9,3783.0010883808136
9,3783.0010883808136
9,3853.0012028217316
9,3853.0012028217316
9,3853.0012028217316
9,3853.0012028217316
9,3853.0012028217316
9,3853.0012028217316
9,3853.0012028217316
9,3853.0012028217316
9,3853.0012028217316
9,3871.0013847351074
9,3871.0013847351074
9,3871.0013847351074
9,3871.0013847351074
9,3871.0013847351074
9,3871.0013847351074
9,3871.0013847351074
9,3871.0013847351074
9,3871.0013847351074
9,3941.0014951229095
9,3941.0014951229095
9,3941.0014951229095
9,3941.0014951229095
9,3941.0014951229095
9,3941.0014951229095
9,3941.0014951229095
9,3941.0014951229095
9,3941.0014951229095
9,3971.0009338855743
9,3971.0009338855743
9,3971.0009338855743
9,3971.0009338855743
9,3971.0009338855743
9,3971.0009338855743
9,3971.0009338855743
9,3971.0009338855743
9,3971.0009338855743
9,3997.0008754730225
9,3997.0008754730225
9,3997.0008754730225
9,3997.0008754730225
9,3997.0008754730225
9,3997.0008754730225
9,3997.0008754730225
9,3997.0008754730225
9,3997.0008754730225
9,4047.001293182373
9,4047.001293182373
9,4047.001293182373
9,4047.001293182373
9,4047.001293182373
9,4047.001293182373
9,4047.001293182373
9,4047.001293182373
9,4047.001293182373
9,4085.0009722709656
9,4085.0009722709656
9,4085.0009722709656
9,4085.0009722709656
9,4085.0009722709656
9,4085.0009722709656
9,4085.0009722709656
9,4085.0009722709656
9,4085.0009722709656
9,4155.000855207443
9,4155.000855207443
9,4155.000855207443
9,4155.000855207443
9,4155.000855207443
9,4155.000855207443
9,4155.000855207443
9,4155.000855207443
9,4155.000855207443
9,4189.001021146774
9,4189.001021146774
9,4189.001021146774
9,4189.001021146774
9,4189.001021146774
9,4189.001021146774
9,4189.001021146774
9,4189.001021146774
9,4189.001021146774
9,4239.001203298569
9,4239.001203298569
9,4239.001203298569
9,4239.001203298569
9,4239.001203298569
9,4239.001203298569
9,4239.001203298569
9,4239.001203298569
9,4239.001203298569
9,4249.000995397568
9,4249.000995397568
9,4249.000995397568
9,4249.000995397568
9,4249.000995397568
9,4249.000995397568
9,4249.000995397568
9,4249.000995397568
9,4249.000995397568
9,4319.001312494278
9,4319.001312494278
9,4319.001312494278
9,4319.001312494278
9,4319.001312494278
9,4319.001312494278
9,4319.001312494278
9,4319.001312494278
9,4319.001312494278
9,4337.0008862018585
9,4337.0008862018585
9,4337.0008862018585
9,4337.0008862018585
9,4337.0008862018585
9,4337.0008862018585
9,4337.0008862018585
9,4337.0008862018585
9,4337.0008862018585
9,4383.001281738281
9,4383.001281738281
9,4383.001281738281
9,4383.001281738281
9,4383.001281738281
9,4383.001281738281
9,4383.001281738281
9,4383.001281738281
9,4383.001281738281
9,4441.001379489899
9,4441.001379489899
9,4441.001379489899
9,4441.001379489899
9,4441.001379489899
9,4441.001379489899
9,4441.001379489899
9,4441.001379489899
9,4441.001379489899
9,4483.001186609268
9,4483.001186609268
9,4483.001186609268
9,4483.001186609268
9,4483.001186609268
9,4483.001186609268
9,4483.001186609268
9,4483.001186609268
9,4483.001186609268
9,4501.001190423965
9,4501.001190423965
9,4501.001190423965
9,4501.001190423965
9,4501.001190423965
9,4501.001190423965
9,4501.001190423965
9,4501.001190423965
9,4501.001190423965
9,4539.001230478287
9,4539.001230478287
9,4539.001230478287
9,4539.001230478287
9,4539.001230478287
9,4539.001230478287
9,4539.001230478287
9,4539.001230478287
9,4539.001230478287
9,4613.001211643219
9,4613.001211643219
9,4613.001211643219
9,4613.001211643219
9,4613.001211643219
9,4613.001211643219
9,4613.001211643219
9,4613.001211643219
9,4613.001211643219
9,4647.001343488693
9,4647.001343488693
9,4647.001343488693
9,4647.001343488693
9,4647.001343488693
9,4647.001343488693
9,4647.001343488693
9,4647.001343488693
9,4647.001343488693
9,4677.00124168396
9,4677.00124168396
9,4677.00124168396
9,4677.00124168396
9,4677.00124168396
9,4677.00124168396
9,4677.00124168396
9,4677.00124168396
9,4677.00124168396
9,4739.000984430313
9,4739.000984430313
9,4739.000984430313
9,4739.000984430313
9,4739.000984430313
9,4739.000984430313
9,4739.000984430313
9,4739.000984430313
9,4739.000984430313
9,4773.001337766647
9,4773.001337766647
9,4773.001337766647
9,4773.001337766647
9,4773.001337766647
9,4773.001337766647
9,4773.001337766647
9,4773.001337766647
9,4773.001337766647
9,4807.001392364502
9,4807.001392364502
9,4807.001392364502
9,4807.001392364502
9,4807.001392364502
9,4807.001392364502
9,4807.001392364502
9,4807.001392364502
9,4807.001392364502
9,4837.000930309296
9,4837.000930309296
9,4837.000930309296
9,4837.000930309296
9,4837.000930309296
9,4837.000930309296
9,4837.000930309296
9,4837.000930309296
9,4837.000930309296
9,4911.001440525055
9,4911.001440525055
9,4911.001440525055
9,4911.001440525055
9,4911.001440525055
9,4911.001440525055
9,4911.001440525055
9,4911.001440525055
9,4911.001440525055
9,4941.000993728638
9,4941.000993728638
9,4941.000993728638
9,4941.000993728638
9,4941.000993728638
9,4941.000993728638
9,4941.000993728638
9,4941.000993728638
9,4941.000993728638
9,4967.001113176346
9,4967.001113176346
9,4967.001113176346
9,4967.001113176346
9,4967.001113176346
9,4967.001113176346
9,4967.001113176346
9,4967.001113176346
9,4967.001113176346
9,5017.000891685486
9,5017.000891685486
9,5017.000891685486
9,5017.000891685486
9,5017.000891685486
9,5017.000891685486
9,5017.000891685486
9,5017.000891685486
9,5017.000891685486
9,5047.001253128052
9,5047.001253128052
9,5047.001253128052
9,5047.001253128052
9,5047.001253128052
9,5047.001253128052
9,5047.001253128052
9,5047.001253128052
9,5047.001253128052
9,5117.001800537109
9,5117.001800537109
9,5117.001800537109
9,5117.001800537109
9,5117.001800537109
9,5117.001800537109
9,5117.001800537109
9,5117.001800537109
9,5117.001800537109
9,5159.001121520996
9,5159.001121520996
9,5159.001121520996
9,5159.001121520996
9,5159.001121520996
9,5159.001121520996
9,5159.001121520996
9,5159.001121520996
9,5159.001121520996
9,5201.0008893013
9,5201.0008893013
9,5201.0008893013
9,5201.0008893013
9,5201.0008893013
9,5201.0008893013
9,5201.0008893013
9,5201.0008893013
9,5201.0008893013
9,5243.00098657608
9,5243.00098657608
9,5243.00098657608
9,5243.00098657608
9,5243.00098657608
9,5243.00098657608
9,5243.00098657608
9,5243.00098657608
9,5243.00098657608
9,5265.001370191574
9,5265.001370191574
9,5265.001370191574
9,5265.001370191574
9,5265.001370191574
9,5265.001370191574
9,5265.001370191574
9,5265.001370191574
9,5265.001370191574
9,5311.001824855804
9,5311.001824855804
9,5311.001824855804
9,5311.001824855804
9,5311.001824855804
9,5311.001824855804
9,5311.001824855804
9,5311.001824855804
9,5311.001824855804
9,5337.001178264618
9,5337.001178264618
9,5337.001178264618
9,5337.001178264618
9,5337.001178264618
9,5337.001178264618
9,5337.001178264618
9,5337.001178264618
9,5337.001178264618
9,5399.001224517822
9,5399.001224517822
9,5399.001224517822
9,5399.001224517822
9,5399.001224517822
9,5399.001224517822
9,5399.001224517822
9,5399.001224517822
9,5399.001224517822
9,5421.001083850861
9,5421.001083850861
9,5421.001083850861
9,5421.001083850861
9,5421.001083850861
9,5421.001083850861
9,5421.001083850861
9,5421.001083850861
9,5421.001083850861
9,5463.000825166702
9,5463.000825166702
9,5463.000825166702
9,5463.000825166702
9,5463.000825166702
9,5463.000825166702
9,5463.000825166702
9,5463.000825166702
9,5463.000825166702
9,5541.0014815330505
9,5541.0014815330505
9,5541.0014815330505
9,5541.0014815330505
9,5541.0014815330505
9,5541.0014815330505
9,5541.0014815330505
9,5541.0014815330505
9,5541.0014815330505
9,5579.001235961914
9,5579.001235961914
9,5579.001235961914
9,5579.001235961914
9,5579.001235961914
9,5579.001235961914
9,5579.001235961914
9,5579.001235961914
9,5579.001235961914
9,5613.001606702805
9,5613.001606702805
9,5613.001606702805
9,5613.001606702805
9,5613.001606702805
9,5613.001606702805
9,5613.001606702805
9,5613.001606702805
9,5613.001606702805
9,5659.001931667328
9,5659.001931667328
9,5659.001931667328
9,5659.001931667328
9,5659.001931667328
9,5659.001931667328
9,5659.001931667328
9,5659.001931667328
9,5659.001931667328
9,5709.001038789749
9,5709.001038789749
9,5709.001038789749
9,5709.001038789749
9,5709.001038789749
9,5709.001038789749
9,5709.001038789749
9,5709.001038789749
9,5709.001038789749
9,5743.000888347626
9,5743.000888347626
9,5743.000888347626
9,5743.000888347626
9,5743.000888347626
9,5743.000888347626
9,5743.000888347626
9,5743.000888347626
9,5743.000888347626
9,5777.00128364563
9,5777.00128364563
9,5777.00128364563
9,5777.00128364563
9,5777.00128364563
9,5777.00128364563
9,5777.00128364563
9,5777.00128364563
9,5777.00128364563
9,5823.001266241074
9,5823.001266241074
9,5823.001266241074
9,5823.001266241074
9,5823.001266241074
9,5823.001266241074
9,5823.001266241074
9,5823.001266241074
9,5823.001266241074
9,5877.001239299774
9,5877.001239299774
9,5877.001239299774
9,5877.001239299774
9,5877.001239299774
9,5877.001239299774
9,5877.001239299774
9,5877.001239299774
9,5877.001239299774
9,5895.001268148422
9,5895.001268148422
9,5895.001268148422
9,5895.001268148422
9,5895.001268148422
9,5895.001268148422
9,5895.001268148422
9,5895.001268148422
9,5895.001268148422
9,5957.001140594482
9,5957.001140594482
9,5957.001140594482
9,5957.001140594482
9,5957.001140594482
9,5957.001140594482
9,5957.001140594482
9,5957.001140594482
9,5957.001140594482
9,5975.001233100891
9,5975.001233100891
9,5975.001233100891
9,5975.001233100891
9,5975.001233100891
9,5975.001233100891
9,5975.001233100891
9,5975.001233100891
9,5975.001233100891
9,6021.001203536987
9,6021.001203536987
9,6021.001203536987
9,6021.001203536987
9,6021.001203536987
9,6021.001203536987
9,6021.001203536987
9,6021.001203536987
9,6021.001203536987
9,6083.001286506653
9,6083.001286506653
9,6083.001286506653
9,6083.001286506653
9,6083.001286506653
9,6083.001286506653
9,6083.001286506653
9,6083.001286506653
9,6083.001286506653
9,6101.001031160355
9,6101.001031160355
9,6101.001031160355
9,6101.001031160355
9,6101.001031160355
9,6101.001031160355
9,6101.001031160355
9,6101.001031160355
9,6101.001031160355
9,6159.000951528549
9,6159.000951528549
9,6159.000951528549
9,6159.000951528549
9,6159.000951528549
9,6159.000951528549
9,6159.000951528549
9,6159.000951528549
9,6159.000951528549
9,6201.0011830329895
9,6201.0011830329895
9,6201.0011830329895
9,6201.0011830329895
9,6201.0011830329895
9,6201.0011830329895
9,6201.0011830329895
9,6201.0011830329895
9,6201.0011830329895
9,6223.000916719437
9,6223.000916719437
9,6223.000916719437
9,6223.000916719437
9,6223.000916719437
9,6223.000916719437
9,6223.000916719437
9,6223.000916719437
9,6223.000916719437
9,6269.0012810230255
9,6269.0012810230255
9,6269.0012810230255
9,6269.0012810230255
9,6269.0012810230255
9,6269.0012810230255
9,6269.0012810230255
9,6269.0012810230255
9,6269.0012810230255
9,6323.000860929489
9,6323.000860929489
9,6323.000860929489
9,6323.000860929489
9,6323.000860929489
9,6323.000860929489
9,6323.000860929489
9,6323.000860929489
9,6323.000860929489
9,6353.00101351738
9,6353.00101351738
9,6353.00101351738
9,6353.00101351738
9,6353.00101351738
9,6353.00101351738
9,6353.00101351738
9,6353.00101351738
9,6353.00101351738
9,6403.001172542572
9,6403.001172542572
9,6403.001172542572
9,6403.001172542572
9,6403.001172542572
9,6403.001172542572
9,6403.001172542572
9,6403.001172542572
9,6403.001172542572
9,6437.000914096832
9,6437.000914096832
9,6437.000914096832
9,6437.000914096832
9,6437.000914096832
9,6437.000914096832
9,6437.000914096832
9,6437.000914096832
9,6437.000914096832
9,6499.001307487488
9,6499.001307487488
9,6499.001307487488
9,6499.001307487488
9,6499.001307487488
9,6499.001307487488
9,6499.001307487488
9,6499.001307487488
9,6499.001307487488
9,6541.001384496689
9,6541.001384496689
9,6541.001384496689
9,6541.001384496689
9,6541.001384496689
9,6541.001384496689
9,6541.001384496689
9,6541.001384496689
9,6541.001384496689
9,6579.001043081284
9,6579.001043081284
9,6579.001043081284
9,6579.001043081284
9,6579.001043081284
9,6579.001043081284
9,6579.001043081284
9,6579.001043081284
9,6579.001043081284
9,6629.001626968384
9,6629.001626968384
9,6629.001626968384
9,6629.001626968384
9,6629.001626968384
9,6629.001626968384
9,6629.001626968384
9,6629.001626968384
9,6629.001626968384
9,6663.001717567444
9,6663.001717567444
9,6663.001717567444
9,6663.001717567444
9,6663.001717567444
9,6663.001717567444
9,6663.001717567444
9,6663.001717567444
9,6663.001717567444
9,6717.000855445862
9,6717.000855445862
9,6717.000855445862
9,6717.000855445862
9,6717.000855445862
9,6717.000855445862
9,6717.000855445862
9,6717.000855445862
9,6717.000855445862
9,6727.001194238663
9,6727.001194238663
9,6727.001194238663
9,6727.001194238663
9,6727.001194238663
9,6727.001194238663
9,6727.001194238663
9,6727.001194238663
9,6727.001194238663
9,6797.001301050186
9,6797.001301050186
9,6797.001301050186
9,6797.001301050186
9,6797.001301050186
9,6797.001301050186
9,6797.001301050186
9,6797.001301050186
9,6797.001301050186
9,6827.00142288208
9,6827.00142288208
9,6827.00142288208
9,6827.00142288208
9,6827.00142288208
9,6827.00142288208
9,6827.00142288208
9,6827.00142288208
9,6827.00142288208
9,6885.001184225082
9,6885.001184225082
9,6885.001184225082
9,6885.001184225082
9,6885.001184225082
9,6885.001184225082
9,6885.001184225082
9,6885.001184225082
9,6885.001184225082
9,6907.0011665821075
9,6907.0011665821075
9,6907.0011665821075
9,6907.0011665821075
9,6907.0011665821075
9,6907.0011665821075
9,6907.0011665821075
9,6907.0011665821075
9,6907.0011665821075
9,6961.001192569733
9,6961.001192569733
9,6961.001192569733
9,6961.001192569733
9,6961.001192569733
9,6961.001192569733
9,6961.001192569733
9,6961.001192569733
9,6961.001192569733
9,7011.001721382141
9,7011.001721382141
9,7011.001721382141
9,7011.001721382141
9,7011.001721382141
9,7011.001721382141
9,7011.001721382141
9,7011.001721382141
9,7011.001721382141
9,7033.001860141754
9,7033.001860141754
9,7033.001860141754
9,7033.001860141754
9,7033.001860141754
9,7033.001860141754
9,7033.001860141754
9,7033.001860141754
9,7033.001860141754
9,7059.001063585281
9,7059.001063585281
9,7059.001063585281
9,7059.001063585281
9,7059.001063585281
9,7059.001063585281
9,7059.001063585281
9,7059.001063585281
9,7059.001063585281
9,7113.001113653183
9,7113.001113653183
9,7113.001113653183
9,7113.001113653183
9,7113.001113653183
9,7113.001113653183
9,7113.001113653183
9,7113.001113653183
9,7113.001113653183
9,7167.000840187073
9,7167.000840187073
9,7167.000840187073
9,7167.000840187073
9,7167.000840187073
9,7167.000840187073
9,7167.000840187073
9,7167.000840187073
9,7167.000840187073
9,7221.000857114792
9,7221.000857114792
9,7221.000857114792
9,7221.000857114792
9,7221.000857114792
9,7221.000857114792
9,7221.000857114792
9,7221.000857114792
9,7221.000857114792
9,7235.000887155533
9,7235.000887155533
9,7235.000887155533
9,7235.000887155533
9,7235.000887155533
9,7235.000887155533
9,7235.000887155533
9,7235.000887155533
9,7235.000887155533
9,7289.001168251038
9,7289.001168251038
9,7289.001168251038
9,7289.001168251038
9,7289.001168251038
9,7289.001168251038
9,7289.001168251038
9,7289.001168251038
9,7289.001168251038
9,7315.000954151154
9,7315.000954151154
9,7315.000954151154
9,7315.000954151154
9,7315.000954151154
9,7315.000954151154
9,7315.000954151154
9,7315.000954151154
9,7315.000954151154
9,7389.001337528229
9,7389.001337528229
9,7389.001337528229
9,7389.001337528229
9,7389.001337528229
9,7389.001337528229
9,7389.001337528229
9,7389.001337528229
9,7389.001337528229
9,7407.00093793869
9,7407.00093793869
9,7407.00093793869
9,7407.00093793869
9,7407.00093793869
9,7407.00093793869
9,7407.00093793869
9,7407.00093793869
9,7407.00093793869
9,7473.001190900803
9,7473.001190900803
9,7473.001190900803
9,7473.001190900803
9,7473.001190900803
9,7473.001190900803
9,7473.001190900803
9,7473.001190900803
9,7473.001190900803
9,7495.00097823143
9,7495.00097823143
9,7495.00097823143
9,7495.00097823143
9,7495.00097823143
9,7495.00097823143
9,7495.00097823143
9,7495.00097823143
9,7495.00097823143
9,7533.001385211945
9,7533.001385211945
9,7533.001385211945
9,7533.001385211945
9,7533.001385211945
9,7533.001385211945
9,7533.001385211945
9,7533.001385211945
9,7533.001385211945
9,7575.0009508132935
9,7575.0009508132935
9,7575.0009508132935
9,7575.0009508132935
9,7575.0009508132935
9,7575.0009508132935
9,7575.0009508132935
9,7575.0009508132935
9,7575.0009508132935
9,7617.001088857651
9,7617.001088857651
9,7617.001088857651
9,7617.001088857651
9,7617.001088857651
9,7617.001088857651
9,7617.001088857651
9,7617.001088857651
9,7617.001088857651
9,7679.001576185226
9,7679.001576185226
9,7679.001576185226
9,7679.001576185226
9,7679.001576185226
9,7679.001576185226
9,7679.001576185226
9,7679.001576185226
9,7679.001576185226
9,7713.001053094864
9,7713.001053094864
9,7713.001053094864
9,7713.001053094864
9,7713.001053094864
9,7713.001053094864
9,7713.001053094864
9,7713.001053094864
9,7713.001053094864
9,7739.001067876816
9,7739.001067876816
9,7739.001067876816
9,7739.001067876816
9,7739.001067876816
9,7739.001067876816
9,7739.001067876816
9,7739.001067876816
9,7739.001067876816
9,7809.001568555832
9,7809.001568555832
9,7809.001568555832
9,7809.001568555832
9,7809.001568555832
9,7809.001568555832
9,7809.001568555832
9,7809.001568555832
9,7809.001568555832
9,7835.0012114048
9,7835.0012114048
9,7835.0012114048
9,7835.0012114048
9,7835.0012114048
9,7835.0012114048
9,7835.0012114048
9,7835.0012114048
9,7835.0012114048
9,7893.001040220261
9,7893.001040220261
9,7893.001040220261
9,7893.001040220261
9,7893.001040220261
9,7893.001040220261
9,7893.001040220261
9,7893.001040220261
9,7893.001040220261
9,7903.001031637192
9,7903.001031637192
9,7903.001031637192
9,7903.001031637192
9,7903.001031637192
9,7903.001031637192
9,7903.001031637192
9,7903.001031637192
9,7903.001031637192
9,7941.000806093216
9,7941.000806093216
9,7941.000806093216
9,7941.000806093216
9,7941.000806093216
9,7941.000806093216
9,7941.000806093216
9,7941.000806093216
9,7941.000806093216
9,8011.001374959946
9,8011.001374959946
9,8011.001374959946
9,8011.001374959946
9,8011.001374959946
9,8011.001374959946
9,8011.001374959946
9,8011.001374959946
9,8011.001374959946
9,8025.000823497772
9,8025.000823497772
9,8025.000823497772
9,8025.000823497772
9,8025.000823497772
9,8025.000823497772
9,8025.000823497772
9,8025.000823497772
9,8025.000823497772
9,8099.000905990601
9,8099.000905990601
9,8099.000905990601
9,8099.000905990601
9,8099.000905990601
9,8099.000905990601
9,8099.000905990601
9,8099.000905990601
9,8099.000905990601
9,8121.001116514206
9,8121.001116514206
9,8121.001116514206
9,8121.001116514206
9,8121.001116514206
9,8121.001116514206
9,8121.001116514206
9,8121.001116514206
9,8121.001116514206
9,8183.000897884369
9,8183.000897884369
9,8183.000897884369
9,8183.000897884369
9,8183.000897884369
9,8183.000897884369
9,8183.000897884369
9,8183.000897884369
9,8183.000897884369
9,8217.002033472061
9,8217.002033472061
9,8217.002033472061
9,8217.002033472061
9,8217.002033472061
9,8217.002033472061
9,8217.002033472061
9,8217.002033472061
9,8217.002033472061
9,8267.000936746597
9,8267.000936746597
9,8267.000936746597
9,8267.000936746597
9,8267.000936746597
9,8267.000936746597
9,8267.000936746597
9,8267.000936746597
9,8267.000936746597
9,8281.001694440842
9,8281.001694440842
9,8281.001694440842
9,8281.001694440842
9,8281.001694440842
9,8281.001694440842
9,8281.001694440842
9,8281.001694440842
9,8281.001694440842
9,8351.000894546509
9,8351.000894546509
9,8351.000894546509
9,8351.000894546509
9,8351.000894546509
9,8351.000894546509
9,8351.000894546509
9,8351.000894546509
9,8351.000894546509
9,8385.000901699066
9,8385.000901699066
9,8385.000901699066
9,8385.000901699066
9,8385.000901699066
9,8385.000901699066
9,8385.000901699066
9,8385.000901699066
9,8385.000901699066
9,8439.001298904419
9,8439.001298904419
9,8439.001298904419
9,8439.001298904419
9,8439.001298904419
9,8439.001298904419
9,8439.001298904419
9,8439.001298904419
9,8439.001298904419
9,8469.001103878021
9,8469.001103878021
9,8469.001103878021
9,8469.001103878021
9,8469.001103878021
9,8469.001103878021
9,8469.001103878021
9,8469.001103878021
9,8469.001103878021
9,8519.001348733902
9,8519.001348733902
9,8519.001348733902
9,8519.001348733902
9,8519.001348733902
9,8519.001348733902
9,8519.001348733902
9,8519.001348733902
9,8519.001348733902
9,8557.00084900856
9,8557.00084900856
9,8557.00084900856
9,8557.00084900856
9,8557.00084900856
9,8557.00084900856
9,8557.00084900856
9,8557.00084900856
9,8557.00084900856
9,8587.00100326538
9,8587.00100326538
9,8587.00100326538
9,8587.00100326538
9,8587.00100326538
9,8587.00100326538
9,8587.00100326538
9,8587.00100326538
9,8587.00100326538
9,8617.001096248627
9,8617.001096248627
9,8617.001096248627
9,8617.001096248627
9,8617.001096248627
9,8617.001096248627
9,8617.001096248627
9,8617.001096248627
9,8617.001096248627
9,8683.00089764595
9,8683.00089764595
9,8683.00089764595
9,8683.00089764595
9,8683.00089764595
9,8683.00089764595
9,8683.00089764595
9,8683.00089764595
9,8683.00089764595
9,8729.001182317734
9,8729.001182317734
9,8729.001182317734
9,8729.001182317734
9,8729.001182317734
9,8729.001182317734
9,8729.001182317734
9,8729.001182317734
9,8729.001182317734
9,8747.001272201538
9,8747.001272201538
9,8747.001272201538
9,8747.001272201538
9,8747.001272201538
9,8747.001272201538
9,8747.001272201538
9,8747.001272201538
9,8747.001272201538
9,8801.001162290573
9,8801.001162290573
9,8801.001162290573
9,8801.001162290573
9,8801.001162290573
9,8801.001162290573
9,8801.001162290573
9,8801.001162290573
9,8801.001162290573
9,8847.001038312912
9,8847.001038312912
9,8847.001038312912
9,8847.001038312912
9,8847.001038312912
9,8847.001038312912
9,8847.001038312912
9,8847.001038312912
9,8847.001038312912
9,8885.001064777374
9,8885.001064777374
9,8885.001064777374
9,8885.001064777374
9,8885.001064777374
9,8885.001064777374
9,8885.001064777374
9,8885.001064777374
9,8885.001064777374
9,8907.001240491867
9,8907.001240491867
9,8907.001240491867
9,8907.001240491867
9,8907.001240491867
9,8907.001240491867
9,8907.001240491867
9,8907.001240491867
9,8907.001240491867
9,8949.000820875168
9,8949.000820875168
9,8949.000820875168
9,8949.000820875168
9,8949.000820875168
9,8949.000820875168
9,8949.000820875168
9,8949.000820875168
9,8949.000820875168
9,9027.001235961914
9,9027.001235961914
9,9027.001235961914
9,9027.001235961914
9,9027.001235961914
9,9027.001235961914
9,9027.001235961914
9,9027.001235961914
9,9027.001235961914
9,9041.000924110413
9,9041.000924110413
9,9041.000924110413
9,9041.000924110413
9,9041.000924110413
9,9041.000924110413
9,9041.000924110413
9,9041.000924110413
9,9041.000924110413
9,9107.001629829407
9,9107.001629829407
9,9107.001629829407
9,9107.001629829407
9,9107.001629829407
9,9107.001629829407
9,9107.001629829407
9,9107.001629829407
9,9107.001629829407
9,9137.001049995422
9,9137.001049995422
9,9137.001049995422
9,9137.001049995422
9,9137.001049995422
9,9137.001049995422
9,9137.001049995422
9,9137.001049995422
9,9137.001049995422
9,9159.000834226608
9,9159.000834226608
9,9159.000834226608
9,9159.000834226608
9,9159.000834226608
9,9159.000834226608
9,9159.000834226608
9,9159.000834226608
9,9159.000834226608
9,9233.001079082489
9,9233.001079082489
9,9233.001079082489
9,9233.001079082489
9,9233.001079082489
9,9233.001079082489
9,9233.001079082489
9,9233.001079082489
9,9233.001079082489
9,9271.001349449158
9,9271.001349449158
9,9271.001349449158
9,9271.001349449158
9,9271.001349449158
9,9271.001349449158
9,9271.001349449158
9,9271.001349449158
9,9271.001349449158
9,9285.001099586487
9,9285.001099586487
9,9285.001099586487
9,9285.001099586487
9,9285.001099586487
9,9285.001099586487
9,9285.001099586487
9,9285.001099586487
9,9285.001099586487
9,9359.00131726265
9,9359.00131726265
9,9359.00131726265
9,9359.00131726265
9,9359.00131726265
9,9359.00131726265
9,9359.00131726265
9,9359.00131726265
9,9359.00131726265
9,9393.001294136047
9,9393.001294136047
9,9393.001294136047
9,9393.001294136047
9,9393.001294136047
9,9393.001294136047
9,9393.001294136047
9,9393.001294136047
9,9393.001294136047
9,9415.001923561096
9,9415.001923561096
9,9415.001923561096
9,9415.001923561096
9,9415.001923561096
9,9415.001923561096
9,9415.001923561096
9,9415.001923561096
9,9415.001923561096
9,9473.001329421997
9,9473.001329421997
9,9473.001329421997
9,9473.001329421997
9,9473.001329421997
9,9473.001329421997
9,9473.001329421997
9,9473.001329421997
9,9473.001329421997
9,9515.001185178757
9,9515.001185178757
9,9515.001185178757
9,9515.001185178757
9,9515.001185178757
9,9515.001185178757
9,9515.001185178757
9,9515.001185178757
9,9515.001185178757
9,9553.000895261765
9,9553.000895261765
9,9553.000895261765
9,9553.000895261765
9,9553.000895261765
9,9553.000895261765
9,9553.000895261765
9,9553.000895261765
9,9553.000895261765
9,9615.001831054688
9,9615.001831054688
9,9615.001831054688
9,9615.001831054688
9,9615.001831054688
9,9615.001831054688
9,9615.001831054688
9,9615.001831054688
9,9615.001831054688
9,9653.000757932663
9,9653.000757932663
9,9653.000757932663
9,9653.000757932663
9,9653.000757932663
9,9653.000757932663
9,9653.000757932663
9,9653.000757932663
9,9653.000757932663
9,9683.001183271408
9,9683.001183271408
9,9683.001183271408
9,9683.001183271408
9,9683.001183271408
9,9683.001183271408
9,9683.001183271408
9,9683.001183271408
9,9683.001183271408
9,9741.000963687897
9,9741.000963687897
9,9741.000963687897
9,9741.000963687897
9,9741.000963687897
9,9741.000963687897
9,9741.000963687897
9,9741.000963687897
9,9741.000963687897
9,9755.001646518707
9,9755.001646518707
9,9755.001646518707
9,9755.001646518707
9,9755.001646518707
9,9755.001646518707
9,9755.001646518707
9,9755.001646518707
9,9755.001646518707
9,9809.001276731491
9,9809.001276731491
9,9809.001276731491
9,9809.001276731491
9,9809.001276731491
9,9809.001276731491
9,9809.001276731491
9,9809.001276731491
9,9809.001276731491
9,9859.001899957657
9,9859.001899957657
9,9859.001899957657
9,9859.001899957657
9,9859.001899957657
9,9859.001899957657
9,9859.001899957657
9,9859.001899957657
9,9859.001899957657
9,9905.001019954681
9,9905.001019954681
9,9905.001019954681
9,9905.001019954681
9,9905.001019954681
9,9905.001019954681
9,9905.001019954681
9,9905.001019954681
9,9905.001019954681
9,9943.000989437103
9,9943.000989437103
9,9943.000989437103
9,9943.000989437103
9,9943.000989437103
9,9943.000989437103
9,9943.000989437103
9,9943.000989437103
9,9943.000989437103
9,9985.001099348068
9,9985.001099348068
9,9985.001099348068
9,9985.001099348068
9,9985.001099348068
9,9985.001099348068
9,9985.001099348068
9,9985.001099348068
9,9985.001099348068
9,10015.001418352127
9,10015.001418352127
9,10015.001418352127
9,10015.001418352127
9,10015.001418352127
9,10015.001418352127
9,10015.001418352127
9,10015.001418352127
9,10015.001418352127
9,10045.001172065735
9,10045.001172065735
9,10045.001172065735
9,10045.001172065735
9,10045.001172065735
9,10045.001172065735
9,10045.001172065735
9,10045.001172065735
9,10045.001172065735
9,10107.00100517273
9,10107.00100517273
9,10107.00100517273
9,10107.00100517273
9,10107.00100517273
9,10107.00100517273
9,10107.00100517273
9,10107.00100517273
9,10107.00100517273
9,10161.001256465912
9,10161.001256465912
9,10161.001256465912
9,10161.001256465912
9,10161.001256465912
9,10161.001256465912
9,10161.001256465912
9,10161.001256465912
9,10161.001256465912
9,10199.001480817795
9,10199.001480817795
9,10199.001480817795
9,10199.001480817795
9,10199.001480817795
9,10199.001480817795
9,10199.001480817795
9,10199.001480817795
9,10199.001480817795
9,10213.001452445984
9,10213.001452445984
9,10213.001452445984
9,10213.001452445984
9,10213.001452445984
9,10213.001452445984
9,10213.001452445984
9,10213.001452445984
9,10213.001452445984
9,10271.001391649246
9,10271.001391649246
9,10271.001391649246
9,10271.001391649246
9,10271.001391649246
9,10271.001391649246
9,10271.001391649246
9,10271.001391649246
9,10271.001391649246
9,10301.001116275787
9,10301.001116275787
9,10301.001116275787
9,10301.001116275787
9,10301.001116275787
9,10301.001116275787
9,10301.001116275787
9,10301.001116275787
9,10301.001116275787
9,10343.000935554504
9,10343.000935554504
9,10343.000935554504
9,10343.000935554504
9,10343.000935554504
9,10343.000935554504
9,10343.000935554504
9,10343.000935554504
9,10343.000935554504
9,10397.001403570175
9,10397.001403570175
9,10397.001403570175
9,10397.001403570175
9,10397.001403570175
9,10397.001403570175
9,10397.001403570175
9,10397.001403570175
9,10397.001403570175
9,10451.001155614853
9,10451.001155614853
9,10451.001155614853
9,10451.001155614853
9,10451.001155614853
9,10451.001155614853
9,10451.001155614853
9,10451.001155614853
9,10451.001155614853
9,10473.001060009003
9,10473.001060009003
9,10473.001060009003
9,10473.001060009003
9,10473.001060009003
9,10473.001060009003
9,10473.001060009003
9,10473.001060009003
9,10473.001060009003
9,10535.00093460083
9,10535.00093460083
9,10535.00093460083
9,10535.00093460083
9,10535.00093460083
9,10535.00093460083
9,10535.00093460083
9,10535.00093460083
9,10535.00093460083
9,10565.00084066391
9,10565.00084066391
9,10565.00084066391
9,10565.00084066391
9,10565.00084066391
9,10565.00084066391
9,10565.00084066391
9,10565.00084066391
9,10565.00084066391
9,10595.001957893372
9,10595.001957893372
9,10595.001957893372
9,10595.001957893372
9,10595.001957893372
9,10595.001957893372
9,10595.001957893372
9,10595.001957893372
9,10595.001957893372
9,10653.001053333282
9,10653.001053333282
9,10653.001053333282
9,10653.001053333282
9,10653.001053333282
9,10653.001053333282
9,10653.001053333282
9,10653.001053333282
9,10653.001053333282
9,10707.00078010559
9,10707.00078010559
9,10707.00078010559
9,10707.00078010559
9,10707.00078010559
9,10707.00078010559
9,10707.00078010559
9,10707.00078010559
9,10707.00078010559
9,10733.001639127731
9,10733.001639127731
9,10733.001639127731
9,10733.001639127731
9,10733.001639127731
9,10733.001639127731
9,10733.001639127731
9,10733.001639127731
9,10733.001639127731
9,10759.000965595245
9,10759.000965595245
9,10759.000965595245
9,10759.000965595245
9,10759.000965595245
9,10759.000965595245
9,10759.000965595245
9,10759.000965595245
9,10759.000965595245
9,10833.0014026165
9,10833.0014026165
9,10833.0014026165
9,10833.0014026165
9,10833.0014026165
9,10833.0014026165
9,10833.0014026165
9,10833.0014026165
9,10833.0014026165
9,10843.001277923584
9,10843.001277923584
9,10843.001277923584
9,10843.001277923584
9,10843.001277923584
9,10843.001277923584
9,10843.001277923584
9,10843.001277923584
9,10843.001277923584
9,10905.001207590103
9,10905.001207590103
9,10905.001207590103
9,10905.001207590103
9,10905.001207590103
9,10905.001207590103
9,10905.001207590103
9,10905.001207590103
9,10905.001207590103
9,10943.000922441483
9,10943.000922441483
9,10943.000922441483
9,10943.000922441483
9,10943.000922441483
9,10943.000922441483
9,10943.000922441483
9,10943.000922441483
9,10943.000922441483
9,10977.001325845718
9,10977.001325845718
9,10977.001325845718
9,10977.001325845718
9,10977.001325845718
9,10977.001325845718
9,10977.001325845718
9,10977.001325845718
9,10977.001325845718
9,11027.001493215561
9,11027.001493215561
9,11027.001493215561
9,11027.001493215561
9,11027.001493215561
9,11027.001493215561
9,11027.001493215561
9,11027.001493215561
9,11027.001493215561
9,11065.00085902214
9,11065.00085902214
9,11065.00085902214
9,11065.00085902214
9,11065.00085902214
9,11065.00085902214
9,11065.00085902214
9,11065.00085902214
9,11065.00085902214
9,11115.001844406128
9,11115.001844406128
9,11115.001844406128
9,11115.001844406128
9,11115.001844406128
9,11115.001844406128
9,11115.001844406128
9,11115.001844406128
9,11115.001844406128
9,11169.00128364563
9,11169.00128364563
9,11169.00128364563
9,11169.00128364563
9,11169.00128364563
9,11169.00128364563
9,11169.00128364563
9,11169.00128364563
9,11169.00128364563
9,11191.000981807709
9,11191.000981807709
9,11191.000981807709
9,11191.000981807709
9,11191.000981807709
9,11191.000981807709
9,11191.000981807709
9,11191.000981807709
9,11191.000981807709
9,11253.001018762589
9,11253.001018762589
9,11253.001018762589
9,11253.001018762589
9,11253.001018762589
9,11253.001018762589
9,11253.001018762589
9,11253.001018762589
9,11253.001018762589
9,11295.001231431961
9,11295.001231431961
9,11295.001231431961
9,11295.001231431961
9,11295.001231431961
9,11295.001231431961
9,11295.001231431961
9,11295.001231431961
9,11295.001231431961
9,11313.000897884369
9,11313.000897884369
9,11313.000897884369
9,11313.000897884369
9,11313.000897884369
9,11313.000897884369
9,11313.000897884369
9,11313.000897884369
9,11313.000897884369
9,11347.000871896744
9,11347.000871896744
9,11347.000871896744
9,11347.000871896744
9,11347.000871896744
9,11347.000871896744
9,11347.000871896744
9,11347.000871896744
9,11347.000871896744
9,11421.001344203949
9,11421.001344203949
9,11421.001344203949
9,11421.001344203949
9,11421.001344203949
9,11421.001344203949
9,11421.001344203949
9,11421.001344203949
9,11421.001344203949
9,11443.001100301743
9,11443.001100301743
9,11443.001100301743
9,11443.001100301743
9,11443.001100301743
9,11443.001100301743
9,11443.001100301743
9,11443.001100301743
9,11443.001100301743
9,11501.000843286514
9,11501.000843286514
9,11501.000843286514
9,11501.000843286514
9,11501.000843286514
9,11501.000843286514
9,11501.000843286514
9,11501.000843286514
9,11501.000843286514
9,11523.00153875351
9,11523.00153875351
9,11523.00153875351
9,11523.00153875351
9,11523.00153875351
9,11523.00153875351
9,11523.00153875351
9,11523.00153875351
9,11523.00153875351
9,11585.001733064651
9,11585.001733064651
9,11585.001733064651
9,11585.001733064651
9,11585.001733064651
9,11585.001733064651
9,11585.001733064651
9,11585.001733064651
9,11585.001733064651
9,11607.001190900803
9,11607.001190900803
9,11607.001190900803
9,11607.001190900803
9,11607.001190900803
9,11607.001190900803
9,11607.001190900803
9,11607.001190900803
9,11607.001190900803
9,11649.00113248825
9,11649.00113248825
9,11649.00113248825
9,11649.00113248825
9,11649.00113248825
9,11649.00113248825
9,11649.00113248825
9,11649.00113248825
9,11649.00113248825
9,11691.00152015686
9,11691.00152015686
9,11691.00152015686
9,11691.00152015686
9,11691.00152015686
9,11691.00152015686
9,11691.00152015686
9,11691.00152015686
9,11691.00152015686
9,11749.001862287521
9,11749.001862287521
9,11749.001862287521
9,11749.001862287521
9,11749.001862287521
9,11749.001862287521
9,11749.001862287521
9,11749.001862287521
9,11749.001862287521
9,11799.001192331314
9,11799.001192331314
9,11799.001192331314
9,11799.001192331314
9,11799.001192331314
9,11799.001192331314
9,11799.001192331314
9,11799.001192331314
9,11799.001192331314
9,11841.001611232758
9,11841.001611232758
9,11841.001611232758
9,11841.001611232758
9,11841.001611232758
9,11841.001611232758
9,11841.001611232758
9,11841.001611232758
9,11841.001611232758
9,11867.00092625618
9,11867.00092625618
9,11867.00092625618
9,11867.00092625618
9,11867.00092625618
9,11867.00092625618
9,11867.00092625618
9,11867.00092625618
9,11867.00092625618
9,11897.001254081726
9,11897.001254081726
9,11897.001254081726
9,11897.001254081726
9,11897.001254081726
9,11897.001254081726
9,11897.001254081726
9,11897.001254081726
9,11897.001254081726
9,11951.001169681549
9,11951.001169681549
9,11951.001169681549
9,11951.001169681549
9,11951.001169681549
9,11951.001169681549
9,11951.001169681549
9,11951.001169681549
9,11951.001169681549
9,12001.000922203064
9,12001.000922203064
9,12001.000922203064
9,12001.000922203064
9,12001.000922203064
9,12001.000922203064
9,12001.000922203064
9,12001.000922203064
9,12001.000922203064
9,12051.00092959404
9,12051.00092959404
9,12051.00092959404
9,12051.00092959404
9,12051.00092959404
9,12051.00092959404
9,12051.00092959404
9,12051.00092959404
9,12051.00092959404
9,12057.0011677742
9,12057.0011677742
9,12057.0011677742
9,12057.0011677742
9,12057.0011677742
9,12057.0011677742
9,12057.0011677742
9,12057.0011677742
9,12057.0011677742
9,12111.000858306885
9,12111.000858306885
9,12111.000858306885
9,12111.000858306885
9,12111.000858306885
9,12111.000858306885
9,12111.000858306885
9,12111.000858306885
9,12111.000858306885
9,12173.001067638397
9,12173.001067638397
9,12173.001067638397
9,12173.001067638397
9,12173.001067638397
9,12173.001067638397
9,12173.001067638397
9,12173.001067638397
9,12173.001067638397
9,12211.001189947128
9,12211.001189947128
9,12211.001189947128
9,12211.001189947128
9,12211.001189947128
9,12211.001189947128
9,12211.001189947128
9,12211.001189947128
9,12211.001189947128
9,12237.001160860062
9,12237.001160860062
9,12237.001160860062
9,12237.001160860062
9,12237.001160860062
9,12237.001160860062
9,12237.001160860062
9,12237.001160860062
9,12237.001160860062
9,12295.000924348831
9,12295.000924348831
9,12295.000924348831
9,12295.000924348831
9,12295.000924348831
9,12295.000924348831
9,12295.000924348831
9,12295.000924348831
9,12295.000924348831
9,12313.001661777496
9,12313.001661777496
9,12313.001661777496
9,12313.001661777496
9,12313.001661777496
9,12313.001661777496
9,12313.001661777496
9,12313.001661777496
9,12313.001661777496
9,12371.000874042511
9,12371.000874042511
9,12371.000874042511
9,12371.000874042511
9,12371.000874042511
9,12371.000874042511
9,12371.000874042511
9,12371.000874042511
9,12371.000874042511
9,12425.001113653183
9,12425.001113653183
9,12425.001113653183
9,12425.001113653183
9,12425.001113653183
9,12425.001113653183
9,12425.001113653183
9,12425.001113653183
9,12425.001113653183
9,12467.001401662827
9,12467.001401662827
9,12467.001401662827
9,12467.001401662827
9,12467.001401662827
9,12467.001401662827
9,12467.001401662827
9,12467.001401662827
9,12467.001401662827
9,12489.001266479492
9,12489.001266479492
9,12489.001266479492
9,12489.001266479492
9,12489.001266479492
9,12489.001266479492
9,12489.001266479492
9,12489.001266479492
9,12489.001266479492
9,12527.000931739807
9,12527.000931739807
9,12527.000931739807
9,12527.000931739807
9,12527.000931739807
9,12527.000931739807
9,12527.000931739807
9,12527.000931739807
9,12527.000931739807
9,12589.0010638237
9,12589.0010638237
9,12589.0010638237
9,12589.0010638237
9,12589.0010638237
9,12589.0010638237
9,12589.0010638237
9,12589.0010638237
9,12589.0010638237
9,12631.001300811768
9,12631.001300811768
9,12631.001300811768
9,12631.001300811768
9,12631.001300811768
9,12631.001300811768
9,12631.001300811768
9,12631.001300811768
9,12631.001300811768
9,12657.001112222672
9,12657.001112222672
9,12657.001112222672
9,12657.001112222672
9,12657.001112222672
9,12657.001112222672
9,12657.001112222672
9,12657.001112222672
9,12657.001112222672
9,12699.001230955124
9,12699.001230955124
9,12699.001230955124
9,12699.001230955124
9,12699.001230955124
9,12699.001230955124
9,12699.001230955124
9,12699.001230955124
9,12699.001230955124
9,12733.001056194305
9,12733.001056194305
9,12733.001056194305
9,12733.001056194305
9,12733.001056194305
9,12733.001056194305
9,12733.001056194305
9,12733.001056194305
9,12733.001056194305
9,12807.000867128372
9,12807.000867128372
9,12807.000867128372
9,12807.000867128372
9,12807.000867128372
9,12807.000867128372
9,12807.000867128372
9,12807.000867128372
9,12807.000867128372
9,12821.001359701157
9,12821.001359701157
9,12821.001359701157
9,12821.001359701157
9,12821.001359701157
9,12821.001359701157
9,12821.001359701157
9,12821.001359701157
9,12821.001359701157
9,12863.00131058693
9,12863.00131058693
9,12863.00131058693
9,12863.00131058693
9,12863.00131058693
9,12863.00131058693
9,12863.00131058693
9,12863.00131058693
9,12863.00131058693
9,12929.00090765953
9,12929.00090765953
9,12929.00090765953
9,12929.00090765953
9,12929.00090765953
9,12929.00090765953
9,12929.00090765953
9,12929.00090765953
9,12929.00090765953
9,12951.000849723816
9,12951.000849723816
9,12951.000849723816
9,12951.000849723816
9,12951.000849723816
9,12951.000849723816
9,12951.000849723816
9,12951.000849723816
9,12951.000849723816
9,13017.001740932465
9,13017.001740932465
9,13017.001740932465
9,13017.001740932465
9,13017.001740932465
9,13017.001740932465
9,13017.001740932465
9,13017.001740932465
9,13017.001740932465
9,13043.001931905746
9,13043.001931905746
9,13043.001931905746
9,13043.001931905746
9,13043.001931905746
9,13043.001931905746
9,13043.001931905746
9,13043.001931905746
9,13043.001931905746
9,13097.001386642456
9,13097.001386642456
9,13097.001386642456
9,13097.001386642456
9,13097.001386642456
9,13097.001386642456
9,13097.001386642456
9,13097.001386642456
9,13097.001386642456
9,13143.000953674316
9,13143.000953674316
9,13143.000953674316
9,13143.000953674316
9,13143.000953674316
9,13143.000953674316
9,13143.000953674316
9,13143.000953674316
9,13143.000953674316
9,13181.000813007355
9,13181.000813007355
9,13181.000813007355
9,13181.000813007355
9,13181.000813007355
9,13181.000813007355
9,13181.000813007355
9,13181.000813007355
9,13181.000813007355
9,13191.00117468834
9,13191.00117468834
9,13191.00117468834
9,13191.00117468834
9,13191.00117468834
9,13191.00117468834
9,13191.00117468834
9,13191.00117468834
9,13191.00117468834
9,13233.000898838043
9,13233.000898838043
9,13233.000898838043
9,13233.000898838043
9,13233.000898838043
9,13233.000898838043
9,13233.000898838043
9,13233.000898838043
9,13233.000898838043
9,13311.00108385086
9,13311.00108385086
9,13311.00108385086
9,13311.00108385086
9,13311.00108385086
9,13311.00108385086
9,13311.00108385086
9,13311.00108385086
9,13311.00108385086
9,13345.001283884048
9,13345.001283884048
9,13345.001283884048
9,13345.001283884048
9,13345.001283884048
9,13345.001283884048
9,13345.001283884048
9,13345.001283884048
9,13345.001283884048
9,13395.001036167145
9,13395.001036167145
9,13395.001036167145
9,13395.001036167145
9,13395.001036167145
9,13395.001036167145
9,13395.001036167145
9,13395.001036167145
9,13395.001036167145
9,13425.00099992752
9,13425.00099992752
9,13425.00099992752
9,13425.00099992752
9,13425.00099992752
9,13425.00099992752
9,13425.00099992752
9,13425.00099992752
9,13425.00099992752
9,13447.001757860184
9,13447.001757860184
9,13447.001757860184
9,13447.001757860184
9,13447.001757860184
9,13447.001757860184
9,13447.001757860184
9,13447.001757860184
9,13447.001757860184
9,13485.000853300095
9,13485.000853300095
9,13485.000853300095
9,13485.000853300095
9,13485.000853300095
9,13485.000853300095
9,13485.000853300095
9,13485.000853300095
9,13485.000853300095
9,13551.001078128815
9,13551.001078128815
9,13551.001078128815
9,13551.001078128815
9,13551.001078128815
9,13551.001078128815
9,13551.001078128815
9,13551.001078128815
9,13551.001078128815
9,13577.001722097397
9,13577.001722097397
9,13577.001722097397
9,13577.001722097397
9,13577.001722097397
9,13577.001722097397
9,13577.001722097397
9,13577.001722097397
9,13577.001722097397
9,13635.000935792923
9,13635.000935792923
9,13635.000935792923
9,13635.000935792923
9,13635.000935792923
9,13635.000935792923
9,13635.000935792923
9,13635.000935792923
9,13635.000935792923
9,13661.001761198044
9,13661.001761198044
9,13661.001761198044
9,13661.001761198044
9,13661.001761198044
9,13661.001761198044
9,13661.001761198044
9,13661.001761198044
9,13661.001761198044
9,13719.001027345657
9,13719.001027345657
9,13719.001027345657
9,13719.001027345657
9,13719.001027345657
9,13719.001027345657
9,13719.001027345657
9,13719.001027345657
9,13719.001027345657
9,13741.001727819443
9,13741.001727819443
9,13741.001727819443
9,13741.001727819443
9,13741.001727819443
9,13741.001727819443
9,13741.001727819443
9,13741.001727819443
9,13741.001727819443
9,13803.001175165176
9,13803.001175165176
9,13803.001175165176
9,13803.001175165176
9,13803.001175165176
9,13803.001175165176
9,13803.001175165176
9,13803.001175165176
9,13803.001175165176
9,13837.001528263092
9,13837.001528263092
9,13837.001528263092
9,13837.001528263092
9,13837.001528263092
9,13837.001528263092
9,13837.001528263092
9,13837.001528263092
9,13837.001528263092
9,13899.001746892929
9,13899.001746892929
9,13899.001746892929
9,13899.001746892929
9,13899.001746892929
9,13899.001746892929
9,13899.001746892929
9,13899.001746892929
9,13899.001746892929
9,13917.00127530098
9,13917.00127530098
9,13917.00127530098
9,13917.00127530098
9,13917.00127530098
9,13917.00127530098
9,13917.00127530098
9,13917.00127530098
9,13917.00127530098
9,13947.001251220703
9,13947.001251220703
9,13947.001251220703
9,13947.001251220703
9,13947.001251220703
9,13947.001251220703
9,13947.001251220703
9,13947.001251220703
9,13947.001251220703
9,13989.000899791718
9,13989.000899791718
9,13989.000899791718
9,13989.000899791718
9,13989.000899791718
9,13989.000899791718
9,13989.000899791718
9,13989.000899791718
9,13989.000899791718
