1,40.00067400932312
1,60.00061798095703
1,120.00084567070007
1,144.00068306922913
1,204.0008511543274
1,220.00095558166504
1,270.0008547306061
1,322.0012888908386
1,338.00099539756775
1,400.0008704662323
1,448.00107049942017
1,468.00072741508484
1,528.000913143158
1,580.0008380413055
1,620.0011518001556
1,652.000777721405
1,698.0007231235504
1,720.0008096694946
1,784.0008606910706
1,826.0010442733765
1,854.0008223056793
1,908.0006937980652
1,950.0008628368378
1,972.0011060237885
1,1040.001037120819
1,1086.0010929107666
1,1128.0008552074432
1,1140.0006775856018
1,1208.000925540924
1,1258.0010240077972
1,1266.0010251998901
1,1332.0009987354279
1,1356.001000404358
1,1400.000863313675
1,1436.0011234283447
1,1484.0009787082672
1,1536.000813484192
1,1560.001019001007
1,1622.0014979839325
1,1654.0008597373962
1,1712.000880241394
1,1748.000922203064
1,1794.0009129047394
1,1822.0010726451874
1,1854.000828742981
1,1914.0010418891907
1,1952.0006597042084
1,1996.0012063980103
1,2030.0007281303406
1,2064.0008339881897
1,2140.0010237693787
1,2160.0007224082947
1,2208.001049041748
1,2254.001116514206
1,2286.0008068084717
1,2328.0010607242584
1,2378.001085996628
1,2416.001000404358
1,2460.001067638397
1,2480.0009276866913
1,2532.000828027725
1,2602.000941991806
1,2618.000987768173
1,2648.000777721405
1,2716.0010693073273
1,2766.000782251358
1,2782.00097489357
1,2848.0009491443634
1,2858.0009756088257
1,2912.000837087631
1,2954.0007677078247
1,3012.001163959503
1,3048.0014872550964
1,3068.0008256435394
1,3140.000999212265
1,3166.000718832016
1,3222.0011672973633
1,3274.000795841217
1,3298.0007705688477
1,3358.000776052475
1,3370.000927209854
1,3442.0013444423676
1,3450.0010890960693
1,3506.001559972763
1,3556.001197576523
1,3594.0011649131775
1,3652.00067281723
1,3682.0009756088257
1,3706.000727415085
1,3750.0017449855804
1,3820.001206636429
1,3840.001008749008
1,3896.0008034706116
1,3936.000718355179
1,3976.0006766319275
1,4022.001148223877
1,4056.0007236003876
1,4076.0012266635895
1,4134.000763893127
1,4168.001101493835
1,4206.000918149948
1,4254.001041650772
1,4306.001023054123
1,4328.000979423523
1,4396.001660108566
1,4424.001129627228
1,4488.000999450684
1,4506.0007491111755
1,4576.001675367355
1,4604.001129627228
1,4638.000717163086
1,4690.001096963882
1,4730.000869035721
1,4768.000878334045
1,4828.001049995422
1,4870.001132249832
1,4902.001655817032
1,4954.0008409023285
1,4976.000731229782
1,5008.001101970673
1,5068.001027345657
1,5100.000864744186
1,5138.000932216644
1,5184.001471757889
1,5222.000980377197
1,5260.000850200653
1,5324.000687837601
1,5358.001011371613
1,5386.000877380371
1,5426.000730514526
1,5492.000891685486
1,5512.00097322464
1,5570.0007536411285
1,5592.000808954239
1,5634.000867366791
1,5700.001603841782
1,5748.001183271408
1,5790.0008020401
1,5814.000799417496
1,5872.0007293224335
1,5890.000968456268
1,5944.000962734222
1,5970.001375436783
1,6012.001189231873
1,6050.001111030579
1,6106.0011529922485
1,6138.0012884140015
1,6176.000752449036
1,6244.001211166382
1,6260.001221418381
1,6332.001050710678
1,6374.00115609169
1,6390.001779079437
1,6462.001127719879
1,6494.000861883163
1,6528.000882387161
1,6584.000707149506
1,6612.001113176346
1,6642.001273393631
1,6708.000841617584
1,6740.001116037369
1,6776.0007355213165
1,6840.000888824463
1,6852.000833034515
1,6916.000884056091
1,6948.000792264938
1,7002.000880479813
1,7038.000851392746
1,7064.0007174015045
1,7134.000701189041
1,7150.001058578491
1,7204.000739574432
1,7260.001013994217
1,7280.000781059265
1,7324.000697135925
1,7368.001054048538
1,7420.001246929169
1,7456.00083899498
1,7490.001029253006
1,7538.000821113586
1,7600.001042842865
1,7604.000832796097
1,7654.0011258125305
1,7704.000796318054
1,7768.001055955887
1,7788.000846862793
1,7840.001242876053
1,7876.001139163971
1,7932.0015206336975
1,7970.00164270401
1,8006.000950336456
1,8062.000770807266
1,8086.000936746597
1,8112.000779390335
1,8150.000936031342
1,8226.001508235931
1,8254.00106048584
1,8302.000716209412
1,8330.001021385193
1,8364.000770568848
1,8426.00076842308
1,8482.001017808914
1,8514.001089572906
1,8532.001036643982
1,8608.000972509384
1,8622.001124620438
1,8688.001200675964
1,8708.000992536545
1,8764.00127530098
1,8788.000955104828
1,8860.000844955444
1,8898.001020431519
1,8928.000702857971
1,8954.00108909607
1,8998.00070977211
1,9046.000757694244
1,9074.000953674316
1,9146.00140786171
1,9188.001345872879
1,9228.000818490982
1,9266.001514196396
1,9314.001281499863
1,9342.001560211182
1,9368.00064086914
1,9424.000856637955
1,9486.000692605972
1,9510.000978469849
1,9570.000961065292
1,9582.001746892929
1,9636.001175403595
1,9696.001112937927
1,9708.000990390778
1,9760.000997543335
1,9814.00079536438
1,9868.001118898392
1,9900.0010368824
1,9948.000839948654
1,9972.001012086868
1,10028.00141453743
1,10054.00113773346
1,10120.001091241837
1,10132.00093793869
1,10190.000832080841
1,10230.001013278961
1,10284.001051664352
1,10306.000785827637
1,10348.001106023788
1,10384.00120139122
1,10430.00115942955
1,10468.000710487366
1,10514.001229286194
1,10560.001030445099
1,10586.000991821289
1,10632.001252889633
1,10682.00223851204
1,10746.001056432724
1,10768.000785827637
1,10812.000713825226
1,10868.000684022903
1,10914.001720666885
1,10930.001076698303
1,10982.00088095665
1,11040.000727415085
1,11086.000765323639
1,11090.000909805298
1,11132.000865221024
1,11208.000728607178
1,11244.00091266632
1,11290.001304388046
1,11330.00083732605
1,11342.00104880333
1,11392.00079536438
1,11456.000859260559
1,11492.000947237015
1,11510.001102924347
1,11572.001857042313
1,11594.001047372818
1,11658.001103162766
1,11700.00131058693
1,11744.001046180725
1,11794.000847101212
1,11836.001093626022
1,11858.000972270966
1,11926.000927686691
1,11942.000848531723
1,11992.000729084015
1,12014.00100159645
1,12066.00174164772
1,12116.001141309738
1,12160.000718593597
1,12194.00084400177
1,12246.001118421555
1,12266.000829458237
1,12338.001118183136
1,12366.000781297684
1,12430.001068592072
1,12442.000955581665
1,12502.00072813034
1,12522.001135349274
1,12572.000948429108
1,12610.001729726791
1,12670.001051425934
1,12690.001280069351
1,12762.001187086105
1,12782.00083565712
1,12812.000902891159
1,12858.001119852066
1,12920.00161075592
1,12976.001640796661
1,12988.00097990036
1,13026.001433849335
1,13072.000943183899
1,13122.000724554062
1,13176.00064086914
1,13228.001441955566
1,13254.000680685043
1,13290.001010894775
1,13354.001185894012
1,13358.001294374466
1,13430.000839233398
1,13460.001006126404
1,13514.001097917557
1,13534.001708745956
1,13572.000742197037
1,13622.00171470642
1,13666.001172065735
1,13724.000881910324
1,13750.001847743988
1,13782.000698566437
1,13828.001502752304
1,13870.000814199448
1,13926.001075267792
1,13960.000879526138
1,14010.000827550888
