9,35.016562938690186
9,35.016562938690186
9,35.016562938690186
9,35.016562938690186
9,35.016562938690186
9,35.016562938690186
9,35.016562938690186
9,35.016562938690186
9,35.016562938690186
9,57.01553297042847
9,57.01553297042847
9,57.01553297042847
9,57.01553297042847
9,57.01553297042847
9,57.01553297042847
9,57.01553297042847
9,57.01553297042847
9,57.01553297042847
9,111.01180648803711
9,111.01180648803711
9,111.01180648803711
9,111.01180648803711
9,111.01180648803711
9,111.01180648803711
9,111.01180648803711
9,111.01180648803711
9,111.01180648803711
9,157.0165581703186
9,157.0165581703186
9,157.0165581703186
9,157.0165581703186
9,157.0165581703186
9,157.0165581703186
9,157.0165581703186
9,157.0165581703186
9,157.0165581703186
9,187.00913858413696
9,187.00913858413696
9,187.00913858413696
9,187.00913858413696
9,187.00913858413696
9,187.00913858413696
9,187.00913858413696
9,187.00913858413696
9,187.00913858413696
9,249.007963180542
9,249.007963180542
9,249.007963180542
9,249.007963180542
9,249.007963180542
9,249.007963180542
9,249.007963180542
9,249.007963180542
9,249.007963180542
9,287.0149130821228
9,287.0149130821228
9,287.0149130821228
9,287.0149130821228
9,287.0149130821228
9,287.0149130821228
9,287.0149130821228
9,287.0149130821228
9,287.0149130821228
9,305.00898122787476
9,305.00898122787476
9,305.00898122787476
9,305.00898122787476
9,305.00898122787476
9,305.00898122787476
9,305.00898122787476
9,305.00898122787476
9,305.00898122787476
9,363.01778841018677
9,363.01778841018677
9,363.01778841018677
9,363.01778841018677
9,363.01778841018677
9,363.01778841018677
9,363.01778841018677
9,363.01778841018677
9,363.01778841018677
9,401.00770807266235
9,401.00770807266235
9,401.00770807266235
9,401.00770807266235
9,401.00770807266235
9,401.00770807266235
9,401.00770807266235
9,401.00770807266235
9,401.00770807266235
9,427.01128911972046
9,427.01128911972046
9,427.01128911972046
9,427.01128911972046
9,427.01128911972046
9,427.01128911972046
9,427.01128911972046
9,427.01128911972046
9,427.01128911972046
9,493.00927448272705
9,493.00927448272705
9,493.00927448272705
9,493.00927448272705
9,493.00927448272705
9,493.00927448272705
9,493.00927448272705
9,493.00927448272705
9,493.00927448272705
9,539.0097680091858
9,539.0097680091858
9,539.0097680091858
9,539.0097680091858
9,539.0097680091858
9,539.0097680091858
9,539.0097680091858
9,539.0097680091858
9,539.0097680091858
9,549.0076365470886
9,549.0076365470886
9,549.0076365470886
9,549.0076365470886
9,549.0076365470886
9,549.0076365470886
9,549.0076365470886
9,549.0076365470886
9,549.0076365470886
9,619.0111627578735
9,619.0111627578735
9,619.0111627578735
9,619.0111627578735
9,619.0111627578735
9,619.0111627578735
9,619.0111627578735
9,619.0111627578735
9,619.0111627578735
9,669.0080513954163
9,669.0080513954163
9,669.0080513954163
9,669.0080513954163
9,669.0080513954163
9,669.0080513954163
9,669.0080513954163
9,669.0080513954163
9,669.0080513954163
9,679.0086450576782
9,679.0086450576782
9,679.0086450576782
9,679.0086450576782
9,679.0086450576782
9,679.0086450576782
9,679.0086450576782
9,679.0086450576782
9,679.0086450576782
9,737.0083994865417
9,737.0083994865417
9,737.0083994865417
9,737.0083994865417
9,737.0083994865417
9,737.0083994865417
9,737.0083994865417
9,737.0083994865417
9,737.0083994865417
9,759.0085401535034
9,759.0085401535034
9,759.0085401535034
9,759.0085401535034
9,759.0085401535034
9,759.0085401535034
9,759.0085401535034
9,759.0085401535034
9,759.0085401535034
9,801.0179767608643
9,801.0179767608643
9,801.0179767608643
9,801.0179767608643
9,801.0179767608643
9,801.0179767608643
9,801.0179767608643
9,801.0179767608643
9,801.0179767608643
9,879.011293888092
9,879.011293888092
9,879.011293888092
9,879.011293888092
9,879.011293888092
9,879.011293888092
9,879.011293888092
9,879.011293888092
9,879.011293888092
9,901.0098991394043
9,901.0098991394043
9,901.0098991394043
9,901.0098991394043
9,901.0098991394043
9,901.0098991394043
9,901.0098991394043
9,901.0098991394043
9,901.0098991394043
9,959.016655921936
9,959.016655921936
9,959.016655921936
9,959.016655921936
9,959.016655921936
9,959.016655921936
9,959.016655921936
9,959.016655921936
9,959.016655921936
9,1001.0127792358398
9,1001.0127792358398
9,1001.0127792358398
9,1001.0127792358398
9,1001.0127792358398
9,1001.0127792358398
9,1001.0127792358398
9,1001.0127792358398
9,1001.0127792358398
9,1015.0121998786926
9,1015.0121998786926
9,1015.0121998786926
9,1015.0121998786926
9,1015.0121998786926
9,1015.0121998786926
9,1015.0121998786926
9,1015.0121998786926
9,1015.0121998786926
9,1085.0101256370544
9,1085.0101256370544
9,1085.0101256370544
9,1085.0101256370544
9,1085.0101256370544
9,1085.0101256370544
9,1085.0101256370544
9,1085.0101256370544
9,1085.0101256370544
9,1111.0116443634033
9,1111.0116443634033
9,1111.0116443634033
9,1111.0116443634033
9,1111.0116443634033
9,1111.0116443634033
9,1111.0116443634033
9,1111.0116443634033
9,1111.0116443634033
9,1145.0125932693481
9,1145.0125932693481
9,1145.0125932693481
9,1145.0125932693481
9,1145.0125932693481
9,1145.0125932693481
9,1145.0125932693481
9,1145.0125932693481
9,1145.0125932693481
9,1191.0127792358398
9,1191.0127792358398
9,1191.0127792358398
9,1191.0127792358398
9,1191.0127792358398
9,1191.0127792358398
9,1191.0127792358398
9,1191.0127792358398
9,1191.0127792358398
9,1257.012764930725
9,1257.012764930725
9,1257.012764930725
9,1257.012764930725
9,1257.012764930725
9,1257.012764930725
9,1257.012764930725
9,1257.012764930725
9,1257.012764930725
9,1271.0109839439392
9,1271.0109839439392
9,1271.0109839439392
9,1271.0109839439392
9,1271.0109839439392
9,1271.0109839439392
9,1271.0109839439392
9,1271.0109839439392
9,1271.0109839439392
9,1337.0081706047058
9,1337.0081706047058
9,1337.0081706047058
9,1337.0081706047058
9,1337.0081706047058
9,1337.0081706047058
9,1337.0081706047058
9,1337.0081706047058
9,1337.0081706047058
9,1359.0091433525085
9,1359.0091433525085
9,1359.0091433525085
9,1359.0091433525085
9,1359.0091433525085
9,1359.0091433525085
9,1359.0091433525085
9,1359.0091433525085
9,1359.0091433525085
9,1401.0178861618042
9,1401.0178861618042
9,1401.0178861618042
9,1401.0178861618042
9,1401.0178861618042
9,1401.0178861618042
9,1401.0178861618042
9,1401.0178861618042
9,1401.0178861618042
9,1467.0152707099915
9,1467.0152707099915
9,1467.0152707099915
9,1467.0152707099915
9,1467.0152707099915
9,1467.0152707099915
9,1467.0152707099915
9,1467.0152707099915
9,1467.0152707099915
9,1497.0142908096313
9,1497.0142908096313
9,1497.0142908096313
9,1497.0142908096313
9,1497.0142908096313
9,1497.0142908096313
9,1497.0142908096313
9,1497.0142908096313
9,1497.0142908096313
9,1515.008089542389
9,1515.008089542389
9,1515.008089542389
9,1515.008089542389
9,1515.008089542389
9,1515.008089542389
9,1515.008089542389
9,1515.008089542389
9,1515.008089542389
9,1557.008361339569
9,1557.008361339569
9,1557.008361339569
9,1557.008361339569
9,1557.008361339569
9,1557.008361339569
9,1557.008361339569
9,1557.008361339569
9,1557.008361339569
9,1619.0086188316345
9,1619.0086188316345
9,1619.0086188316345
9,1619.0086188316345
9,1619.0086188316345
9,1619.0086188316345
9,1619.0086188316345
9,1619.0086188316345
9,1619.0086188316345
9,1661.009732246399
9,1661.009732246399
9,1661.009732246399
9,1661.009732246399
9,1661.009732246399
9,1661.009732246399
9,1661.009732246399
9,1661.009732246399
9,1661.009732246399
9,1719.0173664093018
9,1719.0173664093018
9,1719.0173664093018
9,1719.0173664093018
9,1719.0173664093018
9,1719.0173664093018
9,1719.0173664093018
9,1719.0173664093018
9,1719.0173664093018
9,1757.0083327293396
9,1757.0083327293396
9,1757.0083327293396
9,1757.0083327293396
9,1757.0083327293396
9,1757.0083327293396
9,1757.0083327293396
9,1757.0083327293396
9,1757.0083327293396
9,1775.0126957893372
9,1775.0126957893372
9,1775.0126957893372
9,1775.0126957893372
9,1775.0126957893372
9,1775.0126957893372
9,1775.0126957893372
9,1775.0126957893372
9,1775.0126957893372
9,1837.0085639953613
9,1837.0085639953613
9,1837.0085639953613
9,1837.0085639953613
9,1837.0085639953613
9,1837.0085639953613
9,1837.0085639953613
9,1837.0085639953613
9,1837.0085639953613
9,1887.0140762329102
9,1887.0140762329102
9,1887.0140762329102
9,1887.0140762329102
9,1887.0140762329102
9,1887.0140762329102
9,1887.0140762329102
9,1887.0140762329102
9,1887.0140762329102
9,1917.014305114746
9,1917.014305114746
9,1917.014305114746
9,1917.014305114746
9,1917.014305114746
9,1917.014305114746
9,1917.014305114746
9,1917.014305114746
9,1917.014305114746
9,1967.011911392212
9,1967.011911392212
9,1967.011911392212
9,1967.011911392212
9,1967.011911392212
9,1967.011911392212
9,1967.011911392212
9,1967.011911392212
9,1967.011911392212
9,2013.0100827217102
9,2013.0100827217102
9,2013.0100827217102
9,2013.0100827217102
9,2013.0100827217102
9,2013.0100827217102
9,2013.0100827217102
9,2013.0100827217102
9,2013.0100827217102
9,2035.011706352234
9,2035.011706352234
9,2035.011706352234
9,2035.011706352234
9,2035.011706352234
9,2035.011706352234
9,2035.011706352234
9,2035.011706352234
9,2035.011706352234
9,2065.0122332572937
9,2065.0122332572937
9,2065.0122332572937
9,2065.0122332572937
9,2065.0122332572937
9,2065.0122332572937
9,2065.0122332572937
9,2065.0122332572937
9,2065.0122332572937
9,2131.0084352493286
9,2131.0084352493286
9,2131.0084352493286
9,2131.0084352493286
9,2131.0084352493286
9,2131.0084352493286
9,2131.0084352493286
9,2131.0084352493286
9,2131.0084352493286
9,2149.0178146362305
9,2149.0178146362305
9,2149.0178146362305
9,2149.0178146362305
9,2149.0178146362305
9,2149.0178146362305
9,2149.0178146362305
9,2149.0178146362305
9,2149.0178146362305
9,2223.0153470039368
9,2223.0153470039368
9,2223.0153470039368
9,2223.0153470039368
9,2223.0153470039368
9,2223.0153470039368
9,2223.0153470039368
9,2223.0153470039368
9,2223.0153470039368
9,2257.0191736221313
9,2257.0191736221313
9,2257.0191736221313
9,2257.0191736221313
9,2257.0191736221313
9,2257.0191736221313
9,2257.0191736221313
9,2257.0191736221313
9,2257.0191736221313
9,2279.009686946869
9,2279.009686946869
9,2279.009686946869
9,2279.009686946869
9,2279.009686946869
9,2279.009686946869
9,2279.009686946869
9,2279.009686946869
9,2279.009686946869
9,2341.0106072425842
9,2341.0106072425842
9,2341.0106072425842
9,2341.0106072425842
9,2341.0106072425842
9,2341.0106072425842
9,2341.0106072425842
9,2341.0106072425842
9,2341.0106072425842
9,2387.00821352005
9,2387.00821352005
9,2387.00821352005
9,2387.00821352005
9,2387.00821352005
9,2387.00821352005
9,2387.00821352005
9,2387.00821352005
9,2387.00821352005
9,2401.0163888931274
9,2401.0163888931274
9,2401.0163888931274
9,2401.0163888931274
9,2401.0163888931274
9,2401.0163888931274
9,2401.0163888931274
9,2401.0163888931274
9,2401.0163888931274
9,2475.0120329856873
9,2475.0120329856873
9,2475.0120329856873
9,2475.0120329856873
9,2475.0120329856873
9,2475.0120329856873
9,2475.0120329856873
9,2475.0120329856873
9,2475.0120329856873
9,2513.0096440315247
9,2513.0096440315247
9,2513.0096440315247
9,2513.0096440315247
9,2513.0096440315247
9,2513.0096440315247
9,2513.0096440315247
9,2513.0096440315247
9,2513.0096440315247
9,2523.019292831421
9,2523.019292831421
9,2523.019292831421
9,2523.019292831421
9,2523.019292831421
9,2523.019292831421
9,2523.019292831421
9,2523.019292831421
9,2523.019292831421
9,2573.012273788452
9,2573.012273788452
9,2573.012273788452
9,2573.012273788452
9,2573.012273788452
9,2573.012273788452
9,2573.012273788452
9,2573.012273788452
9,2573.012273788452
9,2639.011019706726
9,2639.011019706726
9,2639.011019706726
9,2639.011019706726
9,2639.011019706726
9,2639.011019706726
9,2639.011019706726
9,2639.011019706726
9,2639.011019706726
9,2669.009546279907
9,2669.009546279907
9,2669.009546279907
9,2669.009546279907
9,2669.009546279907
9,2669.009546279907
9,2669.009546279907
9,2669.009546279907
9,2669.009546279907
9,2715.0154209136963
9,2715.0154209136963
9,2715.0154209136963
9,2715.0154209136963
9,2715.0154209136963
9,2715.0154209136963
9,2715.0154209136963
9,2715.0154209136963
9,2715.0154209136963
9,2737.007915496826
9,2737.007915496826
9,2737.007915496826
9,2737.007915496826
9,2737.007915496826
9,2737.007915496826
9,2737.007915496826
9,2737.007915496826
9,2737.007915496826
9,2795.017364025116
9,2795.017364025116
9,2795.017364025116
9,2795.017364025116
9,2795.017364025116
9,2795.017364025116
9,2795.017364025116
9,2795.017364025116
9,2795.017364025116
9,2841.010087490082
9,2841.010087490082
9,2841.010087490082
9,2841.010087490082
9,2841.010087490082
9,2841.010087490082
9,2841.010087490082
9,2841.010087490082
9,2841.010087490082
9,2871.011143684387
9,2871.011143684387
9,2871.011143684387
9,2871.011143684387
9,2871.011143684387
9,2871.011143684387
9,2871.011143684387
9,2871.011143684387
9,2871.011143684387
9,2909.0084829330444
9,2909.0084829330444
9,2909.0084829330444
9,2909.0084829330444
9,2909.0084829330444
9,2909.0084829330444
9,2909.0084829330444
9,2909.0084829330444
9,2909.0084829330444
9,2943.014944076538
9,2943.014944076538
9,2943.014944076538
9,2943.014944076538
9,2943.014944076538
9,2943.014944076538
9,2943.014944076538
9,2943.014944076538
9,2943.014944076538
9,3021.01042842865
9,3021.01042842865
9,3021.01042842865
9,3021.01042842865
9,3021.01042842865
9,3021.01042842865
9,3021.01042842865
9,3021.01042842865
9,3021.01042842865
9,3027.0085616111755
9,3027.0085616111755
9,3027.0085616111755
9,3027.0085616111755
9,3027.0085616111755
9,3027.0085616111755
9,3027.0085616111755
9,3027.0085616111755
9,3027.0085616111755
9,3069.0136137008667
9,3069.0136137008667
9,3069.0136137008667
9,3069.0136137008667
9,3069.0136137008667
9,3069.0136137008667
9,3069.0136137008667
9,3069.0136137008667
9,3069.0136137008667
9,3123.008451938629
9,3123.008451938629
9,3123.008451938629
9,3123.008451938629
9,3123.008451938629
9,3123.008451938629
9,3123.008451938629
9,3123.008451938629
9,3123.008451938629
9,3169.00923871994
9,3169.00923871994
9,3169.00923871994
9,3169.00923871994
9,3169.00923871994
9,3169.00923871994
9,3169.00923871994
9,3169.00923871994
9,3169.00923871994
9,3203.010187625885
9,3203.010187625885
9,3203.010187625885
9,3203.010187625885
9,3203.010187625885
9,3203.010187625885
9,3203.010187625885
9,3203.010187625885
9,3203.010187625885
9,3265.0145602226257
9,3265.0145602226257
9,3265.0145602226257
9,3265.0145602226257
9,3265.0145602226257
9,3265.0145602226257
9,3265.0145602226257
9,3265.0145602226257
9,3265.0145602226257
9,3287.01487493515
9,3287.01487493515
9,3287.01487493515
9,3287.01487493515
9,3287.01487493515
9,3287.01487493515
9,3287.01487493515
9,3287.01487493515
9,3287.01487493515
9,3353.008487701416
9,3353.008487701416
9,3353.008487701416
9,3353.008487701416
9,3353.008487701416
9,3353.008487701416
9,3353.008487701416
9,3353.008487701416
9,3353.008487701416
9,3383.0092148780823
9,3383.0092148780823
9,3383.0092148780823
9,3383.0092148780823
9,3383.0092148780823
9,3383.0092148780823
9,3383.0092148780823
9,3383.0092148780823
9,3383.0092148780823
9,3421.0097131729126
9,3421.0097131729126
9,3421.0097131729126
9,3421.0097131729126
9,3421.0097131729126
9,3421.0097131729126
9,3421.0097131729126
9,3421.0097131729126
9,3421.0097131729126
9,3447.0088119506836
9,3447.0088119506836
9,3447.0088119506836
9,3447.0088119506836
9,3447.0088119506836
9,3447.0088119506836
9,3447.0088119506836
9,3447.0088119506836
9,3447.0088119506836
9,3525.0116395950317
9,3525.0116395950317
9,3525.0116395950317
9,3525.0116395950317
9,3525.0116395950317
9,3525.0116395950317
9,3525.0116395950317
9,3525.0116395950317
9,3525.0116395950317
9,3539.010600090027
9,3539.010600090027
9,3539.010600090027
9,3539.010600090027
9,3539.010600090027
9,3539.010600090027
9,3539.010600090027
9,3539.010600090027
9,3539.010600090027
9,3597.007812976837
9,3597.007812976837
9,3597.007812976837
9,3597.007812976837
9,3597.007812976837
9,3597.007812976837
9,3597.007812976837
9,3597.007812976837
9,3597.007812976837
9,3651.017011165619
9,3651.017011165619
9,3651.017011165619
9,3651.017011165619
9,3651.017011165619
9,3651.017011165619
9,3651.017011165619
9,3651.017011165619
9,3651.017011165619
9,3681.011932849884
9,3681.011932849884
9,3681.011932849884
9,3681.011932849884
9,3681.011932849884
9,3681.011932849884
9,3681.011932849884
9,3681.011932849884
9,3681.011932849884
9,3731.0109338760376
9,3731.0109338760376
9,3731.0109338760376
9,3731.0109338760376
9,3731.0109338760376
9,3731.0109338760376
9,3731.0109338760376
9,3731.0109338760376
9,3731.0109338760376
9,3741.009768009186
9,3741.009768009186
9,3741.009768009186
9,3741.009768009186
9,3741.009768009186
9,3741.009768009186
9,3741.009768009186
9,3741.009768009186
9,3741.009768009186
9,3799.0111770629883
9,3799.0111770629883
9,3799.0111770629883
9,3799.0111770629883
9,3799.0111770629883
9,3799.0111770629883
9,3799.0111770629883
9,3799.0111770629883
9,3799.0111770629883
9,3861.0144720077515
9,3861.0144720077515
9,3861.0144720077515
9,3861.0144720077515
9,3861.0144720077515
9,3861.0144720077515
9,3861.0144720077515
9,3861.0144720077515
9,3861.0144720077515
9,3875.007860660553
9,3875.007860660553
9,3875.007860660553
9,3875.007860660553
9,3875.007860660553
9,3875.007860660553
9,3875.007860660553
9,3875.007860660553
9,3875.007860660553
9,3941.017168521881
9,3941.017168521881
9,3941.017168521881
9,3941.017168521881
9,3941.017168521881
9,3941.017168521881
9,3941.017168521881
9,3941.017168521881
9,3941.017168521881
9,3963.0166416168213
9,3963.0166416168213
9,3963.0166416168213
9,3963.0166416168213
9,3963.0166416168213
9,3963.0166416168213
9,3963.0166416168213
9,3963.0166416168213
9,3963.0166416168213
9,4021.008111000061
9,4021.008111000061
9,4021.008111000061
9,4021.008111000061
9,4021.008111000061
9,4021.008111000061
9,4021.008111000061
9,4021.008111000061
9,4021.008111000061
9,4047.0162172317505
9,4047.0162172317505
9,4047.0162172317505
9,4047.0162172317505
9,4047.0162172317505
9,4047.0162172317505
9,4047.0162172317505
9,4047.0162172317505
9,4047.0162172317505
9,4077.0148963928223
9,4077.0148963928223
9,4077.0148963928223
9,4077.0148963928223
9,4077.0148963928223
9,4077.0148963928223
9,4077.0148963928223
9,4077.0148963928223
9,4077.0148963928223
9,4155.0141859054565
9,4155.0141859054565
9,4155.0141859054565
9,4155.0141859054565
9,4155.0141859054565
9,4155.0141859054565
9,4155.0141859054565
9,4155.0141859054565
9,4155.0141859054565
9,4165.018315315247
9,4165.018315315247
9,4165.018315315247
9,4165.018315315247
9,4165.018315315247
9,4165.018315315247
9,4165.018315315247
9,4165.018315315247
9,4165.018315315247
9,4207.008707046509
9,4207.008707046509
9,4207.008707046509
9,4207.008707046509
9,4207.008707046509
9,4207.008707046509
9,4207.008707046509
9,4207.008707046509
9,4207.008707046509
9,4277.019664764404
9,4277.019664764404
9,4277.019664764404
9,4277.019664764404
9,4277.019664764404
9,4277.019664764404
9,4277.019664764404
9,4277.019664764404
9,4277.019664764404
9,4287.011737346649
9,4287.011737346649
9,4287.011737346649
9,4287.011737346649
9,4287.011737346649
9,4287.011737346649
9,4287.011737346649
9,4287.011737346649
9,4287.011737346649
9,4329.01097202301
9,4329.01097202301
9,4329.01097202301
9,4329.01097202301
9,4329.01097202301
9,4329.01097202301
9,4329.01097202301
9,4329.01097202301
9,4329.01097202301
9,4407.010385513306
9,4407.010385513306
9,4407.010385513306
9,4407.010385513306
9,4407.010385513306
9,4407.010385513306
9,4407.010385513306
9,4407.010385513306
9,4407.010385513306
9,4417.010848045349
9,4417.010848045349
9,4417.010848045349
9,4417.010848045349
9,4417.010848045349
9,4417.010848045349
9,4417.010848045349
9,4417.010848045349
9,4417.010848045349
9,4459.0165367126465
9,4459.0165367126465
9,4459.0165367126465
9,4459.0165367126465
9,4459.0165367126465
9,4459.0165367126465
9,4459.0165367126465
9,4459.0165367126465
9,4459.0165367126465
9,4533.018253326416
9,4533.018253326416
9,4533.018253326416
9,4533.018253326416
9,4533.018253326416
9,4533.018253326416
9,4533.018253326416
9,4533.018253326416
9,4533.018253326416
9,4571.013244152069
9,4571.013244152069
9,4571.013244152069
9,4571.013244152069
9,4571.013244152069
9,4571.013244152069
9,4571.013244152069
9,4571.013244152069
9,4571.013244152069
9,4585.010848045349
9,4585.010848045349
9,4585.010848045349
9,4585.010848045349
9,4585.010848045349
9,4585.010848045349
9,4585.010848045349
9,4585.010848045349
9,4585.010848045349
9,4651.011467933655
9,4651.011467933655
9,4651.011467933655
9,4651.011467933655
9,4651.011467933655
9,4651.011467933655
9,4651.011467933655
9,4651.011467933655
9,4651.011467933655
9,4665.00981092453
9,4665.00981092453
9,4665.00981092453
9,4665.00981092453
9,4665.00981092453
9,4665.00981092453
9,4665.00981092453
9,4665.00981092453
9,4665.00981092453
9,4719.008444786072
9,4719.008444786072
9,4719.008444786072
9,4719.008444786072
9,4719.008444786072
9,4719.008444786072
9,4719.008444786072
9,4719.008444786072
9,4719.008444786072
9,4777.0171065330505
9,4777.0171065330505
9,4777.0171065330505
9,4777.0171065330505
9,4777.0171065330505
9,4777.0171065330505
9,4777.0171065330505
9,4777.0171065330505
9,4777.0171065330505
9,4795.009276866913
9,4795.009276866913
9,4795.009276866913
9,4795.009276866913
9,4795.009276866913
9,4795.009276866913
9,4795.009276866913
9,4795.009276866913
9,4795.009276866913
9,4857.020232200623
9,4857.020232200623
9,4857.020232200623
9,4857.020232200623
9,4857.020232200623
9,4857.020232200623
9,4857.020232200623
9,4857.020232200623
9,4857.020232200623
9,4911.011203289032
9,4911.011203289032
9,4911.011203289032
9,4911.011203289032
9,4911.011203289032
9,4911.011203289032
9,4911.011203289032
9,4911.011203289032
9,4911.011203289032
9,4925.009274482727
9,4925.009274482727
9,4925.009274482727
9,4925.009274482727
9,4925.009274482727
9,4925.009274482727
9,4925.009274482727
9,4925.009274482727
9,4925.009274482727
9,4983.009968280792
9,4983.009968280792
9,4983.009968280792
9,4983.009968280792
9,4983.009968280792
9,4983.009968280792
9,4983.009968280792
9,4983.009968280792
9,4983.009968280792
9,5021.011963844299
9,5021.011963844299
9,5021.011963844299
9,5021.011963844299
9,5021.011963844299
9,5021.011963844299
9,5021.011963844299
9,5021.011963844299
9,5021.011963844299
9,5051.010385513306
9,5051.010385513306
9,5051.010385513306
9,5051.010385513306
9,5051.010385513306
9,5051.010385513306
9,5051.010385513306
9,5051.010385513306
9,5051.010385513306
9,5117.0161027908325
9,5117.0161027908325
9,5117.0161027908325
9,5117.0161027908325
9,5117.0161027908325
9,5117.0161027908325
9,5117.0161027908325
9,5117.0161027908325
9,5117.0161027908325
9,5163.008509159088
9,5163.008509159088
9,5163.008509159088
9,5163.008509159088
9,5163.008509159088
9,5163.008509159088
9,5163.008509159088
9,5163.008509159088
9,5163.008509159088
9,5193.010948181152
9,5193.010948181152
9,5193.010948181152
9,5193.010948181152
9,5193.010948181152
9,5193.010948181152
9,5193.010948181152
9,5193.010948181152
9,5193.010948181152
9,5247.0089955329895
9,5247.0089955329895
9,5247.0089955329895
9,5247.0089955329895
9,5247.0089955329895
9,5247.0089955329895
9,5247.0089955329895
9,5247.0089955329895
9,5247.0089955329895
9,5269.015509128571
9,5269.015509128571
9,5269.015509128571
9,5269.015509128571
9,5269.015509128571
9,5269.015509128571
9,5269.015509128571
9,5269.015509128571
9,5269.015509128571
9,5307.018010139465
9,5307.018010139465
9,5307.018010139465
9,5307.018010139465
9,5307.018010139465
9,5307.018010139465
9,5307.018010139465
9,5307.018010139465
9,5307.018010139465
9,5365.01903295517
9,5365.01903295517
9,5365.01903295517
9,5365.01903295517
9,5365.01903295517
9,5365.01903295517
9,5365.01903295517
9,5365.01903295517
9,5365.01903295517
9,5391.010416507721
9,5391.010416507721
9,5391.010416507721
9,5391.010416507721
9,5391.010416507721
9,5391.010416507721
9,5391.010416507721
9,5391.010416507721
9,5391.010416507721
9,5425.010259151459
9,5425.010259151459
9,5425.010259151459
9,5425.010259151459
9,5425.010259151459
9,5425.010259151459
9,5425.010259151459
9,5425.010259151459
9,5425.010259151459
9,5487.016489028931
9,5487.016489028931
9,5487.016489028931
9,5487.016489028931
9,5487.016489028931
9,5487.016489028931
9,5487.016489028931
9,5487.016489028931
9,5487.016489028931
9,5517.010392665863
9,5517.010392665863
9,5517.010392665863
9,5517.010392665863
9,5517.010392665863
9,5517.010392665863
9,5517.010392665863
9,5517.010392665863
9,5517.010392665863
9,5571.01095533371
9,5571.01095533371
9,5571.01095533371
9,5571.01095533371
9,5571.01095533371
9,5571.01095533371
9,5571.01095533371
9,5571.01095533371
9,5571.01095533371
9,5609.007827281952
9,5609.007827281952
9,5609.007827281952
9,5609.007827281952
9,5609.007827281952
9,5609.007827281952
9,5609.007827281952
9,5609.007827281952
9,5609.007827281952
9,5631.009050369263
9,5631.009050369263
9,5631.009050369263
9,5631.009050369263
9,5631.009050369263
9,5631.009050369263
9,5631.009050369263
9,5631.009050369263
9,5631.009050369263
9,5681.018529891968
9,5681.018529891968
9,5681.018529891968
9,5681.018529891968
9,5681.018529891968
9,5681.018529891968
9,5681.018529891968
9,5681.018529891968
9,5681.018529891968
9,5731.008988380432
9,5731.008988380432
9,5731.008988380432
9,5731.008988380432
9,5731.008988380432
9,5731.008988380432
9,5731.008988380432
9,5731.008988380432
9,5731.008988380432
9,5761.011203289032
9,5761.011203289032
9,5761.011203289032
9,5761.011203289032
9,5761.011203289032
9,5761.011203289032
9,5761.011203289032
9,5761.011203289032
9,5761.011203289032
9,5799.008542537689
9,5799.008542537689
9,5799.008542537689
9,5799.008542537689
9,5799.008542537689
9,5799.008542537689
9,5799.008542537689
9,5799.008542537689
9,5799.008542537689
9,5841.009191036224
9,5841.009191036224
9,5841.009191036224
9,5841.009191036224
9,5841.009191036224
9,5841.009191036224
9,5841.009191036224
9,5841.009191036224
9,5841.009191036224
9,5891.0190234184265
9,5891.0190234184265
9,5891.0190234184265
9,5891.0190234184265
9,5891.0190234184265
9,5891.0190234184265
9,5891.0190234184265
9,5891.0190234184265
9,5891.0190234184265
9,5945.010824203491
9,5945.010824203491
9,5945.010824203491
9,5945.010824203491
9,5945.010824203491
9,5945.010824203491
9,5945.010824203491
9,5945.010824203491
9,5945.010824203491
9,5975.009870529175
9,5975.009870529175
9,5975.009870529175
9,5975.009870529175
9,5975.009870529175
9,5975.009870529175
9,5975.009870529175
9,5975.009870529175
9,5975.009870529175
9,6037.019540786743
9,6037.019540786743
9,6037.019540786743
9,6037.019540786743
9,6037.019540786743
9,6037.019540786743
9,6037.019540786743
9,6037.019540786743
9,6037.019540786743
9,6051.012094974518
9,6051.012094974518
9,6051.012094974518
9,6051.012094974518
9,6051.012094974518
9,6051.012094974518
9,6051.012094974518
9,6051.012094974518
9,6051.012094974518
9,6129.012166500092
9,6129.012166500092
9,6129.012166500092
9,6129.012166500092
9,6129.012166500092
9,6129.012166500092
9,6129.012166500092
9,6129.012166500092
9,6129.012166500092
9,6135.008103847504
9,6135.008103847504
9,6135.008103847504
9,6135.008103847504
9,6135.008103847504
9,6135.008103847504
9,6135.008103847504
9,6135.008103847504
9,6135.008103847504
9,6193.008087158203
9,6193.008087158203
9,6193.008087158203
9,6193.008087158203
9,6193.008087158203
9,6193.008087158203
9,6193.008087158203
9,6193.008087158203
9,6193.008087158203
9,6219.007810592651
9,6219.007810592651
9,6219.007810592651
9,6219.007810592651
9,6219.007810592651
9,6219.007810592651
9,6219.007810592651
9,6219.007810592651
9,6219.007810592651
9,6265.0128054618835
9,6265.0128054618835
9,6265.0128054618835
9,6265.0128054618835
9,6265.0128054618835
9,6265.0128054618835
9,6265.0128054618835
9,6265.0128054618835
9,6265.0128054618835
9,6319.01832485199
9,6319.01832485199
9,6319.01832485199
9,6319.01832485199
9,6319.01832485199
9,6319.01832485199
9,6319.01832485199
9,6319.01832485199
9,6319.01832485199
9,6377.011880397797
9,6377.011880397797
9,6377.011880397797
9,6377.011880397797
9,6377.011880397797
9,6377.011880397797
9,6377.011880397797
9,6377.011880397797
9,6377.011880397797
9,6391.013098716736
9,6391.013098716736
9,6391.013098716736
9,6391.013098716736
9,6391.013098716736
9,6391.013098716736
9,6391.013098716736
9,6391.013098716736
9,6391.013098716736
9,6429.009231567383
9,6429.009231567383
9,6429.009231567383
9,6429.009231567383
9,6429.009231567383
9,6429.009231567383
9,6429.009231567383
9,6429.009231567383
9,6429.009231567383
9,6507.009751319885
9,6507.009751319885
9,6507.009751319885
9,6507.009751319885
9,6507.009751319885
9,6507.009751319885
9,6507.009751319885
9,6507.009751319885
9,6507.009751319885
9,6533.018763542175
9,6533.018763542175
9,6533.018763542175
9,6533.018763542175
9,6533.018763542175
9,6533.018763542175
9,6533.018763542175
9,6533.018763542175
9,6533.018763542175
9,6575.011131763458
9,6575.011131763458
9,6575.011131763458
9,6575.011131763458
9,6575.011131763458
9,6575.011131763458
9,6575.011131763458
9,6575.011131763458
9,6575.011131763458
9,6597.013787746429
9,6597.013787746429
9,6597.013787746429
9,6597.013787746429
9,6597.013787746429
9,6597.013787746429
9,6597.013787746429
9,6597.013787746429
9,6597.013787746429
9,6671.009989738464
9,6671.009989738464
9,6671.009989738464
9,6671.009989738464
9,6671.009989738464
9,6671.009989738464
9,6671.009989738464
9,6671.009989738464
9,6671.009989738464
9,6681.010166168213
9,6681.010166168213
9,6681.010166168213
9,6681.010166168213
9,6681.010166168213
9,6681.010166168213
9,6681.010166168213
9,6681.010166168213
9,6681.010166168213
9,6727.010857582092
9,6727.010857582092
9,6727.010857582092
9,6727.010857582092
9,6727.010857582092
9,6727.010857582092
9,6727.010857582092
9,6727.010857582092
9,6727.010857582092
9,6801.012443065643
9,6801.012443065643
9,6801.012443065643
9,6801.012443065643
9,6801.012443065643
9,6801.012443065643
9,6801.012443065643
9,6801.012443065643
9,6801.012443065643
9,6831.012762546539
9,6831.012762546539
9,6831.012762546539
9,6831.012762546539
9,6831.012762546539
9,6831.012762546539
9,6831.012762546539
9,6831.012762546539
9,6831.012762546539
9,6849.015923976898
9,6849.015923976898
9,6849.015923976898
9,6849.015923976898
9,6849.015923976898
9,6849.015923976898
9,6849.015923976898
9,6849.015923976898
9,6849.015923976898
9,6923.010116100311
9,6923.010116100311
9,6923.010116100311
9,6923.010116100311
9,6923.010116100311
9,6923.010116100311
9,6923.010116100311
9,6923.010116100311
9,6923.010116100311
9,6941.014364719391
9,6941.014364719391
9,6941.014364719391
9,6941.014364719391
9,6941.014364719391
9,6941.014364719391
9,6941.014364719391
9,6941.014364719391
9,6941.014364719391
9,7007.01446723938
9,7007.01446723938
9,7007.01446723938
9,7007.01446723938
9,7007.01446723938
9,7007.01446723938
9,7007.01446723938
9,7007.01446723938
9,7007.01446723938
9,7025.01651763916
9,7025.01651763916
9,7025.01651763916
9,7025.01651763916
9,7025.01651763916
9,7025.01651763916
9,7025.01651763916
9,7025.01651763916
9,7025.01651763916
9,7079.009021759033
9,7079.009021759033
9,7079.009021759033
9,7079.009021759033
9,7079.009021759033
9,7079.009021759033
9,7079.009021759033
9,7079.009021759033
9,7079.009021759033
9,7105.00946521759
9,7105.00946521759
9,7105.00946521759
9,7105.00946521759
9,7105.00946521759
9,7105.00946521759
9,7105.00946521759
9,7105.00946521759
9,7105.00946521759
9,7143.015323162079
9,7143.015323162079
9,7143.015323162079
9,7143.015323162079
9,7143.015323162079
9,7143.015323162079
9,7143.015323162079
9,7143.015323162079
9,7143.015323162079
9,7185.007882118225
9,7185.007882118225
9,7185.007882118225
9,7185.007882118225
9,7185.007882118225
9,7185.007882118225
9,7185.007882118225
9,7185.007882118225
9,7185.007882118225
9,7239.01348733902
9,7239.01348733902
9,7239.01348733902
9,7239.01348733902
9,7239.01348733902
9,7239.01348733902
9,7239.01348733902
9,7239.01348733902
9,7239.01348733902
9,7289.0119042396545
9,7289.0119042396545
9,7289.0119042396545
9,7289.0119042396545
9,7289.0119042396545
9,7289.0119042396545
9,7289.0119042396545
9,7289.0119042396545
9,7289.0119042396545
9,7339.014891624451
9,7339.014891624451
9,7339.014891624451
9,7339.014891624451
9,7339.014891624451
9,7339.014891624451
9,7339.014891624451
9,7339.014891624451
9,7339.014891624451
9,7369.00922203064
9,7369.00922203064
9,7369.00922203064
9,7369.00922203064
9,7369.00922203064
9,7369.00922203064
9,7369.00922203064
9,7369.00922203064
9,7369.00922203064
9,7415.013029575348
9,7415.013029575348
9,7415.013029575348
9,7415.013029575348
9,7415.013029575348
9,7415.013029575348
9,7415.013029575348
9,7415.013029575348
9,7415.013029575348
9,7469.013196468353
9,7469.013196468353
9,7469.013196468353
9,7469.013196468353
9,7469.013196468353
9,7469.013196468353
9,7469.013196468353
9,7469.013196468353
9,7469.013196468353
9,7491.009367465973
9,7491.009367465973
9,7491.009367465973
9,7491.009367465973
9,7491.009367465973
9,7491.009367465973
9,7491.009367465973
9,7491.009367465973
9,7491.009367465973
9,7525.0125432014465
9,7525.0125432014465
9,7525.0125432014465
9,7525.0125432014465
9,7525.0125432014465
9,7525.0125432014465
9,7525.0125432014465
9,7525.0125432014465
9,7525.0125432014465
9,7567.010476112366
9,7567.010476112366
9,7567.010476112366
9,7567.010476112366
9,7567.010476112366
9,7567.010476112366
9,7567.010476112366
9,7567.010476112366
9,7567.010476112366
9,7613.008020401001
9,7613.008020401001
9,7613.008020401001
9,7613.008020401001
9,7613.008020401001
9,7613.008020401001
9,7613.008020401001
9,7613.008020401001
9,7613.008020401001
9,7679.010061264038
9,7679.010061264038
9,7679.010061264038
9,7679.010061264038
9,7679.010061264038
9,7679.010061264038
9,7679.010061264038
9,7679.010061264038
9,7679.010061264038
9,7697.017836093903
9,7697.017836093903
9,7697.017836093903
9,7697.017836093903
9,7697.017836093903
9,7697.017836093903
9,7697.017836093903
9,7697.017836093903
9,7697.017836093903
9,7759.0112199783325
9,7759.0112199783325
9,7759.0112199783325
9,7759.0112199783325
9,7759.0112199783325
9,7759.0112199783325
9,7759.0112199783325
9,7759.0112199783325
9,7759.0112199783325
9,7793.011999607086
9,7793.011999607086
9,7793.011999607086
9,7793.011999607086
9,7793.011999607086
9,7793.011999607086
9,7793.011999607086
9,7793.011999607086
9,7793.011999607086
9,7819.009882450104
9,7819.009882450104
9,7819.009882450104
9,7819.009882450104
9,7819.009882450104
9,7819.009882450104
9,7819.009882450104
9,7819.009882450104
9,7819.009882450104
9,7885.012004375458
9,7885.012004375458
9,7885.012004375458
9,7885.012004375458
9,7885.012004375458
9,7885.012004375458
9,7885.012004375458
9,7885.012004375458
9,7885.012004375458
9,7899.014586448669
9,7899.014586448669
9,7899.014586448669
9,7899.014586448669
9,7899.014586448669
9,7899.014586448669
9,7899.014586448669
9,7899.014586448669
9,7899.014586448669
9,7977.0108432769775
9,7977.0108432769775
9,7977.0108432769775
9,7977.0108432769775
9,7977.0108432769775
9,7977.0108432769775
9,7977.0108432769775
9,7977.0108432769775
9,7977.0108432769775
9,8015.013029575348
9,8015.013029575348
9,8015.013029575348
9,8015.013029575348
9,8015.013029575348
9,8015.013029575348
9,8015.013029575348
9,8015.013029575348
9,8015.013029575348
9,8041.015878677368
9,8041.015878677368
9,8041.015878677368
9,8041.015878677368
9,8041.015878677368
9,8041.015878677368
9,8041.015878677368
9,8041.015878677368
9,8041.015878677368
9,8067.012180805206
9,8067.012180805206
9,8067.012180805206
9,8067.012180805206
9,8067.012180805206
9,8067.012180805206
9,8067.012180805206
9,8067.012180805206
9,8067.012180805206
9,8137.009224414825
9,8137.009224414825
9,8137.009224414825
9,8137.009224414825
9,8137.009224414825
9,8137.009224414825
9,8137.009224414825
9,8137.009224414825
9,8137.009224414825
9,8155.009801387787
9,8155.009801387787
9,8155.009801387787
9,8155.009801387787
9,8155.009801387787
9,8155.009801387787
9,8155.009801387787
9,8155.009801387787
9,8155.009801387787
9,8197.0097823143
9,8197.0097823143
9,8197.0097823143
9,8197.0097823143
9,8197.0097823143
9,8197.0097823143
9,8197.0097823143
9,8197.0097823143
9,8197.0097823143
9,8247.008561611176
9,8247.008561611176
9,8247.008561611176
9,8247.008561611176
9,8247.008561611176
9,8247.008561611176
9,8247.008561611176
9,8247.008561611176
9,8247.008561611176
9,8297.010316371918
9,8297.010316371918
9,8297.010316371918
9,8297.010316371918
9,8297.010316371918
9,8297.010316371918
9,8297.010316371918
9,8297.010316371918
9,8297.010316371918
9,8343.012347698212
9,8343.012347698212
9,8343.012347698212
9,8343.012347698212
9,8343.012347698212
9,8343.012347698212
9,8343.012347698212
9,8343.012347698212
9,8343.012347698212
9,8393.01216173172
9,8393.01216173172
9,8393.01216173172
9,8393.01216173172
9,8393.01216173172
9,8393.01216173172
9,8393.01216173172
9,8393.01216173172
9,8393.01216173172
9,8419.014870166779
9,8419.014870166779
9,8419.014870166779
9,8419.014870166779
9,8419.014870166779
9,8419.014870166779
9,8419.014870166779
9,8419.014870166779
9,8419.014870166779
9,8453.012114048004
9,8453.012114048004
9,8453.012114048004
9,8453.012114048004
9,8453.012114048004
9,8453.012114048004
9,8453.012114048004
9,8453.012114048004
9,8453.012114048004
9,8499.010390281677
9,8499.010390281677
9,8499.010390281677
9,8499.010390281677
9,8499.010390281677
9,8499.010390281677
9,8499.010390281677
9,8499.010390281677
9,8499.010390281677
9,8549.014221668243
9,8549.014221668243
9,8549.014221668243
9,8549.014221668243
9,8549.014221668243
9,8549.014221668243
9,8549.014221668243
9,8549.014221668243
9,8549.014221668243
9,8595.01102924347
9,8595.01102924347
9,8595.01102924347
9,8595.01102924347
9,8595.01102924347
9,8595.01102924347
9,8595.01102924347
9,8595.01102924347
9,8595.01102924347
9,8617.010621547699
9,8617.010621547699
9,8617.010621547699
9,8617.010621547699
9,8617.010621547699
9,8617.010621547699
9,8617.010621547699
9,8617.010621547699
9,8617.010621547699
9,8691.019042491913
9,8691.019042491913
9,8691.019042491913
9,8691.019042491913
9,8691.019042491913
9,8691.019042491913
9,8691.019042491913
9,8691.019042491913
9,8691.019042491913
9,8721.010318756104
9,8721.010318756104
9,8721.010318756104
9,8721.010318756104
9,8721.010318756104
9,8721.010318756104
9,8721.010318756104
9,8721.010318756104
9,8721.010318756104
9,8747.010318756104
9,8747.010318756104
9,8747.010318756104
9,8747.010318756104
9,8747.010318756104
9,8747.010318756104
9,8747.010318756104
9,8747.010318756104
9,8747.010318756104
9,8817.011613368988
9,8817.011613368988
9,8817.011613368988
9,8817.011613368988
9,8817.011613368988
9,8817.011613368988
9,8817.011613368988
9,8817.011613368988
9,8817.011613368988
9,8829.26749420166
9,8829.26749420166
9,8829.26749420166
9,8829.26749420166
9,8829.26749420166
9,8829.26749420166
9,8829.26749420166
9,8829.26749420166
9,8829.26749420166
9,8865.01409292221
9,8865.01409292221
9,8865.01409292221
9,8865.01409292221
9,8865.01409292221
9,8865.01409292221
9,8865.01409292221
9,8865.01409292221
9,8865.01409292221
9,8907.010266304016
9,8907.010266304016
9,8907.010266304016
9,8907.010266304016
9,8907.010266304016
9,8907.010266304016
9,8907.010266304016
9,8907.010266304016
9,8907.010266304016
9,8957.01270532608
9,8957.01270532608
9,8957.01270532608
9,8957.01270532608
9,8957.01270532608
9,8957.01270532608
9,8957.01270532608
9,8957.01270532608
9,8957.01270532608
9,8995.023663043976
9,8995.023663043976
9,8995.023663043976
9,8995.023663043976
9,8995.023663043976
9,8995.023663043976
9,8995.023663043976
9,8995.023663043976
9,8995.023663043976
9,9069.01262664795
9,9069.01262664795
9,9069.01262664795
9,9069.01262664795
9,9069.01262664795
9,9069.01262664795
9,9069.01262664795
9,9069.01262664795
9,9069.01262664795
9,9083.01172542572
9,9083.01172542572
9,9083.01172542572
9,9083.01172542572
9,9083.01172542572
9,9083.01172542572
9,9083.01172542572
9,9083.01172542572
9,9083.01172542572
9,9137.011920928955
9,9137.011920928955
9,9137.011920928955
9,9137.011920928955
9,9137.011920928955
9,9137.011920928955
9,9137.011920928955
9,9137.011920928955
9,9137.011920928955
9,9167.00837802887
9,9167.00837802887
9,9167.00837802887
9,9167.00837802887
9,9167.00837802887
9,9167.00837802887
9,9167.00837802887
9,9167.00837802887
9,9167.00837802887
9,9221.010352134705
9,9221.010352134705
9,9221.010352134705
9,9221.010352134705
9,9221.010352134705
9,9221.010352134705
9,9221.010352134705
9,9221.010352134705
9,9221.010352134705
9,9247.008101463318
9,9247.008101463318
9,9247.008101463318
9,9247.008101463318
9,9247.008101463318
9,9247.008101463318
9,9247.008101463318
9,9247.008101463318
9,9247.008101463318
9,9297.008609294891
9,9297.008609294891
9,9297.008609294891
9,9297.008609294891
9,9297.008609294891
9,9297.008609294891
9,9297.008609294891
9,9297.008609294891
9,9297.008609294891
9,9331.017111301422
9,9331.017111301422
9,9331.017111301422
9,9331.017111301422
9,9331.017111301422
9,9331.017111301422
9,9331.017111301422
9,9331.017111301422
9,9331.017111301422
9,9385.013184547424
9,9385.013184547424
9,9385.013184547424
9,9385.013184547424
9,9385.013184547424
9,9385.013184547424
9,9385.013184547424
9,9385.013184547424
9,9385.013184547424
9,9435.015988349915
9,9435.015988349915
9,9435.015988349915
9,9435.015988349915
9,9435.015988349915
9,9435.015988349915
9,9435.015988349915
9,9435.015988349915
9,9435.015988349915
9,9473.010964870453
9,9473.010964870453
9,9473.010964870453
9,9473.010964870453
9,9473.010964870453
9,9473.010964870453
9,9473.010964870453
9,9473.010964870453
9,9473.010964870453
9,9523.014204978943
9,9523.014204978943
9,9523.014204978943
9,9523.014204978943
9,9523.014204978943
9,9523.014204978943
9,9523.014204978943
9,9523.014204978943
9,9523.014204978943
9,9561.01115322113
9,9561.01115322113
9,9561.01115322113
9,9561.01115322113
9,9561.01115322113
9,9561.01115322113
9,9561.01115322113
9,9561.01115322113
9,9561.01115322113
9,9603.011348724365
9,9603.011348724365
9,9603.011348724365
9,9603.011348724365
9,9603.011348724365
9,9603.011348724365
9,9603.011348724365
9,9603.011348724365
9,9603.011348724365
9,9645.012273788452
9,9645.012273788452
9,9645.012273788452
9,9645.012273788452
9,9645.012273788452
9,9645.012273788452
9,9645.012273788452
9,9645.012273788452
9,9645.012273788452
9,9699.010101795197
9,9699.010101795197
9,9699.010101795197
9,9699.010101795197
9,9699.010101795197
9,9699.010101795197
9,9699.010101795197
9,9699.010101795197
9,9699.010101795197
9,9741.012400150299
9,9741.012400150299
9,9741.012400150299
9,9741.012400150299
9,9741.012400150299
9,9741.012400150299
9,9741.012400150299
9,9741.012400150299
9,9741.012400150299
9,9771.018949508667
9,9771.018949508667
9,9771.018949508667
9,9771.018949508667
9,9771.018949508667
9,9771.018949508667
9,9771.018949508667
9,9771.018949508667
9,9771.018949508667
9,9809.012850761414
9,9809.012850761414
9,9809.012850761414
9,9809.012850761414
9,9809.012850761414
9,9809.012850761414
9,9809.012850761414
9,9809.012850761414
9,9809.012850761414
9,9851.013420581818
9,9851.013420581818
9,9851.013420581818
9,9851.013420581818
9,9851.013420581818
9,9851.013420581818
9,9851.013420581818
9,9851.013420581818
9,9851.013420581818
9,9885.01130104065
9,9885.01130104065
9,9885.01130104065
9,9885.01130104065
9,9885.01130104065
9,9885.01130104065
9,9885.01130104065
9,9885.01130104065
9,9885.01130104065
9,9951.008487701416
9,9951.008487701416
9,9951.008487701416
9,9951.008487701416
9,9951.008487701416
9,9951.008487701416
9,9951.008487701416
9,9951.008487701416
9,9951.008487701416
9,9973.015144348145
9,9973.015144348145
9,9973.015144348145
9,9973.015144348145
9,9973.015144348145
9,9973.015144348145
9,9973.015144348145
9,9973.015144348145
9,9973.015144348145
9,9999.0084400177
9,9999.0084400177
9,9999.0084400177
9,9999.0084400177
9,9999.0084400177
9,9999.0084400177
9,9999.0084400177
9,9999.0084400177
9,9999.0084400177
9,10077.011167526245
9,10077.011167526245
9,10077.011167526245
9,10077.011167526245
9,10077.011167526245
9,10077.011167526245
9,10077.011167526245
9,10077.011167526245
9,10077.011167526245
9,10099.010664463043
9,10099.010664463043
9,10099.010664463043
9,10099.010664463043
9,10099.010664463043
9,10099.010664463043
9,10099.010664463043
9,10099.010664463043
9,10099.010664463043
9,10161.018756389618
9,10161.018756389618
9,10161.018756389618
9,10161.018756389618
9,10161.018756389618
9,10161.018756389618
9,10161.018756389618
9,10161.018756389618
9,10161.018756389618
9,10187.008952617645
9,10187.008952617645
9,10187.008952617645
9,10187.008952617645
9,10187.008952617645
9,10187.008952617645
9,10187.008952617645
9,10187.008952617645
9,10187.008952617645
9,10221.012624263763
9,10221.012624263763
9,10221.012624263763
9,10221.012624263763
9,10221.012624263763
9,10221.012624263763
9,10221.012624263763
9,10221.012624263763
9,10221.012624263763
9,10255.017273426056
9,10255.017273426056
9,10255.017273426056
9,10255.017273426056
9,10255.017273426056
9,10255.017273426056
9,10255.017273426056
9,10255.017273426056
9,10255.017273426056
9,10325.014147758484
9,10325.014147758484
9,10325.014147758484
9,10325.014147758484
9,10325.014147758484
9,10325.014147758484
9,10325.014147758484
9,10325.014147758484
9,10325.014147758484
9,10363.015535354614
9,10363.015535354614
9,10363.015535354614
9,10363.015535354614
9,10363.015535354614
9,10363.015535354614
9,10363.015535354614
9,10363.015535354614
9,10363.015535354614
9,10385.015432834625
9,10385.015432834625
9,10385.015432834625
9,10385.015432834625
9,10385.015432834625
9,10385.015432834625
9,10385.015432834625
9,10385.015432834625
9,10385.015432834625
9,10427.010941028595
9,10427.010941028595
9,10427.010941028595
9,10427.010941028595
9,10427.010941028595
9,10427.010941028595
9,10427.010941028595
9,10427.010941028595
9,10427.010941028595
9,10485.013527870178
9,10485.013527870178
9,10485.013527870178
9,10485.013527870178
9,10485.013527870178
9,10485.013527870178
9,10485.013527870178
9,10485.013527870178
9,10485.013527870178
9,10523.01302242279
9,10523.01302242279
9,10523.01302242279
9,10523.01302242279
9,10523.01302242279
9,10523.01302242279
9,10523.01302242279
9,10523.01302242279
9,10523.01302242279
9,10573.013110637665
9,10573.013110637665
9,10573.013110637665
9,10573.013110637665
9,10573.013110637665
9,10573.013110637665
9,10573.013110637665
9,10573.013110637665
9,10573.013110637665
9,10595.010590553284
9,10595.010590553284
9,10595.010590553284
9,10595.010590553284
9,10595.010590553284
9,10595.010590553284
9,10595.010590553284
9,10595.010590553284
9,10595.010590553284
9,10641.009253025055
9,10641.009253025055
9,10641.009253025055
9,10641.009253025055
9,10641.009253025055
9,10641.009253025055
9,10641.009253025055
9,10641.009253025055
9,10641.009253025055
9,10679.01116991043
9,10679.01116991043
9,10679.01116991043
9,10679.01116991043
9,10679.01116991043
9,10679.01116991043
9,10679.01116991043
9,10679.01116991043
9,10679.01116991043
9,10737.018727779388
9,10737.018727779388
9,10737.018727779388
9,10737.018727779388
9,10737.018727779388
9,10737.018727779388
9,10737.018727779388
9,10737.018727779388
9,10737.018727779388
9,10791.013706684113
9,10791.013706684113
9,10791.013706684113
9,10791.013706684113
9,10791.013706684113
9,10791.013706684113
9,10791.013706684113
9,10791.013706684113
9,10791.013706684113
9,10829.013246536255
9,10829.013246536255
9,10829.013246536255
9,10829.013246536255
9,10829.013246536255
9,10829.013246536255
9,10829.013246536255
9,10829.013246536255
9,10829.013246536255
9,10859.011575222015
9,10859.011575222015
9,10859.011575222015
9,10859.011575222015
9,10859.011575222015
9,10859.011575222015
9,10859.011575222015
9,10859.011575222015
9,10859.011575222015
9,10905.009155273438
9,10905.009155273438
9,10905.009155273438
9,10905.009155273438
9,10905.009155273438
9,10905.009155273438
9,10905.009155273438
9,10905.009155273438
9,10905.009155273438
9,10951.009760856628
9,10951.009760856628
9,10951.009760856628
9,10951.009760856628
9,10951.009760856628
9,10951.009760856628
9,10951.009760856628
9,10951.009760856628
9,10951.009760856628
9,10989.01104593277
9,10989.01104593277
9,10989.01104593277
9,10989.01104593277
9,10989.01104593277
9,10989.01104593277
9,10989.01104593277
9,10989.01104593277
9,10989.01104593277
9,11043.00845193863
9,11043.00845193863
9,11043.00845193863
9,11043.00845193863
9,11043.00845193863
9,11043.00845193863
9,11043.00845193863
9,11043.00845193863
9,11043.00845193863
9,11085.009965896606
9,11085.009965896606
9,11085.009965896606
9,11085.009965896606
9,11085.009965896606
9,11085.009965896606
9,11085.009965896606
9,11085.009965896606
9,11085.009965896606
9,11127.016922950745
9,11127.016922950745
9,11127.016922950745
9,11127.016922950745
9,11127.016922950745
9,11127.016922950745
9,11127.016922950745
9,11127.016922950745
9,11127.016922950745
9,11133.008578300476
9,11133.008578300476
9,11133.008578300476
9,11133.008578300476
9,11133.008578300476
9,11133.008578300476
9,11133.008578300476
9,11133.008578300476
9,11133.008578300476
9,11211.008234977722
9,11211.008234977722
9,11211.008234977722
9,11211.008234977722
9,11211.008234977722
9,11211.008234977722
9,11211.008234977722
9,11211.008234977722
9,11211.008234977722
9,11253.011866092682
9,11253.011866092682
9,11253.011866092682
9,11253.011866092682
9,11253.011866092682
9,11253.011866092682
9,11253.011866092682
9,11253.011866092682
9,11253.011866092682
9,11283.013337135315
9,11283.013337135315
9,11283.013337135315
9,11283.013337135315
9,11283.013337135315
9,11283.013337135315
9,11283.013337135315
9,11283.013337135315
9,11283.013337135315
9,11321.00960111618
9,11321.00960111618
9,11321.00960111618
9,11321.00960111618
9,11321.00960111618
9,11321.00960111618
9,11321.00960111618
9,11321.00960111618
9,11321.00960111618
9,11363.00996351242
9,11363.00996351242
9,11363.00996351242
9,11363.00996351242
9,11363.00996351242
9,11363.00996351242
9,11363.00996351242
9,11363.00996351242
9,11363.00996351242
9,11405.011954307556
9,11405.011954307556
9,11405.011954307556
9,11405.011954307556
9,11405.011954307556
9,11405.011954307556
9,11405.011954307556
9,11405.011954307556
9,11405.011954307556
9,11451.00965833664
9,11451.00965833664
9,11451.00965833664
9,11451.00965833664
9,11451.00965833664
9,11451.00965833664
9,11451.00965833664
9,11451.00965833664
9,11451.00965833664
9,11493.008883476257
9,11493.008883476257
9,11493.008883476257
9,11493.008883476257
9,11493.008883476257
9,11493.008883476257
9,11493.008883476257
9,11493.008883476257
9,11493.008883476257
9,11547.011484622955
9,11547.011484622955
9,11547.011484622955
9,11547.011484622955
9,11547.011484622955
9,11547.011484622955
9,11547.011484622955
9,11547.011484622955
9,11547.011484622955
9,11565.009546279907
9,11565.009546279907
9,11565.009546279907
9,11565.009546279907
9,11565.009546279907
9,11565.009546279907
9,11565.009546279907
9,11565.009546279907
9,11565.009546279907
9,11631.01140832901
9,11631.01140832901
9,11631.01140832901
9,11631.01140832901
9,11631.01140832901
9,11631.01140832901
9,11631.01140832901
9,11631.01140832901
9,11631.01140832901
9,11645.010950565338
9,11645.010950565338
9,11645.010950565338
9,11645.010950565338
9,11645.010950565338
9,11645.010950565338
9,11645.010950565338
9,11645.010950565338
9,11645.010950565338
9,11687.011205673218
9,11687.011205673218
9,11687.011205673218
9,11687.011205673218
9,11687.011205673218
9,11687.011205673218
9,11687.011205673218
9,11687.011205673218
9,11687.011205673218
9,11745.01517534256
9,11745.01517534256
9,11745.01517534256
9,11745.01517534256
9,11745.01517534256
9,11745.01517534256
9,11745.01517534256
9,11745.01517534256
9,11745.01517534256
9,11799.009021759033
9,11799.009021759033
9,11799.009021759033
9,11799.009021759033
9,11799.009021759033
9,11799.009021759033
9,11799.009021759033
9,11799.009021759033
9,11799.009021759033
9,11833.01882314682
9,11833.01882314682
9,11833.01882314682
9,11833.01882314682
9,11833.01882314682
9,11833.01882314682
9,11833.01882314682
9,11833.01882314682
9,11833.01882314682
9,11879.011568069458
9,11879.011568069458
9,11879.011568069458
9,11879.011568069458
9,11879.011568069458
9,11879.011568069458
9,11879.011568069458
9,11879.011568069458
9,11879.011568069458
9,11905.012543201447
9,11905.012543201447
9,11905.012543201447
9,11905.012543201447
9,11905.012543201447
9,11905.012543201447
9,11905.012543201447
9,11905.012543201447
9,11905.012543201447
9,11967.008869171143
9,11967.008869171143
9,11967.008869171143
9,11967.008869171143
9,11967.008869171143
9,11967.008869171143
9,11967.008869171143
9,11967.008869171143
9,11967.008869171143
9,12001.01766204834
9,12001.01766204834
9,12001.01766204834
9,12001.01766204834
9,12001.01766204834
9,12001.01766204834
9,12001.01766204834
9,12001.01766204834
9,12001.01766204834
9,12047.014190673828
9,12047.014190673828
9,12047.014190673828
9,12047.014190673828
9,12047.014190673828
9,12047.014190673828
9,12047.014190673828
9,12047.014190673828
9,12047.014190673828
9,12069.0132894516
9,12069.0132894516
9,12069.0132894516
9,12069.0132894516
9,12069.0132894516
9,12069.0132894516
9,12069.0132894516
9,12069.0132894516
9,12069.0132894516
9,12127.009329319
9,12127.009329319
9,12127.009329319
9,12127.009329319
9,12127.009329319
9,12127.009329319
9,12127.009329319
9,12127.009329319
9,12127.009329319
9,12157.01101732254
9,12157.01101732254
9,12157.01101732254
9,12157.01101732254
9,12157.01101732254
9,12157.01101732254
9,12157.01101732254
9,12157.01101732254
9,12157.01101732254
9,12211.016603469849
9,12211.016603469849
9,12211.016603469849
9,12211.016603469849
9,12211.016603469849
9,12211.016603469849
9,12211.016603469849
9,12211.016603469849
9,12211.016603469849
9,12249.0084233284
9,12249.0084233284
9,12249.0084233284
9,12249.0084233284
9,12249.0084233284
9,12249.0084233284
9,12249.0084233284
9,12249.0084233284
9,12249.0084233284
9,12299.010335445404
9,12299.010335445404
9,12299.010335445404
9,12299.010335445404
9,12299.010335445404
9,12299.010335445404
9,12299.010335445404
9,12299.010335445404
9,12299.010335445404
9,12321.012695789337
9,12321.012695789337
9,12321.012695789337
9,12321.012695789337
9,12321.012695789337
9,12321.012695789337
9,12321.012695789337
9,12321.012695789337
9,12321.012695789337
9,12383.012726783752
9,12383.012726783752
9,12383.012726783752
9,12383.012726783752
9,12383.012726783752
9,12383.012726783752
9,12383.012726783752
9,12383.012726783752
9,12383.012726783752
9,12397.009410381317
9,12397.009410381317
9,12397.009410381317
9,12397.009410381317
9,12397.009410381317
9,12397.009410381317
9,12397.009410381317
9,12397.009410381317
9,12397.009410381317
9,12471.009660720825
9,12471.009660720825
9,12471.009660720825
9,12471.009660720825
9,12471.009660720825
9,12471.009660720825
9,12471.009660720825
9,12471.009660720825
9,12471.009660720825
9,12513.010919570923
9,12513.010919570923
9,12513.010919570923
9,12513.010919570923
9,12513.010919570923
9,12513.010919570923
9,12513.010919570923
9,12513.010919570923
9,12513.010919570923
9,12551.0128865242
9,12551.0128865242
9,12551.0128865242
9,12551.0128865242
9,12551.0128865242
9,12551.0128865242
9,12551.0128865242
9,12551.0128865242
9,12551.0128865242
9,12597.018417835236
9,12597.018417835236
9,12597.018417835236
9,12597.018417835236
9,12597.018417835236
9,12597.018417835236
9,12597.018417835236
9,12597.018417835236
9,12597.018417835236
9,12639.009939670563
9,12639.009939670563
9,12639.009939670563
9,12639.009939670563
9,12639.009939670563
9,12639.009939670563
9,12639.009939670563
9,12639.009939670563
9,12639.009939670563
9,12645.010824203491
9,12645.010824203491
9,12645.010824203491
9,12645.010824203491
9,12645.010824203491
9,12645.010824203491
9,12645.010824203491
9,12645.010824203491
9,12645.010824203491
9,12723.008871555328
9,12723.008871555328
9,12723.008871555328
9,12723.008871555328
9,12723.008871555328
9,12723.008871555328
9,12723.008871555328
9,12723.008871555328
9,12723.008871555328
9,12761.014119148254
9,12761.014119148254
9,12761.014119148254
9,12761.014119148254
9,12761.014119148254
9,12761.014119148254
9,12761.014119148254
9,12761.014119148254
9,12761.014119148254
9,12807.00949382782
9,12807.00949382782
9,12807.00949382782
9,12807.00949382782
9,12807.00949382782
9,12807.00949382782
9,12807.00949382782
9,12807.00949382782
9,12807.00949382782
9,12845.007874965668
9,12845.007874965668
9,12845.007874965668
9,12845.007874965668
9,12845.007874965668
9,12845.007874965668
9,12845.007874965668
9,12845.007874965668
9,12845.007874965668
9,12875.008974075317
9,12875.008974075317
9,12875.008974075317
9,12875.008974075317
9,12875.008974075317
9,12875.008974075317
9,12875.008974075317
9,12875.008974075317
9,12875.008974075317
9,12913.010879039764
9,12913.010879039764
9,12913.010879039764
9,12913.010879039764
9,12913.010879039764
9,12913.010879039764
9,12913.010879039764
9,12913.010879039764
9,12913.010879039764
9,12975.01336812973
9,12975.01336812973
9,12975.01336812973
9,12975.01336812973
9,12975.01336812973
9,12975.01336812973
9,12975.01336812973
9,12975.01336812973
9,12975.01336812973
9,13001.010170936584
9,13001.010170936584
9,13001.010170936584
9,13001.010170936584
9,13001.010170936584
9,13001.010170936584
9,13001.010170936584
9,13001.010170936584
9,13001.010170936584
9,13023.009851455688
9,13023.009851455688
9,13023.009851455688
9,13023.009851455688
9,13023.009851455688
9,13023.009851455688
9,13023.009851455688
9,13023.009851455688
9,13023.009851455688
9,13101.010783672333
9,13101.010783672333
9,13101.010783672333
9,13101.010783672333
9,13101.010783672333
9,13101.010783672333
9,13101.010783672333
9,13101.010783672333
9,13101.010783672333
9,13111.011959075928
9,13111.011959075928
9,13111.011959075928
9,13111.011959075928
9,13111.011959075928
9,13111.011959075928
9,13111.011959075928
9,13111.011959075928
9,13111.011959075928
9,13169.010993480682
9,13169.010993480682
9,13169.010993480682
9,13169.010993480682
9,13169.010993480682
9,13169.010993480682
9,13169.010993480682
9,13169.010993480682
9,13169.010993480682
9,13211.013227462769
9,13211.013227462769
9,13211.013227462769
9,13211.013227462769
9,13211.013227462769
9,13211.013227462769
9,13211.013227462769
9,13211.013227462769
9,13211.013227462769
9,13253.00921010971
9,13253.00921010971
9,13253.00921010971
9,13253.00921010971
9,13253.00921010971
9,13253.00921010971
9,13253.00921010971
9,13253.00921010971
9,13253.00921010971
9,13311.007953643799
9,13311.007953643799
9,13311.007953643799
9,13311.007953643799
9,13311.007953643799
9,13311.007953643799
9,13311.007953643799
9,13311.007953643799
9,13311.007953643799
9,13329.011808872223
9,13329.011808872223
9,13329.011808872223
9,13329.011808872223
9,13329.011808872223
9,13329.011808872223
9,13329.011808872223
9,13329.011808872223
9,13329.011808872223
9,13391.009908676147
9,13391.009908676147
9,13391.009908676147
9,13391.009908676147
9,13391.009908676147
9,13391.009908676147
9,13391.009908676147
9,13391.009908676147
9,13391.009908676147
9,13429.008137226105
9,13429.008137226105
9,13429.008137226105
9,13429.008137226105
9,13429.008137226105
9,13429.008137226105
9,13429.008137226105
9,13429.008137226105
9,13429.008137226105
9,13459.010092258453
9,13459.010092258453
9,13459.010092258453
9,13459.010092258453
9,13459.010092258453
9,13459.010092258453
9,13459.010092258453
9,13459.010092258453
9,13459.010092258453
9,13485.007038116455
9,13485.007038116455
9,13485.007038116455
9,13485.007038116455
9,13485.007038116455
9,13485.007038116455
9,13485.007038116455
9,13485.007038116455
9,13485.007038116455
9,13547.009007453918
9,13547.009007453918
9,13547.009007453918
9,13547.009007453918
9,13547.009007453918
9,13547.009007453918
9,13547.009007453918
9,13547.009007453918
9,13547.009007453918
9,13605.008890628815
9,13605.008890628815
9,13605.008890628815
9,13605.008890628815
9,13605.008890628815
9,13605.008890628815
9,13605.008890628815
9,13605.008890628815
9,13605.008890628815
9,13619.010588169098
9,13619.010588169098
9,13619.010588169098
9,13619.010588169098
9,13619.010588169098
9,13619.010588169098
9,13619.010588169098
9,13619.010588169098
9,13619.010588169098
9,13653.008990764618
9,13653.008990764618
9,13653.008990764618
9,13653.008990764618
9,13653.008990764618
9,13653.008990764618
9,13653.008990764618
9,13653.008990764618
9,13653.008990764618
9,13715.012331008911
9,13715.012331008911
9,13715.012331008911
9,13715.012331008911
9,13715.012331008911
9,13715.012331008911
9,13715.012331008911
9,13715.012331008911
9,13715.012331008911
9,13737.008428096771
9,13737.008428096771
9,13737.008428096771
9,13737.008428096771
9,13737.008428096771
9,13737.008428096771
9,13737.008428096771
9,13737.008428096771
9,13737.008428096771
9,13799.011439323425
9,13799.011439323425
9,13799.011439323425
9,13799.011439323425
9,13799.011439323425
9,13799.011439323425
9,13799.011439323425
9,13799.011439323425
9,13799.011439323425
9,13829.00997543335
9,13829.00997543335
9,13829.00997543335
9,13829.00997543335
9,13829.00997543335
9,13829.00997543335
9,13829.00997543335
9,13829.00997543335
9,13829.00997543335
9,13879.011970996857
9,13879.011970996857
9,13879.011970996857
9,13879.011970996857
9,13879.011970996857
9,13879.011970996857
9,13879.011970996857
9,13879.011970996857
9,13879.011970996857
9,13913.0124502182
9,13913.0124502182
9,13913.0124502182
9,13913.0124502182
9,13913.0124502182
9,13913.0124502182
9,13913.0124502182
9,13913.0124502182
9,13913.0124502182
9,13983.008835792542
9,13983.008835792542
9,13983.008835792542
9,13983.008835792542
9,13983.008835792542
9,13983.008835792542
9,13983.008835792542
9,13983.008835792542
9,13983.008835792542
9,14017.012946128845
9,14017.012946128845
9,14017.012946128845
9,14017.012946128845
9,14017.012946128845
9,14017.012946128845
9,14017.012946128845
9,14017.012946128845
9,14017.012946128845
