1,3040
1,3066
1,3098
1,3148
1,3178
1,3246
1,3288
1,3324
1,3356
1,3384
1,3446
1,3490
1,3522
1,3556
1,3616
1,3640
1,3700
1,3724
1,3766
1,3838
1,3858
1,3888
1,3948
1,3984
1,4010
1,4052
1,4114
1,4156
1,4186
1,4220
1,4270
1,4342
1,4352
1,4422
1,4452
1,4472
1,4514
1,4578
1,4598
1,4640
1,4716
1,4738
1,4792
1,4834
1,4862
1,4926
1,4968
1,5006
1,5044
1,5094
1,5112
1,5148
1,5224
1,5246
1,5294
1,5334
1,5370
1,5400
1,5438
1,5514
1,5534
1,5576
1,5614
1,5682
1,5712
1,5746
1,5798
1,5848
1,5862
1,5928
1,5968
1,6018
1,6060
1,6084
1,6138
1,6172
1,6212
1,6248
1,6288
1,6332
1,6400
1,6408
1,6484
1,6496
1,6540
1,6600
1,6652
1,6656
1,6706
1,6774
1,6808
1,6832
1,6876
1,6916
1,6958
1,7020
1,7048
1,7100
1,7118
1,7168
1,7206
1,7268
1,7324
1,7336
1,7404
1,7440
1,7478
1,7508
1,7548
1,7588
1,7632
1,7684
1,7710
1,7772
1,7824
1,7852
1,7894
1,7924
1,7984
1,8000
1,8068
1,8092
1,8164
1,8194
1,8226
1,8280
1,8294
1,8360
1,8382
1,8438
1,8500
1,8516
1,8554
1,8622
1,8638
1,8698
1,8752
1,8756
1,8828
1,8864
1,8920
1,8948
1,8966
1,9034
1,9076
1,9108
1,9162
1,9214
1,9238
1,9270
1,9330
1,9366
1,9412
1,9440
1,9482
1,9516
1,9588
1,9626
1,9672
1,9696
1,9744
1,9776
1,9810
1,9878
1,9924
1,9966
1,10002
1,10034
1,10062
1,10112
1,10180
1,10198
1,10238
1,10302
1,10340
1,10356
1,10428
1,10466
1,10482
1,10540
1,10580
1,10624
1,10676
1,10700
1,10756
1,10782
1,10814
1,10866
1,10898
1,10966
1,10986
1,11054
1,11104
1,11130
1,11162
1,11216
1,11268
1,11306
1,11322
1,11374
1,11436
1,11456
1,11516
1,11532
1,11578
1,11612
1,11688
1,11726
1,11752
1,11818
1,11842
1,11884
1,11944
1,11962
1,12002
1,12066
1,12078
1,12142
1,12196
1,12220
1,12254
1,12310
1,12346
1,12402
1,12422
1,12452
1,12516
1,12544
1,12578
1,12632
1,12662
1,12720
1,12772
1,12800
1,12846
1,12896
1,12922
1,12968
1,13032
1,13058
1,13086
1,13124
1,13178
1,13224
1,13284
1,13296
1,13352
1,13394
1,13446
1,13460
1,13530
1,13582
1,13602
1,13636
1,13678
1,13716
1,13778
1,13822
1,13872
1,13914
1,13944
1,13976
1,14030
1,14070
1,14090
1,14138
1,14186
1,14254
1,14296
1,14314
1,14372
1,14422
1,14430
1,14492
1,14532
1,14564
1,14598
1,14636
1,14698
1,14748
1,14796
1,14816
1,14852
1,14912
1,14964
1,14996
1,15042
1,15078
1,15122
1,15146
1,15208
1,15236
1,15278
1,15316
1,15358
1,15392
1,15472
1,15500
1,15530
1,15590
1,15636
1,15652
1,15714
1,15752
1,15804
1,15822
1,15864
1,15896
1,15964
1,15992
1,16052
1,16102
1,16110
1,16170
1,16228
1,16256
1,16304
1,16354
1,16358
1,16416
1,16450
1,16522
1,16530
1,16578
1,16630
1,16652
1,16702
1,16744
1,16782
1,16830
1,16874
1,16912
1,16970
1,16996
