9,3035
9,3035
9,3035
9,3035
9,3035
9,3035
9,3035
9,3035
9,3035
9,3045
9,3045
9,3045
9,3045
9,3045
9,3045
9,3045
9,3045
9,3045
9,3119
9,3119
9,3119
9,3119
9,3119
9,3119
9,3119
9,3119
9,3119
9,3157
9,3157
9,3157
9,3157
9,3157
9,3157
9,3157
9,3157
9,3157
9,3207
9,3207
9,3207
9,3207
9,3207
9,3207
9,3207
9,3207
9,3207
9,3213
9,3213
9,3213
9,3213
9,3213
9,3213
9,3213
9,3213
9,3213
9,3283
9,3283
9,3283
9,3283
9,3283
9,3283
9,3283
9,3283
9,3283
9,3333
9,3333
9,3333
9,3333
9,3333
9,3333
9,3333
9,3333
9,3333
9,3347
9,3347
9,3347
9,3347
9,3347
9,3347
9,3347
9,3347
9,3347
9,3389
9,3389
9,3389
9,3389
9,3389
9,3389
9,3389
9,3389
9,3389
9,3459
9,3459
9,3459
9,3459
9,3459
9,3459
9,3459
9,3459
9,3459
9,3485
9,3485
9,3485
9,3485
9,3485
9,3485
9,3485
9,3485
9,3485
9,3539
9,3539
9,3539
9,3539
9,3539
9,3539
9,3539
9,3539
9,3539
9,3561
9,3561
9,3561
9,3561
9,3561
9,3561
9,3561
9,3561
9,3561
9,3603
9,3603
9,3603
9,3603
9,3603
9,3603
9,3603
9,3603
9,3603
9,3657
9,3657
9,3657
9,3657
9,3657
9,3657
9,3657
9,3657
9,3657
9,3679
9,3679
9,3679
9,3679
9,3679
9,3679
9,3679
9,3679
9,3679
9,3745
9,3745
9,3745
9,3745
9,3745
9,3745
9,3745
9,3745
9,3745
9,3783
9,3783
9,3783
9,3783
9,3783
9,3783
9,3783
9,3783
9,3783
9,3805
9,3805
9,3805
9,3805
9,3805
9,3805
9,3805
9,3805
9,3805
9,3879
9,3879
9,3879
9,3879
9,3879
9,3879
9,3879
9,3879
9,3879
9,3917
9,3917
9,3917
9,3917
9,3917
9,3917
9,3917
9,3917
9,3917
9,3931
9,3931
9,3931
9,3931
9,3931
9,3931
9,3931
9,3931
9,3931
9,4001
9,4001
9,4001
9,4001
9,4001
9,4001
9,4001
9,4001
9,4001
9,4031
9,4031
9,4031
9,4031
9,4031
9,4031
9,4031
9,4031
9,4031
9,4065
9,4065
9,4065
9,4065
9,4065
9,4065
9,4065
9,4065
9,4065
9,4127
9,4127
9,4127
9,4127
9,4127
9,4127
9,4127
9,4127
9,4127
9,4169
9,4169
9,4169
9,4169
9,4169
9,4169
9,4169
9,4169
9,4169
9,4211
9,4211
9,4211
9,4211
9,4211
9,4211
9,4211
9,4211
9,4211
9,4245
9,4245
9,4245
9,4245
9,4245
9,4245
9,4245
9,4245
9,4245
9,4295
9,4295
9,4295
9,4295
9,4295
9,4295
9,4295
9,4295
9,4295
9,4325
9,4325
9,4325
9,4325
9,4325
9,4325
9,4325
9,4325
9,4325
9,4347
9,4347
9,4347
9,4347
9,4347
9,4347
9,4347
9,4347
9,4347
9,4405
9,4405
9,4405
9,4405
9,4405
9,4405
9,4405
9,4405
9,4405
9,4435
9,4435
9,4435
9,4435
9,4435
9,4435
9,4435
9,4435
9,4435
9,4493
9,4493
9,4493
9,4493
9,4493
9,4493
9,4493
9,4493
9,4493
9,4547
9,4547
9,4547
9,4547
9,4547
9,4547
9,4547
9,4547
9,4547
9,4573
9,4573
9,4573
9,4573
9,4573
9,4573
9,4573
9,4573
9,4573
9,4611
9,4611
9,4611
9,4611
9,4611
9,4611
9,4611
9,4611
9,4611
9,4649
9,4649
9,4649
9,4649
9,4649
9,4649
9,4649
9,4649
9,4649
9,4707
9,4707
9,4707
9,4707
9,4707
9,4707
9,4707
9,4707
9,4707
9,4725
9,4725
9,4725
9,4725
9,4725
9,4725
9,4725
9,4725
9,4725
9,4779
9,4779
9,4779
9,4779
9,4779
9,4779
9,4779
9,4779
9,4779
9,4809
9,4809
9,4809
9,4809
9,4809
9,4809
9,4809
9,4809
9,4809
9,4875
9,4875
9,4875
9,4875
9,4875
9,4875
9,4875
9,4875
9,4875
9,4917
9,4917
9,4917
9,4917
9,4917
9,4917
9,4917
9,4917
9,4917
9,4935
9,4935
9,4935
9,4935
9,4935
9,4935
9,4935
9,4935
9,4935
9,4997
9,4997
9,4997
9,4997
9,4997
9,4997
9,4997
9,4997
9,4997
9,5027
9,5027
9,5027
9,5027
9,5027
9,5027
9,5027
9,5027
9,5027
9,5089
9,5089
9,5089
9,5089
9,5089
9,5089
9,5089
9,5089
9,5089
9,5107
9,5107
9,5107
9,5107
9,5107
9,5107
9,5107
9,5107
9,5107
9,5169
9,5169
9,5169
9,5169
9,5169
9,5169
9,5169
9,5169
9,5169
9,5191
9,5191
9,5191
9,5191
9,5191
9,5191
9,5191
9,5191
9,5191
9,5237
9,5237
9,5237
9,5237
9,5237
9,5237
9,5237
9,5237
9,5237
9,5303
9,5303
9,5303
9,5303
9,5303
9,5303
9,5303
9,5303
9,5303
9,5329
9,5329
9,5329
9,5329
9,5329
9,5329
9,5329
9,5329
9,5329
9,5375
9,5375
9,5375
9,5375
9,5375
9,5375
9,5375
9,5375
9,5375
9,5421
9,5421
9,5421
9,5421
9,5421
9,5421
9,5421
9,5421
9,5421
9,5455
9,5455
9,5455
9,5455
9,5455
9,5455
9,5455
9,5455
9,5455
9,5481
9,5481
9,5481
9,5481
9,5481
9,5481
9,5481
9,5481
9,5481
9,5555
9,5555
9,5555
9,5555
9,5555
9,5555
9,5555
9,5555
9,5555
9,5585
9,5585
9,5585
9,5585
9,5585
9,5585
9,5585
9,5585
9,5585
9,5643
9,5643
9,5643
9,5643
9,5643
9,5643
9,5643
9,5643
9,5643
9,5677
9,5677
9,5677
9,5677
9,5677
9,5677
9,5677
9,5677
9,5677
9,5695
9,5695
9,5695
9,5695
9,5695
9,5695
9,5695
9,5695
9,5695
9,5737
9,5737
9,5737
9,5737
9,5737
9,5737
9,5737
9,5737
9,5737
9,5811
9,5811
9,5811
9,5811
9,5811
9,5811
9,5811
9,5811
9,5811
9,5853
9,5853
9,5853
9,5853
9,5853
9,5853
9,5853
9,5853
9,5853
9,5871
9,5871
9,5871
9,5871
9,5871
9,5871
9,5871
9,5871
9,5871
9,5937
9,5937
9,5937
9,5937
9,5937
9,5937
9,5937
9,5937
9,5937
9,5963
9,5963
9,5963
9,5963
9,5963
9,5963
9,5963
9,5963
9,5963
9,6009
9,6009
9,6009
9,6009
9,6009
9,6009
9,6009
9,6009
9,6009
9,6031
9,6031
9,6031
9,6031
9,6031
9,6031
9,6031
9,6031
9,6031
9,6105
9,6105
9,6105
9,6105
9,6105
9,6105
9,6105
9,6105
9,6105
9,6147
9,6147
9,6147
9,6147
9,6147
9,6147
9,6147
9,6147
9,6147
9,6177
9,6177
9,6177
9,6177
9,6177
9,6177
9,6177
9,6177
9,6177
9,6207
9,6207
9,6207
9,6207
9,6207
9,6207
9,6207
9,6207
9,6207
9,6273
9,6273
9,6273
9,6273
9,6273
9,6273
9,6273
9,6273
9,6273
9,6283
9,6283
9,6283
9,6283
9,6283
9,6283
9,6283
9,6283
9,6283
9,6357
9,6357
9,6357
9,6357
9,6357
9,6357
9,6357
9,6357
9,6357
9,6391
9,6391
9,6391
9,6391
9,6391
9,6391
9,6391
9,6391
9,6391
9,6441
9,6441
9,6441
9,6441
9,6441
9,6441
9,6441
9,6441
9,6441
9,6459
9,6459
9,6459
9,6459
9,6459
9,6459
9,6459
9,6459
9,6459
9,6513
9,6513
9,6513
9,6513
9,6513
9,6513
9,6513
9,6513
9,6513
9,6531
9,6531
9,6531
9,6531
9,6531
9,6531
9,6531
9,6531
9,6531
9,6605
9,6605
9,6605
9,6605
9,6605
9,6605
9,6605
9,6605
9,6605
9,6627
9,6627
9,6627
9,6627
9,6627
9,6627
9,6627
9,6627
9,6627
9,6693
9,6693
9,6693
9,6693
9,6693
9,6693
9,6693
9,6693
9,6693
9,6719
9,6719
9,6719
9,6719
9,6719
9,6719
9,6719
9,6719
9,6719
9,6769
9,6769
9,6769
9,6769
9,6769
9,6769
9,6769
9,6769
9,6769
9,6783
9,6783
9,6783
9,6783
9,6783
9,6783
9,6783
9,6783
9,6783
9,6857
9,6857
9,6857
9,6857
9,6857
9,6857
9,6857
9,6857
9,6857
9,6871
9,6871
9,6871
9,6871
9,6871
9,6871
9,6871
9,6871
9,6871
9,6933
9,6933
9,6933
9,6933
9,6933
9,6933
9,6933
9,6933
9,6933
9,6971
9,6971
9,6971
9,6971
9,6971
9,6971
9,6971
9,6971
9,6971
9,7029
9,7029
9,7029
9,7029
9,7029
9,7029
9,7029
9,7029
9,7029
9,7043
9,7043
9,7043
9,7043
9,7043
9,7043
9,7043
9,7043
9,7043
9,7105
9,7105
9,7105
9,7105
9,7105
9,7105
9,7105
9,7105
9,7105
9,7127
9,7127
9,7127
9,7127
9,7127
9,7127
9,7127
9,7127
9,7127
9,7185
9,7185
9,7185
9,7185
9,7185
9,7185
9,7185
9,7185
9,7185
9,7223
9,7223
9,7223
9,7223
9,7223
9,7223
9,7223
9,7223
9,7223
9,7277
9,7277
9,7277
9,7277
9,7277
9,7277
9,7277
9,7277
9,7277
9,7307
9,7307
9,7307
9,7307
9,7307
9,7307
9,7307
9,7307
9,7307
9,7341
9,7341
9,7341
9,7341
9,7341
9,7341
9,7341
9,7341
9,7341
9,7371
9,7371
9,7371
9,7371
9,7371
9,7371
9,7371
9,7371
9,7371
9,7449
9,7449
9,7449
9,7449
9,7449
9,7449
9,7449
9,7449
9,7449
9,7487
9,7487
9,7487
9,7487
9,7487
9,7487
9,7487
9,7487
9,7487
9,7533
9,7533
9,7533
9,7533
9,7533
9,7533
9,7533
9,7533
9,7533
9,7539
9,7539
9,7539
9,7539
9,7539
9,7539
9,7539
9,7539
9,7539
9,7613
9,7613
9,7613
9,7613
9,7613
9,7613
9,7613
9,7613
9,7613
9,7623
9,7623
9,7623
9,7623
9,7623
9,7623
9,7623
9,7623
9,7623
9,7701
9,7701
9,7701
9,7701
9,7701
9,7701
9,7701
9,7701
9,7701
9,7731
9,7731
9,7731
9,7731
9,7731
9,7731
9,7731
9,7731
9,7731
9,7777
9,7777
9,7777
9,7777
9,7777
9,7777
9,7777
9,7777
9,7777
9,7815
9,7815
9,7815
9,7815
9,7815
9,7815
9,7815
9,7815
9,7815
9,7869
9,7869
9,7869
9,7869
9,7869
9,7869
9,7869
9,7869
9,7869
9,7911
9,7911
9,7911
9,7911
9,7911
9,7911
9,7911
9,7911
9,7911
9,7953
9,7953
9,7953
9,7953
9,7953
9,7953
9,7953
9,7953
9,7953
9,7971
9,7971
9,7971
9,7971
9,7971
9,7971
9,7971
9,7971
9,7971
9,8037
9,8037
9,8037
9,8037
9,8037
9,8037
9,8037
9,8037
9,8037
9,8043
9,8043
9,8043
9,8043
9,8043
9,8043
9,8043
9,8043
9,8043
9,8117
9,8117
9,8117
9,8117
9,8117
9,8117
9,8117
9,8117
9,8117
9,8131
9,8131
9,8131
9,8131
9,8131
9,8131
9,8131
9,8131
9,8131
9,8169
9,8169
9,8169
9,8169
9,8169
9,8169
9,8169
9,8169
9,8169
9,8243
9,8243
9,8243
9,8243
9,8243
9,8243
9,8243
9,8243
9,8243
9,8285
9,8285
9,8285
9,8285
9,8285
9,8285
9,8285
9,8285
9,8285
9,8307
9,8307
9,8307
9,8307
9,8307
9,8307
9,8307
9,8307
9,8307
9,8369
9,8369
9,8369
9,8369
9,8369
9,8369
9,8369
9,8369
9,8369
9,8395
9,8395
9,8395
9,8395
9,8395
9,8395
9,8395
9,8395
9,8395
9,8421
9,8421
9,8421
9,8421
9,8421
9,8421
9,8421
9,8421
9,8421
9,8487
9,8487
9,8487
9,8487
9,8487
9,8487
9,8487
9,8487
9,8487
9,8533
9,8533
9,8533
9,8533
9,8533
9,8533
9,8533
9,8533
9,8533
9,8571
9,8571
9,8571
9,8571
9,8571
9,8571
9,8571
9,8571
9,8571
9,8589
9,8589
9,8589
9,8589
9,8589
9,8589
9,8589
9,8589
9,8589
9,8667
9,8667
9,8667
9,8667
9,8667
9,8667
9,8667
9,8667
9,8667
9,8693
9,8693
9,8693
9,8693
9,8693
9,8693
9,8693
9,8693
9,8693
9,8747
9,8747
9,8747
9,8747
9,8747
9,8747
9,8747
9,8747
9,8747
9,8781
9,8781
9,8781
9,8781
9,8781
9,8781
9,8781
9,8781
9,8781
9,8807
9,8807
9,8807
9,8807
9,8807
9,8807
9,8807
9,8807
9,8807
9,8869
9,8869
9,8869
9,8869
9,8869
9,8869
9,8869
9,8869
9,8869
9,8907
9,8907
9,8907
9,8907
9,8907
9,8907
9,8907
9,8907
9,8907
9,8961
9,8961
9,8961
9,8961
9,8961
9,8961
9,8961
9,8961
9,8961
9,8975
9,8975
9,8975
9,8975
9,8975
9,8975
9,8975
9,8975
9,8975
9,9017
9,9017
9,9017
9,9017
9,9017
9,9017
9,9017
9,9017
9,9017
9,9071
9,9071
9,9071
9,9071
9,9071
9,9071
9,9071
9,9071
9,9071
9,9113
9,9113
9,9113
9,9113
9,9113
9,9113
9,9113
9,9113
9,9113
9,9171
9,9171
9,9171
9,9171
9,9171
9,9171
9,9171
9,9171
9,9171
9,9185
9,9185
9,9185
9,9185
9,9185
9,9185
9,9185
9,9185
9,9185
9,9255
9,9255
9,9255
9,9255
9,9255
9,9255
9,9255
9,9255
9,9255
9,9261
9,9261
9,9261
9,9261
9,9261
9,9261
9,9261
9,9261
9,9261
9,9335
9,9335
9,9335
9,9335
9,9335
9,9335
9,9335
9,9335
9,9335
9,9361
9,9361
9,9361
9,9361
9,9361
9,9361
9,9361
9,9361
9,9361
9,9403
9,9403
9,9403
9,9403
9,9403
9,9403
9,9403
9,9403
9,9403
9,9457
9,9457
9,9457
9,9457
9,9457
9,9457
9,9457
9,9457
9,9457
9,9499
9,9499
9,9499
9,9499
9,9499
9,9499
9,9499
9,9499
9,9499
9,9521
9,9521
9,9521
9,9521
9,9521
9,9521
9,9521
9,9521
9,9521
9,9579
9,9579
9,9579
9,9579
9,9579
9,9579
9,9579
9,9579
9,9579
9,9613
9,9613
9,9613
9,9613
9,9613
9,9613
9,9613
9,9613
9,9613
9,9667
9,9667
9,9667
9,9667
9,9667
9,9667
9,9667
9,9667
9,9667
9,9705
9,9705
9,9705
9,9705
9,9705
9,9705
9,9705
9,9705
9,9705
9,9735
9,9735
9,9735
9,9735
9,9735
9,9735
9,9735
9,9735
9,9735
9,9781
9,9781
9,9781
9,9781
9,9781
9,9781
9,9781
9,9781
9,9781
9,9835
9,9835
9,9835
9,9835
9,9835
9,9835
9,9835
9,9835
9,9835
9,9861
9,9861
9,9861
9,9861
9,9861
9,9861
9,9861
9,9861
9,9861
9,9891
9,9891
9,9891
9,9891
9,9891
9,9891
9,9891
9,9891
9,9891
9,9961
9,9961
9,9961
9,9961
9,9961
9,9961
9,9961
9,9961
9,9961
9,10011
9,10011
9,10011
9,10011
9,10011
9,10011
9,10011
9,10011
9,10011
9,10017
9,10017
9,10017
9,10017
9,10017
9,10017
9,10017
9,10017
9,10017
9,10095
9,10095
9,10095
9,10095
9,10095
9,10095
9,10095
9,10095
9,10095
9,10121
9,10121
9,10121
9,10121
9,10121
9,10121
9,10121
9,10121
9,10121
9,10171
9,10171
9,10171
9,10171
9,10171
9,10171
9,10171
9,10171
9,10171
9,10193
9,10193
9,10193
9,10193
9,10193
9,10193
9,10193
9,10193
9,10193
9,10259
9,10259
9,10259
9,10259
9,10259
9,10259
9,10259
9,10259
9,10259
9,10285
9,10285
9,10285
9,10285
9,10285
9,10285
9,10285
9,10285
9,10285
9,10311
9,10311
9,10311
9,10311
9,10311
9,10311
9,10311
9,10311
9,10311
9,10373
9,10373
9,10373
9,10373
9,10373
9,10373
9,10373
9,10373
9,10373
9,10395
9,10395
9,10395
9,10395
9,10395
9,10395
9,10395
9,10395
9,10395
9,10461
9,10461
9,10461
9,10461
9,10461
9,10461
9,10461
9,10461
9,10461
9,10507
9,10507
9,10507
9,10507
9,10507
9,10507
9,10507
9,10507
9,10507
9,10553
9,10553
9,10553
9,10553
9,10553
9,10553
9,10553
9,10553
9,10553
9,10567
9,10567
9,10567
9,10567
9,10567
9,10567
9,10567
9,10567
9,10567
9,10641
9,10641
9,10641
9,10641
9,10641
9,10641
9,10641
9,10641
9,10641
9,10671
9,10671
9,10671
9,10671
9,10671
9,10671
9,10671
9,10671
9,10671
9,10709
9,10709
9,10709
9,10709
9,10709
9,10709
9,10709
9,10709
9,10709
9,10739
9,10739
9,10739
9,10739
9,10739
9,10739
9,10739
9,10739
9,10739
9,10777
9,10777
9,10777
9,10777
9,10777
9,10777
9,10777
9,10777
9,10777
9,10851
9,10851
9,10851
9,10851
9,10851
9,10851
9,10851
9,10851
9,10851
9,10861
9,10861
9,10861
9,10861
9,10861
9,10861
9,10861
9,10861
9,10861
9,10915
9,10915
9,10915
9,10915
9,10915
9,10915
9,10915
9,10915
9,10915
9,10945
9,10945
9,10945
9,10945
9,10945
9,10945
9,10945
9,10945
9,10945
9,11015
9,11015
9,11015
9,11015
9,11015
9,11015
9,11015
9,11015
9,11015
9,11045
9,11045
9,11045
9,11045
9,11045
9,11045
9,11045
9,11045
9,11045
9,11075
9,11075
9,11075
9,11075
9,11075
9,11075
9,11075
9,11075
9,11075
9,11117
9,11117
9,11117
9,11117
9,11117
9,11117
9,11117
9,11117
9,11117
9,11179
9,11179
9,11179
9,11179
9,11179
9,11179
9,11179
9,11179
9,11179
9,11225
9,11225
9,11225
9,11225
9,11225
9,11225
9,11225
9,11225
9,11225
9,11239
9,11239
9,11239
9,11239
9,11239
9,11239
9,11239
9,11239
9,11239
9,11277
9,11277
9,11277
9,11277
9,11277
9,11277
9,11277
9,11277
9,11277
9,11335
9,11335
9,11335
9,11335
9,11335
9,11335
9,11335
9,11335
9,11335
9,11365
9,11365
9,11365
9,11365
9,11365
9,11365
9,11365
9,11365
9,11365
9,11423
9,11423
9,11423
9,11423
9,11423
9,11423
9,11423
9,11423
9,11423
9,11481
9,11481
9,11481
9,11481
9,11481
9,11481
9,11481
9,11481
9,11481
9,11495
9,11495
9,11495
9,11495
9,11495
9,11495
9,11495
9,11495
9,11495
9,11565
9,11565
9,11565
9,11565
9,11565
9,11565
9,11565
9,11565
9,11565
9,11595
9,11595
9,11595
9,11595
9,11595
9,11595
9,11595
9,11595
9,11595
9,11625
9,11625
9,11625
9,11625
9,11625
9,11625
9,11625
9,11625
9,11625
9,11667
9,11667
9,11667
9,11667
9,11667
9,11667
9,11667
9,11667
9,11667
9,11721
9,11721
9,11721
9,11721
9,11721
9,11721
9,11721
9,11721
9,11721
9,11739
9,11739
9,11739
9,11739
9,11739
9,11739
9,11739
9,11739
9,11739
9,11813
9,11813
9,11813
9,11813
9,11813
9,11813
9,11813
9,11813
9,11813
9,11851
9,11851
9,11851
9,11851
9,11851
9,11851
9,11851
9,11851
9,11851
9,11889
9,11889
9,11889
9,11889
9,11889
9,11889
9,11889
9,11889
9,11889
9,11923
9,11923
9,11923
9,11923
9,11923
9,11923
9,11923
9,11923
9,11923
9,11949
9,11949
9,11949
9,11949
9,11949
9,11949
9,11949
9,11949
9,11949
9,12011
9,12011
9,12011
9,12011
9,12011
9,12011
9,12011
9,12011
9,12011
9,12037
9,12037
9,12037
9,12037
9,12037
9,12037
9,12037
9,12037
9,12037
9,12087
9,12087
9,12087
9,12087
9,12087
9,12087
9,12087
9,12087
9,12087
9,12121
9,12121
9,12121
9,12121
9,12121
9,12121
9,12121
9,12121
9,12121
9,12179
9,12179
9,12179
9,12179
9,12179
9,12179
9,12179
9,12179
9,12179
9,12229
9,12229
9,12229
9,12229
9,12229
9,12229
9,12229
9,12229
9,12229
9,12275
9,12275
9,12275
9,12275
9,12275
9,12275
9,12275
9,12275
9,12275
9,12297
9,12297
9,12297
9,12297
9,12297
9,12297
9,12297
9,12297
9,12297
9,12355
9,12355
9,12355
9,12355
9,12355
9,12355
9,12355
9,12355
9,12355
9,12393
9,12393
9,12393
9,12393
9,12393
9,12393
9,12393
9,12393
9,12393
9,12427
9,12427
9,12427
9,12427
9,12427
9,12427
9,12427
9,12427
9,12427
9,12477
9,12477
9,12477
9,12477
9,12477
9,12477
9,12477
9,12477
9,12477
9,12507
9,12507
9,12507
9,12507
9,12507
9,12507
9,12507
9,12507
9,12507
9,12549
9,12549
9,12549
9,12549
9,12549
9,12549
9,12549
9,12549
9,12549
9,12587
9,12587
9,12587
9,12587
9,12587
9,12587
9,12587
9,12587
9,12587
9,12657
9,12657
9,12657
9,12657
9,12657
9,12657
9,12657
9,12657
9,12657
9,12695
9,12695
9,12695
9,12695
9,12695
9,12695
9,12695
9,12695
9,12695
9,12737
9,12737
9,12737
9,12737
9,12737
9,12737
9,12737
9,12737
9,12737
9,12763
9,12763
9,12763
9,12763
9,12763
9,12763
9,12763
9,12763
9,12763
9,12813
9,12813
9,12813
9,12813
9,12813
9,12813
9,12813
9,12813
9,12813
9,12851
9,12851
9,12851
9,12851
9,12851
9,12851
9,12851
9,12851
9,12851
9,12909
9,12909
9,12909
9,12909
9,12909
9,12909
9,12909
9,12909
9,12909
9,12943
9,12943
9,12943
9,12943
9,12943
9,12943
9,12943
9,12943
9,12943
9,12989
9,12989
9,12989
9,12989
9,12989
9,12989
9,12989
9,12989
9,12989
9,13027
9,13027
9,13027
9,13027
9,13027
9,13027
9,13027
9,13027
9,13027
9,13045
9,13045
9,13045
9,13045
9,13045
9,13045
9,13045
9,13045
9,13045
9,13119
9,13119
9,13119
9,13119
9,13119
9,13119
9,13119
9,13119
9,13119
9,13141
9,13141
9,13141
9,13141
9,13141
9,13141
9,13141
9,13141
9,13141
9,13187
9,13187
9,13187
9,13187
9,13187
9,13187
9,13187
9,13187
9,13187
9,13241
9,13241
9,13241
9,13241
9,13241
9,13241
9,13241
9,13241
9,13241
9,13275
9,13275
9,13275
9,13275
9,13275
9,13275
9,13275
9,13275
9,13275
9,13329
9,13329
9,13329
9,13329
9,13329
9,13329
9,13329
9,13329
9,13329
9,13339
9,13339
9,13339
9,13339
9,13339
9,13339
9,13339
9,13339
9,13339
9,13385
9,13385
9,13385
9,13385
9,13385
9,13385
9,13385
9,13385
9,13385
9,13451
9,13451
9,13451
9,13451
9,13451
9,13451
9,13451
9,13451
9,13451
9,13473
9,13473
9,13473
9,13473
9,13473
9,13473
9,13473
9,13473
9,13473
9,13535
9,13535
9,13535
9,13535
9,13535
9,13535
9,13535
9,13535
9,13535
9,13557
9,13557
9,13557
9,13557
9,13557
9,13557
9,13557
9,13557
9,13557
9,13619
9,13619
9,13619
9,13619
9,13619
9,13619
9,13619
9,13619
9,13619
9,13641
9,13641
9,13641
9,13641
9,13641
9,13641
9,13641
9,13641
9,13641
9,13683
9,13683
9,13683
9,13683
9,13683
9,13683
9,13683
9,13683
9,13683
9,13725
9,13725
9,13725
9,13725
9,13725
9,13725
9,13725
9,13725
9,13725
9,13791
9,13791
9,13791
9,13791
9,13791
9,13791
9,13791
9,13791
9,13791
9,13813
9,13813
9,13813
9,13813
9,13813
9,13813
9,13813
9,13813
9,13813
9,13863
9,13863
9,13863
9,13863
9,13863
9,13863
9,13863
9,13863
9,13863
9,13881
9,13881
9,13881
9,13881
9,13881
9,13881
9,13881
9,13881
9,13881
9,13931
9,13931
9,13931
9,13931
9,13931
9,13931
9,13931
9,13931
9,13931
9,13997
9,13997
9,13997
9,13997
9,13997
9,13997
9,13997
9,13997
9,13997
9,14039
9,14039
9,14039
9,14039
9,14039
9,14039
9,14039
9,14039
9,14039
9,14057
9,14057
9,14057
9,14057
9,14057
9,14057
9,14057
9,14057
9,14057
9,14095
9,14095
9,14095
9,14095
9,14095
9,14095
9,14095
9,14095
9,14095
9,14133
9,14133
9,14133
9,14133
9,14133
9,14133
9,14133
9,14133
9,14133
9,14199
9,14199
9,14199
9,14199
9,14199
9,14199
9,14199
9,14199
9,14199
9,14245
9,14245
9,14245
9,14245
9,14245
9,14245
9,14245
9,14245
9,14245
9,14291
9,14291
9,14291
9,14291
9,14291
9,14291
9,14291
9,14291
9,14291
9,14305
9,14305
9,14305
9,14305
9,14305
9,14305
9,14305
9,14305
9,14305
9,14355
9,14355
9,14355
9,14355
9,14355
9,14355
9,14355
9,14355
9,14355
9,14389
9,14389
9,14389
9,14389
9,14389
9,14389
9,14389
9,14389
9,14389
9,14459
9,14459
9,14459
9,14459
9,14459
9,14459
9,14459
9,14459
9,14459
9,14501
9,14501
9,14501
9,14501
9,14501
9,14501
9,14501
9,14501
9,14501
9,14511
9,14511
9,14511
9,14511
9,14511
9,14511
9,14511
9,14511
9,14511
9,14589
9,14589
9,14589
9,14589
9,14589
9,14589
9,14589
9,14589
9,14589
9,14603
9,14603
9,14603
9,14603
9,14603
9,14603
9,14603
9,14603
9,14603
9,14645
9,14645
9,14645
9,14645
9,14645
9,14645
9,14645
9,14645
9,14645
9,14703
9,14703
9,14703
9,14703
9,14703
9,14703
9,14703
9,14703
9,14703
9,14757
9,14757
9,14757
9,14757
9,14757
9,14757
9,14757
9,14757
9,14757
9,14783
9,14783
9,14783
9,14783
9,14783
9,14783
9,14783
9,14783
9,14783
9,14833
9,14833
9,14833
9,14833
9,14833
9,14833
9,14833
9,14833
9,14833
9,14847
9,14847
9,14847
9,14847
9,14847
9,14847
9,14847
9,14847
9,14847
9,14925
9,14925
9,14925
9,14925
9,14925
9,14925
9,14925
9,14925
9,14925
9,14931
9,14931
9,14931
9,14931
9,14931
9,14931
9,14931
9,14931
9,14931
9,15005
9,15005
9,15005
9,15005
9,15005
9,15005
9,15005
9,15005
9,15005
9,15047
9,15047
9,15047
9,15047
9,15047
9,15047
9,15047
9,15047
9,15047
9,15069
9,15069
9,15069
9,15069
9,15069
9,15069
9,15069
9,15069
9,15069
9,15131
9,15131
9,15131
9,15131
9,15131
9,15131
9,15131
9,15131
9,15131
9,15141
9,15141
9,15141
9,15141
9,15141
9,15141
9,15141
9,15141
9,15141
9,15187
9,15187
9,15187
9,15187
9,15187
9,15187
9,15187
9,15187
9,15187
9,15253
9,15253
9,15253
9,15253
9,15253
9,15253
9,15253
9,15253
9,15253
9,15303
9,15303
9,15303
9,15303
9,15303
9,15303
9,15303
9,15303
9,15303
9,15325
9,15325
9,15325
9,15325
9,15325
9,15325
9,15325
9,15325
9,15325
9,15379
9,15379
9,15379
9,15379
9,15379
9,15379
9,15379
9,15379
9,15379
9,15409
9,15409
9,15409
9,15409
9,15409
9,15409
9,15409
9,15409
9,15409
9,15443
9,15443
9,15443
9,15443
9,15443
9,15443
9,15443
9,15443
9,15443
9,15505
9,15505
9,15505
9,15505
9,15505
9,15505
9,15505
9,15505
9,15505
9,15547
9,15547
9,15547
9,15547
9,15547
9,15547
9,15547
9,15547
9,15547
9,15573
9,15573
9,15573
9,15573
9,15573
9,15573
9,15573
9,15573
9,15573
9,15627
9,15627
9,15627
9,15627
9,15627
9,15627
9,15627
9,15627
9,15627
9,15681
9,15681
9,15681
9,15681
9,15681
9,15681
9,15681
9,15681
9,15681
9,15719
9,15719
9,15719
9,15719
9,15719
9,15719
9,15719
9,15719
9,15719
9,15757
9,15757
9,15757
9,15757
9,15757
9,15757
9,15757
9,15757
9,15757
9,15799
9,15799
9,15799
9,15799
9,15799
9,15799
9,15799
9,15799
9,15799
9,15817
9,15817
9,15817
9,15817
9,15817
9,15817
9,15817
9,15817
9,15817
9,15855
9,15855
9,15855
9,15855
9,15855
9,15855
9,15855
9,15855
9,15855
9,15913
9,15913
9,15913
9,15913
9,15913
9,15913
9,15913
9,15913
9,15913
9,15955
9,15955
9,15955
9,15955
9,15955
9,15955
9,15955
9,15955
9,15955
9,16005
9,16005
9,16005
9,16005
9,16005
9,16005
9,16005
9,16005
9,16005
9,16027
9,16027
9,16027
9,16027
9,16027
9,16027
9,16027
9,16027
9,16027
9,16089
9,16089
9,16089
9,16089
9,16089
9,16089
9,16089
9,16089
9,16089
9,16123
9,16123
9,16123
9,16123
9,16123
9,16123
9,16123
9,16123
9,16123
9,16157
9,16157
9,16157
9,16157
9,16157
9,16157
9,16157
9,16157
9,16157
9,16195
9,16195
9,16195
9,16195
9,16195
9,16195
9,16195
9,16195
9,16195
9,16265
9,16265
9,16265
9,16265
9,16265
9,16265
9,16265
9,16265
9,16265
9,16299
9,16299
9,16299
9,16299
9,16299
9,16299
9,16299
9,16299
9,16299
9,16321
9,16321
9,16321
9,16321
9,16321
9,16321
9,16321
9,16321
9,16321
9,16383
9,16383
9,16383
9,16383
9,16383
9,16383
9,16383
9,16383
9,16383
9,16437
9,16437
9,16437
9,16437
9,16437
9,16437
9,16437
9,16437
9,16437
9,16475
9,16475
9,16475
9,16475
9,16475
9,16475
9,16475
9,16475
9,16475
9,16505
9,16505
9,16505
9,16505
9,16505
9,16505
9,16505
9,16505
9,16505
9,16539
9,16539
9,16539
9,16539
9,16539
9,16539
9,16539
9,16539
9,16539
9,16573
9,16573
9,16573
9,16573
9,16573
9,16573
9,16573
9,16573
9,16573
9,16639
9,16639
9,16639
9,16639
9,16639
9,16639
9,16639
9,16639
9,16639
9,16657
9,16657
9,16657
9,16657
9,16657
9,16657
9,16657
9,16657
9,16657
9,16719
9,16719
9,16719
9,16719
9,16719
9,16719
9,16719
9,16719
9,16719
9,16761
9,16761
9,16761
9,16761
9,16761
9,16761
9,16761
9,16761
9,16761
9,16811
9,16811
9,16811
9,16811
9,16811
9,16811
9,16811
9,16811
9,16811
9,16821
9,16821
9,16821
9,16821
9,16821
9,16821
9,16821
9,16821
9,16821
9,16895
9,16895
9,16895
9,16895
9,16895
9,16895
9,16895
9,16895
9,16895
9,16921
9,16921
9,16921
9,16921
9,16921
9,16921
9,16921
9,16921
9,16921
9,16983
9,16983
9,16983
9,16983
9,16983
9,16983
9,16983
9,16983
9,16983
9,17001
9,17001
9,17001
9,17001
9,17001
9,17001
9,17001
9,17001
9,17001
