6,3022
6,3074
6,3114
6,3132
6,3202
6,3234
6,3292
6,3304
6,3372
6,3414
6,3426
6,3476
6,3510
6,3582
6,3608
6,3652
6,3674
6,3728
6,3792
6,3822
6,3846
6,3904
6,3956
6,4006
6,4022
6,4082
6,4102
6,4164
6,4194
6,4240
6,4274
6,4312
6,4364
6,4396
6,4448
6,4502
6,4552
6,4568
6,4624
6,4654
6,4686
6,4750
6,4770
6,4814
6,4888
6,4900
6,4948
6,4976
6,5022
6,5060
6,5128
6,5182
6,5216
6,5266
6,5270
6,5324
6,5358
6,5408
6,5446
6,5506
6,5522
6,5580
6,5634
6,5648
6,5728
6,5750
6,5778
6,5832
6,5896
6,5916
6,5950
6,5988
6,6056
6,6100
6,6130
6,6164
6,6194
6,6264
6,6304
6,6344
6,6374
6,6424
6,6464
6,6522
6,6552
6,6580
6,6636
6,6684
6,6732
6,6760
6,6788
6,6852
6,6892
6,6938
6,6984
6,7000
6,7072
6,7110
6,7152
6,7198
6,7228
6,7248
6,7286
6,7366
6,7388
6,7432
6,7462
6,7528
6,7576
6,7608
6,7636
6,7668
6,7726
6,7764
6,7798
6,7860
6,7902
6,7936
6,7962
6,8020
6,8072
6,8104
6,8136
6,8182
6,8234
6,8276
6,8320
6,8344
6,8408
6,8442
6,8466
6,8504
6,8566
6,8618
6,8662
6,8676
6,8730
6,8772
6,8820
6,8844
6,8894
6,8956
6,8984
6,9026
6,9062
6,9118
6,9150
6,9198
6,9222
6,9290
6,9314
6,9378
6,9420
6,9452
6,9478
6,9530
6,9562
6,9600
6,9662
6,9718
6,9730
6,9794
6,9830
6,9886
6,9904
6,9944
6,9990
6,10026
6,10078
6,10126
6,10142
6,10214
6,10254
6,10272
6,10332
6,10378
6,10416
6,10440
6,10494
6,10520
6,10596
6,10632
6,10650
6,10704
6,10760
6,10794
6,10826
6,10882
6,10928
6,10974
6,11002
6,11028
6,11100
6,11134
6,11150
6,11196
6,11260
6,11298
6,11356
6,11382
6,11402
6,11452
6,11512
6,11548
6,11604
6,11620
6,11692
6,11712
6,11772
6,11800
6,11830
6,11880
6,11910
6,11974
6,12028
6,12058
6,12096
6,12116
6,12162
6,12238
6,12266
6,12288
6,12360
6,12372
6,12418
6,12482
6,12532
6,12558
6,12608
6,12640
6,12678
6,12712
6,12754
6,12808
6,12860
6,12876
6,12926
6,12960
6,12998
6,13066
6,13110
6,13136
6,13204
6,13232
6,13270
6,13308
6,13372
6,13414
6,13430
6,13482
6,13518
6,13570
6,13594
6,13666
6,13704
6,13750
6,13762
6,13804
6,13850
6,13894
6,13936
6,13984
6,14006
6,14074
6,14104
6,14166
6,14212
6,14232
6,14274
6,14300
6,14360
6,14418
6,14464
6,14484
6,14524
6,14576
6,14620
6,14666
6,14716
6,14740
6,14792
6,14838
6,14876
6,14888
6,14944
6,14972
6,15022
6,15064
6,15114
6,15166
6,15200
6,15258
6,15270
6,15320
6,15370
6,15430
6,15464
6,15480
6,15538
6,15568
6,15632
6,15644
6,15694
6,15740
6,15782
6,15830
6,15892
6,15930
6,15942
6,16018
6,16032
6,16072
6,16144
6,16162
6,16200
6,16244
6,16308
6,16326
6,16362
6,16432
6,16454
6,16492
6,16564
6,16598
6,16648
6,16674
6,16724
6,16766
6,16802
6,16838
6,16890
6,16930
6,16966
6,17010
