7,3026
7,3078
7,3110
7,3162
7,3190
7,3242
7,3258
7,3316
7,3368
7,3418
7,3430
7,3468
7,3518
7,3574
7,3594
7,3648
7,3704
7,3732
7,3788
7,3826
7,3842
7,3922
7,3940
7,3996
7,4036
7,4056
7,4094
7,4140
7,4216
7,4232
7,4282
7,4308
7,4384
7,4400
7,4440
7,4498
7,4538
7,4564
7,4620
7,4678
7,4694
7,4762
7,4766
7,4822
7,4880
7,4896
7,4952
7,4984
7,5018
7,5076
7,5120
7,5174
7,5220
7,5258
7,5282
7,5350
7,5362
7,5416
7,5442
7,5502
7,5526
7,5564
7,5638
7,5668
7,5724
7,5754
7,5774
7,5820
7,5876
7,5900
7,5954
7,5984
7,6048
7,6088
7,6134
7,6168
7,6202
7,6268
7,6292
7,6348
7,6366
7,6436
7,6450
7,6492
7,6548
7,6576
7,6618
7,6680
7,6724
7,6740
7,6796
7,6844
7,6896
7,6928
7,6954
7,7012
7,7068
7,7114
7,7156
7,7194
7,7236
7,7244
7,7302
7,7346
7,7384
7,7416
7,7458
7,7520
7,7572
7,7604
7,7656
7,7692
7,7722
7,7768
7,7790
7,7864
7,7882
7,7940
7,7966
7,8024
7,8052
7,8112
7,8152
7,8174
7,8238
7,8260
7,8328
7,8340
7,8404
7,8434
7,8474
7,8542
7,8580
7,8610
7,8658
7,8672
7,8726
7,8776
7,8812
7,8852
7,8902
7,8932
7,8996
7,9008
7,9058
7,9126
7,9154
7,9180
7,9230
7,9298
7,9310
7,9382
7,9390
7,9444
7,9508
7,9534
7,9558
7,9596
7,9642
7,9700
7,9726
7,9802
7,9840
7,9882
7,9928
7,9940
7,9986
7,10042
7,10090
7,10130
7,10150
7,10184
7,10242
7,10298
7,10320
7,10390
7,10412
7,10444
7,10498
7,10544
7,10592
7,10636
7,10684
7,10718
7,10764
7,10802
7,10834
7,10894
7,10924
7,10978
7,11010
7,11024
7,11070
7,11142
7,11158
7,11230
7,11248
7,11314
7,11352
7,11378
7,11428
7,11444
7,11504
7,11556
7,11570
7,11616
7,11654
7,11704
7,11768
7,11784
7,11826
7,11898
7,11914
7,11978
7,12020
7,12050
7,12108
7,12130
7,12170
7,12208
7,12262
7,12284
7,12338
7,12368
7,12414
7,12468
7,12528
7,12574
7,12592
7,12652
7,12670
7,12732
7,12746
7,12826
7,12864
7,12884
7,12952
7,12956
7,13014
7,13050
7,13102
7,13162
7,13192
7,13212
7,13266
7,13292
7,13368
7,13380
7,13438
7,13486
7,13506
7,13566
7,13624
7,13654
7,13674
7,13734
7,13758
7,13800
7,13842
7,13902
7,13922
7,13992
7,14010
7,14062
7,14112
7,14170
7,14208
7,14220
7,14266
7,14338
7,14350
7,14414
7,14446
7,14480
7,14520
7,14580
7,14624
7,14654
7,14686
7,14744
7,14766
7,14808
7,14868
7,14892
7,14956
7,14976
7,15026
7,15056
7,15136
7,15174
7,15204
7,15262
7,15298
7,15346
7,15362
7,15414
7,15468
7,15488
7,15556
7,15564
7,15622
7,15648
7,15690
7,15736
7,15786
7,15842
7,15884
7,15934
7,15946
7,16010
7,16048
7,16068
7,16136
7,16148
7,16208
7,16240
7,16282
7,16346
7,16392
7,16412
7,16466
7,16500
7,16548
7,16602
7,16644
7,16662
7,16728
7,16770
7,16816
7,16846
7,16900
7,16938
7,16954
7,17014
