3,10
3,10
3,10
3,10
3,10
3,10
3,10
3,10
3,38
3,38
3,38
3,38
3,38
3,38
3,38
3,38
3,78
3,78
3,78
3,78
3,78
3,78
3,78
3,78
3,122
3,122
3,122
3,122
3,122
3,122
3,122
3,122
3,138
3,138
3,138
3,138
3,138
3,138
3,138
3,138
3,182
3,182
3,182
3,182
3,182
3,182
3,182
3,182
3,194
3,194
3,194
3,194
3,194
3,194
3,194
3,194
3,234
3,234
3,234
3,234
3,234
3,234
3,234
3,234
3,262
3,262
3,262
3,262
3,262
3,262
3,262
3,262
3,310
3,310
3,310
3,310
3,310
3,310
3,310
3,310
3,322
3,322
3,322
3,322
3,322
3,322
3,322
3,322
3,354
3,354
3,354
3,354
3,354
3,354
3,354
3,354
3,390
3,390
3,390
3,390
3,390
3,390
3,390
3,390
3,426
3,426
3,426
3,426
3,426
3,426
3,426
3,426
3,478
3,478
3,478
3,478
3,478
3,478
3,478
3,478
3,486
3,486
3,486
3,486
3,486
3,486
3,486
3,486
3,518
3,518
3,518
3,518
3,518
3,518
3,518
3,518
3,550
3,550
3,550
3,550
3,550
3,550
3,550
3,550
3,590
3,590
3,590
3,590
3,590
3,590
3,590
3,590
3,634
3,634
3,634
3,634
3,634
3,634
3,634
3,634
3,646
3,646
3,646
3,646
3,646
3,646
3,646
3,646
3,674
3,674
3,674
3,674
3,674
3,674
3,674
3,674
3,710
3,710
3,710
3,710
3,710
3,710
3,710
3,710
3,738
3,738
3,738
3,738
3,738
3,738
3,738
3,738
3,794
3,794
3,794
3,794
3,794
3,794
3,794
3,794
3,826
3,826
3,826
3,826
3,826
3,826
3,826
3,826
3,842
3,842
3,842
3,842
3,842
3,842
3,842
3,842
3,866
3,866
3,866
3,866
3,866
3,866
3,866
3,866
3,898
3,898
3,898
3,898
3,898
3,898
3,898
3,898
3,946
3,946
3,946
3,946
3,946
3,946
3,946
3,946
3,990
3,990
3,990
3,990
3,990
3,990
3,990
3,990
3,1002
3,1002
3,1002
3,1002
3,1002
3,1002
3,1002
3,1002
3,1026
3,1026
3,1026
3,1026
3,1026
3,1026
3,1026
3,1026
3,1058
3,1058
3,1058
3,1058
3,1058
3,1058
3,1058
3,1058
3,1114
3,1114
3,1114
3,1114
3,1114
3,1114
3,1114
3,1114
3,1122
3,1122
3,1122
3,1122
3,1122
3,1122
3,1122
3,1122
3,1178
3,1178
3,1178
3,1178
3,1178
3,1178
3,1178
3,1178
3,1198
3,1198
3,1198
3,1198
3,1198
3,1198
3,1198
3,1198
3,1234
3,1234
3,1234
3,1234
3,1234
3,1234
3,1234
3,1234
3,1250
3,1250
3,1250
3,1250
3,1250
3,1250
3,1250
3,1250
3,1306
3,1306
3,1306
3,1306
3,1306
3,1306
3,1306
3,1306
3,1338
3,1338
3,1338
3,1338
3,1338
3,1338
3,1338
3,1338
3,1354
3,1354
3,1354
3,1354
3,1354
3,1354
3,1354
3,1354
3,1378
3,1378
3,1378
3,1378
3,1378
3,1378
3,1378
3,1378
3,1410
3,1410
3,1410
3,1410
3,1410
3,1410
3,1410
3,1410
3,1442
3,1442
3,1442
3,1442
3,1442
3,1442
3,1442
3,1442
3,1494
3,1494
3,1494
3,1494
3,1494
3,1494
3,1494
3,1494
3,1514
3,1514
3,1514
3,1514
3,1514
3,1514
3,1514
3,1514
3,1542
3,1542
3,1542
3,1542
3,1542
3,1542
3,1542
3,1542
3,1578
3,1578
3,1578
3,1578
3,1578
3,1578
3,1578
3,1578
3,1602
3,1602
3,1602
3,1602
3,1602
3,1602
3,1602
3,1602
3,1646
3,1646
3,1646
3,1646
3,1646
3,1646
3,1646
3,1646
3,1690
3,1690
3,1690
3,1690
3,1690
3,1690
3,1690
3,1690
3,1718
3,1718
3,1718
3,1718
3,1718
3,1718
3,1718
3,1718
3,1738
3,1738
3,1738
3,1738
3,1738
3,1738
3,1738
3,1738
3,1766
3,1766
3,1766
3,1766
3,1766
3,1766
3,1766
3,1766
3,1794
3,1794
3,1794
3,1794
3,1794
3,1794
3,1794
3,1794
3,1842
3,1842
3,1842
3,1842
3,1842
3,1842
3,1842
3,1842
3,1866
3,1866
3,1866
3,1866
3,1866
3,1866
3,1866
3,1866
3,1906
3,1906
3,1906
3,1906
3,1906
3,1906
3,1906
3,1906
3,1922
3,1922
3,1922
3,1922
3,1922
3,1922
3,1922
3,1922
3,1958
3,1958
3,1958
3,1958
3,1958
3,1958
3,1958
3,1958
3,2010
3,2010
3,2010
3,2010
3,2010
3,2010
3,2010
3,2010
3,2030
3,2030
3,2030
3,2030
3,2030
3,2030
3,2030
3,2030
3,2066
3,2066
3,2066
3,2066
3,2066
3,2066
3,2066
3,2066
3,2086
3,2086
3,2086
3,2086
3,2086
3,2086
3,2086
3,2086
3,2126
3,2126
3,2126
3,2126
3,2126
3,2126
3,2126
3,2126
3,2146
3,2146
3,2146
3,2146
3,2146
3,2146
3,2146
3,2146
3,2178
3,2178
3,2178
3,2178
3,2178
3,2178
3,2178
3,2178
3,2210
3,2210
3,2210
3,2210
3,2210
3,2210
3,2210
3,2210
3,2262
3,2262
3,2262
3,2262
3,2262
3,2262
3,2262
3,2262
3,2286
3,2286
3,2286
3,2286
3,2286
3,2286
3,2286
3,2286
3,2334
3,2334
3,2334
3,2334
3,2334
3,2334
3,2334
3,2334
3,2338
3,2338
3,2338
3,2338
3,2338
3,2338
3,2338
3,2338
3,2382
3,2382
3,2382
3,2382
3,2382
3,2382
3,2382
3,2382
3,2418
3,2418
3,2418
3,2418
3,2418
3,2418
3,2418
3,2418
3,2442
3,2442
3,2442
3,2442
3,2442
3,2442
3,2442
3,2442
3,2494
3,2494
3,2494
3,2494
3,2494
3,2494
3,2494
3,2494
3,2518
3,2518
3,2518
3,2518
3,2518
3,2518
3,2518
3,2518
3,2538
3,2538
3,2538
3,2538
3,2538
3,2538
3,2538
3,2538
3,2562
3,2562
3,2562
3,2562
3,2562
3,2562
3,2562
3,2562
3,2598
3,2598
3,2598
3,2598
3,2598
3,2598
3,2598
3,2598
3,2650
3,2650
3,2650
3,2650
3,2650
3,2650
3,2650
3,2650
3,2678
3,2678
3,2678
3,2678
3,2678
3,2678
3,2678
3,2678
3,2710
3,2710
3,2710
3,2710
3,2710
3,2710
3,2710
3,2710
3,2734
3,2734
3,2734
3,2734
3,2734
3,2734
3,2734
3,2734
3,2770
3,2770
3,2770
3,2770
3,2770
3,2770
3,2770
3,2770
3,2806
3,2806
3,2806
3,2806
3,2806
3,2806
3,2806
3,2806
3,2834
3,2834
3,2834
3,2834
3,2834
3,2834
3,2834
3,2834
3,2866
3,2866
3,2866
3,2866
3,2866
3,2866
3,2866
3,2866
3,2886
3,2886
3,2886
3,2886
3,2886
3,2886
3,2886
3,2886
3,2930
3,2930
3,2930
3,2930
3,2930
3,2930
3,2930
3,2930
3,2958
3,2958
3,2958
3,2958
3,2958
3,2958
3,2958
3,2958
3,2978
3,2978
3,2978
3,2978
3,2978
3,2978
3,2978
3,2978
3,3030
3,3030
3,3030
3,3030
3,3030
3,3030
3,3030
3,3030
3,3050
3,3050
3,3050
3,3050
3,3050
3,3050
3,3050
3,3050
3,3074
3,3074
3,3074
3,3074
3,3074
3,3074
3,3074
3,3074
3,3110
3,3110
3,3110
3,3110
3,3110
3,3110
3,3110
3,3110
3,3162
3,3162
3,3162
3,3162
3,3162
3,3162
3,3162
3,3162
3,3170
3,3170
3,3170
3,3170
3,3170
3,3170
3,3170
3,3170
3,3226
3,3226
3,3226
3,3226
3,3226
3,3226
3,3226
3,3226
3,3246
3,3246
3,3246
3,3246
3,3246
3,3246
3,3246
3,3246
3,3266
3,3266
3,3266
3,3266
3,3266
3,3266
3,3266
3,3266
3,3318
3,3318
3,3318
3,3318
3,3318
3,3318
3,3318
3,3318
3,3330
3,3330
3,3330
3,3330
3,3330
3,3330
3,3330
3,3330
3,3378
3,3378
3,3378
3,3378
3,3378
3,3378
3,3378
3,3378
3,3422
3,3422
3,3422
3,3422
3,3422
3,3422
3,3422
3,3422
3,3434
3,3434
3,3434
3,3434
3,3434
3,3434
3,3434
3,3434
3,3486
3,3486
3,3486
3,3486
3,3486
3,3486
3,3486
3,3486
3,3506
3,3506
3,3506
3,3506
3,3506
3,3506
3,3506
3,3506
3,3542
3,3542
3,3542
3,3542
3,3542
3,3542
3,3542
3,3542
3,3554
3,3554
3,3554
3,3554
3,3554
3,3554
3,3554
3,3554
3,3606
3,3606
3,3606
3,3606
3,3606
3,3606
3,3606
3,3606
3,3618
3,3618
3,3618
3,3618
3,3618
3,3618
3,3618
3,3618
3,3650
3,3650
3,3650
3,3650
3,3650
3,3650
3,3650
3,3650
3,3682
3,3682
3,3682
3,3682
3,3682
3,3682
3,3682
3,3682
3,3742
3,3742
3,3742
3,3742
3,3742
3,3742
3,3742
3,3742
3,3746
3,3746
3,3746
3,3746
3,3746
3,3746
3,3746
3,3746
3,3798
3,3798
3,3798
3,3798
3,3798
3,3798
3,3798
3,3798
3,3834
3,3834
3,3834
3,3834
3,3834
3,3834
3,3834
3,3834
3,3842
3,3842
3,3842
3,3842
3,3842
3,3842
3,3842
3,3842
3,3894
3,3894
3,3894
3,3894
3,3894
3,3894
3,3894
3,3894
3,3910
3,3910
3,3910
3,3910
3,3910
3,3910
3,3910
3,3910
3,3938
3,3938
3,3938
3,3938
3,3938
3,3938
3,3938
3,3938
3,3982
3,3982
3,3982
3,3982
3,3982
3,3982
3,3982
3,3982
3,4006
3,4006
3,4006
3,4006
3,4006
3,4006
3,4006
3,4006
3,4062
3,4062
3,4062
3,4062
3,4062
3,4062
3,4062
3,4062
3,4094
3,4094
3,4094
3,4094
3,4094
3,4094
3,4094
3,4094
3,4098
3,4098
3,4098
3,4098
3,4098
3,4098
3,4098
3,4098
3,4134
3,4134
3,4134
3,4134
3,4134
3,4134
3,4134
3,4134
3,4162
3,4162
3,4162
3,4162
3,4162
3,4162
3,4162
3,4162
3,4214
3,4214
3,4214
3,4214
3,4214
3,4214
3,4214
3,4214
3,4254
3,4254
3,4254
3,4254
3,4254
3,4254
3,4254
3,4254
3,4274
3,4274
3,4274
3,4274
3,4274
3,4274
3,4274
3,4274
3,4290
3,4290
3,4290
3,4290
3,4290
3,4290
3,4290
3,4290
3,4326
3,4326
3,4326
3,4326
3,4326
3,4326
3,4326
3,4326
3,4362
3,4362
3,4362
3,4362
3,4362
3,4362
3,4362
3,4362
3,4386
3,4386
3,4386
3,4386
3,4386
3,4386
3,4386
3,4386
3,4438
3,4438
3,4438
3,4438
3,4438
3,4438
3,4438
3,4438
3,4450
3,4450
3,4450
3,4450
3,4450
3,4450
3,4450
3,4450
3,4502
3,4502
3,4502
3,4502
3,4502
3,4502
3,4502
3,4502
3,4534
3,4534
3,4534
3,4534
3,4534
3,4534
3,4534
3,4534
3,4566
3,4566
3,4566
3,4566
3,4566
3,4566
3,4566
3,4566
3,4578
3,4578
3,4578
3,4578
3,4578
3,4578
3,4578
3,4578
3,4610
3,4610
3,4610
3,4610
3,4610
3,4610
3,4610
3,4610
3,4654
3,4654
3,4654
3,4654
3,4654
3,4654
3,4654
3,4654
3,4690
3,4690
3,4690
3,4690
3,4690
3,4690
3,4690
3,4690
3,4710
3,4710
3,4710
3,4710
3,4710
3,4710
3,4710
3,4710
3,4766
3,4766
3,4766
3,4766
3,4766
3,4766
3,4766
3,4766
3,4786
3,4786
3,4786
3,4786
3,4786
3,4786
3,4786
3,4786
3,4802
3,4802
3,4802
3,4802
3,4802
3,4802
3,4802
3,4802
3,4834
3,4834
3,4834
3,4834
3,4834
3,4834
3,4834
3,4834
3,4870
3,4870
3,4870
3,4870
3,4870
3,4870
3,4870
3,4870
3,4898
3,4898
3,4898
3,4898
3,4898
3,4898
3,4898
3,4898
3,4930
3,4930
3,4930
3,4930
3,4930
3,4930
3,4930
3,4930
3,4978
3,4978
3,4978
3,4978
3,4978
3,4978
3,4978
3,4978
3,4998
3,4998
3,4998
3,4998
3,4998
3,4998
3,4998
3,4998
3,5034
3,5034
3,5034
3,5034
3,5034
3,5034
3,5034
3,5034
3,5086
3,5086
3,5086
3,5086
3,5086
3,5086
3,5086
3,5086
3,5110
3,5110
3,5110
3,5110
3,5110
3,5110
3,5110
3,5110
3,5134
3,5134
3,5134
3,5134
3,5134
3,5134
3,5134
3,5134
3,5170
3,5170
3,5170
3,5170
3,5170
3,5170
3,5170
3,5170
3,5190
3,5190
3,5190
3,5190
3,5190
3,5190
3,5190
3,5190
3,5238
3,5238
3,5238
3,5238
3,5238
3,5238
3,5238
3,5238
3,5258
3,5258
3,5258
3,5258
3,5258
3,5258
3,5258
3,5258
3,5286
3,5286
3,5286
3,5286
3,5286
3,5286
3,5286
3,5286
3,5334
3,5334
3,5334
3,5334
3,5334
3,5334
3,5334
3,5334
