2,6
2,6
2,6
2,6
2,6
2,6
2,6
2,6
2,46
2,46
2,46
2,46
2,46
2,46
2,46
2,46
2,74
2,74
2,74
2,74
2,74
2,74
2,74
2,74
2,102
2,102
2,102
2,102
2,102
2,102
2,102
2,102
2,130
2,130
2,130
2,130
2,130
2,130
2,130
2,130
2,186
2,186
2,186
2,186
2,186
2,186
2,186
2,186
2,198
2,198
2,198
2,198
2,198
2,198
2,198
2,198
2,238
2,238
2,238
2,238
2,238
2,238
2,238
2,238
2,270
2,270
2,270
2,270
2,270
2,270
2,270
2,270
2,314
2,314
2,314
2,314
2,314
2,314
2,314
2,314
2,326
2,326
2,326
2,326
2,326
2,326
2,326
2,326
2,374
2,374
2,374
2,374
2,374
2,374
2,374
2,374
2,386
2,386
2,386
2,386
2,386
2,386
2,386
2,386
2,430
2,430
2,430
2,430
2,430
2,430
2,430
2,430
2,470
2,470
2,470
2,470
2,470
2,470
2,470
2,470
2,482
2,482
2,482
2,482
2,482
2,482
2,482
2,482
2,522
2,522
2,522
2,522
2,522
2,522
2,522
2,522
2,554
2,554
2,554
2,554
2,554
2,554
2,554
2,554
2,594
2,594
2,594
2,594
2,594
2,594
2,594
2,594
2,638
2,638
2,638
2,638
2,638
2,638
2,638
2,638
2,642
2,642
2,642
2,642
2,642
2,642
2,642
2,642
2,682
2,682
2,682
2,682
2,682
2,682
2,682
2,682
2,714
2,714
2,714
2,714
2,714
2,714
2,714
2,714
2,762
2,762
2,762
2,762
2,762
2,762
2,762
2,762
2,790
2,790
2,790
2,790
2,790
2,790
2,790
2,790
2,822
2,822
2,822
2,822
2,822
2,822
2,822
2,822
2,850
2,850
2,850
2,850
2,850
2,850
2,850
2,850
2,886
2,886
2,886
2,886
2,886
2,886
2,886
2,886
2,902
2,902
2,902
2,902
2,902
2,902
2,902
2,902
2,934
2,934
2,934
2,934
2,934
2,934
2,934
2,934
2,970
2,970
2,970
2,970
2,970
2,970
2,970
2,970
2,1006
2,1006
2,1006
2,1006
2,1006
2,1006
2,1006
2,1006
2,1030
2,1030
2,1030
2,1030
2,1030
2,1030
2,1030
2,1030
2,1062
2,1062
2,1062
2,1062
2,1062
2,1062
2,1062
2,1062
2,1118
2,1118
2,1118
2,1118
2,1118
2,1118
2,1118
2,1118
2,1126
2,1126
2,1126
2,1126
2,1126
2,1126
2,1126
2,1126
2,1182
2,1182
2,1182
2,1182
2,1182
2,1182
2,1182
2,1182
2,1190
2,1190
2,1190
2,1190
2,1190
2,1190
2,1190
2,1190
2,1230
2,1230
2,1230
2,1230
2,1230
2,1230
2,1230
2,1230
2,1258
2,1258
2,1258
2,1258
2,1258
2,1258
2,1258
2,1258
2,1310
2,1310
2,1310
2,1310
2,1310
2,1310
2,1310
2,1310
2,1334
2,1334
2,1334
2,1334
2,1334
2,1334
2,1334
2,1334
2,1370
2,1370
2,1370
2,1370
2,1370
2,1370
2,1370
2,1370
2,1382
2,1382
2,1382
2,1382
2,1382
2,1382
2,1382
2,1382
2,1422
2,1422
2,1422
2,1422
2,1422
2,1422
2,1422
2,1422
2,1446
2,1446
2,1446
2,1446
2,1446
2,1446
2,1446
2,1446
2,1498
2,1498
2,1498
2,1498
2,1498
2,1498
2,1498
2,1498
2,1510
2,1510
2,1510
2,1510
2,1510
2,1510
2,1510
2,1510
2,1546
2,1546
2,1546
2,1546
2,1546
2,1546
2,1546
2,1546
2,1582
2,1582
2,1582
2,1582
2,1582
2,1582
2,1582
2,1582
2,1606
2,1606
2,1606
2,1606
2,1606
2,1606
2,1606
2,1606
2,1642
2,1642
2,1642
2,1642
2,1642
2,1642
2,1642
2,1642
2,1682
2,1682
2,1682
2,1682
2,1682
2,1682
2,1682
2,1682
2,1726
2,1726
2,1726
2,1726
2,1726
2,1726
2,1726
2,1726
2,1742
2,1742
2,1742
2,1742
2,1742
2,1742
2,1742
2,1742
2,1774
2,1774
2,1774
2,1774
2,1774
2,1774
2,1774
2,1774
2,1798
2,1798
2,1798
2,1798
2,1798
2,1798
2,1798
2,1798
2,1830
2,1830
2,1830
2,1830
2,1830
2,1830
2,1830
2,1830
2,1862
2,1862
2,1862
2,1862
2,1862
2,1862
2,1862
2,1862
2,1898
2,1898
2,1898
2,1898
2,1898
2,1898
2,1898
2,1898
2,1926
2,1926
2,1926
2,1926
2,1926
2,1926
2,1926
2,1926
2,1962
2,1962
2,1962
2,1962
2,1962
2,1962
2,1962
2,1962
2,2014
2,2014
2,2014
2,2014
2,2014
2,2014
2,2014
2,2014
2,2026
2,2026
2,2026
2,2026
2,2026
2,2026
2,2026
2,2026
2,2054
2,2054
2,2054
2,2054
2,2054
2,2054
2,2054
2,2054
2,2082
2,2082
2,2082
2,2082
2,2082
2,2082
2,2082
2,2082
2,2114
2,2114
2,2114
2,2114
2,2114
2,2114
2,2114
2,2114
2,2150
2,2150
2,2150
2,2150
2,2150
2,2150
2,2150
2,2150
2,2198
2,2198
2,2198
2,2198
2,2198
2,2198
2,2198
2,2198
2,2214
2,2214
2,2214
2,2214
2,2214
2,2214
2,2214
2,2214
2,2250
2,2250
2,2250
2,2250
2,2250
2,2250
2,2250
2,2250
2,2302
2,2302
2,2302
2,2302
2,2302
2,2302
2,2302
2,2302
2,2330
2,2330
2,2330
2,2330
2,2330
2,2330
2,2330
2,2330
2,2342
2,2342
2,2342
2,2342
2,2342
2,2342
2,2342
2,2342
2,2390
2,2390
2,2390
2,2390
2,2390
2,2390
2,2390
2,2390
2,2426
2,2426
2,2426
2,2426
2,2426
2,2426
2,2426
2,2426
2,2438
2,2438
2,2438
2,2438
2,2438
2,2438
2,2438
2,2438
2,2486
2,2486
2,2486
2,2486
2,2486
2,2486
2,2486
2,2486
2,2510
2,2510
2,2510
2,2510
2,2510
2,2510
2,2510
2,2510
2,2554
2,2554
2,2554
2,2554
2,2554
2,2554
2,2554
2,2554
2,2566
2,2566
2,2566
2,2566
2,2566
2,2566
2,2566
2,2566
2,2602
2,2602
2,2602
2,2602
2,2602
2,2602
2,2602
2,2602
2,2654
2,2654
2,2654
2,2654
2,2654
2,2654
2,2654
2,2654
2,2682
2,2682
2,2682
2,2682
2,2682
2,2682
2,2682
2,2682
2,2714
2,2714
2,2714
2,2714
2,2714
2,2714
2,2714
2,2714
2,2730
2,2730
2,2730
2,2730
2,2730
2,2730
2,2730
2,2730
2,2766
2,2766
2,2766
2,2766
2,2766
2,2766
2,2766
2,2766
2,2798
2,2798
2,2798
2,2798
2,2798
2,2798
2,2798
2,2798
2,2838
2,2838
2,2838
2,2838
2,2838
2,2838
2,2838
2,2838
2,2858
2,2858
2,2858
2,2858
2,2858
2,2858
2,2858
2,2858
2,2890
2,2890
2,2890
2,2890
2,2890
2,2890
2,2890
2,2890
2,2914
2,2914
2,2914
2,2914
2,2914
2,2914
2,2914
2,2914
2,2954
2,2954
2,2954
2,2954
2,2954
2,2954
2,2954
2,2954
2,2982
2,2982
2,2982
2,2982
2,2982
2,2982
2,2982
2,2982
2,3010
2,3010
2,3010
2,3010
2,3010
2,3010
2,3010
2,3010
2,3062
2,3062
2,3062
2,3062
2,3062
2,3062
2,3062
2,3062
2,3078
2,3078
2,3078
2,3078
2,3078
2,3078
2,3078
2,3078
2,3106
2,3106
2,3106
2,3106
2,3106
2,3106
2,3106
2,3106
2,3166
2,3166
2,3166
2,3166
2,3166
2,3166
2,3166
2,3166
2,3174
2,3174
2,3174
2,3174
2,3174
2,3174
2,3174
2,3174
2,3222
2,3222
2,3222
2,3222
2,3222
2,3222
2,3222
2,3222
2,3242
2,3242
2,3242
2,3242
2,3242
2,3242
2,3242
2,3242
2,3294
2,3294
2,3294
2,3294
2,3294
2,3294
2,3294
2,3294
2,3322
2,3322
2,3322
2,3322
2,3322
2,3322
2,3322
2,3322
2,3334
2,3334
2,3334
2,3334
2,3334
2,3334
2,3334
2,3334
2,3374
2,3374
2,3374
2,3374
2,3374
2,3374
2,3374
2,3374
2,3394
2,3394
2,3394
2,3394
2,3394
2,3394
2,3394
2,3394
2,3450
2,3450
2,3450
2,3450
2,3450
2,3450
2,3450
2,3450
2,3482
2,3482
2,3482
2,3482
2,3482
2,3482
2,3482
2,3482
2,3510
2,3510
2,3510
2,3510
2,3510
2,3510
2,3510
2,3510
2,3546
2,3546
2,3546
2,3546
2,3546
2,3546
2,3546
2,3546
2,3566
2,3566
2,3566
2,3566
2,3566
2,3566
2,3566
2,3566
2,3598
2,3598
2,3598
2,3598
2,3598
2,3598
2,3598
2,3598
2,3622
2,3622
2,3622
2,3622
2,3622
2,3622
2,3622
2,3622
2,3674
2,3674
2,3674
2,3674
2,3674
2,3674
2,3674
2,3674
2,3686
2,3686
2,3686
2,3686
2,3686
2,3686
2,3686
2,3686
2,3738
2,3738
2,3738
2,3738
2,3738
2,3738
2,3738
2,3738
2,3750
2,3750
2,3750
2,3750
2,3750
2,3750
2,3750
2,3750
2,3786
2,3786
2,3786
2,3786
2,3786
2,3786
2,3786
2,3786
2,3830
2,3830
2,3830
2,3830
2,3830
2,3830
2,3830
2,3830
2,3850
2,3850
2,3850
2,3850
2,3850
2,3850
2,3850
2,3850
2,3898
2,3898
2,3898
2,3898
2,3898
2,3898
2,3898
2,3898
2,3918
2,3918
2,3918
2,3918
2,3918
2,3918
2,3918
2,3918
2,3942
2,3942
2,3942
2,3942
2,3942
2,3942
2,3942
2,3942
2,3990
2,3990
2,3990
2,3990
2,3990
2,3990
2,3990
2,3990
2,4002
2,4002
2,4002
2,4002
2,4002
2,4002
2,4002
2,4002
2,4046
2,4046
2,4046
2,4046
2,4046
2,4046
2,4046
2,4046
2,4074
2,4074
2,4074
2,4074
2,4074
2,4074
2,4074
2,4074
2,4106
2,4106
2,4106
2,4106
2,4106
2,4106
2,4106
2,4106
2,4130
2,4130
2,4130
2,4130
2,4130
2,4130
2,4130
2,4130
2,4178
2,4178
2,4178
2,4178
2,4178
2,4178
2,4178
2,4178
2,4210
2,4210
2,4210
2,4210
2,4210
2,4210
2,4210
2,4210
2,4226
2,4226
2,4226
2,4226
2,4226
2,4226
2,4226
2,4226
2,4266
2,4266
2,4266
2,4266
2,4266
2,4266
2,4266
2,4266
2,4302
2,4302
2,4302
2,4302
2,4302
2,4302
2,4302
2,4302
2,4334
2,4334
2,4334
2,4334
2,4334
2,4334
2,4334
2,4334
2,4370
2,4370
2,4370
2,4370
2,4370
2,4370
2,4370
2,4370
2,4390
2,4390
2,4390
2,4390
2,4390
2,4390
2,4390
2,4390
2,4430
2,4430
2,4430
2,4430
2,4430
2,4430
2,4430
2,4430
2,4454
2,4454
2,4454
2,4454
2,4454
2,4454
2,4454
2,4454
2,4482
2,4482
2,4482
2,4482
2,4482
2,4482
2,4482
2,4482
2,4542
2,4542
2,4542
2,4542
2,4542
2,4542
2,4542
2,4542
2,4570
2,4570
2,4570
2,4570
2,4570
2,4570
2,4570
2,4570
2,4582
2,4582
2,4582
2,4582
2,4582
2,4582
2,4582
2,4582
2,4614
2,4614
2,4614
2,4614
2,4614
2,4614
2,4614
2,4614
2,4650
2,4650
2,4650
2,4650
2,4650
2,4650
2,4650
2,4650
2,4694
2,4694
2,4694
2,4694
2,4694
2,4694
2,4694
2,4694
2,4718
2,4718
2,4718
2,4718
2,4718
2,4718
2,4718
2,4718
2,4762
2,4762
2,4762
2,4762
2,4762
2,4762
2,4762
2,4762
2,4790
2,4790
2,4790
2,4790
2,4790
2,4790
2,4790
2,4790
2,4806
2,4806
2,4806
2,4806
2,4806
2,4806
2,4806
2,4806
2,4838
2,4838
2,4838
2,4838
2,4838
2,4838
2,4838
2,4838
2,4874
2,4874
2,4874
2,4874
2,4874
2,4874
2,4874
2,4874
2,4902
2,4902
2,4902
2,4902
2,4902
2,4902
2,4902
2,4902
2,4934
2,4934
2,4934
2,4934
2,4934
2,4934
2,4934
2,4934
2,4966
2,4966
2,4966
2,4966
2,4966
2,4966
2,4966
2,4966
2,4994
2,4994
2,4994
2,4994
2,4994
2,4994
2,4994
2,4994
2,5042
2,5042
2,5042
2,5042
2,5042
2,5042
2,5042
2,5042
2,5070
2,5070
2,5070
2,5070
2,5070
2,5070
2,5070
2,5070
2,5114
2,5114
2,5114
2,5114
2,5114
2,5114
2,5114
2,5114
2,5138
2,5138
2,5138
2,5138
2,5138
2,5138
2,5138
2,5138
2,5154
2,5154
2,5154
2,5154
2,5154
2,5154
2,5154
2,5154
2,5198
2,5198
2,5198
2,5198
2,5198
2,5198
2,5198
2,5198
2,5234
2,5234
2,5234
2,5234
2,5234
2,5234
2,5234
2,5234
2,5266
2,5266
2,5266
2,5266
2,5266
2,5266
2,5266
2,5266
2,5282
2,5282
2,5282
2,5282
2,5282
2,5282
2,5282
2,5282
2,5322
2,5322
2,5322
2,5322
2,5322
2,5322
2,5322
2,5322
