7,26
7,26
7,26
7,58
7,58
7,58
7,90
7,90
7,90
7,106
7,106
7,106
7,146
7,146
7,146
7,170
7,170
7,170
7,206
7,206
7,206
7,226
7,226
7,226
7,266
7,266
7,266
7,302
7,302
7,302
7,346
7,346
7,346
7,378
7,378
7,378
7,398
7,398
7,398
7,442
7,442
7,442
7,454
7,454
7,454
7,490
7,490
7,490
7,538
7,538
7,538
7,562
7,562
7,562
7,598
7,598
7,598
7,618
7,618
7,618
7,666
7,666
7,666
7,694
7,694
7,694
7,722
7,722
7,722
7,742
7,742
7,742
7,774
7,774
7,774
7,806
7,806
7,806
7,862
7,862
7,862
7,890
7,890
7,890
7,910
7,910
7,910
7,938
7,938
7,938
7,966
7,966
7,966
7,1014
7,1014
7,1014
7,1038
7,1038
7,1038
7,1074
7,1074
7,1074
7,1090
7,1090
7,1090
7,1138
7,1138
7,1138
7,1170
7,1170
7,1170
7,1206
7,1206
7,1206
7,1226
7,1226
7,1226
7,1270
7,1270
7,1270
7,1294
7,1294
7,1294
7,1330
7,1330
7,1330
7,1350
7,1350
7,1350
7,1406
7,1406
7,1406
7,1426
7,1426
7,1426
7,1458
7,1458
7,1458
7,1474
7,1474
7,1474
7,1518
7,1518
7,1518
7,1566
7,1566
7,1566
7,1586
7,1586
7,1586
7,1618
7,1618
7,1618
7,1650
7,1650
7,1650
7,1678
7,1678
7,1678
7,1702
7,1702
7,1702
7,1730
7,1730
7,1730
7,1790
7,1790
7,1790
7,1814
7,1814
7,1814
7,1838
7,1838
7,1838
7,1878
7,1878
7,1878
7,1918
7,1918
7,1918
7,1946
7,1946
7,1946
7,1966
7,1966
7,1966
7,1986
7,1986
7,1986
7,2046
7,2046
7,2046
7,2050
7,2050
7,2050
7,2094
7,2094
7,2094
7,2130
7,2130
7,2130
7,2174
7,2174
7,2174
7,2206
7,2206
7,2206
7,2226
7,2226
7,2226
7,2254
7,2254
7,2254
7,2290
7,2290
7,2290
7,2310
7,2310
7,2310
7,2358
7,2358
7,2358
7,2370
7,2370
7,2370
7,2402
7,2402
7,2402
7,2458
7,2458
7,2458
7,2466
7,2466
7,2466
7,2526
7,2526
7,2526
7,2542
7,2542
7,2542
7,2586
7,2586
7,2586
7,2618
7,2618
7,2618
7,2626
7,2626
7,2626
7,2658
7,2658
7,2658
7,2694
7,2694
7,2694
7,2726
7,2726
7,2726
7,2778
7,2778
7,2778
7,2786
7,2786
7,2786
7,2818
7,2818
7,2818
7,2862
7,2862
7,2862
7,2882
7,2882
7,2882
7,2926
7,2926
7,2926
7,2974
7,2974
7,2974
7,2990
7,2990
7,2990
7,3014
7,3014
7,3014
7,3042
7,3042
7,3042
7,3090
7,3090
7,3090
7,3126
7,3126
7,3126
7,3158
7,3158
7,3158
7,3190
7,3190
7,3190
7,3230
7,3230
7,3230
7,3234
7,3234
7,3234
7,3274
7,3274
7,3274
7,3298
7,3298
7,3298
7,3346
7,3346
7,3346
7,3370
7,3370
7,3370
7,3414
7,3414
7,3414
7,3442
7,3442
7,3442
7,3458
7,3458
7,3458
7,3490
7,3490
7,3490
7,3522
7,3522
7,3522
7,3574
7,3574
7,3574
7,3614
7,3614
7,3614
7,3642
7,3642
7,3642
7,3654
7,3654
7,3654
7,3710
7,3710
7,3710
7,3722
7,3722
7,3722
7,3758
7,3758
7,3758
7,3802
7,3802
7,3802
7,3810
7,3810
7,3810
7,3866
7,3866
7,3866
7,3882
7,3882
7,3882
7,3926
7,3926
7,3926
7,3962
7,3962
7,3962
7,3986
7,3986
7,3986
7,4010
7,4010
7,4010
7,4042
7,4042
7,4042
7,4070
7,4070
7,4070
7,4126
7,4126
7,4126
7,4154
7,4154
7,4154
7,4190
7,4190
7,4190
7,4198
7,4198
7,4198
7,4246
7,4246
7,4246
7,4282
7,4282
7,4282
7,4306
7,4306
7,4306
7,4346
7,4346
7,4346
7,4382
7,4382
7,4382
7,4402
7,4402
7,4402
7,4442
7,4442
7,4442
7,4462
7,4462
7,4462
7,4494
7,4494
7,4494
7,4530
7,4530
7,4530
7,4546
7,4546
7,4546
7,4590
7,4590
7,4590
7,4634
7,4634
7,4634
7,4670
7,4670
7,4670
7,4702
7,4702
7,4702
7,4726
7,4726
7,4726
7,4742
7,4742
7,4742
7,4778
7,4778
7,4778
7,4826
7,4826
7,4826
7,4846
7,4846
7,4846
7,4890
7,4890
7,4890
7,4906
7,4906
7,4906
7,4958
7,4958
7,4958
7,4982
7,4982
7,4982
7,5002
7,5002
7,5002
7,5026
7,5026
7,5026
7,5066
7,5066
7,5066
7,5094
7,5094
7,5094
7,5142
7,5142
7,5142
7,5158
7,5158
7,5158
7,5210
7,5210
7,5210
7,5246
7,5246
7,5246
7,5270
7,5270
7,5270
7,5298
7,5298
7,5298
7,5326
7,5326
7,5326
