2,10
2,52
2,109
2,110
2,148
2,188
2,256
2,264
2,306
2,382
2,413
2,414
2,434
2,508
2,532
2,599
2,600
2,632
2,633
2,666
2,706
2,764
2,805
2,829
2,890
2,906
2,954
2,1008
2,1009
2,1071
2,1095
2,1148
2,1204
2,1216
2,1286
2,1317
2,1348
2,1413
2,1436
2,1479
2,1480
2,1548
2,1549
2,1594
2,1641
2,1655
2,1717
2,1739
2,1806
2,1825
2,1826
2,1886
2,1913
2,1987
2,2005
2,2037
2,2092
2,2132
2,2186
2,2237
2,2281
2,2295
2,2338
2,2416
2,2451
2,2484
2,2518
2,2580
2,2602
2,2653
2,2705
2,2706
2,2739
2,2781
2,2835
2,2855
2,2897
2,2962
2,3007
2,3038
2,3092
2,3146
2,3185
2,3223
2,3243
2,3282
2,3342
2,3380
2,3442
2,3443
2,3491
2,3525
2,3567
2,3618
2,3654
2,3695
2,3717
2,3769
2,3797
2,3877
2,3881
2,3928
2,3976
2,4018
2,4075
2,4100
2,4152
2,4209
2,4210
2,4211
2,4270
2,4310
2,4318
2,4360
2,4431
2,4432
2,4469
2,4501
2,4536
2,4586
2,4625
2,4626
2,4672
2,4730
2,4768
2,4792
2,4834
2,4889
2,4931
2,4972
2,5021
2,5069
2,5107
2,5154
2,5155
2,5190
2,5253
2,5269
2,5319
2,5361
2,5389
2,5440
2,5515
2,5539
2,5586
2,5634
2,5650
2,5651
2,5706
2,5762
2,5780
2,5857
2,5875
2,5926
2,5982
2,6022
2,6048
2,6090
2,6123
2,6171
2,6172
2,6247
2,6267
2,6301
2,6343
2,6403
2,6458
2,6470
2,6522
2,6583
2,6623
2,6642
2,6706
2,6746
2,6747
2,6799
2,6825
2,6899
2,6923
2,6970
2,7026
2,7062
2,7063
2,7087
2,7088
2,7154
2,7181
2,7206
2,7252
2,7309
2,7333
2,7377
2,7433
2,7481
2,7510
2,7552
2,7591
2,7644
2,7703
2,7734
2,7790
2,7810
2,7860
2,7902
2,7903
2,7972
2,7980
2,8033
2,8083
2,8135
2,8136
2,8173
2,8195
2,8196
2,8257
2,8278
2,8279
2,8344
2,8389
2,8390
2,8435
2,8459
2,8532
2,8533
2,8562
2,8623
2,8624
2,8642
2,8643
2,8712
2,8734
2,8782
2,8824
2,8852
2,8914
2,8938
2,8939
2,8983
2,9034
2,9092
2,9122
2,9164
2,9231
2,9249
2,9282
2,9351
2,9403
2,9431
2,9464
2,9508
2,9509
2,9579
2,9603
2,9625
2,9693
2,9717
2,9718
2,9779
2,9819
2,9820
2,9861
2,9891
2,9955
2,9988
2,10038
2,10086
2,10104
2,10166
2,10180
2,10224
2,10278
2,10318
2,10319
2,10353
2,10417
2,10418
2,10452
2,10501
2,10556
2,10573
2,10625
2,10682
2,10724
2,10725
2,10756
2,10808
2,10809
2,10833
2,10889
2,10933
2,10962
2,11027
2,11055
2,11103
2,11151
2,11196
2,11265
2,11275
2,11319
2,11364
2,11365
2,11419
2,11472
2,11492
2,11545
2,11573
2,11611
2,11658
2,11735
2,11756
2,11800
2,11824
2,11867
2,11940
2,11968
2,11969
2,12036
2,12056
2,12125
2,12155
2,12172
2,12219
2,12284
2,12304
2,12367
2,12417
2,12434
2,12485
2,12529
2,12588
2,12589
2,12624
2,12652
2,12692
2,12748
2,12749
2,12798
2,12840
2,12859
2,12860
2,12907
2,12953
2,12999
2,13064
2,13065
2,13098
2,13136
2,13158
2,13241
2,13261
2,13319
2,13331
2,13385
2,13435
2,13457
2,13525
2,13526
2,13548
2,13603
2,13661
2,13701
2,13724
2,13766
2,13767
2,13802
2,13876
2,13888
2,13967
2,13995
2,14033
2,14077
2,14141
2,14153
2,14205
2,14243
2,14279
2,14328
2,14390
