6,22
6,44
6,86
6,87
6,152
6,200
6,226
6,268
6,314
6,315
6,372
6,373
6,390
6,466
6,482
6,528
6,572
6,612
6,686
6,718
6,760
6,809
6,841
6,894
6,946
6,980
6,1017
6,1040
6,1113
6,1140
6,1175
6,1229
6,1277
6,1329
6,1375
6,1383
6,1456
6,1504
6,1516
6,1567
6,1621
6,1679
6,1701
6,1755
6,1785
6,1847
6,1848
6,1866
6,1940
6,1965
6,2009
6,2072
6,2096
6,2156
6,2164
6,2165
6,2217
6,2257
6,2321
6,2363
6,2386
6,2434
6,2476
6,2514
6,2568
6,2620
6,2645
6,2689
6,2727
6,2769
6,2843
6,2881
6,2909
6,2970
6,2989
6,2990
6,3050
6,3096
6,3126
6,3177
6,3231
6,3259
6,3294
6,3359
6,3403
6,3425
6,3483
6,3495
6,3549
6,3622
6,3623
6,3650
6,3682
6,3725
6,3773
6,3813
6,3851
6,3901
6,3962
6,3988
6,4022
6,4087
6,4120
6,4148
6,4219
6,4220
6,4234
6,4235
6,4314
6,4352
6,4364
6,4419
6,4451
6,4505
6,4548
6,4582
6,4640
6,4664
6,4704
6,4752
6,4808
6,4864
6,4911
6,4919
6,4984
6,5041
6,5045
6,5095
6,5142
6,5175
6,5233
6,5265
6,5331
6,5369
6,5397
6,5458
6,5496
6,5523
6,5561
6,5604
6,5665
6,5722
6,5739
6,5815
6,5823
6,5824
6,5883
6,5930
6,5974
6,6002
6,6057
6,6099
6,6131
6,6205
6,6243
6,6287
6,6305
6,6339
6,6381
6,6437
6,6483
6,6526
6,6564
6,6565
6,6607
6,6650
6,6690
6,6756
6,6757
6,6807
6,6820
6,6821
6,6886
6,6903
6,6954
6,7018
6,7054
6,7092
6,7120
6,7201
6,7202
6,7244
6,7270
6,7317
6,7352
6,7389
6,7445
6,7473
6,7535
6,7579
6,7610
6,7652
6,7707
6,7750
6,7782
6,7836
6,7848
6,7911
6,7941
6,7988
6,8049
6,8087
6,8117
6,8156
6,8157
6,8226
6,8227
6,8241
6,8320
6,8336
6,8399
6,8416
6,8417
6,8476
6,8516
6,8554
6,8615
6,8665
6,8703
6,8704
6,8746
6,8774
6,8840
6,8878
6,8902
6,8955
6,8979
6,9013
6,9070
6,9126
6,9155
6,9156
6,9191
6,9266
6,9306
6,9341
6,9368
6,9419
6,9488
6,9530
6,9566
6,9595
6,9645
6,9671
6,9736
6,9783
6,9803
6,9840
6,9917
6,9935
6,9992
6,10010
6,10074
6,10098
6,10099
6,10100
6,10150
6,10210
6,10240
6,10274
6,10344
6,10373
6,10395
6,10396
6,10481
6,10525
6,10544
6,10589
6,10652
6,10669
6,10670
6,10708
6,10768
6,10817
6,10855
6,10899
6,10958
6,10983
6,10984
6,11007
6,11084
6,11085
6,11086
6,11124
6,11180
6,11218
6,11241
6,11291
6,11333
6,11390
6,11403
6,11456
6,11496
6,11561
6,11603
6,11645
6,11684
6,11711
6,11778
6,11816
6,11854
6,11855
6,11891
6,11952
6,11995
6,12016
6,12017
6,12018
6,12060
6,12117
6,12145
6,12211
6,12245
6,12276
6,12341
6,12359
6,12409
6,12458
6,12497
6,12545
6,12572
6,12636
6,12660
6,12712
6,12736
6,12775
6,12824
6,12880
6,12933
6,12961
6,13011
6,13038
6,13073
6,13116
6,13176
6,13233
6,13253
6,13304
6,13365
6,13411
6,13453
6,13480
6,13513
6,13581
6,13619
6,13653
6,13693
6,13728
6,13798
6,13829
6,13846
6,13928
6,13936
6,13979
6,14049
6,14050
6,14085
6,14115
6,14181
6,14209
6,14251
6,14291
6,14358
6,14374
