7,26
7,78
7,91
7,160
7,208
7,230
7,284
7,329
7,356
7,430
7,470
7,478
7,545
7,576
7,620
7,682
7,728
7,740
7,813
7,837
7,878
7,938
7,988
7,1031
7,1051
7,1099
7,1156
7,1179
7,1224
7,1225
7,1259
7,1325
7,1364
7,1365
7,1391
7,1464
7,1508
7,1536
7,1559
7,1637
7,1675
7,1705
7,1763
7,1781
7,1843
7,1901
7,1930
7,1961
7,2017
7,2068
7,2108
7,2148
7,2173
7,2209
7,2261
7,2329
7,2351
7,2394
7,2443
7,2468
7,2535
7,2553
7,2554
7,2555
7,2629
7,2661
7,2693
7,2722
7,2723
7,2765
7,2847
7,2885
7,2917
7,2941
7,2994
7,2995
7,3046
7,3070
7,3122
7,3150
7,3207
7,3255
7,3310
7,3350
7,3351
7,3395
7,3429
7,3430
7,3457
7,3511
7,3545
7,3608
7,3641
7,3642
7,3670
7,3721
7,3777
7,3805
7,3863
7,3897
7,3954
7,3996
7,4030
7,4083
7,4136
7,4164
7,4183
7,4239
7,4284
7,4344
7,4395
7,4411
7,4485
7,4528
7,4540
7,4607
7,4617
7,4680
7,4708
7,4780
7,4800
7,4848
7,4903
7,4923
7,4996
7,5029
7,5053
7,5111
7,5130
7,5215
7,5237
7,5285
7,5314
7,5315
7,5381
7,5417
7,5436
7,5474
7,5475
7,5476
7,5557
7,5570
7,5608
7,5669
7,5726
7,5774
7,5775
7,5776
7,5807
7,5828
7,5891
7,5942
7,5970
7,6010
7,6065
7,6107
7,6151
7,6152
7,6201
7,6227
7,6271
7,6331
7,6367
7,6385
7,6433
7,6487
7,6530
7,6587
7,6627
7,6628
7,6672
7,6710
7,6765
7,6803
7,6845
7,6878
7,6927
7,6950
7,7006
7,7034
7,7116
7,7134
7,7189
7,7240
7,7282
7,7325
7,7356
7,7401
7,7441
7,7500
7,7543
7,7566
7,7567
7,7630
7,7648
7,7677
7,7742
7,7802
7,7840
7,7882
7,7915
7,7945
7,8002
7,8037
7,8075
7,8144
7,8161
7,8191
7,8249
7,8301
7,8332
7,8403
7,8421
7,8484
7,8502
7,8541
7,8597
7,8669
7,8699
7,8742
7,8764
7,8802
7,8882
7,8886
7,8959
7,8971
7,9026
7,9096
7,9134
7,9160
7,9195
7,9274
7,9294
7,9324
7,9363
7,9364
7,9415
7,9472
7,9534
7,9546
7,9587
7,9653
7,9667
7,9748
7,9749
7,9791
7,9807
7,9848
7,9907
7,9959
7,9975
7,9976
7,10014
7,10060
7,10116
7,10146
7,10202
7,10258
7,10270
7,10348
7,10349
7,10381
7,10412
7,10413
7,10476
7,10477
7,10513
7,10548
7,10597
7,10639
7,10664
7,10665
7,10733
7,10786
7,10829
7,10859
7,10903
7,10949
7,10950
7,10992
7,11011
7,11071
7,11115
7,11175
7,11176
7,11204
7,11261
7,11299
7,11323
7,11382
7,11423
7,11452
7,11508
7,11536
7,11537
7,11593
7,11641
7,11693
7,11697
7,11739
7,11812
7,11863
7,11887
7,11948
7,11991
7,12003
7,12075
7,12113
7,12141
7,12207
7,12249
7,12292
7,12330
7,12331
7,12379
7,12401
7,12469
7,12477
7,12521
7,12564
7,12632
7,12664
7,12716
7,12732
7,12779
7,12836
7,12888
7,12889
7,12937
7,12965
7,13003
7,13046
7,13102
7,13120
7,13193
7,13228
7,13229
7,13245
7,13288
7,13357
7,13393
7,13449
7,13488
7,13508
7,13509
7,13572
7,13615
7,13639
7,13705
7,13754
7,13762
7,13841
7,13842
7,13854
7,13914
7,13915
7,13932
7,13999
7,14017
7,14060
7,14111
7,14171
7,14189
7,14255
7,14256
7,14309
7,14310
7,14354
7,14394
