3,6
3,48
3,114
3,144
3,196
3,243
3,280
3,333
3,334
3,360
3,422
3,443
3,504
3,524
3,604
3,637
3,638
3,670
3,710
3,744
3,801
3,825
3,882
3,923
3,972
3,1013
3,1067
3,1083
3,1132
3,1191
3,1212
3,1255
3,1305
3,1338
3,1339
3,1340
3,1417
3,1448
3,1473
3,1474
3,1475
3,1520
3,1586
3,1633
3,1671
3,1713
3,1743
3,1801
3,1802
3,1820
3,1821
3,1878
3,1909
3,1983
3,2013
3,2041
3,2088
3,2144
3,2181
3,2182
3,2221
3,2277
3,2317
3,2355
3,2378
3,2459
3,2460
3,2480
3,2539
3,2563
3,2564
3,2606
3,2649
3,2718
3,2751
3,2796
3,2826
3,2827
3,2867
3,2905
3,2966
3,3003
3,3062
3,3104
3,3142
3,3154
3,3219
3,3235
3,3298
3,3338
3,3375
3,3376
3,3421
3,3479
3,3507
3,3576
3,3603
3,3604
3,3666
3,3691
3,3729
3,3789
3,3801
3,3855
3,3893
3,3946
3,3984
3,4026
3,4061
3,4109
3,4110
3,4168
3,4205
3,4247
3,4288
3,4356
3,4385
3,4427
3,4477
3,4493
3,4560
3,4578
3,4644
3,4676
3,4742
3,4764
3,4812
3,4860
3,4884
3,4885
3,4915
3,4980
3,5005
3,5083
3,5103
3,5150
3,5207
3,5249
3,5277
3,5323
3,5377
3,5393
3,5462
3,5480
3,5527
3,5582
3,5630
3,5685
3,5702
3,5747
3,5748
3,5819
3,5853
3,5871
3,5914
3,5978
3,5998
3,6052
3,6053
3,6086
3,6143
3,6185
3,6186
3,6187
3,6239
3,6259
3,6313
3,6355
3,6415
3,6462
3,6466
3,6509
3,6575
3,6611
3,6658
3,6702
3,6761
3,6791
3,6837
3,6895
3,6931
3,6966
3,6990
3,6991
3,7038
3,7108
3,7146
3,7176
3,7177
3,7214
3,7248
3,7294
3,7295
3,7341
3,7342
3,7393
3,7453
3,7461
3,7518
3,7519
3,7556
3,7622
3,7640
3,7695
3,7754
3,7755
3,7763
3,7818
3,7856
3,7898
3,7953
3,7954
3,8014
3,8053
3,8095
3,8096
3,8131
3,8165
3,8200
3,8269
3,8287
3,8348
3,8376
3,8447
3,8463
3,8520
3,8581
3,8601
3,8628
3,8687
3,8722
3,8786
3,8828
3,8848
3,8906
3,8947
3,9009
3,9030
3,9062
3,9138
3,9176
3,9177
3,9227
3,9262
3,9290
3,9328
3,9380
3,9381
3,9407
3,9476
3,9513
3,9514
3,9570
3,9617
3,9641
3,9705
3,9732
3,9753
3,9799
3,9852
3,9899
3,9947
3,9996
3,10030
3,10078
3,10112
3,10158
3,10220
3,10236
3,10304
3,10327
3,10365
3,10437
3,10438
3,10456
3,10509
3,10560
3,10561
3,10577
3,10620
3,10621
3,10678
3,10729
3,10752
3,10804
3,10851
3,10885
3,10945
3,10975
3,11015
3,11079
3,11080
3,11094
3,11146
3,11147
3,11188
3,11245
3,11283
3,11337
3,11378
3,11415
3,11468
3,11488
3,11541
3,11569
3,11623
3,11670
3,11723
3,11752
3,11782
3,11832
3,11883
3,11926
3,11964
3,12011
3,12012
3,12052
3,12109
3,12159
3,12160
3,12198
3,12233
3,12272
3,12308
3,12371
3,12426
3,12450
3,12501
3,12525
3,12593
3,12601
3,12648
3,12720
3,12757
3,12802
3,12803
3,12804
3,12820
3,12876
3,12915
3,12979
3,12991
3,13054
3,13090
3,13128
3,13185
3,13237
3,13277
3,13278
3,13292
3,13369
3,13381
3,13431
3,13484
3,13536
3,13552
3,13611
3,13657
3,13677
3,13716
3,13775
3,13810
3,13880
3,13892
3,13953
3,13991
3,14029
3,14073
3,14137
3,14145
3,14223
3,14260
3,14261
3,14287
3,14336
3,14382
