5,22.009820461273193
5,22.009820461273193
5,22.009820461273193
5,64.01431465148926
5,64.01431465148926
5,64.01431465148926
5,78.01174211502075
5,78.01174211502075
5,78.01174211502075
5,124.01453161239624
5,124.01453161239624
5,124.01453161239624
5,168.01017093658447
5,168.01017093658447
5,168.01017093658447
5,200.01266717910767
5,200.01266717910767
5,200.01266717910767
5,238.0108814239502
5,238.0108814239502
5,238.0108814239502
5,282.00901222229004
5,282.00901222229004
5,282.00901222229004
5,320.00932455062866
5,320.00932455062866
5,320.00932455062866
5,356.01006841659546
5,356.01006841659546
5,356.01006841659546
5,390.0338292121887
5,390.0338292121887
5,390.0338292121887
5,450.0125527381897
5,450.0125527381897
5,450.0125527381897
5,480.0100898742676
5,480.0100898742676
5,480.0100898742676
5,504.0108242034912
5,504.0108242034912
5,504.0108242034912
5,552.009274482727
5,552.009274482727
5,552.009274482727
5,602.0103688240051
5,602.0103688240051
5,602.0103688240051
5,634.0098299980164
5,634.0098299980164
5,634.0098299980164
5,674.0190019607544
5,674.0190019607544
5,674.0190019607544
5,716.0140237808228
5,716.0140237808228
5,716.0140237808228
5,754.0100183486938
5,754.0100183486938
5,754.0100183486938
5,770.01051902771
5,770.01051902771
5,770.01051902771
5,826.0096940994263
5,826.0096940994263
5,826.0096940994263
5,864.0094127655029
5,864.0094127655029
5,864.0094127655029
5,900.0091457366943
5,900.0091457366943
5,900.0091457366943
5,932.0172996520996
5,932.0172996520996
5,932.0172996520996
5,956.0105690956116
5,956.0105690956116
5,956.0105690956116
5,1012.0109553337097
5,1012.0109553337097
5,1012.0109553337097
5,1034.0159001350403
5,1034.0159001350403
5,1034.0159001350403
5,1074.0125193595886
5,1074.0125193595886
5,1074.0125193595886
5,1112.0084686279297
5,1112.0084686279297
5,1112.0084686279297
5,1168.0095677375793
5,1168.0095677375793
5,1168.0095677375793
5,1206.0121712684631
5,1206.0121712684631
5,1206.0121712684631
5,1222.0094509124756
5,1222.0094509124756
5,1222.0094509124756
5,1290.0096464157104
5,1290.0096464157104
5,1290.0096464157104
5,1320.0082921981812
5,1320.0082921981812
5,1320.0082921981812
5,1332.0079417228699
5,1332.0079417228699
5,1332.0079417228699
5,1382.0087881088257
5,1382.0087881088257
5,1382.0087881088257
5,1418.0085806846619
5,1418.0085806846619
5,1418.0085806846619
5,1466.013370513916
5,1466.013370513916
5,1466.013370513916
5,1518.0097393989563
5,1518.0097393989563
5,1518.0097393989563
5,1522.0080490112305
5,1522.0080490112305
5,1522.0080490112305
5,1560.0077390670776
5,1560.0077390670776
5,1560.0077390670776
5,1606.0123715400696
5,1606.0123715400696
5,1606.0123715400696
5,1652.010507106781
5,1652.010507106781
5,1652.010507106781
5,1678.0088167190552
5,1678.0088167190552
5,1678.0088167190552
5,1730.0119471549988
5,1730.0119471549988
5,1730.0119471549988
5,1762.0088548660278
5,1762.0088548660278
5,1762.0088548660278
5,1818.0085043907166
5,1818.0085043907166
5,1818.0085043907166
5,1838.0085926055908
5,1838.0085926055908
5,1838.0085926055908
5,1868.0093913078308
5,1868.0093913078308
5,1868.0093913078308
5,1906.0096726417542
5,1906.0096726417542
5,1906.0096726417542
5,1948.0097918510437
5,1948.0097918510437
5,1948.0097918510437
5,1982.0094437599182
5,1982.0094437599182
5,1982.0094437599182
5,2040.009844303131
5,2040.009844303131
5,2040.009844303131
5,2066.008234977722
5,2066.008234977722
5,2066.008234977722
5,2126.0094890594482
5,2126.0094890594482
5,2126.0094890594482
5,2146.01336812973
5,2146.01336812973
5,2146.01336812973
5,2198.0140261650085
5,2198.0140261650085
5,2198.0140261650085
5,2214.0124502182007
5,2214.0124502182007
5,2214.0124502182007
5,2270.0150418281555
5,2270.0150418281555
5,2270.0150418281555
5,2308.011432170868
5,2308.011432170868
5,2308.011432170868
5,2338.0114345550537
5,2338.0114345550537
5,2338.0114345550537
5,2384.008511543274
5,2384.008511543274
5,2384.008511543274
5,2422.011374950409
5,2422.011374950409
5,2422.011374950409
5,2438.015423297882
5,2438.015423297882
5,2438.015423297882
5,2502.0089859962463
5,2502.0089859962463
5,2502.0089859962463
5,2538.0088381767273
5,2538.0088381767273
5,2538.0088381767273
5,2582.0081157684326
5,2582.0081157684326
5,2582.0081157684326
5,2616.010597705841
5,2616.010597705841
5,2616.010597705841
5,2654.0096821784973
5,2654.0096821784973
5,2654.0096821784973
5,2684.0082087516785
5,2684.0082087516785
5,2684.0082087516785
5,2726.0158882141113
5,2726.0158882141113
5,2726.0158882141113
5,2738.0082683563232
5,2738.0082683563232
5,2738.0082683563232
5,2784.0099873542786
5,2784.0099873542786
5,2784.0099873542786
5,2830.0127053260803
5,2830.0127053260803
5,2830.0127053260803
5,2860.0114846229553
5,2860.0114846229553
5,2860.0114846229553
5,2898.009672641754
5,2898.009672641754
5,2898.009672641754
5,2954.0087761878967
5,2954.0087761878967
5,2954.0087761878967
5,2980.0114965438843
5,2980.0114965438843
5,2980.0114965438843
5,3034.0082778930664
5,3034.0082778930664
5,3034.0082778930664
5,3056.011501312256
5,3056.011501312256
5,3056.011501312256
5,3096.010347366333
5,3096.010347366333
5,3096.010347366333
5,3130.0100803375244
5,3130.0100803375244
5,3130.0100803375244
5,3172.009973049164
5,3172.009973049164
5,3172.009973049164
5,3202.013210773468
5,3202.013210773468
5,3202.013210773468
5,3250.0119495391846
5,3250.0119495391846
5,3250.0119495391846
5,3304.010051727295
5,3304.010051727295
5,3304.010051727295
5,3338.0104904174805
5,3338.0104904174805
5,3338.0104904174805
5,3346.0107192993164
5,3346.0107192993164
5,3346.0107192993164
5,3412.0139713287354
5,3412.0139713287354
5,3412.0139713287354
5,3428.0105357170105
5,3428.0105357170105
5,3428.0105357170105
5,3460.007486343384
5,3460.007486343384
5,3460.007486343384
5,3524.009195804596
5,3524.009195804596
5,3524.009195804596
5,3556.0102639198303
5,3556.0102639198303
5,3556.0102639198303
5,3600.009582042694
5,3600.009582042694
5,3600.009582042694
5,3630.0086903572083
5,3630.0086903572083
5,3630.0086903572083
5,3650.008795261383
5,3650.008795261383
5,3650.008795261383
5,3696.0097966194153
5,3696.0097966194153
5,3696.0097966194153
5,3730.0105905532837
5,3730.0105905532837
5,3730.0105905532837
5,3768.007276535034
5,3768.007276535034
5,3768.007276535034
5,3836.0103402137756
5,3836.0103402137756
5,3836.0103402137756
5,3870.012812614441
5,3870.012812614441
5,3870.012812614441
5,3904.0100207328796
5,3904.0100207328796
5,3904.0100207328796
5,3946.009889602661
5,3946.009889602661
5,3946.009889602661
5,3968.0099968910217
5,3968.0099968910217
5,3968.0099968910217
5,4000.0090765953064
5,4000.0090765953064
5,4000.0090765953064
5,4038.009846687317
5,4038.009846687317
5,4038.009846687317
5,4092.014102458954
5,4092.014102458954
5,4092.014102458954
5,4132.008344650269
5,4132.008344650269
5,4132.008344650269
5,4174.010938644409
5,4174.010938644409
5,4174.010938644409
5,4206.009071826935
5,4206.009071826935
5,4206.009071826935
5,4220.008351802826
5,4220.008351802826
5,4220.008351802826
5,4282.011827945709
5,4282.011827945709
5,4282.011827945709
5,4308.016889572144
5,4308.016889572144
5,4308.016889572144
5,4346.010552406311
5,4346.010552406311
5,4346.010552406311
5,4398.009951591492
5,4398.009951591492
5,4398.009951591492
5,4426.011434555054
5,4426.011434555054
5,4426.011434555054
5,4448.008504390717
5,4448.008504390717
5,4448.008504390717
5,4492.01002073288
5,4492.01002073288
5,4492.01002073288
5,4528.0104212760925
5,4528.0104212760925
5,4528.0104212760925
5,4570.00940322876
5,4570.00940322876
5,4570.00940322876
5,4608.009286403656
5,4608.009286403656
5,4608.009286403656
5,4650.011847019196
5,4650.011847019196
5,4650.011847019196
5,4696.01739025116
5,4696.01739025116
5,4696.01739025116
5,4740.008504390717
5,4740.008504390717
5,4740.008504390717
5,4752.008325576782
5,4752.008325576782
5,4752.008325576782
5,4824.008714199066
5,4824.008714199066
5,4824.008714199066
5,4844.00855922699
5,4844.00855922699
5,4844.00855922699
5,4876.009965896606
5,4876.009965896606
5,4876.009965896606
5,4930.00999212265
5,4930.00999212265
5,4930.00999212265
5,4972.010201931
5,4972.010201931
5,4972.010201931
5,4980.0081968307495
5,4980.0081968307495
5,4980.0081968307495
5,5026.0095772743225
5,5026.0095772743225
5,5026.0095772743225
5,5064.012564659119
5,5064.012564659119
5,5064.012564659119
5,5102.017619132996
5,5102.017619132996
5,5102.017619132996
5,5162.008609294891
5,5162.008609294891
5,5162.008609294891
5,5178.009689331055
5,5178.009689331055
5,5178.009689331055
5,5234.010008811951
5,5234.010008811951
5,5234.010008811951
5,5280.009021759033
5,5280.009021759033
5,5280.009021759033
5,5284.008556842804
5,5284.008556842804
5,5284.008556842804
5,5342.011456012726
5,5342.011456012726
5,5342.011456012726
5,5378.009276866913
5,5378.009276866913
5,5378.009276866913
5,5410.011124610901
5,5410.011124610901
5,5410.011124610901
5,5440.010530948639
5,5440.010530948639
5,5440.010530948639
5,5504.0092697143555
5,5504.0092697143555
5,5504.0092697143555
5,5534.009036064148
5,5534.009036064148
5,5534.009036064148
5,5584.011911392212
5,5584.011911392212
5,5584.011911392212
5,5618.010967254639
5,5618.010967254639
5,5618.010967254639
5,5636.008707046509
5,5636.008707046509
5,5636.008707046509
5,5694.018248558044
5,5694.018248558044
5,5694.018248558044
5,5736.0085735321045
5,5736.0085735321045
5,5736.0085735321045
5,5762.00926733017
5,5762.00926733017
5,5762.00926733017
5,5802.01523733139
5,5802.01523733139
5,5802.01523733139
5,5842.0085282325745
5,5842.0085282325745
5,5842.0085282325745
5,5858.010755062103
5,5858.010755062103
5,5858.010755062103
5,5922.010297298431
5,5922.010297298431
5,5922.010297298431
5,5964.00967502594
5,5964.00967502594
5,5964.00967502594
5,5982.012941360474
5,5982.012941360474
5,5982.012941360474
5,6032.016446113586
5,6032.016446113586
5,6032.016446113586
5,6068.018057823181
5,6068.018057823181
5,6068.018057823181
5,6082.0088763237
5,6082.0088763237
5,6082.0088763237
5,6128.009534358978
5,6128.009534358978
5,6128.009534358978
5,6178.009000301361
5,6178.009000301361
5,6178.009000301361
5,6200.014555454254
5,6200.014555454254
5,6200.014555454254
5,6242.0090074539185
5,6242.0090074539185
5,6242.0090074539185
5,6288.0097489356995
5,6288.0097489356995
5,6288.0097489356995
5,6344.009524822235
5,6344.009524822235
5,6344.009524822235
