7,26
7,74
7,118
7,130
7,190
7,214
7,270
7,286
7,322
7,378
7,438
7,450
7,514
7,538
7,582
7,602
7,670
7,710
7,726
7,762
7,838
7,874
7,910
7,950
7,982
7,1026
7,1062
7,1090
7,1154
7,1174
7,1222
7,1250
7,1302
7,1338
7,1382
7,1434
7,1466
7,1502
7,1538
7,1582
7,1638
7,1654
7,1714
7,1754
7,1786
7,1838
7,1878
7,1890
7,1942
7,1986
7,2022
7,2070
7,2106
7,2150
7,2190
7,2230
7,2250
7,2294
7,2330
7,2394
7,2430
7,2478
7,2506
7,2546
7,2586
7,2606
7,2662
7,2714
7,2738
7,2778
7,2802
7,2854
7,2902
7,2930
7,2990
7,3034
7,3042
7,3106
7,3122
7,3198
7,3230
7,3278
7,3282
7,3346
7,3370
7,3430
7,3470
7,3490
7,3534
7,3570
7,3630
7,3670
7,3714
7,3750
7,3774
7,3806
7,3858
7,3910
7,3922
7,3990
7,4034
7,4054
7,4118
7,4146
7,4194
7,4222
7,4254
7,4314
7,4342
7,4390
7,4410
7,4478
7,4518
7,4542
7,4562
7,4614
7,4666
7,4702
7,4754
7,4786
7,4822
7,4870
7,4886
7,4938
7,4966
7,5014
7,5066
7,5110
7,5146
7,5170
7,5238
7,5242
7,5306
7,5354
7,5394
7,5418
7,5450
7,5506
7,5558
7,5590
7,5606
7,5674
7,5714
7,5730
7,5798
7,5830
7,5866
7,5910
7,5942
7,5994
7,6034
7,6058
7,6114
7,6150
7,6174
7,6234
7,6254
7,6318
7,6354
7,6386
7,6434
7,6454
7,6482
7,6558
7,6598
7,6622
7,6642
7,6714
7,6742
7,6762
7,6810
7,6858
7,6886
7,6942
7,6966
7,7026
7,7070
7,7098
7,7146
7,7190
7,7206
7,7266
7,7314
7,7350
7,7382
7,7430
7,7474
7,7486
7,7554
7,7574
7,7614
7,7654
7,7714
7,7758
7,7790
7,7822
7,7866
7,7914
7,7934
7,7994
7,8006
7,8054
7,8114
7,8126
7,8190
7,8238
7,8278
7,8302
7,8322
7,8386
7,8430
7,8474
7,8506
7,8542
7,8582
7,8626
7,8674
7,8694
7,8738
7,8774
7,8802
7,8862
7,8918
7,8958
7,8974
7,9026
7,9070
7,9094
7,9134
7,9190
7,9234
7,9274
7,9286
7,9326
7,9366
7,9414
7,9470
7,9514
7,9554
7,9590
7,9606
7,9654
7,9714
7,9738
7,9762
7,9806
7,9846
7,9882
7,9922
7,9986
7,10038
7,10062
7,10098
7,10134
7,10182
7,10230
7,10242
7,10314
7,10358
7,10394
7,10430
7,10466
7,10486
7,10526
7,10574
7,10606
7,10666
7,10694
7,10754
7,10762
7,10818
7,10846
7,10906
7,10934
7,10982
7,11010
7,11062
7,11118
7,11154
7,11194
7,11218
7,11274
7,11314
7,11346
7,11394
7,11410
7,11442
7,11514
7,11534
7,11586
7,11622
7,11658
7,11690
7,11742
7,11790
7,11834
7,11866
7,11894
7,11926
7,11966
7,12010
7,12050
7,12118
7,12126
7,12194
7,12218
7,12250
7,12306
7,12346
7,12378
7,12434
7,12450
7,12518
7,12550
7,12594
7,12622
7,12674
7,12710
7,12722
7,12774
7,12834
7,12854
7,12890
7,12950
7,12986
7,13022
7,13070
7,13102
7,13146
7,13170
7,13234
7,13278
7,13318
7,13342
