2,8
2,8
2,8
2,8
2,8
2,8
2,8
2,8
2,71
2,71
2,71
2,71
2,71
2,71
2,71
2,71
2,118
2,118
2,118
2,118
2,118
2,118
2,118
2,118
2,162
2,162
2,162
2,162
2,162
2,162
2,162
2,162
2,202
2,202
2,202
2,202
2,202
2,202
2,202
2,202
2,244
2,244
2,244
2,244
2,244
2,244
2,244
2,244
2,280
2,280
2,280
2,280
2,280
2,280
2,280
2,280
2,314
2,314
2,314
2,314
2,314
2,314
2,314
2,314
2,373
2,373
2,373
2,373
2,373
2,373
2,373
2,373
2,445
2,445
2,445
2,445
2,445
2,445
2,445
2,445
2,494
2,494
2,494
2,494
2,494
2,494
2,494
2,494
2,561
2,561
2,561
2,561
2,561
2,561
2,561
2,561
2,611
2,611
2,611
2,611
2,611
2,611
2,611
2,611
2,629
2,629
2,629
2,629
2,629
2,629
2,629
2,629
2,699
2,699
2,699
2,699
2,699
2,699
2,699
2,699
2,756
2,756
2,756
2,756
2,756
2,756
2,756
2,756
2,801
2,801
2,801
2,801
2,801
2,801
2,801
2,801
2,920
2,920
2,920
2,920
2,920
2,920
2,920
2,920
2,926
2,926
2,926
2,926
2,926
2,926
2,926
2,926
2,1004
2,1004
2,1004
2,1004
2,1004
2,1004
2,1004
2,1004
2,1074
2,1074
2,1074
2,1074
2,1074
2,1074
2,1074
2,1074
2,1145
2,1145
2,1145
2,1145
2,1145
2,1145
2,1145
2,1145
2,1192
2,1192
2,1192
2,1192
2,1192
2,1192
2,1192
2,1192
2,1266
2,1266
2,1266
2,1266
2,1266
2,1266
2,1266
2,1266
2,1382
2,1382
2,1382
2,1382
2,1382
2,1382
2,1382
2,1382
2,1408
2,1408
2,1408
2,1408
2,1408
2,1408
2,1408
2,1408
2,1494
2,1494
2,1494
2,1494
2,1494
2,1494
2,1494
2,1494
2,1582
2,1582
2,1582
2,1582
2,1582
2,1582
2,1582
2,1582
2,1705
2,1705
2,1705
2,1705
2,1705
2,1705
2,1705
2,1705
2,1715
2,1715
2,1715
2,1715
2,1715
2,1715
2,1715
2,1715
2,1801
2,1801
2,1801
2,1801
2,1801
2,1801
2,1801
2,1801
2,1881
2,1881
2,1881
2,1881
2,1881
2,1881
2,1881
2,1881
2,2017
2,2017
2,2017
2,2017
2,2017
2,2017
2,2017
2,2017
2,2051
2,2051
2,2051
2,2051
2,2051
2,2051
2,2051
2,2051
2,2137
2,2137
2,2137
2,2137
2,2137
2,2137
2,2137
2,2137
2,2278
2,2278
2,2278
2,2278
2,2278
2,2278
2,2278
2,2278
2,2377
2,2377
2,2377
2,2377
2,2377
2,2377
2,2377
2,2377
2,2435
2,2435
2,2435
2,2435
2,2435
2,2435
2,2435
2,2435
2,2471
2,2471
2,2471
2,2471
2,2471
2,2471
2,2471
2,2471
2,2493
2,2493
2,2493
2,2493
2,2493
2,2493
2,2493
2,2493
2,2530
2,2530
2,2530
2,2530
2,2530
2,2530
2,2530
2,2530
2,2590
2,2590
2,2590
2,2590
2,2590
2,2590
2,2590
2,2590
2,2613
2,2613
2,2613
2,2613
2,2613
2,2613
2,2613
2,2613
2,2665
2,2665
2,2665
2,2665
2,2665
2,2665
2,2665
2,2665
2,2703
2,2703
2,2703
2,2703
2,2703
2,2703
2,2703
2,2703
2,2749
2,2749
2,2749
2,2749
2,2749
2,2749
2,2749
2,2749
2,2755
2,2755
2,2755
2,2755
2,2755
2,2755
2,2755
2,2755
2,2808
2,2808
2,2808
2,2808
2,2808
2,2808
2,2808
2,2808
2,2864
2,2864
2,2864
2,2864
2,2864
2,2864
2,2864
2,2864
2,2910
2,2910
2,2910
2,2910
2,2910
2,2910
2,2910
2,2910
2,2926
2,2926
2,2926
2,2926
2,2926
2,2926
2,2926
2,2926
2,2974
2,2974
2,2974
2,2974
2,2974
2,2974
2,2974
2,2974
2,2998
2,2998
2,2998
2,2998
2,2998
2,2998
2,2998
2,2998
2,3051
2,3051
2,3051
2,3051
2,3051
2,3051
2,3051
2,3051
2,3089
2,3089
2,3089
2,3089
2,3089
2,3089
2,3089
2,3089
2,3112
2,3112
2,3112
2,3112
2,3112
2,3112
2,3112
2,3112
2,3158
2,3158
2,3158
2,3158
2,3158
2,3158
2,3158
2,3158
2,3206
2,3206
2,3206
2,3206
2,3206
2,3206
2,3206
2,3206
2,3238
2,3238
2,3238
2,3238
2,3238
2,3238
2,3238
2,3238
2,3276
2,3276
2,3276
2,3276
2,3276
2,3276
2,3276
2,3276
2,3309
2,3309
2,3309
2,3309
2,3309
2,3309
2,3309
2,3309
2,3342
2,3342
2,3342
2,3342
2,3342
2,3342
2,3342
2,3342
2,3387
2,3387
2,3387
2,3387
2,3387
2,3387
2,3387
2,3387
2,3433
2,3433
2,3433
2,3433
2,3433
2,3433
2,3433
2,3433
2,3474
2,3474
2,3474
2,3474
2,3474
2,3474
2,3474
2,3474
2,3519
2,3519
2,3519
2,3519
2,3519
2,3519
2,3519
2,3519
2,3549
2,3549
2,3549
2,3549
2,3549
2,3549
2,3549
2,3549
2,3613
2,3613
2,3613
2,3613
2,3613
2,3613
2,3613
2,3613
2,3649
2,3649
2,3649
2,3649
2,3649
2,3649
2,3649
2,3649
2,3678
2,3678
2,3678
2,3678
2,3678
2,3678
2,3678
2,3678
2,3708
2,3708
2,3708
2,3708
2,3708
2,3708
2,3708
2,3708
2,3774
2,3774
2,3774
2,3774
2,3774
2,3774
2,3774
2,3774
2,3816
2,3816
2,3816
2,3816
2,3816
2,3816
2,3816
2,3816
2,3822
2,3822
2,3822
2,3822
2,3822
2,3822
2,3822
2,3822
2,3868
2,3868
2,3868
2,3868
2,3868
2,3868
2,3868
2,3868
2,3911
2,3911
2,3911
2,3911
2,3911
2,3911
2,3911
2,3911
2,3969
2,3969
2,3969
2,3969
2,3969
2,3969
2,3969
2,3969
2,3995
2,3995
2,3995
2,3995
2,3995
2,3995
2,3995
2,3995
2,4055
2,4055
2,4055
2,4055
2,4055
2,4055
2,4055
2,4055
2,4085
2,4085
2,4085
2,4085
2,4085
2,4085
2,4085
2,4085
2,4132
2,4132
2,4132
2,4132
2,4132
2,4132
2,4132
2,4132
2,4176
2,4176
2,4176
2,4176
2,4176
2,4176
2,4176
2,4176
2,4209
2,4209
2,4209
2,4209
2,4209
2,4209
2,4209
2,4209
2,4231
2,4231
2,4231
2,4231
2,4231
2,4231
2,4231
2,4231
2,4268
2,4268
2,4268
2,4268
2,4268
2,4268
2,4268
2,4268
2,4336
2,4336
2,4336
2,4336
2,4336
2,4336
2,4336
2,4336
2,4393
2,4393
2,4393
2,4393
2,4393
2,4393
2,4393
2,4393
2,4413
2,4413
2,4413
2,4413
2,4413
2,4413
2,4413
2,4413
2,4441
2,4441
2,4441
2,4441
2,4441
2,4441
2,4441
2,4441
2,4479
2,4479
2,4479
2,4479
2,4479
2,4479
2,4479
2,4479
2,4547
2,4547
2,4547
2,4547
2,4547
2,4547
2,4547
2,4547
2,4561
2,4561
2,4561
2,4561
2,4561
2,4561
2,4561
2,4561
2,4592
2,4592
2,4592
2,4592
2,4592
2,4592
2,4592
2,4592
2,4656
2,4656
2,4656
2,4656
2,4656
2,4656
2,4656
2,4656
2,4668
2,4668
2,4668
2,4668
2,4668
2,4668
2,4668
2,4668
2,4712
2,4712
2,4712
2,4712
2,4712
2,4712
2,4712
2,4712
2,4768
2,4768
2,4768
2,4768
2,4768
2,4768
2,4768
2,4768
2,4812
2,4812
2,4812
2,4812
2,4812
2,4812
2,4812
2,4812
2,4850
2,4850
2,4850
2,4850
2,4850
2,4850
2,4850
2,4850
2,4868
2,4868
2,4868
2,4868
2,4868
2,4868
2,4868
2,4868
2,4920
2,4920
2,4920
2,4920
2,4920
2,4920
2,4920
2,4920
2,4954
2,4954
2,4954
2,4954
2,4954
2,4954
2,4954
2,4954
2,5006
2,5006
2,5006
2,5006
2,5006
2,5006
2,5006
2,5006
2,5032
2,5032
2,5032
2,5032
2,5032
2,5032
2,5032
2,5032
2,5070
2,5070
2,5070
2,5070
2,5070
2,5070
2,5070
2,5070
2,5110
2,5110
2,5110
2,5110
2,5110
2,5110
2,5110
2,5110
2,5156
2,5156
2,5156
2,5156
2,5156
2,5156
2,5156
2,5156
2,5178
2,5178
2,5178
2,5178
2,5178
2,5178
2,5178
2,5178
2,5232
2,5232
2,5232
2,5232
2,5232
2,5232
2,5232
2,5232
2,5268
2,5268
2,5268
2,5268
2,5268
2,5268
2,5268
2,5268
2,5294
2,5294
2,5294
2,5294
2,5294
2,5294
2,5294
2,5294
2,5324
2,5324
2,5324
2,5324
2,5324
2,5324
2,5324
2,5324
2,5382
2,5382
2,5382
2,5382
2,5382
2,5382
2,5382
2,5382
2,5408
2,5408
2,5408
2,5408
2,5408
2,5408
2,5408
2,5408
2,5470
2,5470
2,5470
2,5470
2,5470
2,5470
2,5470
2,5470
2,5482
2,5482
2,5482
2,5482
2,5482
2,5482
2,5482
2,5482
2,5514
2,5514
2,5514
2,5514
2,5514
2,5514
2,5514
2,5514
2,5552
2,5552
2,5552
2,5552
2,5552
2,5552
2,5552
2,5552
2,5604
2,5604
2,5604
2,5604
2,5604
2,5604
2,5604
2,5604
2,5628
2,5628
2,5628
2,5628
2,5628
2,5628
2,5628
2,5628
2,5686
2,5686
2,5686
2,5686
2,5686
2,5686
2,5686
2,5686
2,5736
2,5736
2,5736
2,5736
2,5736
2,5736
2,5736
2,5736
2,5762
2,5762
2,5762
2,5762
2,5762
2,5762
2,5762
2,5762
2,5806
2,5806
2,5806
2,5806
2,5806
2,5806
2,5806
2,5806
2,5828
2,5828
2,5828
2,5828
2,5828
2,5828
2,5828
2,5828
2,5856
2,5856
2,5856
2,5856
2,5856
2,5856
2,5856
2,5856
2,5926
2,5926
2,5926
2,5926
2,5926
2,5926
2,5926
2,5926
2,5958
2,5958
2,5958
2,5958
2,5958
2,5958
2,5958
2,5958
2,5988
2,5988
2,5988
2,5988
2,5988
2,5988
2,5988
2,5988
2,6014
2,6014
2,6014
2,6014
2,6014
2,6014
2,6014
2,6014
2,6060
2,6060
2,6060
2,6060
2,6060
2,6060
2,6060
2,6060
2,6084
2,6084
2,6084
2,6084
2,6084
2,6084
2,6084
2,6084
2,6128
2,6128
2,6128
2,6128
2,6128
2,6128
2,6128
2,6128
2,6180
2,6180
2,6180
2,6180
2,6180
2,6180
2,6180
2,6180
2,6204
2,6204
2,6204
2,6204
2,6204
2,6204
2,6204
2,6204
2,6250
2,6250
2,6250
2,6250
2,6250
2,6250
2,6250
2,6250
2,6296
2,6296
2,6296
2,6296
2,6296
2,6296
2,6296
2,6296
2,6318
2,6318
2,6318
2,6318
2,6318
2,6318
2,6318
2,6318
2,6354
2,6354
2,6354
2,6354
2,6354
2,6354
2,6354
2,6354
2,6396
2,6396
2,6396
2,6396
2,6396
2,6396
2,6396
2,6396
2,6432
2,6432
2,6432
2,6432
2,6432
2,6432
2,6432
2,6432
2,6490
2,6490
2,6490
2,6490
2,6490
2,6490
2,6490
2,6490
2,6528
2,6528
2,6528
2,6528
2,6528
2,6528
2,6528
2,6528
2,6558
2,6558
2,6558
2,6558
2,6558
2,6558
2,6558
2,6558
2,6598
2,6598
2,6598
2,6598
2,6598
2,6598
2,6598
2,6598
2,6622
2,6622
2,6622
2,6622
2,6622
2,6622
2,6622
2,6622
2,6668
2,6668
2,6668
2,6668
2,6668
2,6668
2,6668
2,6668
2,6724
2,6724
2,6724
2,6724
2,6724
2,6724
2,6724
2,6724
2,6762
2,6762
2,6762
2,6762
2,6762
2,6762
2,6762
2,6762
2,6774
2,6774
2,6774
2,6774
2,6774
2,6774
2,6774
2,6774
2,6838
2,6838
2,6838
2,6838
2,6838
2,6838
2,6838
2,6838
2,6870
2,6870
2,6870
2,6870
2,6870
2,6870
2,6870
2,6870
2,6888
2,6888
2,6888
2,6888
2,6888
2,6888
2,6888
2,6888
2,6930
2,6930
2,6930
2,6930
2,6930
2,6930
2,6930
2,6930
2,6968
2,6968
2,6968
2,6968
2,6968
2,6968
2,6968
2,6968
2,6996
2,6996
2,6996
2,6996
2,6996
2,6996
2,6996
2,6996
2,7050
2,7050
2,7050
2,7050
2,7050
2,7050
2,7050
2,7050
2,7094
2,7094
2,7094
2,7094
2,7094
2,7094
2,7094
2,7094
2,7116
2,7116
2,7116
2,7116
2,7116
2,7116
2,7116
2,7116
2,7154
2,7154
2,7154
2,7154
2,7154
2,7154
2,7154
2,7154
2,7196
2,7196
2,7196
2,7196
2,7196
2,7196
2,7196
2,7196
2,7238
2,7238
2,7238
2,7238
2,7238
2,7238
2,7238
2,7238
2,7266
2,7266
2,7266
2,7266
2,7266
2,7266
2,7266
2,7266
2,7332
2,7332
2,7332
2,7332
2,7332
2,7332
2,7332
2,7332
2,7358
2,7358
2,7358
2,7358
2,7358
2,7358
2,7358
2,7358
2,7402
2,7402
2,7402
2,7402
2,7402
2,7402
2,7402
2,7402
2,7440
2,7440
2,7440
2,7440
2,7440
2,7440
2,7440
2,7440
