4,19
4,19
4,19
4,54
4,54
4,54
4,101
4,101
4,101
4,145
4,145
4,145
4,179
4,179
4,179
4,229
4,229
4,229
4,285
4,285
4,285
4,352
4,352
4,352
4,390
4,390
4,390
4,454
4,454
4,454
4,489
4,489
4,489
4,529
4,529
4,529
4,592
4,592
4,592
4,638
4,638
4,638
4,684
4,684
4,684
4,747
4,747
4,747
4,830
4,830
4,830
4,901
4,901
4,901
4,981
4,981
4,981
4,1015
4,1015
4,1015
4,1085
4,1085
4,1085
4,1130
4,1130
4,1130
4,1221
4,1221
4,1221
4,1271
4,1271
4,1271
4,1337
4,1337
4,1337
4,1413
4,1413
4,1413
4,1549
4,1549
4,1549
4,1587
4,1587
4,1587
4,1686
4,1686
4,1686
4,1738
4,1738
4,1738
4,1816
4,1816
4,1816
4,1900
4,1900
4,1900
4,2040
4,2040
4,2040
4,2120
4,2120
4,2120
4,2156
4,2156
4,2156
4,2293
4,2293
4,2293
4,2358
4,2358
4,2358
4,2400
4,2400
4,2400
4,2480
4,2480
4,2480
4,2504
4,2504
4,2504
4,2543
4,2543
4,2543
4,2573
4,2573
4,2573
4,2634
4,2634
4,2634
4,2638
4,2638
4,2638
4,2676
4,2676
4,2676
4,2726
4,2726
4,2726
4,2770
4,2770
4,2770
4,2827
4,2827
4,2827
4,2855
4,2855
4,2855
4,2889
4,2889
4,2889
4,2945
4,2945
4,2945
4,2969
4,2969
4,2969
4,3011
4,3011
4,3011
4,3056
4,3056
4,3056
4,3103
4,3103
4,3103
4,3137
4,3137
4,3137
4,3167
4,3167
4,3167
4,3189
4,3189
4,3189
4,3227
4,3227
4,3227
4,3298
4,3298
4,3298
4,3332
4,3332
4,3332
4,3356
4,3356
4,3356
4,3398
4,3398
4,3398
4,3450
4,3450
4,3450
4,3463
4,3463
4,3463
4,3534
4,3534
4,3534
4,3572
4,3572
4,3572
4,3597
4,3597
4,3597
4,3664
4,3664
4,3664
4,3668
4,3668
4,3668
4,3737
4,3737
4,3737
4,3757
4,3757
4,3757
4,3783
4,3783
4,3783
4,3839
4,3839
4,3839
4,3879
4,3879
4,3879
4,3940
4,3940
4,3940
4,3954
4,3954
4,3954
4,4012
4,4012
4,4012
4,4038
4,4038
4,4038
4,4080
4,4080
4,4080
4,4114
4,4114
4,4114
4,4161
4,4161
4,4161
4,4191
4,4191
4,4191
4,4263
4,4263
4,4263
4,4297
4,4297
4,4297
4,4309
4,4309
4,4309
4,4382
4,4382
4,4382
4,4398
4,4398
4,4398
4,4436
4,4436
4,4436
4,4500
4,4500
4,4500
4,4522
4,4522
4,4522
4,4576
4,4576
4,4576
4,4607
4,4607
4,4607
4,4641
4,4641
4,4641
4,4679
4,4679
4,4679
4,4735
4,4735
4,4735
4,4759
4,4759
4,4759
4,4793
4,4793
4,4793
4,4823
4,4823
4,4823
4,4891
4,4891
4,4891
4,4929
4,4929
4,4929
4,4977
4,4977
4,4977
4,4981
4,4981
4,4981
4,5041
4,5041
4,5041
4,5061
4,5061
4,5061
4,5125
4,5125
4,5125
4,5151
4,5151
4,5151
4,5205
4,5205
4,5205
4,5217
4,5217
4,5217
4,5259
4,5259
4,5259
4,5315
4,5315
4,5315
4,5335
4,5335
4,5335
4,5361
4,5361
4,5361
4,5403
4,5403
4,5403
4,5455
4,5455
4,5455
4,5497
4,5497
4,5497
4,5547
4,5547
4,5547
4,5573
4,5573
4,5573
4,5589
4,5589
4,5589
4,5651
4,5651
4,5651
4,5673
4,5673
4,5673
4,5717
4,5717
4,5717
4,5757
4,5757
4,5757
4,5791
4,5791
4,5791
4,5833
4,5833
4,5833
4,5885
4,5885
4,5885
4,5897
4,5897
4,5897
4,5943
4,5943
4,5943
4,5993
4,5993
4,5993
4,6033
4,6033
4,6033
4,6045
4,6045
4,6045
4,6113
4,6113
4,6113
4,6151
4,6151
4,6151
4,6163
4,6163
4,6163
4,6231
4,6231
4,6231
4,6235
4,6235
4,6235
4,6281
4,6281
4,6281
4,6345
4,6345
4,6345
4,6349
4,6349
4,6349
4,6421
4,6421
4,6421
4,6451
4,6451
4,6451
4,6467
4,6467
4,6467
4,6513
4,6513
4,6513
4,6539
4,6539
4,6539
4,6577
4,6577
4,6577
4,6649
4,6649
4,6649
4,6659
4,6659
4,6659
4,6699
4,6699
4,6699
4,6751
4,6751
4,6751
4,6789
4,6789
4,6789
4,6805
4,6805
4,6805
4,6851
4,6851
4,6851
4,6911
4,6911
4,6911
4,6945
4,6945
4,6945
4,6987
4,6987
4,6987
4,7017
4,7017
4,7017
4,7041
4,7041
4,7041
4,7075
4,7075
4,7075
4,7135
4,7135
4,7135
4,7177
4,7177
4,7177
4,7213
4,7213
4,7213
4,7243
4,7243
4,7243
4,7285
4,7285
4,7285
4,7299
4,7299
4,7299
4,7349
4,7349
4,7349
4,7375
4,7375
4,7375
4,7425
4,7425
4,7425
