7,31
7,31
7,31
7,66
7,66
7,66
7,89
7,89
7,89
7,133
7,133
7,133
7,167
7,167
7,167
7,249
7,249
7,249
7,297
7,297
7,297
7,340
7,340
7,340
7,394
7,394
7,394
7,430
7,430
7,430
7,499
7,499
7,499
7,511
7,511
7,511
7,596
7,596
7,596
7,634
7,634
7,634
7,688
7,688
7,688
7,751
7,751
7,751
7,826
7,826
7,826
7,905
7,905
7,905
7,973
7,973
7,973
7,1051
7,1051
7,1051
7,1055
7,1055
7,1055
7,1122
7,1122
7,1122
7,1213
7,1213
7,1213
7,1281
7,1281
7,1281
7,1397
7,1397
7,1397
7,1477
7,1477
7,1477
7,1545
7,1545
7,1545
7,1577
7,1577
7,1577
7,1700
7,1700
7,1700
7,1726
7,1726
7,1726
7,1812
7,1812
7,1812
7,1886
7,1886
7,1886
7,2036
7,2036
7,2036
7,2108
7,2108
7,2108
7,2152
7,2152
7,2152
7,2289
7,2289
7,2289
7,2366
7,2366
7,2366
7,2388
7,2388
7,2388
7,2452
7,2452
7,2452
7,2484
7,2484
7,2484
7,2547
7,2547
7,2547
7,2565
7,2565
7,2565
7,2604
7,2604
7,2604
7,2642
7,2642
7,2642
7,2692
7,2692
7,2692
7,2714
7,2714
7,2714
7,2766
7,2766
7,2766
7,2831
7,2831
7,2831
7,2859
7,2859
7,2859
7,2877
7,2877
7,2877
7,2937
7,2937
7,2937
7,2959
7,2959
7,2959
7,3007
7,3007
7,3007
7,3060
7,3060
7,3060
7,3078
7,3078
7,3078
7,3107
7,3107
7,3107
7,3175
7,3175
7,3175
7,3219
7,3219
7,3219
7,3249
7,3249
7,3249
7,3263
7,3263
7,3263
7,3320
7,3320
7,3320
7,3360
7,3360
7,3360
7,3408
7,3408
7,3408
7,3420
7,3420
7,3420
7,3491
7,3491
7,3491
7,3538
7,3538
7,3538
7,3560
7,3560
7,3560
7,3585
7,3585
7,3585
7,3634
7,3634
7,3634
7,3687
7,3687
7,3687
7,3725
7,3725
7,3725
7,3779
7,3779
7,3779
7,3787
7,3787
7,3787
7,3835
7,3835
7,3835
7,3897
7,3897
7,3897
7,3922
7,3922
7,3922
7,3984
7,3984
7,3984
7,4016
7,4016
7,4016
7,4068
7,4068
7,4068
7,4106
7,4106
7,4106
7,4123
7,4123
7,4123
7,4149
7,4149
7,4149
7,4204
7,4204
7,4204
7,4252
7,4252
7,4252
7,4285
7,4285
7,4285
7,4341
7,4341
7,4341
7,4353
7,4353
7,4353
7,4428
7,4428
7,4428
7,4470
7,4470
7,4470
7,4474
7,4474
7,4474
7,4514
7,4514
7,4514
7,4552
7,4552
7,4552
7,4625
7,4625
7,4625
7,4629
7,4629
7,4629
7,4691
7,4691
7,4691
7,4717
7,4717
7,4717
7,4755
7,4755
7,4755
7,4797
7,4797
7,4797
7,4839
7,4839
7,4839
7,4879
7,4879
7,4879
7,4915
7,4915
7,4915
7,4949
7,4949
7,4949
7,5011
7,5011
7,5011
7,5019
7,5019
7,5019
7,5075
7,5075
7,5075
7,5101
7,5101
7,5101
7,5141
7,5141
7,5141
7,5201
7,5201
7,5201
7,5243
7,5243
7,5243
7,5247
7,5247
7,5247
7,5319
7,5319
7,5319
7,5347
7,5347
7,5347
7,5369
7,5369
7,5369
7,5427
7,5427
7,5427
7,5437
7,5437
7,5437
7,5509
7,5509
7,5509
7,5535
7,5535
7,5535
7,5581
7,5581
7,5581
7,5615
7,5615
7,5615
7,5643
7,5643
7,5643
7,5677
7,5677
7,5677
7,5713
7,5713
7,5713
7,5753
7,5753
7,5753
7,5787
7,5787
7,5787
7,5823
7,5823
7,5823
7,5867
7,5867
7,5867
7,5915
7,5915
7,5915
7,5931
7,5931
7,5931
7,5977
7,5977
7,5977
7,6041
7,6041
7,6041
7,6075
7,6075
7,6075
7,6095
7,6095
7,6095
7,6143
7,6143
7,6143
7,6171
7,6171
7,6171
7,6215
7,6215
7,6215
7,6265
7,6265
7,6265
7,6301
7,6301
7,6301
7,6333
7,6333
7,6333
7,6383
7,6383
7,6383
7,6401
7,6401
7,6401
7,6447
7,6447
7,6447
7,6471
7,6471
7,6471
7,6509
7,6509
7,6509
7,6573
7,6573
7,6573
7,6585
7,6585
7,6585
7,6633
7,6633
7,6633
7,6683
7,6683
7,6683
7,6703
7,6703
7,6703
7,6739
7,6739
7,6739
7,6779
7,6779
7,6779
7,6809
7,6809
7,6809
7,6855
7,6855
7,6855
7,6899
7,6899
7,6899
7,6949
7,6949
7,6949
7,6979
7,6979
7,6979
7,7025
7,7025
7,7025
7,7067
7,7067
7,7067
7,7105
7,7105
7,7105
7,7139
7,7139
7,7139
7,7165
7,7165
7,7165
7,7205
7,7205
7,7205
7,7233
7,7233
7,7233
7,7275
7,7275
7,7275
7,7323
7,7323
7,7323
7,7337
7,7337
7,7337
7,7383
7,7383
7,7383
7,7413
7,7413
7,7413
