2,7
2,7
2,7
2,7
2,7
2,7
2,7
2,7
2,51
2,51
2,51
2,51
2,51
2,51
2,51
2,51
2,105
2,105
2,105
2,105
2,105
2,105
2,105
2,105
2,139
2,139
2,139
2,139
2,139
2,139
2,139
2,139
2,167
2,167
2,167
2,167
2,167
2,167
2,167
2,167
2,3219
2,3219
2,3219
2,3219
2,3219
2,3219
2,3219
2,3219
2,3245
2,3245
2,3245
2,3245
2,3245
2,3245
2,3245
2,3245
2,3283
2,3283
2,3283
2,3283
2,3283
2,3283
2,3283
2,3283
2,3323
2,3323
2,3323
2,3323
2,3323
2,3323
2,3323
2,3323
2,3373
2,3373
2,3373
2,3373
2,3373
2,3373
2,3373
2,3373
2,3383
2,3383
2,3383
2,3383
2,3383
2,3383
2,3383
2,3383
2,3443
2,3443
2,3443
2,3443
2,3443
2,3443
2,3443
2,3443
2,3485
2,3485
2,3485
2,3485
2,3485
2,3485
2,3485
2,3485
2,3503
2,3503
2,3503
2,3503
2,3503
2,3503
2,3503
2,3503
2,3535
2,3535
2,3535
2,3535
2,3535
2,3535
2,3535
2,3535
2,3579
2,3579
2,3579
2,3579
2,3579
2,3579
2,3579
2,3579
2,3639
2,3639
2,3639
2,3639
2,3639
2,3639
2,3639
2,3639
2,3677
2,3677
2,3677
2,3677
2,3677
2,3677
2,3677
2,3677
2,3715
2,3715
2,3715
2,3715
2,3715
2,3715
2,3715
2,3715
2,3725
2,3725
2,3725
2,3725
2,3725
2,3725
2,3725
2,3725
2,3781
2,3781
2,3781
2,3781
2,3781
2,3781
2,3781
2,3781
2,3807
2,3807
2,3807
2,3807
2,3807
2,3807
2,3807
2,3807
2,3857
2,3857
2,3857
2,3857
2,3857
2,3857
2,3857
2,3857
2,3893
2,3893
2,3893
2,3893
2,3893
2,3893
2,3893
2,3893
2,3931
2,3931
2,3931
2,3931
2,3931
2,3931
2,3931
2,3931
2,3971
2,3971
2,3971
2,3971
2,3971
2,3971
2,3971
2,3971
2,3997
2,3997
2,3997
2,3997
2,3997
2,3997
2,3997
2,3997
2,7045
2,7045
2,7045
2,7045
2,7045
2,7045
2,7045
2,7045
2,7095
2,7095
2,7095
2,7095
2,7095
2,7095
2,7095
2,7095
2,7111
2,7111
2,7111
2,7111
2,7111
2,7111
2,7111
2,7111
2,7167
2,7167
2,7167
2,7167
2,7167
2,7167
2,7167
2,7167
2,7207
2,7207
2,7207
2,7207
2,7207
2,7207
2,7207
2,7207
2,7241
2,7241
2,7241
2,7241
2,7241
2,7241
2,7241
2,7241
2,7257
2,7257
2,7257
2,7257
2,7257
2,7257
2,7257
2,7257
2,7295
2,7295
2,7295
2,7295
2,7295
2,7295
2,7295
2,7295
2,7343
2,7343
2,7343
2,7343
2,7343
2,7343
2,7343
2,7343
2,7371
2,7371
2,7371
2,7371
2,7371
2,7371
2,7371
2,7371
2,7409
2,7409
2,7409
2,7409
2,7409
2,7409
2,7409
2,7409
2,7479
2,7479
2,7479
2,7479
2,7479
2,7479
2,7479
2,7479
2,7507
2,7507
2,7507
2,7507
2,7507
2,7507
2,7507
2,7507
2,7545
2,7545
2,7545
2,7545
2,7545
2,7545
2,7545
2,7545
2,7593
2,7593
2,7593
2,7593
2,7593
2,7593
2,7593
2,7593
2,7619
2,7619
2,7619
2,7619
2,7619
2,7619
2,7619
2,7619
2,7657
2,7657
2,7657
2,7657
2,7657
2,7657
2,7657
2,7657
2,7681
2,7681
2,7681
2,7681
2,7681
2,7681
2,7681
2,7681
2,7725
2,7725
2,7725
2,7725
2,7725
2,7725
2,7725
2,7725
2,7771
2,7771
2,7771
2,7771
2,7771
2,7771
2,7771
2,7771
2,7795
2,7795
2,7795
2,7795
2,7795
2,7795
2,7795
2,7795
2,7851
2,7851
2,7851
2,7851
2,7851
2,7851
2,7851
2,7851
2,7865
2,7865
2,7865
2,7865
2,7865
2,7865
2,7865
2,7865
2,7919
2,7919
2,7919
2,7919
2,7919
2,7919
2,7919
2,7919
2,7951
2,7951
2,7951
2,7951
2,7951
2,7951
2,7951
2,7951
2,7985
2,7985
2,7985
2,7985
2,7985
2,7985
2,7985
2,7985
2,8021
2,8021
2,8021
2,8021
2,8021
2,8021
2,8021
2,8021
2,8083
2,8083
2,8083
2,8083
2,8083
2,8083
2,8083
2,8083
2,8099
2,8099
2,8099
2,8099
2,8099
2,8099
2,8099
2,8099
2,8155
2,8155
2,8155
2,8155
2,8155
2,8155
2,8155
2,8155
2,8169
2,8169
2,8169
2,8169
2,8169
2,8169
2,8169
2,8169
2,8217
2,8217
2,8217
2,8217
2,8217
2,8217
2,8217
2,8217
2,8263
2,8263
2,8263
2,8263
2,8263
2,8263
2,8263
2,8263
2,8283
2,8283
2,8283
2,8283
2,8283
2,8283
2,8283
2,8283
2,8347
2,8347
2,8347
2,8347
2,8347
2,8347
2,8347
2,8347
2,8363
2,8363
2,8363
2,8363
2,8363
2,8363
2,8363
2,8363
2,8403
2,8403
2,8403
2,8403
2,8403
2,8403
2,8403
2,8403
2,8443
2,8443
2,8443
2,8443
2,8443
2,8443
2,8443
2,8443
2,8495
2,8495
2,8495
2,8495
2,8495
2,8495
2,8495
2,8495
2,8521
2,8521
2,8521
2,8521
2,8521
2,8521
2,8521
2,8521
2,8581
2,8581
2,8581
2,8581
2,8581
2,8581
2,8581
2,8581
2,8601
2,8601
2,8601
2,8601
2,8601
2,8601
2,8601
2,8601
2,8643
2,8643
2,8643
2,8643
2,8643
2,8643
2,8643
2,8643
2,8663
2,8663
2,8663
2,8663
2,8663
2,8663
2,8663
2,8663
2,8727
2,8727
2,8727
2,8727
2,8727
2,8727
2,8727
2,8727
2,8757
2,8757
2,8757
2,8757
2,8757
2,8757
2,8757
2,8757
2,8777
2,8777
2,8777
2,8777
2,8777
2,8777
2,8777
2,8777
2,8815
2,8815
2,8815
2,8815
2,8815
2,8815
2,8815
2,8815
2,8853
2,8853
2,8853
2,8853
2,8853
2,8853
2,8853
2,8853
2,8915
2,8915
2,8915
2,8915
2,8915
2,8915
2,8915
2,8915
2,8939
2,8939
2,8939
2,8939
2,8939
2,8939
2,8939
2,8939
2,8977
2,8977
2,8977
2,8977
2,8977
2,8977
2,8977
2,8977
2,9027
2,9027
2,9027
2,9027
2,9027
2,9027
2,9027
2,9027
2,9049
2,9049
2,9049
2,9049
2,9049
2,9049
2,9049
2,9049
2,9087
2,9087
2,9087
2,9087
2,9087
2,9087
2,9087
2,9087
2,9125
2,9125
2,9125
2,9125
2,9125
2,9125
2,9125
2,9125
2,9161
2,9161
2,9161
2,9161
2,9161
2,9161
2,9161
2,9161
2,9211
2,9211
2,9211
2,9211
2,9211
2,9211
2,9211
2,9211
2,9237
2,9237
2,9237
2,9237
2,9237
2,9237
2,9237
2,9237
2,9277
2,9277
2,9277
2,9277
2,9277
2,9277
2,9277
2,9277
2,9321
2,9321
2,9321
2,9321
2,9321
2,9321
2,9321
2,9321
2,9359
2,9359
2,9359
2,9359
2,9359
2,9359
2,9359
2,9359
2,9411
2,9411
2,9411
2,9411
2,9411
2,9411
2,9411
2,9411
2,9443
2,9443
2,9443
2,9443
2,9443
2,9443
2,9443
2,9443
2,9465
2,9465
2,9465
2,9465
2,9465
2,9465
2,9465
2,9465
2,9517
2,9517
2,9517
2,9517
2,9517
2,9517
2,9517
2,9517
2,9543
2,9543
2,9543
2,9543
2,9543
2,9543
2,9543
2,9543
2,9607
2,9607
2,9607
2,9607
2,9607
2,9607
2,9607
2,9607
2,9623
2,9623
2,9623
2,9623
2,9623
2,9623
2,9623
2,9623
2,9651
2,9651
2,9651
2,9651
2,9651
2,9651
2,9651
2,9651
2,9689
2,9689
2,9689
2,9689
2,9689
2,9689
2,9689
2,9689
2,9731
2,9731
2,9731
2,9731
2,9731
2,9731
2,9731
2,9731
2,9771
2,9771
2,9771
2,9771
2,9771
2,9771
2,9771
2,9771
2,9831
2,9831
2,9831
2,9831
2,9831
2,9831
2,9831
2,9831
2,9867
2,9867
2,9867
2,9867
2,9867
2,9867
2,9867
2,9867
2,9879
2,9879
2,9879
2,9879
2,9879
2,9879
2,9879
2,9879
2,9923
2,9923
2,9923
2,9923
2,9923
2,9923
2,9923
2,9923
2,9961
2,9961
2,9961
2,9961
2,9961
2,9961
2,9961
2,9961
2,10001
2,10001
2,10001
2,10001
2,10001
2,10001
2,10001
2,10001
2,10035
2,10035
2,10035
2,10035
2,10035
2,10035
2,10035
2,10035
2,10075
2,10075
2,10075
2,10075
2,10075
2,10075
2,10075
2,10075
2,10113
2,10113
2,10113
2,10113
2,10113
2,10113
2,10113
2,10113
2,10151
2,10151
2,10151
2,10151
2,10151
2,10151
2,10151
2,10151
2,10189
2,10189
2,10189
2,10189
2,10189
2,10189
2,10189
2,10189
2,10227
2,10227
2,10227
2,10227
2,10227
2,10227
2,10227
2,10227
2,10277
2,10277
2,10277
2,10277
2,10277
2,10277
2,10277
2,10277
2,10303
2,10303
2,10303
2,10303
2,10303
2,10303
2,10303
2,10303
2,10355
2,10355
2,10355
2,10355
2,10355
2,10355
2,10355
2,10355
2,10377
2,10377
2,10377
2,10377
2,10377
2,10377
2,10377
2,10377
2,10443
2,10443
2,10443
2,10443
2,10443
2,10443
2,10443
2,10443
2,10471
2,10471
2,10471
2,10471
2,10471
2,10471
2,10471
2,10471
2,10491
2,10491
2,10491
2,10491
2,10491
2,10491
2,10491
2,10491
2,10551
2,10551
2,10551
2,10551
2,10551
2,10551
2,10551
2,10551
2,10573
2,10573
2,10573
2,10573
2,10573
2,10573
2,10573
2,10573
2,10615
2,10615
2,10615
2,10615
2,10615
2,10615
2,10615
2,10615
2,10645
2,10645
2,10645
2,10645
2,10645
2,10645
2,10645
2,10645
2,10693
2,10693
2,10693
2,10693
2,10693
2,10693
2,10693
2,10693
2,10735
2,10735
2,10735
2,10735
2,10735
2,10735
2,10735
2,10735
2,10779
2,10779
2,10779
2,10779
2,10779
2,10779
2,10779
2,10779
2,10817
2,10817
2,10817
2,10817
2,10817
2,10817
2,10817
2,10817
2,10829
2,10829
2,10829
2,10829
2,10829
2,10829
2,10829
2,10829
2,10867
2,10867
2,10867
2,10867
2,10867
2,10867
2,10867
2,10867
2,10931
2,10931
2,10931
2,10931
2,10931
2,10931
2,10931
2,10931
2,10955
2,10955
2,10955
2,10955
2,10955
2,10955
2,10955
2,10955
2,10991
2,10991
2,10991
2,10991
2,10991
2,10991
2,10991
2,10991
2,11041
2,11041
2,11041
2,11041
2,11041
2,11041
2,11041
2,11041
2,11077
2,11077
2,11077
2,11077
2,11077
2,11077
2,11077
2,11077
2,11095
2,11095
2,11095
2,11095
2,11095
2,11095
2,11095
2,11095
2,11151
2,11151
2,11151
2,11151
2,11151
2,11151
2,11151
2,11151
2,11171
2,11171
2,11171
2,11171
2,11171
2,11171
2,11171
2,11171
2,11233
2,11233
2,11233
2,11233
2,11233
2,11233
2,11233
2,11233
2,11259
2,11259
2,11259
2,11259
2,11259
2,11259
2,11259
2,11259
2,11299
2,11299
2,11299
2,11299
2,11299
2,11299
2,11299
2,11299
2,11349
2,11349
2,11349
2,11349
2,11349
2,11349
2,11349
2,11349
2,11367
2,11367
2,11367
2,11367
2,11367
2,11367
2,11367
2,11367
2,11409
2,11409
2,11409
2,11409
2,11409
2,11409
2,11409
2,11409
2,11461
2,11461
2,11461
2,11461
2,11461
2,11461
2,11461
2,11461
2,11475
2,11475
2,11475
2,11475
2,11475
2,11475
2,11475
2,11475
2,11519
2,11519
2,11519
2,11519
2,11519
2,11519
2,11519
2,11519
2,11579
2,11579
2,11579
2,11579
2,11579
2,11579
2,11579
2,11579
2,11607
2,11607
2,11607
2,11607
2,11607
2,11607
2,11607
2,11607
2,11627
2,11627
2,11627
2,11627
2,11627
2,11627
2,11627
2,11627
2,11687
2,11687
2,11687
2,11687
2,11687
2,11687
2,11687
2,11687
2,11735
2,11735
2,11735
2,11735
2,11735
2,11735
2,11735
2,11735
2,11755
2,11755
2,11755
2,11755
2,11755
2,11755
2,11755
2,11755
2,11785
2,11785
2,11785
2,11785
2,11785
2,11785
2,11785
2,11785
2,11833
2,11833
2,11833
2,11833
2,11833
2,11833
2,11833
2,11833
2,11887
2,11887
2,11887
2,11887
2,11887
2,11887
2,11887
2,11887
2,11905
2,11905
2,11905
2,11905
2,11905
2,11905
2,11905
2,11905
2,11953
2,11953
2,11953
2,11953
2,11953
2,11953
2,11953
2,11953
2,11969
2,11969
2,11969
2,11969
2,11969
2,11969
2,11969
2,11969
2,12023
2,12023
2,12023
2,12023
2,12023
2,12023
2,12023
2,12023
2,12077
2,12077
2,12077
2,12077
2,12077
2,12077
2,12077
2,12077
2,12089
2,12089
2,12089
2,12089
2,12089
2,12089
2,12089
2,12089
2,12125
2,12125
2,12125
2,12125
2,12125
2,12125
2,12125
2,12125
2,12175
2,12175
2,12175
2,12175
2,12175
2,12175
2,12175
2,12175
2,12201
2,12201
2,12201
2,12201
2,12201
2,12201
2,12201
2,12201
2,12235
2,12235
2,12235
2,12235
2,12235
2,12235
2,12235
2,12235
2,12277
2,12277
2,12277
2,12277
2,12277
2,12277
2,12277
2,12277
2,12323
2,12323
2,12323
2,12323
2,12323
2,12323
2,12323
2,12323
