7,26
7,74
7,114
7,150
7,174
7,214
7,254
7,290
7,354
7,362
7,410
7,470
7,502
7,558
7,590
7,606
7,674
7,702
7,746
7,794
7,834
7,846
7,882
7,938
7,986
7,1018
7,1066
7,1106
7,1130
7,1166
7,1238
7,1258
7,1286
7,1338
7,1370
7,1434
7,1462
7,1502
7,1546
7,1586
7,1606
7,1654
7,1710
7,1746
7,1766
7,1802
7,1878
7,1906
7,1926
7,1974
7,2006
7,2074
7,2102
7,2154
7,2194
7,2222
7,2270
7,2310
7,2330
7,2382
7,2406
7,2442
7,2482
7,2558
7,2586
7,2630
7,2678
7,2686
7,2738
7,2794
7,2826
7,2846
7,2894
7,2958
7,2986
7,3030
7,3070
7,3102
7,3134
7,3186
7,3214
7,3250
7,3302
7,3334
7,3390
7,3406
7,3470
7,3486
7,3526
7,3598
7,3634
7,3670
7,3710
7,3746
7,3766
7,3826
7,3878
7,3906
7,3954
7,3978
7,4002
7,4042
7,4110
7,4134
7,4162
7,4206
7,4242
7,4314
7,4330
7,4378
7,4426
7,4470
7,4514
7,4554
7,4590
7,4610
7,4646
7,4718
7,4722
7,4770
7,4818
7,4870
7,4894
7,4922
7,4994
7,5018
7,5054
7,5118
7,5134
7,5186
7,5210
7,5278
7,5306
7,5322
7,5386
7,5430
7,5462
7,5510
7,5558
7,5582
7,5634
7,5674
7,5682
7,5742
7,5766
7,5834
7,5854
7,5914
7,5942
7,5974
7,6034
7,6066
7,6110
7,6158
7,6194
7,6226
7,6266
7,6306
7,6330
7,6386
7,6426
7,6450
7,6510
7,6546
7,6598
7,6634
7,6674
7,6710
7,6750
7,6774
7,6838
7,6870
7,6910
7,6942
7,6998
7,7030
7,7066
7,7082
7,7146
7,7162
7,7238
7,7262
7,7314
7,7358
7,7386
7,7402
7,7458
7,7514
7,7538
7,7590
7,7630
7,7678
7,7714
7,7746
7,7798
7,7834
7,7870
7,7906
7,7946
7,7970
7,8018
7,8066
7,8118
7,8134
7,8186
7,8234
7,8266
7,8306
7,8358
7,8390
7,8410
7,8470
7,8510
7,8554
7,8566
7,8626
7,8666
7,8686
7,8742
7,8790
7,8826
7,8878
7,8906
7,8926
7,8990
7,9002
7,9054
7,9086
7,9142
7,9166
7,9234
7,9266
7,9314
7,9330
7,9382
7,9402
7,9478
7,9514
7,9558
7,9586
7,9602
7,9662
7,9718
7,9758
7,9798
7,9822
7,9846
7,9914
7,9922
7,9994
7,10030
7,10046
7,10118
7,10122
7,10166
7,10234
7,10246
7,10294
7,10350
7,10362
7,10406
7,10474
7,10514
7,10526
7,10562
7,10602
7,10646
7,10710
7,10746
7,10766
7,10806
7,10842
7,10886
7,10950
7,10986
7,11014
7,11062
7,11090
7,11126
7,11186
7,11206
7,11278
7,11298
7,11330
7,11398
7,11438
7,11446
7,11506
7,11558
7,11566
7,11626
7,11666
7,11718
7,11750
7,11774
7,11830
7,11874
7,11914
7,11950
7,11978
7,12026
7,12050
7,12114
7,12130
7,12166
7,12222
7,12270
7,12306
7,12346
7,12390
7,12438
7,12474
7,12510
7,12542
7,12566
7,12618
7,12642
7,12686
7,12730
7,12778
7,12814
7,12874
7,12898
7,12954
7,12994
7,13006
7,13046
7,13118
7,13138
7,13166
7,13210
7,13242
7,13290
7,13322
