6,22
6,70
6,106
6,154
6,166
6,234
6,246
6,306
6,350
6,386
6,414
6,466
6,506
6,546
6,574
6,638
6,666
6,698
6,750
6,798
6,826
6,866
6,890
6,930
6,962
6,1002
6,1070
6,1114
6,1126
6,1170
6,1214
6,1262
6,1282
6,1342
6,1366
6,1438
6,1442
6,1490
6,1550
6,1582
6,1610
6,1658
6,1714
6,1758
6,1774
6,1806
6,1842
6,1910
6,1958
6,1986
6,2014
6,2062
6,2086
6,2126
6,2198
6,2230
6,2278
6,2314
6,2338
6,2394
6,2426
6,2454
6,2494
6,2546
6,2574
6,2634
6,2674
6,2694
6,2746
6,2790
6,2830
6,2842
6,2898
6,2946
6,2978
6,3034
6,3054
6,3094
6,3142
6,3194
6,3222
6,3266
6,3318
6,3338
6,3370
6,3438
6,3462
6,3502
6,3530
6,3574
6,3638
6,3674
6,3706
6,3742
6,3770
6,3834
6,3850
6,3902
6,3950
6,3982
6,4010
6,4046
6,4106
6,4158
6,4166
6,4234
6,4250
6,4298
6,4350
6,4362
6,4422
6,4466
6,4498
6,4550
6,4594
6,4602
6,4642
6,4686
6,4758
6,4766
6,4822
6,4878
6,4902
6,4950
6,4990
6,5006
6,5062
6,5114
6,5138
6,5166
6,5202
6,5266
6,5318
6,5326
6,5378
6,5434
6,5466
6,5502
6,5546
6,5598
6,5622
6,5670
6,5690
6,5750
6,5798
6,5838
6,5858
6,5918
6,5950
6,5970
6,6018
6,6054
6,6102
6,6146
6,6198
6,6230
6,6258
6,6298
6,6334
6,6398
6,6422
6,6478
6,6514
6,6538
6,6578
6,6630
6,6670
6,6714
6,6758
6,6782
6,6834
6,6858
6,6914
6,6946
6,6990
6,7014
6,7070
6,7110
6,7150
6,7166
6,7206
6,7246
6,7310
6,7342
6,7390
6,7414
6,7462
6,7510
6,7534
6,7582
6,7634
6,7662
6,7694
6,7758
6,7790
6,7830
6,7878
6,7910
6,7942
6,7966
6,8022
6,8070
6,8106
6,8130
6,8194
6,8218
6,8278
6,8314
6,8346
6,8374
6,8406
6,8466
6,8486
6,8530
6,8590
6,8610
6,8670
6,8690
6,8746
6,8798
6,8818
6,8866
6,8918
6,8942
6,8994
6,9018
6,9066
6,9090
6,9134
6,9190
6,9210
6,9274
6,9310
6,9358
6,9386
6,9410
6,9442
6,9518
6,9554
6,9570
6,9614
6,9642
6,9710
6,9746
6,9790
6,9818
6,9850
6,9890
6,9930
6,9982
6,10034
6,10078
6,10086
6,10126
6,10174
6,10230
6,10258
6,10302
6,10358
6,10374
6,10410
6,10478
6,10510
6,10530
6,10566
6,10610
6,10674
6,10718
6,10758
6,10770
6,10810
6,10858
6,10890
6,10958
6,10998
6,11018
6,11050
6,11102
6,11122
6,11190
6,11222
6,11262
6,11310
6,11322
6,11390
6,11430
6,11478
6,11514
6,11554
6,11570
6,11622
6,11678
6,11714
6,11758
6,11778
6,11834
6,11870
6,11906
6,11934
6,11970
6,12034
6,12058
6,12106
6,12150
6,12198
6,12214
6,12262
6,12310
6,12350
6,12394
6,12406
6,12470
6,12506
6,12538
6,12562
6,12626
6,12678
6,12690
6,12726
6,12774
6,12802
6,12862
6,12902
6,12950
6,12962
6,13014
6,13078
6,13102
6,13146
6,13174
6,13214
6,13266
6,13286
6,13330
