6,26
6,26
6,26
6,47
6,47
6,47
6,108
6,108
6,108
6,139
6,139
6,139
6,173
6,173
6,173
6,226
6,226
6,226
6,260
6,260
6,260
6,282
6,282
6,282
6,327
6,327
6,327
6,351
6,351
6,351
6,407
6,407
6,407
6,443
6,443
6,443
6,481
6,481
6,481
6,509
6,509
6,509
6,558
6,558
6,558
6,586
6,586
6,586
6,587
6,587
6,587
6,648
6,648
6,648
6,694
6,694
6,694
6,702
6,702
6,702
6,751
6,751
6,751
6,785
6,785
6,785
6,841
6,841
6,841
6,879
6,879
6,879
6,935
6,935
6,935
6,953
6,953
6,953
6,1016
6,1016
6,1016
6,1032
6,1032
6,1032
6,1080
6,1080
6,1080
6,1116
6,1116
6,1116
6,1117
6,1117
6,1117
6,1161
6,1161
6,1161
6,1204
6,1204
6,1204
6,1234
6,1234
6,1234
6,1266
6,1266
6,1266
6,1312
6,1312
6,1312
6,1361
6,1361
6,1361
6,1365
6,1365
6,1365
6,1433
6,1433
6,1433
6,1453
6,1453
6,1453
6,1509
6,1509
6,1509
6,1525
6,1525
6,1525
6,1588
6,1588
6,1588
6,1625
6,1625
6,1625
6,1665
6,1665
6,1665
6,1708
6,1708
6,1708
6,1736
6,1736
6,1736
6,1754
6,1754
6,1754
6,1797
6,1797
6,1797
6,1847
6,1847
6,1847
6,1874
6,1874
6,1874
6,1926
6,1926
6,1926
6,1927
6,1927
6,1927
6,1979
6,1979
6,1979
6,1999
6,1999
6,1999
6,2039
6,2039
6,2039
6,2091
6,2091
6,2091
6,2111
6,2111
6,2111
6,2163
6,2163
6,2163
6,2201
6,2201
6,2201
6,2227
6,2227
6,2227
6,2278
6,2278
6,2278
6,2320
6,2320
6,2320
6,2348
6,2348
6,2348
6,2406
6,2406
6,2406
6,2430
6,2430
6,2430
6,2459
6,2459
6,2459
6,2494
6,2494
6,2494
6,2549
6,2549
6,2549
6,2577
6,2577
6,2577
6,2637
6,2637
6,2637
6,2671
6,2671
6,2671
6,2709
6,2709
6,2709
6,2729
6,2729
6,2729
6,2790
6,2790
6,2790
6,2791
6,2791
6,2791
6,2825
6,2825
6,2825
6,2855
6,2855
6,2855
6,2875
6,2875
6,2875
6,2913
6,2913
6,2913
6,2914
6,2914
6,2914
6,2948
6,2948
6,2948
6,2996
6,2996
6,2996
6,3062
6,3062
6,3062
6,3066
6,3066
6,3066
6,3135
6,3135
6,3135
6,3153
6,3153
6,3153
6,3181
6,3181
6,3181
6,3245
6,3245
6,3245
6,3273
6,3273
6,3273
6,3313
6,3313
6,3313
6,3355
6,3355
6,3355
6,3387
6,3387
6,3387
6,3428
6,3428
6,3428
6,3464
6,3464
6,3464
6,3525
6,3525
6,3525
6,3534
6,3534
6,3534
6,3600
6,3600
6,3600
6,3643
6,3643
6,3643
6,3682
6,3682
6,3682
6,3699
6,3699
6,3699
6,3736
6,3736
6,3736
6,3770
6,3770
6,3770
6,3808
6,3808
6,3808
6,3850
6,3850
6,3850
6,3880
6,3880
6,3880
6,3929
6,3929
6,3929
6,3976
6,3976
6,3976
6,4026
6,4026
6,4026
6,4027
6,4027
6,4027
6,4051
6,4051
6,4051
6,4105
6,4105
6,4105
6,4148
6,4148
6,4148
6,4162
6,4162
6,4162
6,4220
6,4220
6,4220
6,4239
6,4239
6,4239
6,4304
6,4304
6,4304
6,4308
6,4308
6,4308
6,4381
6,4381
6,4381
6,4382
6,4382
6,4382
6,4398
6,4398
6,4398
6,4459
6,4459
6,4459
6,4481
6,4481
6,4481
6,4517
6,4517
6,4517
6,4570
6,4570
6,4570
6,4603
6,4603
6,4603
6,4645
6,4645
6,4645
6,4688
6,4688
6,4688
6,4728
6,4728
6,4728
6,4758
6,4758
6,4758
6,4802
6,4802
6,4802
6,4848
6,4848
6,4848
6,4872
6,4872
6,4872
6,4924
6,4924
6,4924
6,4925
6,4925
6,4925
6,4953
6,4953
6,4953
6,5007
6,5007
6,5007
6,5019
6,5019
6,5019
6,5020
6,5020
6,5020
6,5089
6,5089
6,5089
6,5090
6,5090
6,5090
6,5098
6,5098
6,5098
6,5166
6,5166
6,5166
6,5200
6,5200
6,5200
6,5220
6,5220
6,5220
6,5254
6,5254
6,5254
6,5309
6,5309
6,5309
6,5323
6,5323
6,5323
6,5371
6,5371
6,5371
6,5409
6,5409
6,5409
6,5410
6,5410
6,5410
6,5467
6,5467
6,5467
6,5500
6,5500
6,5500
6,5522
6,5522
6,5522
6,5574
6,5574
6,5574
6,5621
6,5621
6,5621
6,5641
6,5641
6,5641
6,5680
6,5680
6,5680
6,5745
6,5745
6,5745
6,5765
6,5765
6,5765
6,5812
6,5812
6,5812
6,5856
6,5856
6,5856
6,5906
6,5906
6,5906
6,5939
6,5939
6,5939
6,5940
6,5940
6,5940
6,5941
6,5941
6,5941
6,5978
6,5978
6,5978
6,6010
6,6010
6,6010
6,6063
6,6063
6,6063
6,6091
6,6091
6,6091
6,6126
6,6126
6,6126
6,6127
6,6127
6,6127
6,6149
6,6149
6,6149
6,6218
6,6218
6,6218
6,6230
6,6230
6,6230
6,6264
6,6264
6,6264
6,6338
6,6338
6,6338
6,6356
6,6356
6,6356
6,6357
6,6357
6,6357
6,6386
6,6386
6,6386
6,6436
6,6436
6,6436
6,6462
6,6462
6,6462
6,6463
6,6463
6,6463
