5,22
5,22
5,22
5,76
5,76
5,76
5,104
5,104
5,104
5,143
5,143
5,143
5,169
5,169
5,169
5,210
5,210
5,210
5,252
5,252
5,252
5,278
5,278
5,278
5,319
5,319
5,319
5,355
5,355
5,355
5,356
5,356
5,356
5,390
5,390
5,390
5,447
5,447
5,447
5,448
5,448
5,448
5,489
5,489
5,489
5,521
5,521
5,521
5,562
5,562
5,562
5,603
5,603
5,603
5,656
5,656
5,656
5,698
5,698
5,698
5,736
5,736
5,736
5,755
5,755
5,755
5,756
5,756
5,756
5,789
5,789
5,789
5,845
5,845
5,845
5,875
5,875
5,875
5,914
5,914
5,914
5,957
5,957
5,957
5,958
5,958
5,958
5,998
5,998
5,998
5,1024
5,1024
5,1024
5,1088
5,1088
5,1088
5,1121
5,1121
5,1121
5,1157
5,1157
5,1157
5,1208
5,1208
5,1208
5,1238
5,1238
5,1238
5,1284
5,1284
5,1284
5,1292
5,1292
5,1292
5,1347
5,1347
5,1347
5,1383
5,1383
5,1383
5,1423
5,1423
5,1423
5,1457
5,1457
5,1457
5,1458
5,1458
5,1458
5,1493
5,1493
5,1493
5,1529
5,1529
5,1529
5,1530
5,1530
5,1530
5,1584
5,1584
5,1584
5,1634
5,1634
5,1634
5,1654
5,1654
5,1654
5,1704
5,1704
5,1704
5,1728
5,1728
5,1728
5,1758
5,1758
5,1758
5,1805
5,1805
5,1805
5,1855
5,1855
5,1855
5,1882
5,1882
5,1882
5,1918
5,1918
5,1918
5,1975
5,1975
5,1975
5,2007
5,2007
5,2007
5,2055
5,2055
5,2055
5,2056
5,2056
5,2056
5,2095
5,2095
5,2095
5,2115
5,2115
5,2115
5,2159
5,2159
5,2159
5,2205
5,2205
5,2205
5,2231
5,2231
5,2231
5,2286
5,2286
5,2286
5,2324
5,2324
5,2324
5,2366
5,2366
5,2366
5,2374
5,2374
5,2374
5,2375
5,2375
5,2375
5,2434
5,2434
5,2434
5,2479
5,2479
5,2479
5,2503
5,2503
5,2503
5,2553
5,2553
5,2553
5,2573
5,2573
5,2573
5,2633
5,2633
5,2633
5,2675
5,2675
5,2675
5,2713
5,2713
5,2713
5,2717
5,2717
5,2717
5,2786
5,2786
5,2786
5,2829
5,2829
5,2829
5,2859
5,2859
5,2859
5,2885
5,2885
5,2885
5,2922
5,2922
5,2922
5,2957
5,2957
5,2957
5,2992
5,2992
5,2992
5,3058
5,3058
5,3058
5,3070
5,3070
5,3070
5,3131
5,3131
5,3131
5,3163
5,3163
5,3163
5,3185
5,3185
5,3185
5,3222
5,3222
5,3222
5,3261
5,3261
5,3261
5,3333
5,3333
5,3333
5,3359
5,3359
5,3359
5,3402
5,3402
5,3402
5,3420
5,3420
5,3420
5,3460
5,3460
5,3460
5,3511
5,3511
5,3511
5,3538
5,3538
5,3538
5,3595
5,3595
5,3595
5,3596
5,3596
5,3596
5,3624
5,3624
5,3624
5,3625
5,3625
5,3625
5,3647
5,3647
5,3647
5,3713
5,3713
5,3713
5,3740
5,3740
5,3740
5,3774
5,3774
5,3774
5,3804
5,3804
5,3804
5,3846
5,3846
5,3846
5,3884
5,3884
5,3884
5,3954
5,3954
5,3954
5,3992
5,3992
5,3992
5,4031
5,4031
5,4031
5,4055
5,4055
5,4055
5,4101
5,4101
5,4101
5,4140
5,4140
5,4140
5,4172
5,4172
5,4172
5,4224
5,4224
5,4224
5,4225
5,4225
5,4225
5,4256
5,4256
5,4256
5,4257
5,4257
5,4257
5,4269
5,4269
5,4269
5,4270
5,4270
5,4270
5,4312
5,4312
5,4312
5,4386
5,4386
5,4386
5,4390
5,4390
5,4390
5,4428
5,4428
5,4428
5,4485
5,4485
5,4485
5,4509
5,4509
5,4509
5,4558
5,4558
5,4558
5,4584
5,4584
5,4584
5,4633
5,4633
5,4633
5,4684
5,4684
5,4684
5,4712
5,4712
5,4712
5,4762
5,4762
5,4762
5,4810
5,4810
5,4810
5,4835
5,4835
5,4835
5,4862
5,4862
5,4862
5,4863
5,4863
5,4863
5,4915
5,4915
5,4915
5,4916
5,4916
5,4916
5,4957
5,4957
5,4957
5,4995
5,4995
5,4995
5,5042
5,5042
5,5042
5,5075
5,5075
5,5075
5,5102
5,5102
5,5102
5,5154
5,5154
5,5154
5,5174
5,5174
5,5174
5,5228
5,5228
5,5228
5,5250
5,5250
5,5250
5,5284
5,5284
5,5284
5,5348
5,5348
5,5348
5,5375
5,5375
5,5375
5,5414
5,5414
5,5414
5,5463
5,5463
5,5463
5,5513
5,5513
5,5513
5,5534
5,5534
5,5534
5,5570
5,5570
5,5570
5,5629
5,5629
5,5629
5,5637
5,5637
5,5637
5,5684
5,5684
5,5684
5,5734
5,5734
5,5734
5,5735
5,5735
5,5735
5,5769
5,5769
5,5769
5,5770
5,5770
5,5770
5,5771
5,5771
5,5771
5,5772
5,5772
5,5772
5,5808
5,5808
5,5808
5,5860
5,5860
5,5860
5,5910
5,5910
5,5910
5,5945
5,5945
5,5945
5,5990
5,5990
5,5990
5,6020
5,6020
5,6020
5,6067
5,6067
5,6067
5,6083
5,6083
5,6083
5,6145
5,6145
5,6145
5,6153
5,6153
5,6153
5,6187
5,6187
5,6187
5,6234
5,6234
5,6234
5,6276
5,6276
5,6276
5,6304
5,6304
5,6304
5,6361
5,6361
5,6361
5,6382
5,6382
5,6382
5,6432
5,6432
5,6432
5,6467
5,6467
5,6467
