2,7
2,7
2,7
2,7
2,7
2,7
2,7
2,7
2,65
2,65
2,65
2,65
2,65
2,65
2,65
2,65
2,88
2,88
2,88
2,88
2,88
2,88
2,88
2,88
2,154
2,154
2,154
2,154
2,154
2,154
2,154
2,154
2,192
2,192
2,192
2,192
2,192
2,192
2,192
2,192
2,204
2,204
2,204
2,204
2,204
2,204
2,204
2,204
2,205
2,205
2,205
2,205
2,205
2,205
2,205
2,205
2,237
2,237
2,237
2,237
2,237
2,237
2,237
2,237
2,302
2,302
2,302
2,302
2,302
2,302
2,302
2,302
2,332
2,332
2,332
2,332
2,332
2,332
2,332
2,332
2,373
2,373
2,373
2,373
2,373
2,373
2,373
2,373
2,418
2,418
2,418
2,418
2,418
2,418
2,418
2,418
2,419
2,419
2,419
2,419
2,419
2,419
2,419
2,419
2,431
2,431
2,431
2,431
2,431
2,431
2,431
2,431
2,432
2,432
2,432
2,432
2,432
2,432
2,432
2,432
2,504
2,504
2,504
2,504
2,504
2,504
2,504
2,504
2,536
2,536
2,536
2,536
2,536
2,536
2,536
2,536
2,581
2,581
2,581
2,581
2,581
2,581
2,581
2,581
2,592
2,592
2,592
2,592
2,592
2,592
2,592
2,592
2,637
2,637
2,637
2,637
2,637
2,637
2,637
2,637
2,671
2,671
2,671
2,671
2,671
2,671
2,671
2,671
2,713
2,713
2,713
2,713
2,713
2,713
2,713
2,713
2,741
2,741
2,741
2,741
2,741
2,741
2,741
2,741
2,802
2,802
2,802
2,802
2,802
2,802
2,802
2,802
2,821
2,821
2,821
2,821
2,821
2,821
2,821
2,821
2,862
2,862
2,862
2,862
2,862
2,862
2,862
2,862
2,863
2,863
2,863
2,863
2,863
2,863
2,863
2,863
2,930
2,930
2,930
2,930
2,930
2,930
2,930
2,930
2,963
2,963
2,963
2,963
2,963
2,963
2,963
2,963
2,993
2,993
2,993
2,993
2,993
2,993
2,993
2,993
2,1047
2,1047
2,1047
2,1047
2,1047
2,1047
2,1047
2,1047
2,1065
2,1065
2,1065
2,1065
2,1065
2,1065
2,1065
2,1065
2,1126
2,1126
2,1126
2,1126
2,1126
2,1126
2,1126
2,1126
2,1148
2,1148
2,1148
2,1148
2,1148
2,1148
2,1148
2,1148
2,1183
2,1183
2,1183
2,1183
2,1183
2,1183
2,1183
2,1183
2,1213
2,1213
2,1213
2,1213
2,1213
2,1213
2,1213
2,1213
2,1261
2,1261
2,1261
2,1261
2,1261
2,1261
2,1261
2,1261
2,1297
2,1297
2,1297
2,1297
2,1297
2,1297
2,1297
2,1297
2,1327
2,1327
2,1327
2,1327
2,1327
2,1327
2,1327
2,1327
2,1388
2,1388
2,1388
2,1388
2,1388
2,1388
2,1388
2,1388
2,1414
2,1414
2,1414
2,1414
2,1414
2,1414
2,1414
2,1414
2,1469
2,1469
2,1469
2,1469
2,1469
2,1469
2,1469
2,1469
2,1481
2,1481
2,1481
2,1481
2,1481
2,1481
2,1481
2,1481
2,1482
2,1482
2,1482
2,1482
2,1482
2,1482
2,1482
2,1482
2,1547
2,1547
2,1547
2,1547
2,1547
2,1547
2,1547
2,1547
2,1548
2,1548
2,1548
2,1548
2,1548
2,1548
2,1548
2,1548
2,1549
2,1549
2,1549
2,1549
2,1549
2,1549
2,1549
2,1549
2,1565
2,1565
2,1565
2,1565
2,1565
2,1565
2,1565
2,1565
2,1614
2,1614
2,1614
2,1614
2,1614
2,1614
2,1614
2,1614
2,1659
2,1659
2,1659
2,1659
2,1659
2,1659
2,1659
2,1659
2,1660
2,1660
2,1660
2,1660
2,1660
2,1660
2,1660
2,1660
2,1688
2,1688
2,1688
2,1688
2,1688
2,1688
2,1688
2,1688
2,1717
2,1717
2,1717
2,1717
2,1717
2,1717
2,1717
2,1717
2,1774
2,1774
2,1774
2,1774
2,1774
2,1774
2,1774
2,1774
2,1820
2,1820
2,1820
2,1820
2,1820
2,1820
2,1820
2,1820
2,1838
2,1838
2,1838
2,1838
2,1838
2,1838
2,1838
2,1838
2,1893
2,1893
2,1893
2,1893
2,1893
2,1893
2,1893
2,1893
2,1936
2,1936
2,1936
2,1936
2,1936
2,1936
2,1936
2,1936
2,1970
2,1970
2,1970
2,1970
2,1970
2,1970
2,1970
2,1970
2,1988
2,1988
2,1988
2,1988
2,1988
2,1988
2,1988
2,1988
2,2044
2,2044
2,2044
2,2044
2,2044
2,2044
2,2044
2,2044
2,2076
2,2076
2,2076
2,2076
2,2076
2,2076
2,2076
2,2076
2,2136
2,2136
2,2136
2,2136
2,2136
2,2136
2,2136
2,2136
2,2148
2,2148
2,2148
2,2148
2,2148
2,2148
2,2148
2,2148
2,2196
2,2196
2,2196
2,2196
2,2196
2,2196
2,2196
2,2196
2,2250
2,2250
2,2250
2,2250
2,2250
2,2250
2,2250
2,2250
2,2262
2,2262
2,2262
2,2262
2,2262
2,2262
2,2262
2,2262
2,2263
2,2263
2,2263
2,2263
2,2263
2,2263
2,2263
2,2263
2,2311
2,2311
2,2311
2,2311
2,2311
2,2311
2,2311
2,2311
2,2353
2,2353
2,2353
2,2353
2,2353
2,2353
2,2353
2,2353
2,2390
2,2390
2,2390
2,2390
2,2390
2,2390
2,2390
2,2390
2,2421
2,2421
2,2421
2,2421
2,2421
2,2421
2,2421
2,2421
2,2474
2,2474
2,2474
2,2474
2,2474
2,2474
2,2474
2,2474
2,2522
2,2522
2,2522
2,2522
2,2522
2,2522
2,2522
2,2522
2,2528
2,2528
2,2528
2,2528
2,2528
2,2528
2,2528
2,2528
2,2592
2,2592
2,2592
2,2592
2,2592
2,2592
2,2592
2,2592
2,2618
2,2618
2,2618
2,2618
2,2618
2,2618
2,2618
2,2618
2,2652
2,2652
2,2652
2,2652
2,2652
2,2652
2,2652
2,2652
2,2686
2,2686
2,2686
2,2686
2,2686
2,2686
2,2686
2,2686
2,2744
2,2744
2,2744
2,2744
2,2744
2,2744
2,2744
2,2744
2,2761
2,2761
2,2761
2,2761
2,2761
2,2761
2,2761
2,2761
2,2820
2,2820
2,2820
2,2820
2,2820
2,2820
2,2820
2,2820
2,2850
2,2850
2,2850
2,2850
2,2850
2,2850
2,2850
2,2850
2,2894
2,2894
2,2894
2,2894
2,2894
2,2894
2,2894
2,2894
2,2937
2,2937
2,2937
2,2937
2,2937
2,2937
2,2937
2,2937
2,2977
2,2977
2,2977
2,2977
2,2977
2,2977
2,2977
2,2977
2,3015
2,3015
2,3015
2,3015
2,3015
2,3015
2,3015
2,3015
2,3040
2,3040
2,3040
2,3040
2,3040
2,3040
2,3040
2,3040
2,3041
2,3041
2,3041
2,3041
2,3041
2,3041
2,3041
2,3041
2,3096
2,3096
2,3096
2,3096
2,3096
2,3096
2,3096
2,3096
2,3120
2,3120
2,3120
2,3120
2,3120
2,3120
2,3120
2,3120
2,3144
2,3144
2,3144
2,3144
2,3144
2,3144
2,3144
2,3144
2,3201
2,3201
2,3201
2,3201
2,3201
2,3201
2,3201
2,3201
2,3250
2,3250
2,3250
2,3250
2,3250
2,3250
2,3250
2,3250
2,3288
2,3288
2,3288
2,3288
2,3288
2,3288
2,3288
2,3288
2,3328
2,3328
2,3328
2,3328
2,3328
2,3328
2,3328
2,3328
2,3344
2,3344
2,3344
2,3344
2,3344
2,3344
2,3344
2,3344
2,3376
2,3376
2,3376
2,3376
2,3376
2,3376
2,3376
2,3376
2,3415
2,3415
2,3415
2,3415
2,3415
2,3415
2,3415
2,3415
2,3476
2,3476
2,3476
2,3476
2,3476
2,3476
2,3476
2,3476
2,3506
2,3506
2,3506
2,3506
2,3506
2,3506
2,3506
2,3506
2,3558
2,3558
2,3558
2,3558
2,3558
2,3558
2,3558
2,3558
2,3570
2,3570
2,3570
2,3570
2,3570
2,3570
2,3570
2,3570
2,3615
2,3615
2,3615
2,3615
2,3615
2,3615
2,3615
2,3615
2,3677
2,3677
2,3677
2,3677
2,3677
2,3677
2,3677
2,3677
2,3687
2,3687
2,3687
2,3687
2,3687
2,3687
2,3687
2,3687
2,3727
2,3727
2,3727
2,3727
2,3727
2,3727
2,3727
2,3727
2,3787
2,3787
2,3787
2,3787
2,3787
2,3787
2,3787
2,3787
2,3827
2,3827
2,3827
2,3827
2,3827
2,3827
2,3827
2,3827
2,3859
2,3859
2,3859
2,3859
2,3859
2,3859
2,3859
2,3859
2,3889
2,3889
2,3889
2,3889
2,3889
2,3889
2,3889
2,3889
2,3934
2,3934
2,3934
2,3934
2,3934
2,3934
2,3934
2,3934
2,3959
2,3959
2,3959
2,3959
2,3959
2,3959
2,3959
2,3959
2,3997
2,3997
2,3997
2,3997
2,3997
2,3997
2,3997
2,3997
2,4040
2,4040
2,4040
2,4040
2,4040
2,4040
2,4040
2,4040
2,4080
2,4080
2,4080
2,4080
2,4080
2,4080
2,4080
2,4080
2,4124
2,4124
2,4124
2,4124
2,4124
2,4124
2,4124
2,4124
2,4125
2,4125
2,4125
2,4125
2,4125
2,4125
2,4125
2,4125
2,4167
2,4167
2,4167
2,4167
2,4167
2,4167
2,4167
2,4167
2,4199
2,4199
2,4199
2,4199
2,4199
2,4199
2,4199
2,4199
2,4250
2,4250
2,4250
2,4250
2,4250
2,4250
2,4250
2,4250
2,4251
2,4251
2,4251
2,4251
2,4251
2,4251
2,4251
2,4251
2,4285
2,4285
2,4285
2,4285
2,4285
2,4285
2,4285
2,4285
2,4335
2,4335
2,4335
2,4335
2,4335
2,4335
2,4335
2,4335
2,4366
2,4366
2,4366
2,4366
2,4366
2,4366
2,4366
2,4366
2,4403
2,4403
2,4403
2,4403
2,4403
2,4403
2,4403
2,4403
2,4443
2,4443
2,4443
2,4443
2,4443
2,4443
2,4443
2,4443
2,4468
2,4468
2,4468
2,4468
2,4468
2,4468
2,4468
2,4468
2,4522
2,4522
2,4522
2,4522
2,4522
2,4522
2,4522
2,4522
2,4553
2,4553
2,4553
2,4553
2,4553
2,4553
2,4553
2,4553
2,4594
2,4594
2,4594
2,4594
2,4594
2,4594
2,4594
2,4594
2,4650
2,4650
2,4650
2,4650
2,4650
2,4650
2,4650
2,4650
2,4675
2,4675
2,4675
2,4675
2,4675
2,4675
2,4675
2,4675
2,4733
2,4733
2,4733
2,4733
2,4733
2,4733
2,4733
2,4733
2,4743
2,4743
2,4743
2,4743
2,4743
2,4743
2,4743
2,4743
2,4781
2,4781
2,4781
2,4781
2,4781
2,4781
2,4781
2,4781
2,4826
2,4826
2,4826
2,4826
2,4826
2,4826
2,4826
2,4826
2,4885
2,4885
2,4885
2,4885
2,4885
2,4885
2,4885
2,4885
2,4903
2,4903
2,4903
2,4903
2,4903
2,4903
2,4903
2,4903
2,4904
2,4904
2,4904
2,4904
2,4904
2,4904
2,4904
2,4904
2,4938
2,4938
2,4938
2,4938
2,4938
2,4938
2,4938
2,4938
2,4978
2,4978
2,4978
2,4978
2,4978
2,4978
2,4978
2,4978
2,5025
2,5025
2,5025
2,5025
2,5025
2,5025
2,5025
2,5025
2,5066
2,5066
2,5066
2,5066
2,5066
2,5066
2,5066
2,5066
2,5121
2,5121
2,5121
2,5121
2,5121
2,5121
2,5121
2,5121
2,5133
2,5133
2,5133
2,5133
2,5133
2,5133
2,5133
2,5133
2,5189
2,5189
2,5189
2,5189
2,5189
2,5189
2,5189
2,5189
2,5209
2,5209
2,5209
2,5209
2,5209
2,5209
2,5209
2,5209
2,5271
2,5271
2,5271
2,5271
2,5271
2,5271
2,5271
2,5271
2,5318
2,5318
2,5318
2,5318
2,5318
2,5318
2,5318
2,5318
2,5328
2,5328
2,5328
2,5328
2,5328
2,5328
2,5328
2,5328
2,5329
2,5329
2,5329
2,5329
2,5329
2,5329
2,5329
2,5329
2,5384
2,5384
2,5384
2,5384
2,5384
2,5384
2,5384
2,5384
2,5419
2,5419
2,5419
2,5419
2,5419
2,5419
2,5419
2,5419
2,5420
2,5420
2,5420
2,5420
2,5420
2,5420
2,5420
2,5420
2,5443
2,5443
2,5443
2,5443
2,5443
2,5443
2,5443
2,5443
2,5488
2,5488
2,5488
2,5488
2,5488
2,5488
2,5488
2,5488
2,5489
2,5489
2,5489
2,5489
2,5489
2,5489
2,5489
2,5489
2,5545
2,5545
2,5545
2,5545
2,5545
2,5545
2,5545
2,5545
2,5594
2,5594
2,5594
2,5594
2,5594
2,5594
2,5594
2,5594
2,5600
2,5600
2,5600
2,5600
2,5600
2,5600
2,5600
2,5600
2,5655
2,5655
2,5655
2,5655
2,5655
2,5655
2,5655
2,5655
2,5699
2,5699
2,5699
2,5699
2,5699
2,5699
2,5699
2,5699
2,5719
2,5719
2,5719
2,5719
2,5719
2,5719
2,5719
2,5719
2,5760
2,5760
2,5760
2,5760
2,5760
2,5760
2,5760
2,5760
2,5801
2,5801
2,5801
2,5801
2,5801
2,5801
2,5801
2,5801
2,5802
2,5802
2,5802
2,5802
2,5802
2,5802
2,5802
2,5802
2,5803
2,5803
2,5803
2,5803
2,5803
2,5803
2,5803
2,5803
2,5835
2,5835
2,5835
2,5835
2,5835
2,5835
2,5835
2,5835
2,5885
2,5885
2,5885
2,5885
2,5885
2,5885
2,5885
2,5885
2,5886
2,5886
2,5886
2,5886
2,5886
2,5886
2,5886
2,5886
2,5887
2,5887
2,5887
2,5887
2,5887
2,5887
2,5887
2,5887
2,5925
2,5925
2,5925
2,5925
2,5925
2,5925
2,5925
2,5925
2,5963
2,5963
2,5963
2,5963
2,5963
2,5963
2,5963
2,5963
2,6005
2,6005
2,6005
2,6005
2,6005
2,6005
2,6005
2,6005
2,6033
2,6033
2,6033
2,6033
2,6033
2,6033
2,6033
2,6033
2,6078
2,6078
2,6078
2,6078
2,6078
2,6078
2,6078
2,6078
2,6132
2,6132
2,6132
2,6132
2,6132
2,6132
2,6132
2,6132
2,6170
2,6170
2,6170
2,6170
2,6170
2,6170
2,6170
2,6170
2,6196
2,6196
2,6196
2,6196
2,6196
2,6196
2,6196
2,6196
2,6249
2,6249
2,6249
2,6249
2,6249
2,6249
2,6249
2,6249
2,6281
2,6281
2,6281
2,6281
2,6281
2,6281
2,6281
2,6281
2,6317
2,6317
2,6317
2,6317
2,6317
2,6317
2,6317
2,6317
2,6370
2,6370
2,6370
2,6370
2,6370
2,6370
2,6370
2,6370
2,6371
2,6371
2,6371
2,6371
2,6371
2,6371
2,6371
2,6371
2,6391
2,6391
2,6391
2,6391
2,6391
2,6391
2,6391
2,6391
2,6427
2,6427
2,6427
2,6427
2,6427
2,6427
2,6427
2,6427
2,6486
2,6486
2,6486
2,6486
2,6486
2,6486
2,6486
2,6486
