7,30
7,30
7,30
7,51
7,51
7,51
7,52
7,52
7,52
7,99
7,99
7,99
7,100
7,100
7,100
7,135
7,135
7,135
7,165
7,165
7,165
7,222
7,222
7,222
7,264
7,264
7,264
7,274
7,274
7,274
7,323
7,323
7,323
7,368
7,368
7,368
7,403
7,403
7,403
7,456
7,456
7,456
7,477
7,477
7,477
7,513
7,513
7,513
7,554
7,554
7,554
7,611
7,611
7,611
7,632
7,632
7,632
7,690
7,690
7,690
7,732
7,732
7,732
7,746
7,746
7,746
7,747
7,747
7,747
7,780
7,780
7,780
7,781
7,781
7,781
7,849
7,849
7,849
7,883
7,883
7,883
7,939
7,939
7,939
7,949
7,949
7,949
7,1008
7,1008
7,1008
7,1036
7,1036
7,1036
7,1084
7,1084
7,1084
7,1112
7,1112
7,1112
7,1169
7,1169
7,1169
7,1200
7,1200
7,1200
7,1230
7,1230
7,1230
7,1270
7,1270
7,1270
7,1308
7,1308
7,1308
7,1357
7,1357
7,1357
7,1369
7,1369
7,1369
7,1419
7,1419
7,1419
7,1449
7,1449
7,1449
7,1505
7,1505
7,1505
7,1534
7,1534
7,1534
7,1580
7,1580
7,1580
7,1629
7,1629
7,1629
7,1630
7,1630
7,1630
7,1638
7,1638
7,1638
7,1700
7,1700
7,1700
7,1732
7,1732
7,1732
7,1762
7,1762
7,1762
7,1801
7,1801
7,1801
7,1859
7,1859
7,1859
7,1904
7,1904
7,1904
7,1931
7,1931
7,1931
7,1965
7,1965
7,1965
7,2015
7,2015
7,2015
7,2035
7,2035
7,2035
7,2071
7,2071
7,2071
7,2107
7,2107
7,2107
7,2167
7,2167
7,2167
7,2185
7,2185
7,2185
7,2223
7,2223
7,2223
7,2290
7,2290
7,2290
7,2316
7,2316
7,2316
7,2344
7,2344
7,2344
7,2402
7,2402
7,2402
7,2426
7,2426
7,2426
7,2448
7,2448
7,2448
7,2449
7,2449
7,2449
7,2507
7,2507
7,2507
7,2545
7,2545
7,2545
7,2565
7,2565
7,2565
7,2629
7,2629
7,2629
7,2661
7,2661
7,2661
7,2705
7,2705
7,2705
7,2725
7,2725
7,2725
7,2782
7,2782
7,2782
7,2803
7,2803
7,2803
7,2833
7,2833
7,2833
7,2871
7,2871
7,2871
7,2909
7,2909
7,2909
7,2961
7,2961
7,2961
7,2988
7,2988
7,2988
7,3050
7,3050
7,3050
7,3074
7,3074
7,3074
7,3139
7,3139
7,3139
7,3149
7,3149
7,3149
7,3206
7,3206
7,3206
7,3241
7,3241
7,3241
7,3265
7,3265
7,3265
7,3309
7,3309
7,3309
7,3367
7,3367
7,3367
7,3397
7,3397
7,3397
7,3398
7,3398
7,3398
7,3448
7,3448
7,3448
7,3456
7,3456
7,3456
7,3515
7,3515
7,3515
7,3529
7,3529
7,3529
7,3530
7,3530
7,3530
7,3591
7,3591
7,3591
7,3639
7,3639
7,3639
7,3671
7,3671
7,3671
7,3672
7,3672
7,3672
7,3717
7,3717
7,3717
7,3732
7,3732
7,3732
7,3766
7,3766
7,3766
7,3838
7,3838
7,3838
7,3854
7,3854
7,3854
7,3894
7,3894
7,3894
7,3925
7,3925
7,3925
7,3980
7,3980
7,3980
7,4018
7,4018
7,4018
7,4063
7,4063
7,4063
7,4093
7,4093
7,4093
7,4136
7,4136
7,4136
7,4152
7,4152
7,4152
7,4216
7,4216
7,4216
7,4235
7,4235
7,4235
7,4300
7,4300
7,4300
7,4330
7,4330
7,4330
7,4377
7,4377
7,4377
7,4408
7,4408
7,4408
7,4455
7,4455
7,4455
7,4473
7,4473
7,4473
7,4527
7,4527
7,4527
7,4580
7,4580
7,4580
7,4599
7,4599
7,4599
7,4637
7,4637
7,4637
7,4692
7,4692
7,4692
7,4724
7,4724
7,4724
7,4754
7,4754
7,4754
7,4806
7,4806
7,4806
7,4852
7,4852
7,4852
7,4867
7,4867
7,4867
7,4868
7,4868
7,4868
7,4933
7,4933
7,4933
7,4949
7,4949
7,4949
7,5003
7,5003
7,5003
7,5015
7,5015
7,5015
7,5079
7,5079
7,5079
7,5094
7,5094
7,5094
7,5162
7,5162
7,5162
7,5204
7,5204
7,5204
7,5224
7,5224
7,5224
7,5246
7,5246
7,5246
7,5313
7,5313
7,5313
7,5344
7,5344
7,5344
7,5366
7,5366
7,5366
7,5367
7,5367
7,5367
7,5431
7,5431
7,5431
7,5459
7,5459
7,5459
7,5517
7,5517
7,5517
7,5518
7,5518
7,5518
7,5530
7,5530
7,5530
7,5578
7,5578
7,5578
7,5625
7,5625
7,5625
7,5645
7,5645
7,5645
7,5646
7,5646
7,5646
7,5688
7,5688
7,5688
7,5730
7,5730
7,5730
7,5786
7,5786
7,5786
7,5816
7,5816
7,5816
7,5852
7,5852
7,5852
7,5902
7,5902
7,5902
7,5914
7,5914
7,5914
7,5974
7,5974
7,5974
7,6000
7,6000
7,6000
7,6059
7,6059
7,6059
7,6095
7,6095
7,6095
7,6141
7,6141
7,6141
7,6165
7,6165
7,6165
7,6214
7,6214
7,6214
7,6226
7,6226
7,6226
7,6290
7,6290
7,6290
7,6334
7,6334
7,6334
7,6348
7,6348
7,6348
7,6396
7,6396
7,6396
7,6440
7,6440
7,6440
7,6458
7,6458
7,6458
