2,10
2,60
2,124
2,162
2,204
2,224
2,266
2,326
2,360
2,384
2,442
2,484
2,514
2,552
2,614
2,640
2,708
2,738
2,786
2,808
2,872
2,884
2,956
2,988
2,1032
2,1078
2,1128
2,1144
2,1190
2,1242
2,1282
2,1304
2,1376
2,1396
2,1450
2,1506
2,1540
2,1568
2,1602
2,1640
2,1712
2,1740
2,1770
2,1816
2,1872
2,1916
2,1968
2,1988
2,2034
2,2086
2,2112
2,2168
2,2190
2,2252
2,2298
2,2346
2,2370
2,2400
2,2452
2,2494
2,2560
2,2584
2,2632
2,2674
2,2694
2,2738
2,2782
2,2824
2,2896
2,2938
2,2974
2,3014
2,3030
2,3084
2,3136
2,3174
2,3212
2,3248
2,3278
2,3336
2,3366
2,3416
2,3454
2,3502
2,3546
2,3576
2,3614
2,3680
2,3714
2,3758
2,3812
2,3846
2,3900
2,3908
2,3988
2,4008
2,4064
2,4076
2,4118
2,4180
2,4210
2,4266
2,4310
2,4358
2,4396
2,4412
2,4466
2,4504
2,4548
2,4584
2,4642
2,4694
2,4726
2,4778
2,4816
2,4870
2,4900
2,4936
2,4958
2,5034
2,5062
2,5114
2,5150
2,5172
2,5230
2,5274
2,5306
2,5350
2,5396
2,5420
2,5470
2,5538
2,5554
2,5614
2,5650
2,5680
2,5726
2,5770
2,5822
2,5870
2,5898
2,5934
2,5984
2,6012
2,6072
2,6110
2,6154
2,6214
2,6226
2,6298
2,6306
2,6374
2,6424
2,6466
2,6490
2,6524
2,6568
2,6596
2,6646
2,6696
2,6746
2,6790
2,6816
2,6872
2,6894
2,6940
2,6986
2,7026
2,7096
2,7130
2,7158
2,7190
2,7238
2,7294
2,7314
2,7374
2,7410
2,7444
2,7482
2,7538
2,7592
2,7608
2,7658
2,7704
2,7754
2,7802
2,7834
2,7886
2,7916
2,7964
2,8012
2,8046
2,8078
2,8108
2,8156
2,8196
2,8272
2,8280
2,8352
2,8380
2,8406
2,8456
2,8520
2,8540
2,8578
2,8628
2,8674
2,8700
2,8768
2,8818
2,8844
2,8880
2,8924
2,8970
2,8994
2,9070
2,9092
2,9136
2,9174
2,9234
2,9248
2,9296
2,9348
2,9372
2,9418
2,9472
2,9498
2,9536
2,9608
2,9640
2,9696
2,9734
2,9776
2,9806
2,9834
2,9876
2,9940
2,9990
2,10002
2,10064
2,10086
2,10142
2,10182
2,10242
2,10272
2,10300
2,10346
2,10410
2,10438
2,10468
2,10516
2,10560
2,10612
2,10646
2,10674
2,10726
2,10784
2,10826
2,10846
2,10888
2,10922
2,10978
2,11030
2,11064
2,11124
2,11154
2,11200
2,11220
2,11266
2,11316
2,11362
2,11396
2,11438
2,11468
2,11548
2,11562
2,11606
2,11658
2,11692
2,11740
2,11776
2,11842
2,11872
2,11912
2,11962
2,12010
2,12052
2,12080
2,12122
2,12156
2,12182
2,12246
2,12282
2,12328
2,12380
2,12422
2,12434
2,12502
2,12544
2,12582
2,12602
2,12662
2,12724
2,12758
2,12796
2,12824
2,12876
2,12908
2,12966
2,13004
2,13038
2,13086
2,13132
2,13156
2,13216
2,13240
2,13298
2,13342
2,13366
2,13416
2,13472
2,13522
2,13542
2,13572
2,13632
2,13660
2,13732
2,13766
2,13816
2,13846
2,13862
2,13912
2,13980
2,13988
