9,35
9,35
9,35
9,35
9,35
9,35
9,35
9,35
9,35
9,81
9,81
9,81
9,81
9,81
9,81
9,81
9,81
9,81
9,103
9,103
9,103
9,103
9,103
9,103
9,103
9,103
9,103
9,149
9,149
9,149
9,149
9,149
9,149
9,149
9,149
9,149
9,171
9,171
9,171
9,171
9,171
9,171
9,171
9,171
9,171
9,229
9,229
9,229
9,229
9,229
9,229
9,229
9,229
9,229
9,283
9,283
9,283
9,283
9,283
9,283
9,283
9,283
9,283
9,321
9,321
9,321
9,321
9,321
9,321
9,321
9,321
9,321
9,355
9,355
9,355
9,355
9,355
9,355
9,355
9,355
9,355
9,397
9,397
9,397
9,397
9,397
9,397
9,397
9,397
9,397
9,451
9,451
9,451
9,451
9,451
9,451
9,451
9,451
9,451
9,497
9,497
9,497
9,497
9,497
9,497
9,497
9,497
9,497
9,543
9,543
9,543
9,543
9,543
9,543
9,543
9,543
9,543
9,573
9,573
9,573
9,573
9,573
9,573
9,573
9,573
9,573
9,619
9,619
9,619
9,619
9,619
9,619
9,619
9,619
9,619
9,653
9,653
9,653
9,653
9,653
9,653
9,653
9,653
9,653
9,703
9,703
9,703
9,703
9,703
9,703
9,703
9,703
9,703
9,733
9,733
9,733
9,733
9,733
9,733
9,733
9,733
9,733
9,795
9,795
9,795
9,795
9,795
9,795
9,795
9,795
9,795
9,817
9,817
9,817
9,817
9,817
9,817
9,817
9,817
9,817
9,847
9,847
9,847
9,847
9,847
9,847
9,847
9,847
9,847
9,901
9,901
9,901
9,901
9,901
9,901
9,901
9,901
9,901
9,927
9,927
9,927
9,927
9,927
9,927
9,927
9,927
9,927
9,1005
9,1005
9,1005
9,1005
9,1005
9,1005
9,1005
9,1005
9,1005
9,1011
9,1011
9,1011
9,1011
9,1011
9,1011
9,1011
9,1011
9,1011
9,1061
9,1061
9,1061
9,1061
9,1061
9,1061
9,1061
9,1061
9,1061
9,1123
9,1123
9,1123
9,1123
9,1123
9,1123
9,1123
9,1123
9,1123
9,1153
9,1153
9,1153
9,1153
9,1153
9,1153
9,1153
9,1153
9,1153
9,1199
9,1199
9,1199
9,1199
9,1199
9,1199
9,1199
9,1199
9,1199
9,1237
9,1237
9,1237
9,1237
9,1237
9,1237
9,1237
9,1237
9,1237
9,1291
9,1291
9,1291
9,1291
9,1291
9,1291
9,1291
9,1291
9,1291
9,1337
9,1337
9,1337
9,1337
9,1337
9,1337
9,1337
9,1337
9,1337
9,1351
9,1351
9,1351
9,1351
9,1351
9,1351
9,1351
9,1351
9,1351
9,1413
9,1413
9,1413
9,1413
9,1413
9,1413
9,1413
9,1413
9,1413
9,1459
9,1459
9,1459
9,1459
9,1459
9,1459
9,1459
9,1459
9,1459
9,1497
9,1497
9,1497
9,1497
9,1497
9,1497
9,1497
9,1497
9,1497
9,1519
9,1519
9,1519
9,1519
9,1519
9,1519
9,1519
9,1519
9,1519
9,1585
9,1585
9,1585
9,1585
9,1585
9,1585
9,1585
9,1585
9,1585
9,1627
9,1627
9,1627
9,1627
9,1627
9,1627
9,1627
9,1627
9,1627
9,1669
9,1669
9,1669
9,1669
9,1669
9,1669
9,1669
9,1669
9,1669
9,1695
9,1695
9,1695
9,1695
9,1695
9,1695
9,1695
9,1695
9,1695
9,1761
9,1761
9,1761
9,1761
9,1761
9,1761
9,1761
9,1761
9,1761
9,1791
9,1791
9,1791
9,1791
9,1791
9,1791
9,1791
9,1791
9,1791
9,1841
9,1841
9,1841
9,1841
9,1841
9,1841
9,1841
9,1841
9,1841
9,1851
9,1851
9,1851
9,1851
9,1851
9,1851
9,1851
9,1851
9,1851
9,1929
9,1929
9,1929
9,1929
9,1929
9,1929
9,1929
9,1929
9,1929
9,1943
9,1943
9,1943
9,1943
9,1943
9,1943
9,1943
9,1943
9,1943
9,2013
9,2013
9,2013
9,2013
9,2013
9,2013
9,2013
9,2013
9,2013
9,2047
9,2047
9,2047
9,2047
9,2047
9,2047
9,2047
9,2047
9,2047
9,2065
9,2065
9,2065
9,2065
9,2065
9,2065
9,2065
9,2065
9,2065
9,2103
9,2103
9,2103
9,2103
9,2103
9,2103
9,2103
9,2103
9,2103
9,2181
9,2181
9,2181
9,2181
9,2181
9,2181
9,2181
9,2181
9,2181
9,2203
9,2203
9,2203
9,2203
9,2203
9,2203
9,2203
9,2203
9,2203
9,2261
9,2261
9,2261
9,2261
9,2261
9,2261
9,2261
9,2261
9,2261
9,2303
9,2303
9,2303
9,2303
9,2303
9,2303
9,2303
9,2303
9,2303
9,2321
9,2321
9,2321
9,2321
9,2321
9,2321
9,2321
9,2321
9,2321
9,2387
9,2387
9,2387
9,2387
9,2387
9,2387
9,2387
9,2387
9,2387
9,2409
9,2409
9,2409
9,2409
9,2409
9,2409
9,2409
9,2409
9,2409
9,2439
9,2439
9,2439
9,2439
9,2439
9,2439
9,2439
9,2439
9,2439
9,2481
9,2481
9,2481
9,2481
9,2481
9,2481
9,2481
9,2481
9,2481
9,2555
9,2555
9,2555
9,2555
9,2555
9,2555
9,2555
9,2555
9,2555
9,2593
9,2593
9,2593
9,2593
9,2593
9,2593
9,2593
9,2593
9,2593
9,2627
9,2627
9,2627
9,2627
9,2627
9,2627
9,2627
9,2627
9,2627
9,2661
9,2661
9,2661
9,2661
9,2661
9,2661
9,2661
9,2661
9,2661
9,2715
9,2715
9,2715
9,2715
9,2715
9,2715
9,2715
9,2715
9,2715
9,2733
9,2733
9,2733
9,2733
9,2733
9,2733
9,2733
9,2733
9,2733
9,2791
9,2791
9,2791
9,2791
9,2791
9,2791
9,2791
9,2791
9,2791
9,2841
9,2841
9,2841
9,2841
9,2841
9,2841
9,2841
9,2841
9,2841
9,2879
9,2879
9,2879
9,2879
9,2879
9,2879
9,2879
9,2879
9,2879
9,2917
9,2917
9,2917
9,2917
9,2917
9,2917
9,2917
9,2917
9,2917
9,2979
9,2979
9,2979
9,2979
9,2979
9,2979
9,2979
9,2979
9,2979
9,2993
9,2993
9,2993
9,2993
9,2993
9,2993
9,2993
9,2993
9,2993
9,3039
9,3039
9,3039
9,3039
9,3039
9,3039
9,3039
9,3039
9,3039
9,3097
9,3097
9,3097
9,3097
9,3097
9,3097
9,3097
9,3097
9,3097
9,3127
9,3127
9,3127
9,3127
9,3127
9,3127
9,3127
9,3127
9,3127
9,3157
9,3157
9,3157
9,3157
9,3157
9,3157
9,3157
9,3157
9,3157
9,3199
9,3199
9,3199
9,3199
9,3199
9,3199
9,3199
9,3199
9,3199
9,3269
9,3269
9,3269
9,3269
9,3269
9,3269
9,3269
9,3269
9,3269
9,3291
9,3291
9,3291
9,3291
9,3291
9,3291
9,3291
9,3291
9,3291
9,3341
9,3341
9,3341
9,3341
9,3341
9,3341
9,3341
9,3341
9,3341
9,3375
9,3375
9,3375
9,3375
9,3375
9,3375
9,3375
9,3375
9,3375
9,3437
9,3437
9,3437
9,3437
9,3437
9,3437
9,3437
9,3437
9,3437
9,3483
9,3483
9,3483
9,3483
9,3483
9,3483
9,3483
9,3483
9,3483
9,3489
9,3489
9,3489
9,3489
9,3489
9,3489
9,3489
9,3489
9,3489
9,3567
9,3567
9,3567
9,3567
9,3567
9,3567
9,3567
9,3567
9,3567
9,3585
9,3585
9,3585
9,3585
9,3585
9,3585
9,3585
9,3585
9,3585
9,3643
9,3643
9,3643
9,3643
9,3643
9,3643
9,3643
9,3643
9,3643
9,3693
9,3693
9,3693
9,3693
9,3693
9,3693
9,3693
9,3693
9,3693
9,3719
9,3719
9,3719
9,3719
9,3719
9,3719
9,3719
9,3719
9,3719
9,3749
9,3749
9,3749
9,3749
9,3749
9,3749
9,3749
9,3749
9,3749
9,3799
9,3799
9,3799
9,3799
9,3799
9,3799
9,3799
9,3799
9,3799
9,3841
9,3841
9,3841
9,3841
9,3841
9,3841
9,3841
9,3841
9,3841
9,3879
9,3879
9,3879
9,3879
9,3879
9,3879
9,3879
9,3879
9,3879
9,3925
9,3925
9,3925
9,3925
9,3925
9,3925
9,3925
9,3925
9,3925
9,3959
9,3959
9,3959
9,3959
9,3959
9,3959
9,3959
9,3959
9,3959
9,4029
9,4029
9,4029
9,4029
9,4029
9,4029
9,4029
9,4029
9,4029
9,4047
9,4047
9,4047
9,4047
9,4047
9,4047
9,4047
9,4047
9,4047
9,4085
9,4085
9,4085
9,4085
9,4085
9,4085
9,4085
9,4085
9,4085
9,4123
9,4123
9,4123
9,4123
9,4123
9,4123
9,4123
9,4123
9,4123
9,4185
9,4185
9,4185
9,4185
9,4185
9,4185
9,4185
9,4185
9,4185
9,4239
9,4239
9,4239
9,4239
9,4239
9,4239
9,4239
9,4239
9,4239
9,4249
9,4249
9,4249
9,4249
9,4249
9,4249
9,4249
9,4249
9,4249
9,4323
9,4323
9,4323
9,4323
9,4323
9,4323
9,4323
9,4323
9,4323
9,4337
9,4337
9,4337
9,4337
9,4337
9,4337
9,4337
9,4337
9,4337
9,4387
9,4387
9,4387
9,4387
9,4387
9,4387
9,4387
9,4387
9,4387
9,4429
9,4429
9,4429
9,4429
9,4429
9,4429
9,4429
9,4429
9,4429
9,4475
9,4475
9,4475
9,4475
9,4475
9,4475
9,4475
9,4475
9,4475
9,4533
9,4533
9,4533
9,4533
9,4533
9,4533
9,4533
9,4533
9,4533
9,4539
9,4539
9,4539
9,4539
9,4539
9,4539
9,4539
9,4539
9,4539
9,4589
9,4589
9,4589
9,4589
9,4589
9,4589
9,4589
9,4589
9,4589
9,4655
9,4655
9,4655
9,4655
9,4655
9,4655
9,4655
9,4655
9,4655
9,4665
9,4665
9,4665
9,4665
9,4665
9,4665
9,4665
9,4665
9,4665
9,4739
9,4739
9,4739
9,4739
9,4739
9,4739
9,4739
9,4739
9,4739
9,4761
9,4761
9,4761
9,4761
9,4761
9,4761
9,4761
9,4761
9,4761
9,4791
9,4791
9,4791
9,4791
9,4791
9,4791
9,4791
9,4791
9,4791
9,4841
9,4841
9,4841
9,4841
9,4841
9,4841
9,4841
9,4841
9,4841
9,4895
9,4895
9,4895
9,4895
9,4895
9,4895
9,4895
9,4895
9,4895
9,4945
9,4945
9,4945
9,4945
9,4945
9,4945
9,4945
9,4945
9,4945
9,4983
9,4983
9,4983
9,4983
9,4983
9,4983
9,4983
9,4983
9,4983
9,5005
9,5005
9,5005
9,5005
9,5005
9,5005
9,5005
9,5005
9,5005
9,5071
9,5071
9,5071
9,5071
9,5071
9,5071
9,5071
9,5071
9,5071
9,5097
9,5097
9,5097
9,5097
9,5097
9,5097
9,5097
9,5097
9,5097
9,5155
9,5155
9,5155
9,5155
9,5155
9,5155
9,5155
9,5155
9,5155
9,5181
9,5181
9,5181
9,5181
9,5181
9,5181
9,5181
9,5181
9,5181
9,5239
9,5239
9,5239
9,5239
9,5239
9,5239
9,5239
9,5239
9,5239
9,5261
9,5261
9,5261
9,5261
9,5261
9,5261
9,5261
9,5261
9,5261
9,5323
9,5323
9,5323
9,5323
9,5323
9,5323
9,5323
9,5323
9,5323
9,5345
9,5345
9,5345
9,5345
9,5345
9,5345
9,5345
9,5345
9,5345
9,5379
9,5379
9,5379
9,5379
9,5379
9,5379
9,5379
9,5379
9,5379
9,5457
9,5457
9,5457
9,5457
9,5457
9,5457
9,5457
9,5457
9,5457
9,5483
9,5483
9,5483
9,5483
9,5483
9,5483
9,5483
9,5483
9,5483
9,5525
9,5525
9,5525
9,5525
9,5525
9,5525
9,5525
9,5525
9,5525
9,5575
9,5575
9,5575
9,5575
9,5575
9,5575
9,5575
9,5575
9,5575
9,5605
9,5605
9,5605
9,5605
9,5605
9,5605
9,5605
9,5605
9,5605
9,5667
9,5667
9,5667
9,5667
9,5667
9,5667
9,5667
9,5667
9,5667
9,5697
9,5697
9,5697
9,5697
9,5697
9,5697
9,5697
9,5697
9,5697
9,5739
9,5739
9,5739
9,5739
9,5739
9,5739
9,5739
9,5739
9,5739
9,5761
9,5761
9,5761
9,5761
9,5761
9,5761
9,5761
9,5761
9,5761
9,5831
9,5831
9,5831
9,5831
9,5831
9,5831
9,5831
9,5831
9,5831
9,5865
9,5865
9,5865
9,5865
9,5865
9,5865
9,5865
9,5865
9,5865
9,5911
9,5911
9,5911
9,5911
9,5911
9,5911
9,5911
9,5911
9,5911
9,5925
9,5925
9,5925
9,5925
9,5925
9,5925
9,5925
9,5925
9,5925
9,5971
9,5971
9,5971
9,5971
9,5971
9,5971
9,5971
9,5971
9,5971
9,6033
9,6033
9,6033
9,6033
9,6033
9,6033
9,6033
9,6033
9,6033
9,6051
9,6051
9,6051
9,6051
9,6051
9,6051
9,6051
9,6051
9,6051
9,6093
9,6093
9,6093
9,6093
9,6093
9,6093
9,6093
9,6093
9,6093
9,6171
9,6171
9,6171
9,6171
9,6171
9,6171
9,6171
9,6171
9,6171
9,6181
9,6181
9,6181
9,6181
9,6181
9,6181
9,6181
9,6181
9,6181
9,6251
9,6251
9,6251
9,6251
9,6251
9,6251
9,6251
9,6251
9,6251
9,6265
9,6265
9,6265
9,6265
9,6265
9,6265
9,6265
9,6265
9,6265
9,6327
9,6327
9,6327
9,6327
9,6327
9,6327
9,6327
9,6327
9,6327
9,6345
9,6345
9,6345
9,6345
9,6345
9,6345
9,6345
9,6345
9,6345
9,6391
9,6391
9,6391
9,6391
9,6391
9,6391
9,6391
9,6391
9,6391
9,6449
9,6449
9,6449
9,6449
9,6449
9,6449
9,6449
9,6449
9,6449
9,6503
9,6503
9,6503
9,6503
9,6503
9,6503
9,6503
9,6503
9,6503
9,6545
9,6545
9,6545
9,6545
9,6545
9,6545
9,6545
9,6545
9,6545
9,6563
9,6563
9,6563
9,6563
9,6563
9,6563
9,6563
9,6563
9,6563
9,6633
9,6633
9,6633
9,6633
9,6633
9,6633
9,6633
9,6633
9,6633
9,6671
9,6671
9,6671
9,6671
9,6671
9,6671
9,6671
9,6671
9,6671
9,6717
9,6717
9,6717
9,6717
9,6717
9,6717
9,6717
9,6717
9,6717
9,6759
9,6759
9,6759
9,6759
9,6759
9,6759
9,6759
9,6759
9,6759
9,6769
9,6769
9,6769
9,6769
9,6769
9,6769
9,6769
9,6769
9,6769
9,6807
9,6807
9,6807
9,6807
9,6807
9,6807
9,6807
9,6807
9,6807
9,6885
9,6885
9,6885
9,6885
9,6885
9,6885
9,6885
9,6885
9,6885
9,6911
9,6911
9,6911
9,6911
9,6911
9,6911
9,6911
9,6911
9,6911
9,6953
9,6953
9,6953
9,6953
9,6953
9,6953
9,6953
9,6953
9,6953
9,7003
9,7003
9,7003
9,7003
9,7003
9,7003
9,7003
9,7003
9,7003
9,7017
9,7017
9,7017
9,7017
9,7017
9,7017
9,7017
9,7017
9,7017
9,7083
9,7083
9,7083
9,7083
9,7083
9,7083
9,7083
9,7083
9,7083
9,7101
9,7101
9,7101
9,7101
9,7101
9,7101
9,7101
9,7101
9,7101
9,7175
9,7175
9,7175
9,7175
9,7175
9,7175
9,7175
9,7175
9,7175
9,7185
9,7185
9,7185
9,7185
9,7185
9,7185
9,7185
9,7185
9,7185
9,7255
9,7255
9,7255
9,7255
9,7255
9,7255
9,7255
9,7255
9,7255
9,7277
9,7277
9,7277
9,7277
9,7277
9,7277
9,7277
9,7277
9,7277
9,7347
9,7347
9,7347
9,7347
9,7347
9,7347
9,7347
9,7347
9,7347
9,7365
9,7365
9,7365
9,7365
9,7365
9,7365
9,7365
9,7365
9,7365
9,7431
9,7431
9,7431
9,7431
9,7431
9,7431
9,7431
9,7431
9,7431
9,7449
9,7449
9,7449
9,7449
9,7449
9,7449
9,7449
9,7449
9,7449
9,7499
9,7499
9,7499
9,7499
9,7499
9,7499
9,7499
9,7499
9,7499
9,7525
9,7525
9,7525
9,7525
9,7525
9,7525
9,7525
9,7525
9,7525
9,7579
9,7579
9,7579
9,7579
9,7579
9,7579
9,7579
9,7579
9,7579
9,7617
9,7617
9,7617
9,7617
9,7617
9,7617
9,7617
9,7617
9,7617
9,7663
9,7663
9,7663
9,7663
9,7663
9,7663
9,7663
9,7663
9,7663
9,7713
9,7713
9,7713
9,7713
9,7713
9,7713
9,7713
9,7713
9,7713
9,7763
9,7763
9,7763
9,7763
9,7763
9,7763
9,7763
9,7763
9,7763
9,7773
9,7773
9,7773
9,7773
9,7773
9,7773
9,7773
9,7773
9,7773
9,7847
9,7847
9,7847
9,7847
9,7847
9,7847
9,7847
9,7847
9,7847
9,7873
9,7873
9,7873
9,7873
9,7873
9,7873
9,7873
9,7873
9,7873
9,7899
9,7899
9,7899
9,7899
9,7899
9,7899
9,7899
9,7899
9,7899
9,7977
9,7977
9,7977
9,7977
9,7977
9,7977
9,7977
9,7977
9,7977
9,8003
9,8003
9,8003
9,8003
9,8003
9,8003
9,8003
9,8003
9,8003
9,8029
9,8029
9,8029
9,8029
9,8029
9,8029
9,8029
9,8029
9,8029
9,8103
9,8103
9,8103
9,8103
9,8103
9,8103
9,8103
9,8103
9,8103
9,8113
9,8113
9,8113
9,8113
9,8113
9,8113
9,8113
9,8113
9,8113
9,8151
9,8151
9,8151
9,8151
9,8151
9,8151
9,8151
9,8151
9,8151
9,8229
9,8229
9,8229
9,8229
9,8229
9,8229
9,8229
9,8229
9,8229
9,8255
9,8255
9,8255
9,8255
9,8255
9,8255
9,8255
9,8255
9,8255
9,8305
9,8305
9,8305
9,8305
9,8305
9,8305
9,8305
9,8305
9,8305
9,8335
9,8335
9,8335
9,8335
9,8335
9,8335
9,8335
9,8335
9,8335
9,8389
9,8389
9,8389
9,8389
9,8389
9,8389
9,8389
9,8389
9,8389
9,8435
9,8435
9,8435
9,8435
9,8435
9,8435
9,8435
9,8435
9,8435
9,8481
9,8481
9,8481
9,8481
9,8481
9,8481
9,8481
9,8481
9,8481
9,8487
9,8487
9,8487
9,8487
9,8487
9,8487
9,8487
9,8487
9,8487
9,8545
9,8545
9,8545
9,8545
9,8545
9,8545
9,8545
9,8545
9,8545
9,8599
9,8599
9,8599
9,8599
9,8599
9,8599
9,8599
9,8599
9,8599
9,8641
9,8641
9,8641
9,8641
9,8641
9,8641
9,8641
9,8641
9,8641
9,8687
9,8687
9,8687
9,8687
9,8687
9,8687
9,8687
9,8687
9,8687
9,8717
9,8717
9,8717
9,8717
9,8717
9,8717
9,8717
9,8717
9,8717
9,8739
9,8739
9,8739
9,8739
9,8739
9,8739
9,8739
9,8739
9,8739
9,8785
9,8785
9,8785
9,8785
9,8785
9,8785
9,8785
9,8785
9,8785
9,8823
9,8823
9,8823
9,8823
9,8823
9,8823
9,8823
9,8823
9,8823
9,8897
9,8897
9,8897
9,8897
9,8897
9,8897
9,8897
9,8897
9,8897
9,8907
9,8907
9,8907
9,8907
9,8907
9,8907
9,8907
9,8907
9,8907
9,8961
9,8961
9,8961
9,8961
9,8961
9,8961
9,8961
9,8961
9,8961
9,9007
9,9007
9,9007
9,9007
9,9007
9,9007
9,9007
9,9007
9,9007
9,9057
9,9057
9,9057
9,9057
9,9057
9,9057
9,9057
9,9057
9,9057
9,9075
9,9075
9,9075
9,9075
9,9075
9,9075
9,9075
9,9075
9,9075
9,9149
9,9149
9,9149
9,9149
9,9149
9,9149
9,9149
9,9149
9,9149
9,9191
9,9191
9,9191
9,9191
9,9191
9,9191
9,9191
9,9191
9,9191
9,9205
9,9205
9,9205
9,9205
9,9205
9,9205
9,9205
9,9205
9,9205
9,9243
9,9243
9,9243
9,9243
9,9243
9,9243
9,9243
9,9243
9,9243
9,9317
9,9317
9,9317
9,9317
9,9317
9,9317
9,9317
9,9317
9,9317
9,9327
9,9327
9,9327
9,9327
9,9327
9,9327
9,9327
9,9327
9,9327
9,9385
9,9385
9,9385
9,9385
9,9385
9,9385
9,9385
9,9385
9,9385
9,9431
9,9431
9,9431
9,9431
9,9431
9,9431
9,9431
9,9431
9,9431
9,9489
9,9489
9,9489
9,9489
9,9489
9,9489
9,9489
9,9489
9,9489
9,9523
9,9523
9,9523
9,9523
9,9523
9,9523
9,9523
9,9523
9,9523
9,9549
9,9549
9,9549
9,9549
9,9549
9,9549
9,9549
9,9549
9,9549
9,9583
9,9583
9,9583
9,9583
9,9583
9,9583
9,9583
9,9583
9,9583
9,9653
9,9653
9,9653
9,9653
9,9653
9,9653
9,9653
9,9653
9,9653
9,9667
9,9667
9,9667
9,9667
9,9667
9,9667
9,9667
9,9667
9,9667
9,9709
9,9709
9,9709
9,9709
9,9709
9,9709
9,9709
9,9709
9,9709
9,9771
9,9771
9,9771
9,9771
9,9771
9,9771
9,9771
9,9771
9,9771
9,9793
9,9793
9,9793
9,9793
9,9793
9,9793
9,9793
9,9793
9,9793
9,9843
9,9843
9,9843
9,9843
9,9843
9,9843
9,9843
9,9843
9,9843
9,9897
9,9897
9,9897
9,9897
9,9897
9,9897
9,9897
9,9897
9,9897
9,9923
9,9923
9,9923
9,9923
9,9923
9,9923
9,9923
9,9923
9,9923
9,9965
9,9965
9,9965
9,9965
9,9965
9,9965
9,9965
9,9965
9,9965
9,10011
9,10011
9,10011
9,10011
9,10011
9,10011
9,10011
9,10011
9,10011
9,10073
9,10073
9,10073
9,10073
9,10073
9,10073
9,10073
9,10073
9,10073
9,10099
9,10099
9,10099
9,10099
9,10099
9,10099
9,10099
9,10099
9,10099
9,10129
9,10129
9,10129
9,10129
9,10129
9,10129
9,10129
9,10129
9,10129
9,10199
9,10199
9,10199
9,10199
9,10199
9,10199
9,10199
9,10199
9,10199
9,10225
9,10225
9,10225
9,10225
9,10225
9,10225
9,10225
9,10225
9,10225
9,10251
9,10251
9,10251
9,10251
9,10251
9,10251
9,10251
9,10251
9,10251
9,10309
9,10309
9,10309
9,10309
9,10309
9,10309
9,10309
9,10309
9,10309
9,10359
9,10359
9,10359
9,10359
9,10359
9,10359
9,10359
9,10359
9,10359
9,10401
9,10401
9,10401
9,10401
9,10401
9,10401
9,10401
9,10401
9,10401
9,10443
9,10443
9,10443
9,10443
9,10443
9,10443
9,10443
9,10443
9,10443
9,10477
9,10477
9,10477
9,10477
9,10477
9,10477
9,10477
9,10477
9,10477
9,10503
9,10503
9,10503
9,10503
9,10503
9,10503
9,10503
9,10503
9,10503
9,10581
9,10581
9,10581
9,10581
9,10581
9,10581
9,10581
9,10581
9,10581
9,10587
9,10587
9,10587
9,10587
9,10587
9,10587
9,10587
9,10587
9,10587
9,10637
9,10637
9,10637
9,10637
9,10637
9,10637
9,10637
9,10637
9,10637
9,10691
9,10691
9,10691
9,10691
9,10691
9,10691
9,10691
9,10691
9,10691
9,10721
9,10721
9,10721
9,10721
9,10721
9,10721
9,10721
9,10721
9,10721
9,10763
9,10763
9,10763
9,10763
9,10763
9,10763
9,10763
9,10763
9,10763
9,10813
9,10813
9,10813
9,10813
9,10813
9,10813
9,10813
9,10813
9,10813
9,10867
9,10867
9,10867
9,10867
9,10867
9,10867
9,10867
9,10867
9,10867
9,10901
9,10901
9,10901
9,10901
9,10901
9,10901
9,10901
9,10901
9,10901
9,10935
9,10935
9,10935
9,10935
9,10935
9,10935
9,10935
9,10935
9,10935
9,10969
9,10969
9,10969
9,10969
9,10969
9,10969
9,10969
9,10969
9,10969
9,11039
9,11039
9,11039
9,11039
9,11039
9,11039
9,11039
9,11039
9,11039
9,11085
9,11085
9,11085
9,11085
9,11085
9,11085
9,11085
9,11085
9,11085
9,11107
9,11107
9,11107
9,11107
9,11107
9,11107
9,11107
9,11107
9,11107
9,11149
9,11149
9,11149
9,11149
9,11149
9,11149
9,11149
9,11149
9,11149
9,11175
9,11175
9,11175
9,11175
9,11175
9,11175
9,11175
9,11175
9,11175
9,11241
9,11241
9,11241
9,11241
9,11241
9,11241
9,11241
9,11241
9,11241
9,11271
9,11271
9,11271
9,11271
9,11271
9,11271
9,11271
9,11271
9,11271
9,11329
9,11329
9,11329
9,11329
9,11329
9,11329
9,11329
9,11329
9,11329
9,11379
9,11379
9,11379
9,11379
9,11379
9,11379
9,11379
9,11379
9,11379
9,11421
9,11421
9,11421
9,11421
9,11421
9,11421
9,11421
9,11421
9,11421
9,11463
9,11463
9,11463
9,11463
9,11463
9,11463
9,11463
9,11463
9,11463
9,11481
9,11481
9,11481
9,11481
9,11481
9,11481
9,11481
9,11481
9,11481
9,11515
9,11515
9,11515
9,11515
9,11515
9,11515
9,11515
9,11515
9,11515
9,11553
9,11553
9,11553
9,11553
9,11553
9,11553
9,11553
9,11553
9,11553
9,11631
9,11631
9,11631
9,11631
9,11631
9,11631
9,11631
9,11631
9,11631
9,11645
9,11645
9,11645
9,11645
9,11645
9,11645
9,11645
9,11645
9,11645
9,11679
9,11679
9,11679
9,11679
9,11679
9,11679
9,11679
9,11679
9,11679
9,11745
9,11745
9,11745
9,11745
9,11745
9,11745
9,11745
9,11745
9,11745
9,11771
9,11771
9,11771
9,11771
9,11771
9,11771
9,11771
9,11771
9,11771
9,11825
9,11825
9,11825
9,11825
9,11825
9,11825
9,11825
9,11825
9,11825
9,11855
9,11855
9,11855
9,11855
9,11855
9,11855
9,11855
9,11855
9,11855
9,11917
9,11917
9,11917
9,11917
9,11917
9,11917
9,11917
9,11917
9,11917
9,11967
9,11967
9,11967
9,11967
9,11967
9,11967
9,11967
9,11967
9,11967
9,11997
9,11997
9,11997
9,11997
9,11997
9,11997
9,11997
9,11997
9,11997
9,12015
9,12015
9,12015
9,12015
9,12015
9,12015
9,12015
9,12015
9,12015
9,12089
9,12089
9,12089
9,12089
9,12089
9,12089
9,12089
9,12089
9,12089
9,12131
9,12131
9,12131
9,12131
9,12131
9,12131
9,12131
9,12131
9,12131
9,12165
9,12165
9,12165
9,12165
9,12165
9,12165
9,12165
9,12165
9,12165
9,12207
9,12207
9,12207
9,12207
9,12207
9,12207
9,12207
9,12207
9,12207
9,12225
9,12225
9,12225
9,12225
9,12225
9,12225
9,12225
9,12225
9,12225
9,12303
9,12303
9,12303
9,12303
9,12303
9,12303
9,12303
9,12303
9,12303
9,12341
9,12341
9,12341
9,12341
9,12341
9,12341
9,12341
9,12341
9,12341
9,12371
9,12371
9,12371
9,12371
9,12371
9,12371
9,12371
9,12371
9,12371
9,12417
9,12417
9,12417
9,12417
9,12417
9,12417
9,12417
9,12417
9,12417
9,12447
9,12447
9,12447
9,12447
9,12447
9,12447
9,12447
9,12447
9,12447
9,12493
9,12493
9,12493
9,12493
9,12493
9,12493
9,12493
9,12493
9,12493
9,12535
9,12535
9,12535
9,12535
9,12535
9,12535
9,12535
9,12535
9,12535
9,12565
9,12565
9,12565
9,12565
9,12565
9,12565
9,12565
9,12565
9,12565
9,12631
9,12631
9,12631
9,12631
9,12631
9,12631
9,12631
9,12631
9,12631
9,12649
9,12649
9,12649
9,12649
9,12649
9,12649
9,12649
9,12649
9,12649
9,12711
9,12711
9,12711
9,12711
9,12711
9,12711
9,12711
9,12711
9,12711
9,12733
9,12733
9,12733
9,12733
9,12733
9,12733
9,12733
9,12733
9,12733
9,12783
9,12783
9,12783
9,12783
9,12783
9,12783
9,12783
9,12783
9,12783
9,12833
9,12833
9,12833
9,12833
9,12833
9,12833
9,12833
9,12833
9,12833
9,12855
9,12855
9,12855
9,12855
9,12855
9,12855
9,12855
9,12855
9,12855
9,12913
9,12913
9,12913
9,12913
9,12913
9,12913
9,12913
9,12913
9,12913
9,12971
9,12971
9,12971
9,12971
9,12971
9,12971
9,12971
9,12971
9,12971
9,13017
9,13017
9,13017
9,13017
9,13017
9,13017
9,13017
9,13017
9,13017
9,13055
9,13055
9,13055
9,13055
9,13055
9,13055
9,13055
9,13055
9,13055
9,13065
9,13065
9,13065
9,13065
9,13065
9,13065
9,13065
9,13065
9,13065
9,13127
9,13127
9,13127
9,13127
9,13127
9,13127
9,13127
9,13127
9,13127
9,13185
9,13185
9,13185
9,13185
9,13185
9,13185
9,13185
9,13185
9,13185
9,13211
9,13211
9,13211
9,13211
9,13211
9,13211
9,13211
9,13211
9,13211
9,13269
9,13269
9,13269
9,13269
9,13269
9,13269
9,13269
9,13269
9,13269
9,13307
9,13307
9,13307
9,13307
9,13307
9,13307
9,13307
9,13307
9,13307
9,13333
9,13333
9,13333
9,13333
9,13333
9,13333
9,13333
9,13333
9,13333
9,13375
9,13375
9,13375
9,13375
9,13375
9,13375
9,13375
9,13375
9,13375
9,13429
9,13429
9,13429
9,13429
9,13429
9,13429
9,13429
9,13429
9,13429
9,13459
9,13459
9,13459
9,13459
9,13459
9,13459
9,13459
9,13459
9,13459
9,13505
9,13505
9,13505
9,13505
9,13505
9,13505
9,13505
9,13505
9,13505
9,13547
9,13547
9,13547
9,13547
9,13547
9,13547
9,13547
9,13547
9,13547
9,13589
9,13589
9,13589
9,13589
9,13589
9,13589
9,13589
9,13589
9,13589
9,13619
9,13619
9,13619
9,13619
9,13619
9,13619
9,13619
9,13619
9,13619
9,13669
9,13669
9,13669
9,13669
9,13669
9,13669
9,13669
9,13669
9,13669
9,13719
9,13719
9,13719
9,13719
9,13719
9,13719
9,13719
9,13719
9,13719
9,13757
9,13757
9,13757
9,13757
9,13757
9,13757
9,13757
9,13757
9,13757
9,13791
9,13791
9,13791
9,13791
9,13791
9,13791
9,13791
9,13791
9,13791
9,13825
9,13825
9,13825
9,13825
9,13825
9,13825
9,13825
9,13825
9,13825
9,13871
9,13871
9,13871
9,13871
9,13871
9,13871
9,13871
9,13871
9,13871
9,13937
9,13937
9,13937
9,13937
9,13937
9,13937
9,13937
9,13937
9,13937
9,13963
9,13963
9,13963
9,13963
9,13963
9,13963
9,13963
9,13963
9,13963
9,13993
9,13993
9,13993
9,13993
9,13993
9,13993
9,13993
9,13993
9,13993
