7,26
7,76
7,98
7,158
7,184
7,246
7,274
7,304
7,338
7,406
7,422
7,468
7,538
7,582
7,594
7,670
7,686
7,720
7,762
7,826
7,880
7,918
7,964
7,972
7,1040
7,1090
7,1110
7,1166
7,1208
7,1224
7,1270
7,1328
7,1372
7,1418
7,1442
7,1480
7,1548
7,1580
7,1618
7,1664
7,1686
7,1724
7,1804
7,1812
7,1860
7,1896
7,1964
7,1984
7,2042
7,2082
7,2136
7,2144
7,2194
7,2244
7,2282
7,2342
7,2392
7,2430
7,2460
7,2506
7,2522
7,2564
7,2614
7,2652
7,2720
7,2746
7,2804
7,2846
7,2866
7,2900
7,2962
7,3006
7,3056
7,3068
7,3118
7,3190
7,3216
7,3260
7,3300
7,3346
7,3384
7,3424
7,3474
7,3522
7,3554
7,3580
7,3634
7,3676
7,3710
7,3744
7,3786
7,3824
7,3874
7,3916
7,3950
7,3992
7,4038
7,4114
7,4140
7,4198
7,4230
7,4282
7,4294
7,4346
7,4370
7,4442
7,4484
7,4520
7,4544
7,4614
7,4650
7,4690
7,4734
7,4774
7,4800
7,4836
7,4874
7,4950
7,4962
7,5022
7,5080
7,5102
7,5134
7,5202
7,5226
7,5282
7,5332
7,5340
7,5388
7,5444
7,5466
7,5508
7,5562
7,5596
7,5630
7,5684
7,5722
7,5786
7,5818
7,5848
7,5916
7,5954
7,5976
7,6046
7,6080
7,6106
7,6166
7,6198
7,6218
7,6282
7,6340
7,6354
7,6400
7,6436
7,6470
7,6516
7,6580
7,6620
7,6658
7,6684
7,6722
7,6786
7,6824
7,6864
7,6902
7,6966
7,6978
7,7046
7,7066
7,7122
7,7142
7,7214
7,7234
7,7282
7,7338
7,7360
7,7398
7,7474
7,7504
7,7530
7,7566
7,7642
7,7684
7,7722
7,7742
7,7790
7,7822
7,7864
7,7920
7,7948
7,7990
7,8050
7,8074
7,8130
7,8184
7,8224
7,8234
7,8314
7,8326
7,8360
7,8440
7,8468
7,8492
7,8558
7,8604
7,8616
7,8666
7,8730
7,8764
7,8802
7,8848
7,8864
7,8944
7,8948
7,9028
7,9044
7,9112
7,9116
7,9158
7,9238
7,9276
7,9284
7,9332
7,9398
7,9444
7,9464
7,9532
7,9570
7,9612
7,9628
7,9672
7,9722
7,9746
7,9826
7,9830
7,9906
7,9952
7,9974
7,10024
7,10056
7,10104
7,10158
7,10186
7,10212
7,10260
7,10330
7,10334
7,10380
7,10422
7,10494
7,10512
7,10544
7,10616
7,10628
7,10700
7,10742
7,10772
7,10796
7,10842
7,10906
7,10944
7,10998
7,11010
7,11076
7,11102
7,11132
7,11184
7,11246
7,11292
7,11324
7,11358
7,11392
7,11446
7,11490
7,11532
7,11582
7,11618
7,11640
7,11704
7,11724
7,11792
7,11816
7,11846
7,11888
7,11930
7,11988
7,12040
7,12056
7,12126
7,12148
7,12194
7,12254
7,12286
7,12308
7,12358
7,12392
7,12464
7,12480
7,12526
7,12590
7,12626
7,12644
7,12690
7,12750
7,12808
7,12820
7,12884
7,12900
7,12942
7,12980
7,13026
7,13074
7,13110
7,13176
7,13194
7,13248
7,13282
7,13316
7,13384
7,13412
7,13450
7,13492
7,13534
7,13584
7,13624
7,13652
7,13694
7,13752
7,13782
7,13838
7,13892
7,13908
7,13950
7,14018
