2,6
2,6
2,6
2,6
2,6
2,6
2,6
2,6
2,42
2,42
2,42
2,42
2,42
2,42
2,42
2,42
2,90
2,90
2,90
2,90
2,90
2,90
2,90
2,90
2,102
2,102
2,102
2,102
2,102
2,102
2,102
2,102
2,134
2,134
2,134
2,134
2,134
2,134
2,134
2,134
2,166
2,166
2,166
2,166
2,166
2,166
2,166
2,166
2,198
2,198
2,198
2,198
2,198
2,198
2,198
2,198
2,246
2,246
2,246
2,246
2,246
2,246
2,246
2,246
2,274
2,274
2,274
2,274
2,274
2,274
2,274
2,274
2,298
2,298
2,298
2,298
2,298
2,298
2,298
2,298
2,346
2,346
2,346
2,346
2,346
2,346
2,346
2,346
2,370
2,370
2,370
2,370
2,370
2,370
2,370
2,370
2,390
2,390
2,390
2,390
2,390
2,390
2,390
2,390
2,418
2,418
2,418
2,418
2,418
2,418
2,418
2,418
2,474
2,474
2,474
2,474
2,474
2,474
2,474
2,474
2,482
2,482
2,482
2,482
2,482
2,482
2,482
2,482
2,526
2,526
2,526
2,526
2,526
2,526
2,526
2,526
2,570
2,570
2,570
2,570
2,570
2,570
2,570
2,570
2,582
2,582
2,582
2,582
2,582
2,582
2,582
2,582
2,614
2,614
2,614
2,614
2,614
2,614
2,614
2,614
2,646
2,646
2,646
2,646
2,646
2,646
2,646
2,646
2,698
2,698
2,698
2,698
2,698
2,698
2,698
2,698
2,726
2,726
2,726
2,726
2,726
2,726
2,726
2,726
2,746
2,746
2,746
2,746
2,746
2,746
2,746
2,746
2,794
2,794
2,794
2,794
2,794
2,794
2,794
2,794
2,802
2,802
2,802
2,802
2,802
2,802
2,802
2,802
2,858
2,858
2,858
2,858
2,858
2,858
2,858
2,858
2,890
2,890
2,890
2,890
2,890
2,890
2,890
2,890
2,914
2,914
2,914
2,914
2,914
2,914
2,914
2,914
2,946
2,946
2,946
2,946
2,946
2,946
2,946
2,946
2,982
2,982
2,982
2,982
2,982
2,982
2,982
2,982
2,998
2,998
2,998
2,998
2,998
2,998
2,998
2,998
2,1050
2,1050
2,1050
2,1050
2,1050
2,1050
2,1050
2,1050
2,1062
2,1062
2,1062
2,1062
2,1062
2,1062
2,1062
2,1062
2,1094
2,1094
2,1094
2,1094
2,1094
2,1094
2,1094
2,1094
2,1130
2,1130
2,1130
2,1130
2,1130
2,1130
2,1130
2,1130
2,1154
2,1154
2,1154
2,1154
2,1154
2,1154
2,1154
2,1154
2,1194
2,1194
2,1194
2,1194
2,1194
2,1194
2,1194
2,1194
2,1242
2,1242
2,1242
2,1242
2,1242
2,1242
2,1242
2,1242
2,1266
2,1266
2,1266
2,1266
2,1266
2,1266
2,1266
2,1266
2,1290
2,1290
2,1290
2,1290
2,1290
2,1290
2,1290
2,1290
2,1314
2,1314
2,1314
2,1314
2,1314
2,1314
2,1314
2,1314
2,1350
2,1350
2,1350
2,1350
2,1350
2,1350
2,1350
2,1350
2,1382
2,1382
2,1382
2,1382
2,1382
2,1382
2,1382
2,1382
2,1426
2,1426
2,1426
2,1426
2,1426
2,1426
2,1426
2,1426
2,1450
2,1450
2,1450
2,1450
2,1450
2,1450
2,1450
2,1450
2,1498
2,1498
2,1498
2,1498
2,1498
2,1498
2,1498
2,1498
2,1526
2,1526
2,1526
2,1526
2,1526
2,1526
2,1526
2,1526
2,1550
2,1550
2,1550
2,1550
2,1550
2,1550
2,1550
2,1550
2,1594
2,1594
2,1594
2,1594
2,1594
2,1594
2,1594
2,1594
2,1614
2,1614
2,1614
2,1614
2,1614
2,1614
2,1614
2,1614
2,1658
2,1658
2,1658
2,1658
2,1658
2,1658
2,1658
2,1658
2,1678
2,1678
2,1678
2,1678
2,1678
2,1678
2,1678
2,1678
2,1726
2,1726
2,1726
2,1726
2,1726
2,1726
2,1726
2,1726
2,1730
2,1730
2,1730
2,1730
2,1730
2,1730
2,1730
2,1730
2,1778
2,1778
2,1778
2,1778
2,1778
2,1778
2,1778
2,1778
2,1798
2,1798
2,1798
2,1798
2,1798
2,1798
2,1798
2,1798
2,1846
2,1846
2,1846
2,1846
2,1846
2,1846
2,1846
2,1846
2,1878
2,1878
2,1878
2,1878
2,1878
2,1878
2,1878
2,1878
2,1902
2,1902
2,1902
2,1902
2,1902
2,1902
2,1902
2,1902
2,1950
2,1950
2,1950
2,1950
2,1950
2,1950
2,1950
2,1950
2,1954
2,1954
2,1954
2,1954
2,1954
2,1954
2,1954
2,1954
2,1986
2,1986
2,1986
2,1986
2,1986
2,1986
2,1986
2,1986
2,2038
2,2038
2,2038
2,2038
2,2038
2,2038
2,2038
2,2038
2,2054
2,2054
2,2054
2,2054
2,2054
2,2054
2,2054
2,2054
2,2090
2,2090
2,2090
2,2090
2,2090
2,2090
2,2090
2,2090
2,2138
2,2138
2,2138
2,2138
2,2138
2,2138
2,2138
2,2138
2,2150
2,2150
2,2150
2,2150
2,2150
2,2150
2,2150
2,2150
2,2202
2,2202
2,2202
2,2202
2,2202
2,2202
2,2202
2,2202
2,2234
2,2234
2,2234
2,2234
2,2234
2,2234
2,2234
2,2234
2,2266
2,2266
2,2266
2,2266
2,2266
2,2266
2,2266
2,2266
2,2278
2,2278
2,2278
2,2278
2,2278
2,2278
2,2278
2,2278
2,2330
2,2330
2,2330
2,2330
2,2330
2,2330
2,2330
2,2330
2,2358
2,2358
2,2358
2,2358
2,2358
2,2358
2,2358
2,2358
2,2386
2,2386
2,2386
2,2386
2,2386
2,2386
2,2386
2,2386
2,2406
2,2406
2,2406
2,2406
2,2406
2,2406
2,2406
2,2406
2,2458
2,2458
2,2458
2,2458
2,2458
2,2458
2,2458
2,2458
2,2490
2,2490
2,2490
2,2490
2,2490
2,2490
2,2490
2,2490
2,2506
2,2506
2,2506
2,2506
2,2506
2,2506
2,2506
2,2506
2,2538
2,2538
2,2538
2,2538
2,2538
2,2538
2,2538
2,2538
2,2566
2,2566
2,2566
2,2566
2,2566
2,2566
2,2566
2,2566
2,2598
2,2598
2,2598
2,2598
2,2598
2,2598
2,2598
2,2598
2,2650
2,2650
2,2650
2,2650
2,2650
2,2650
2,2650
2,2650
2,2682
2,2682
2,2682
2,2682
2,2682
2,2682
2,2682
2,2682
2,2698
2,2698
2,2698
2,2698
2,2698
2,2698
2,2698
2,2698
2,2722
2,2722
2,2722
2,2722
2,2722
2,2722
2,2722
2,2722
2,2778
2,2778
2,2778
2,2778
2,2778
2,2778
2,2778
2,2778
2,2794
2,2794
2,2794
2,2794
2,2794
2,2794
2,2794
2,2794
2,2838
2,2838
2,2838
2,2838
2,2838
2,2838
2,2838
2,2838
2,2854
2,2854
2,2854
2,2854
2,2854
2,2854
2,2854
2,2854
2,2898
2,2898
2,2898
2,2898
2,2898
2,2898
2,2898
2,2898
2,2934
2,2934
2,2934
2,2934
2,2934
2,2934
2,2934
2,2934
2,2946
2,2946
2,2946
2,2946
2,2946
2,2946
2,2946
2,2946
2,2998
2,2998
2,2998
2,2998
2,2998
2,2998
2,2998
2,2998
2,3010
2,3010
2,3010
2,3010
2,3010
2,3010
2,3010
2,3010
2,3062
2,3062
2,3062
2,3062
2,3062
2,3062
2,3062
2,3062
2,3094
2,3094
2,3094
2,3094
2,3094
2,3094
2,3094
2,3094
2,3134
2,3134
2,3134
2,3134
2,3134
2,3134
2,3134
2,3134
2,3154
2,3154
2,3154
2,3154
2,3154
2,3154
2,3154
2,3154
2,3198
2,3198
2,3198
2,3198
2,3198
2,3198
2,3198
2,3198
2,3202
2,3202
2,3202
2,3202
2,3202
2,3202
2,3202
2,3202
2,3234
2,3234
2,3234
2,3234
2,3234
2,3234
2,3234
2,3234
2,3278
2,3278
2,3278
2,3278
2,3278
2,3278
2,3278
2,3278
2,3322
2,3322
2,3322
2,3322
2,3322
2,3322
2,3322
2,3322
2,3350
2,3350
2,3350
2,3350
2,3350
2,3350
2,3350
2,3350
2,3386
2,3386
2,3386
2,3386
2,3386
2,3386
2,3386
2,3386
2,3398
2,3398
2,3398
2,3398
2,3398
2,3398
2,3398
2,3398
2,3430
2,3430
2,3430
2,3430
2,3430
2,3430
2,3430
2,3430
2,3470
2,3470
2,3470
2,3470
2,3470
2,3470
2,3470
2,3470
2,3494
2,3494
2,3494
2,3494
2,3494
2,3494
2,3494
2,3494
2,3530
2,3530
2,3530
2,3530
2,3530
2,3530
2,3530
2,3530
2,3566
2,3566
2,3566
2,3566
2,3566
2,3566
2,3566
2,3566
2,3586
2,3586
2,3586
2,3586
2,3586
2,3586
2,3586
2,3586
2,3646
2,3646
2,3646
2,3646
2,3646
2,3646
2,3646
2,3646
2,3670
2,3670
2,3670
2,3670
2,3670
2,3670
2,3670
2,3670
2,3694
2,3694
2,3694
2,3694
2,3694
2,3694
2,3694
2,3694
2,3722
2,3722
2,3722
2,3722
2,3722
2,3722
2,3722
2,3722
2,3746
2,3746
2,3746
2,3746
2,3746
2,3746
2,3746
2,3746
2,3802
2,3802
2,3802
2,3802
2,3802
2,3802
2,3802
2,3802
2,3818
2,3818
2,3818
2,3818
2,3818
2,3818
2,3818
2,3818
2,3870
2,3870
2,3870
2,3870
2,3870
2,3870
2,3870
2,3870
2,3890
2,3890
2,3890
2,3890
2,3890
2,3890
2,3890
2,3890
2,3926
2,3926
2,3926
2,3926
2,3926
2,3926
2,3926
2,3926
2,3966
2,3966
2,3966
2,3966
2,3966
2,3966
2,3966
2,3966
2,3970
2,3970
2,3970
2,3970
2,3970
2,3970
2,3970
2,3970
2,4014
2,4014
2,4014
2,4014
2,4014
2,4014
2,4014
2,4014
2,4046
2,4046
2,4046
2,4046
2,4046
2,4046
2,4046
2,4046
2,4074
2,4074
2,4074
2,4074
2,4074
2,4074
2,4074
2,4074
2,4122
2,4122
2,4122
2,4122
2,4122
2,4122
2,4122
2,4122
2,4158
2,4158
2,4158
2,4158
2,4158
2,4158
2,4158
2,4158
2,4166
2,4166
2,4166
2,4166
2,4166
2,4166
2,4166
2,4166
2,4198
2,4198
2,4198
2,4198
2,4198
2,4198
2,4198
2,4198
2,4230
2,4230
2,4230
2,4230
2,4230
2,4230
2,4230
2,4230
2,4270
2,4270
2,4270
2,4270
2,4270
2,4270
2,4270
2,4270
2,4314
2,4314
2,4314
2,4314
2,4314
2,4314
2,4314
2,4314
2,4334
2,4334
2,4334
2,4334
2,4334
2,4334
2,4334
2,4334
2,4362
2,4362
2,4362
2,4362
2,4362
2,4362
2,4362
2,4362
2,4386
2,4386
2,4386
2,4386
2,4386
2,4386
2,4386
2,4386
2,4442
2,4442
2,4442
2,4442
2,4442
2,4442
2,4442
2,4442
2,4454
2,4454
2,4454
2,4454
2,4454
2,4454
2,4454
2,4454
2,4486
2,4486
2,4486
2,4486
2,4486
2,4486
2,4486
2,4486
2,4518
2,4518
2,4518
2,4518
2,4518
2,4518
2,4518
2,4518
2,4566
2,4566
2,4566
2,4566
2,4566
2,4566
2,4566
2,4566
2,4594
2,4594
2,4594
2,4594
2,4594
2,4594
2,4594
2,4594
2,4618
2,4618
2,4618
2,4618
2,4618
2,4618
2,4618
2,4618
2,4646
2,4646
2,4646
2,4646
2,4646
2,4646
2,4646
2,4646
2,4702
2,4702
2,4702
2,4702
2,4702
2,4702
2,4702
2,4702
2,4730
2,4730
2,4730
2,4730
2,4730
2,4730
2,4730
2,4730
2,4746
2,4746
2,4746
2,4746
2,4746
2,4746
2,4746
2,4746
2,4770
2,4770
2,4770
2,4770
2,4770
2,4770
2,4770
2,4770
2,4818
2,4818
2,4818
2,4818
2,4818
2,4818
2,4818
2,4818
2,4850
2,4850
2,4850
2,4850
2,4850
2,4850
2,4850
2,4850
2,4870
2,4870
2,4870
2,4870
2,4870
2,4870
2,4870
2,4870
2,4910
2,4910
2,4910
2,4910
2,4910
2,4910
2,4910
2,4910
2,4938
2,4938
2,4938
2,4938
2,4938
2,4938
2,4938
2,4938
2,4986
2,4986
2,4986
2,4986
2,4986
2,4986
2,4986
2,4986
2,5018
2,5018
2,5018
2,5018
2,5018
2,5018
2,5018
2,5018
2,5042
2,5042
2,5042
2,5042
2,5042
2,5042
2,5042
2,5042
2,5066
2,5066
2,5066
2,5066
2,5066
2,5066
2,5066
2,5066
2,5090
2,5090
2,5090
2,5090
2,5090
2,5090
2,5090
2,5090
2,5138
2,5138
2,5138
2,5138
2,5138
2,5138
2,5138
2,5138
2,5170
2,5170
2,5170
2,5170
2,5170
2,5170
2,5170
2,5170
2,5186
2,5186
2,5186
2,5186
2,5186
2,5186
2,5186
2,5186
2,5222
2,5222
2,5222
2,5222
2,5222
2,5222
2,5222
2,5222
2,5258
2,5258
2,5258
2,5258
2,5258
2,5258
2,5258
2,5258
2,5302
2,5302
2,5302
2,5302
2,5302
2,5302
2,5302
2,5302
2,5318
2,5318
2,5318
2,5318
2,5318
2,5318
2,5318
2,5318
