7,26
7,26
7,26
7,58
7,58
7,58
7,78
7,78
7,78
7,110
7,110
7,110
7,154
7,154
7,154
7,170
7,170
7,170
7,210
7,210
7,210
7,238
7,238
7,238
7,266
7,266
7,266
7,318
7,318
7,318
7,334
7,334
7,334
7,354
7,354
7,354
7,406
7,406
7,406
7,422
7,422
7,422
7,454
7,454
7,454
7,502
7,502
7,502
7,518
7,518
7,518
7,546
7,546
7,546
7,606
7,606
7,606
7,622
7,622
7,622
7,658
7,658
7,658
7,690
7,690
7,690
7,730
7,730
7,730
7,738
7,738
7,738
7,770
7,770
7,770
7,826
7,826
7,826
7,838
7,838
7,838
7,870
7,870
7,870
7,926
7,926
7,926
7,958
7,958
7,958
7,990
7,990
7,990
7,1022
7,1022
7,1022
7,1026
7,1026
7,1026
7,1086
7,1086
7,1086
7,1110
7,1110
7,1110
7,1122
7,1122
7,1122
7,1158
7,1158
7,1158
7,1202
7,1202
7,1202
7,1222
7,1222
7,1222
7,1250
7,1250
7,1250
7,1294
7,1294
7,1294
7,1318
7,1318
7,1318
7,1370
7,1370
7,1370
7,1390
7,1390
7,1390
7,1434
7,1434
7,1434
7,1462
7,1462
7,1462
7,1494
7,1494
7,1494
7,1506
7,1506
7,1506
7,1558
7,1558
7,1558
7,1570
7,1570
7,1570
7,1606
7,1606
7,1606
7,1646
7,1646
7,1646
7,1674
7,1674
7,1674
7,1706
7,1706
7,1706
7,1758
7,1758
7,1758
7,1786
7,1786
7,1786
7,1810
7,1810
7,1810
7,1830
7,1830
7,1830
7,1874
7,1874
7,1874
7,1910
7,1910
7,1910
7,1930
7,1930
7,1930
7,1962
7,1962
7,1962
7,2006
7,2006
7,2006
7,2026
7,2026
7,2026
7,2062
7,2062
7,2062
7,2082
7,2082
7,2082
7,2114
7,2114
7,2114
7,2162
7,2162
7,2162
7,2186
7,2186
7,2186
7,2214
7,2214
7,2214
7,2250
7,2250
7,2250
7,2298
7,2298
7,2298
7,2334
7,2334
7,2334
7,2362
7,2362
7,2362
7,2370
7,2370
7,2370
7,2402
7,2402
7,2402
7,2434
7,2434
7,2434
7,2466
7,2466
7,2466
7,2510
7,2510
7,2510
7,2530
7,2530
7,2530
7,2578
7,2578
7,2578
7,2606
7,2606
7,2606
7,2626
7,2626
7,2626
7,2674
7,2674
7,2674
7,2714
7,2714
7,2714
7,2726
7,2726
7,2726
7,2770
7,2770
7,2770
7,2798
7,2798
7,2798
7,2846
7,2846
7,2846
7,2862
7,2862
7,2862
7,2906
7,2906
7,2906
7,2922
7,2922
7,2922
7,2962
7,2962
7,2962
7,2982
7,2982
7,2982
7,3018
7,3018
7,3018
7,3054
7,3054
7,3054
7,3090
7,3090
7,3090
7,3114
7,3114
7,3114
7,3162
7,3162
7,3162
7,3170
7,3170
7,3170
7,3210
7,3210
7,3210
7,3254
7,3254
7,3254
7,3282
7,3282
7,3282
7,3302
7,3302
7,3302
7,3342
7,3342
7,3342
7,3366
7,3366
7,3366
7,3394
7,3394
7,3394
7,3450
7,3450
7,3450
7,3458
7,3458
7,3458
7,3498
7,3498
7,3498
7,3546
7,3546
7,3546
7,3582
7,3582
7,3582
7,3594
7,3594
7,3594
7,3634
7,3634
7,3634
7,3674
7,3674
7,3674
7,3706
7,3706
7,3706
7,3726
7,3726
7,3726
7,3762
7,3762
7,3762
7,3794
7,3794
7,3794
7,3826
7,3826
7,3826
7,3846
7,3846
7,3846
7,3898
7,3898
7,3898
7,3922
7,3922
7,3922
7,3942
7,3942
7,3942
7,3990
7,3990
7,3990
7,4018
7,4018
7,4018
7,4058
7,4058
7,4058
7,4094
7,4094
7,4094
7,4102
7,4102
7,4102
7,4134
7,4134
7,4134
7,4190
7,4190
7,4190
7,4210
7,4210
7,4210
7,4238
7,4238
7,4238
7,4286
7,4286
7,4286
7,4306
7,4306
7,4306
7,4350
7,4350
7,4350
7,4370
7,4370
7,4370
7,4398
7,4398
7,4398
7,4430
7,4430
7,4430
7,4466
7,4466
7,4466
7,4490
7,4490
7,4490
7,4526
7,4526
7,4526
7,4562
7,4562
7,4562
7,4582
7,4582
7,4582
7,4614
7,4614
7,4614
7,4658
7,4658
7,4658
7,4682
7,4682
7,4682
7,4710
7,4710
7,4710
7,4750
7,4750
7,4750
7,4782
7,4782
7,4782
7,4810
7,4810
7,4810
7,4834
7,4834
7,4834
7,4874
7,4874
7,4874
7,4902
7,4902
7,4902
7,4934
7,4934
7,4934
7,4974
7,4974
7,4974
7,5002
7,5002
7,5002
7,5050
7,5050
7,5050
7,5074
7,5074
7,5074
7,5098
7,5098
7,5098
7,5146
7,5146
7,5146
7,5166
7,5166
7,5166
7,5194
7,5194
7,5194
7,5230
7,5230
7,5230
7,5266
7,5266
7,5266
7,5286
7,5286
7,5286
7,5338
7,5338
7,5338
