3,10
3,10
3,10
3,10
3,10
3,10
3,10
3,10
3,34
3,34
3,34
3,34
3,34
3,34
3,34
3,34
3,86
3,86
3,86
3,86
3,86
3,86
3,86
3,86
3,106
3,106
3,106
3,106
3,106
3,106
3,106
3,106
3,130
3,130
3,130
3,130
3,130
3,130
3,130
3,130
3,162
3,162
3,162
3,162
3,162
3,162
3,162
3,162
3,206
3,206
3,206
3,206
3,206
3,206
3,206
3,206
3,242
3,242
3,242
3,242
3,242
3,242
3,242
3,242
3,270
3,270
3,270
3,270
3,270
3,270
3,270
3,270
3,306
3,306
3,306
3,306
3,306
3,306
3,306
3,306
3,342
3,342
3,342
3,342
3,342
3,342
3,342
3,342
3,374
3,374
3,374
3,374
3,374
3,374
3,374
3,374
3,386
3,386
3,386
3,386
3,386
3,386
3,386
3,386
3,446
3,446
3,446
3,446
3,446
3,446
3,446
3,446
3,478
3,478
3,478
3,478
3,478
3,478
3,478
3,478
3,486
3,486
3,486
3,486
3,486
3,486
3,486
3,486
3,530
3,530
3,530
3,530
3,530
3,530
3,530
3,530
3,574
3,574
3,574
3,574
3,574
3,574
3,574
3,574
3,586
3,586
3,586
3,586
3,586
3,586
3,586
3,586
3,610
3,610
3,610
3,610
3,610
3,610
3,610
3,610
3,642
3,642
3,642
3,642
3,642
3,642
3,642
3,642
3,694
3,694
3,694
3,694
3,694
3,694
3,694
3,694
3,722
3,722
3,722
3,722
3,722
3,722
3,722
3,722
3,742
3,742
3,742
3,742
3,742
3,742
3,742
3,742
3,790
3,790
3,790
3,790
3,790
3,790
3,790
3,790
3,810
3,810
3,810
3,810
3,810
3,810
3,810
3,810
3,842
3,842
3,842
3,842
3,842
3,842
3,842
3,842
3,886
3,886
3,886
3,886
3,886
3,886
3,886
3,886
3,922
3,922
3,922
3,922
3,922
3,922
3,922
3,922
3,950
3,950
3,950
3,950
3,950
3,950
3,950
3,950
3,974
3,974
3,974
3,974
3,974
3,974
3,974
3,974
3,994
3,994
3,994
3,994
3,994
3,994
3,994
3,994
3,1046
3,1046
3,1046
3,1046
3,1046
3,1046
3,1046
3,1046
3,1058
3,1058
3,1058
3,1058
3,1058
3,1058
3,1058
3,1058
3,1106
3,1106
3,1106
3,1106
3,1106
3,1106
3,1106
3,1106
3,1126
3,1126
3,1126
3,1126
3,1126
3,1126
3,1126
3,1126
3,1162
3,1162
3,1162
3,1162
3,1162
3,1162
3,1162
3,1162
3,1210
3,1210
3,1210
3,1210
3,1210
3,1210
3,1210
3,1210
3,1246
3,1246
3,1246
3,1246
3,1246
3,1246
3,1246
3,1246
3,1274
3,1274
3,1274
3,1274
3,1274
3,1274
3,1274
3,1274
3,1286
3,1286
3,1286
3,1286
3,1286
3,1286
3,1286
3,1286
3,1330
3,1330
3,1330
3,1330
3,1330
3,1330
3,1330
3,1330
3,1354
3,1354
3,1354
3,1354
3,1354
3,1354
3,1354
3,1354
3,1378
3,1378
3,1378
3,1378
3,1378
3,1378
3,1378
3,1378
3,1422
3,1422
3,1422
3,1422
3,1422
3,1422
3,1422
3,1422
3,1458
3,1458
3,1458
3,1458
3,1458
3,1458
3,1458
3,1458
3,1474
3,1474
3,1474
3,1474
3,1474
3,1474
3,1474
3,1474
3,1534
3,1534
3,1534
3,1534
3,1534
3,1534
3,1534
3,1534
3,1562
3,1562
3,1562
3,1562
3,1562
3,1562
3,1562
3,1562
3,1590
3,1590
3,1590
3,1590
3,1590
3,1590
3,1590
3,1590
3,1618
3,1618
3,1618
3,1618
3,1618
3,1618
3,1618
3,1618
3,1654
3,1654
3,1654
3,1654
3,1654
3,1654
3,1654
3,1654
3,1686
3,1686
3,1686
3,1686
3,1686
3,1686
3,1686
3,1686
3,1702
3,1702
3,1702
3,1702
3,1702
3,1702
3,1702
3,1702
3,1734
3,1734
3,1734
3,1734
3,1734
3,1734
3,1734
3,1734
3,1782
3,1782
3,1782
3,1782
3,1782
3,1782
3,1782
3,1782
3,1806
3,1806
3,1806
3,1806
3,1806
3,1806
3,1806
3,1806
3,1850
3,1850
3,1850
3,1850
3,1850
3,1850
3,1850
3,1850
3,1882
3,1882
3,1882
3,1882
3,1882
3,1882
3,1882
3,1882
3,1898
3,1898
3,1898
3,1898
3,1898
3,1898
3,1898
3,1898
3,1942
3,1942
3,1942
3,1942
3,1942
3,1942
3,1942
3,1942
3,1958
3,1958
3,1958
3,1958
3,1958
3,1958
3,1958
3,1958
3,1990
3,1990
3,1990
3,1990
3,1990
3,1990
3,1990
3,1990
3,2030
3,2030
3,2030
3,2030
3,2030
3,2030
3,2030
3,2030
3,2050
3,2050
3,2050
3,2050
3,2050
3,2050
3,2050
3,2050
3,2086
3,2086
3,2086
3,2086
3,2086
3,2086
3,2086
3,2086
3,2130
3,2130
3,2130
3,2130
3,2130
3,2130
3,2130
3,2130
3,2158
3,2158
3,2158
3,2158
3,2158
3,2158
3,2158
3,2158
3,2206
3,2206
3,2206
3,2206
3,2206
3,2206
3,2206
3,2206
3,2230
3,2230
3,2230
3,2230
3,2230
3,2230
3,2230
3,2230
3,2262
3,2262
3,2262
3,2262
3,2262
3,2262
3,2262
3,2262
3,2274
3,2274
3,2274
3,2274
3,2274
3,2274
3,2274
3,2274
3,2326
3,2326
3,2326
3,2326
3,2326
3,2326
3,2326
3,2326
3,2354
3,2354
3,2354
3,2354
3,2354
3,2354
3,2354
3,2354
3,2382
3,2382
3,2382
3,2382
3,2382
3,2382
3,2382
3,2382
3,2418
3,2418
3,2418
3,2418
3,2418
3,2418
3,2418
3,2418
3,2454
3,2454
3,2454
3,2454
3,2454
3,2454
3,2454
3,2454
3,2486
3,2486
3,2486
3,2486
3,2486
3,2486
3,2486
3,2486
3,2514
3,2514
3,2514
3,2514
3,2514
3,2514
3,2514
3,2514
3,2534
3,2534
3,2534
3,2534
3,2534
3,2534
3,2534
3,2534
3,2562
3,2562
3,2562
3,2562
3,2562
3,2562
3,2562
3,2562
3,2594
3,2594
3,2594
3,2594
3,2594
3,2594
3,2594
3,2594
3,2654
3,2654
3,2654
3,2654
3,2654
3,2654
3,2654
3,2654
3,2678
3,2678
3,2678
3,2678
3,2678
3,2678
3,2678
3,2678
3,2694
3,2694
3,2694
3,2694
3,2694
3,2694
3,2694
3,2694
3,2734
3,2734
3,2734
3,2734
3,2734
3,2734
3,2734
3,2734
3,2762
3,2762
3,2762
3,2762
3,2762
3,2762
3,2762
3,2762
3,2790
3,2790
3,2790
3,2790
3,2790
3,2790
3,2790
3,2790
3,2834
3,2834
3,2834
3,2834
3,2834
3,2834
3,2834
3,2834
3,2850
3,2850
3,2850
3,2850
3,2850
3,2850
3,2850
3,2850
3,2894
3,2894
3,2894
3,2894
3,2894
3,2894
3,2894
3,2894
3,2942
3,2942
3,2942
3,2942
3,2942
3,2942
3,2942
3,2942
3,2950
3,2950
3,2950
3,2950
3,2950
3,2950
3,2950
3,2950
3,2978
3,2978
3,2978
3,2978
3,2978
3,2978
3,2978
3,2978
3,3014
3,3014
3,3014
3,3014
3,3014
3,3014
3,3014
3,3014
3,3066
3,3066
3,3066
3,3066
3,3066
3,3066
3,3066
3,3066
3,3074
3,3074
3,3074
3,3074
3,3074
3,3074
3,3074
3,3074
3,3130
3,3130
3,3130
3,3130
3,3130
3,3130
3,3130
3,3130
3,3150
3,3150
3,3150
3,3150
3,3150
3,3150
3,3150
3,3150
3,3194
3,3194
3,3194
3,3194
3,3194
3,3194
3,3194
3,3194
3,3214
3,3214
3,3214
3,3214
3,3214
3,3214
3,3214
3,3214
3,3238
3,3238
3,3238
3,3238
3,3238
3,3238
3,3238
3,3238
3,3286
3,3286
3,3286
3,3286
3,3286
3,3286
3,3286
3,3286
3,3318
3,3318
3,3318
3,3318
3,3318
3,3318
3,3318
3,3318
3,3334
3,3334
3,3334
3,3334
3,3334
3,3334
3,3334
3,3334
3,3382
3,3382
3,3382
3,3382
3,3382
3,3382
3,3382
3,3382
3,3418
3,3418
3,3418
3,3418
3,3418
3,3418
3,3418
3,3418
3,3426
3,3426
3,3426
3,3426
3,3426
3,3426
3,3426
3,3426
3,3466
3,3466
3,3466
3,3466
3,3466
3,3466
3,3466
3,3466
3,3490
3,3490
3,3490
3,3490
3,3490
3,3490
3,3490
3,3490
3,3526
3,3526
3,3526
3,3526
3,3526
3,3526
3,3526
3,3526
3,3558
3,3558
3,3558
3,3558
3,3558
3,3558
3,3558
3,3558
3,3610
3,3610
3,3610
3,3610
3,3610
3,3610
3,3610
3,3610
3,3638
3,3638
3,3638
3,3638
3,3638
3,3638
3,3638
3,3638
3,3666
3,3666
3,3666
3,3666
3,3666
3,3666
3,3666
3,3666
3,3702
3,3702
3,3702
3,3702
3,3702
3,3702
3,3702
3,3702
3,3714
3,3714
3,3714
3,3714
3,3714
3,3714
3,3714
3,3714
3,3750
3,3750
3,3750
3,3750
3,3750
3,3750
3,3750
3,3750
3,3798
3,3798
3,3798
3,3798
3,3798
3,3798
3,3798
3,3798
3,3814
3,3814
3,3814
3,3814
3,3814
3,3814
3,3814
3,3814
3,3866
3,3866
3,3866
3,3866
3,3866
3,3866
3,3866
3,3866
3,3886
3,3886
3,3886
3,3886
3,3886
3,3886
3,3886
3,3886
3,3930
3,3930
3,3930
3,3930
3,3930
3,3930
3,3930
3,3930
3,3938
3,3938
3,3938
3,3938
3,3938
3,3938
3,3938
3,3938
3,3974
3,3974
3,3974
3,3974
3,3974
3,3974
3,3974
3,3974
3,4006
3,4006
3,4006
3,4006
3,4006
3,4006
3,4006
3,4006
3,4050
3,4050
3,4050
3,4050
3,4050
3,4050
3,4050
3,4050
3,4066
3,4066
3,4066
3,4066
3,4066
3,4066
3,4066
3,4066
3,4118
3,4118
3,4118
3,4118
3,4118
3,4118
3,4118
3,4118
3,4130
3,4130
3,4130
3,4130
3,4130
3,4130
3,4130
3,4130
3,4162
3,4162
3,4162
3,4162
3,4162
3,4162
3,4162
3,4162
3,4194
3,4194
3,4194
3,4194
3,4194
3,4194
3,4194
3,4194
3,4254
3,4254
3,4254
3,4254
3,4254
3,4254
3,4254
3,4254
3,4266
3,4266
3,4266
3,4266
3,4266
3,4266
3,4266
3,4266
3,4310
3,4310
3,4310
3,4310
3,4310
3,4310
3,4310
3,4310
3,4330
3,4330
3,4330
3,4330
3,4330
3,4330
3,4330
3,4330
3,4358
3,4358
3,4358
3,4358
3,4358
3,4358
3,4358
3,4358
3,4402
3,4402
3,4402
3,4402
3,4402
3,4402
3,4402
3,4402
3,4446
3,4446
3,4446
3,4446
3,4446
3,4446
3,4446
3,4446
3,4450
3,4450
3,4450
3,4450
3,4450
3,4450
3,4450
3,4450
3,4498
3,4498
3,4498
3,4498
3,4498
3,4498
3,4498
3,4498
3,4514
3,4514
3,4514
3,4514
3,4514
3,4514
3,4514
3,4514
3,4558
3,4558
3,4558
3,4558
3,4558
3,4558
3,4558
3,4558
3,4598
3,4598
3,4598
3,4598
3,4598
3,4598
3,4598
3,4598
3,4610
3,4610
3,4610
3,4610
3,4610
3,4610
3,4610
3,4610
3,4642
3,4642
3,4642
3,4642
3,4642
3,4642
3,4642
3,4642
3,4674
3,4674
3,4674
3,4674
3,4674
3,4674
3,4674
3,4674
3,4734
3,4734
3,4734
3,4734
3,4734
3,4734
3,4734
3,4734
3,4758
3,4758
3,4758
3,4758
3,4758
3,4758
3,4758
3,4758
3,4778
3,4778
3,4778
3,4778
3,4778
3,4778
3,4778
3,4778
3,4814
3,4814
3,4814
3,4814
3,4814
3,4814
3,4814
3,4814
3,4862
3,4862
3,4862
3,4862
3,4862
3,4862
3,4862
3,4862
3,4866
3,4866
3,4866
3,4866
3,4866
3,4866
3,4866
3,4866
3,4898
3,4898
3,4898
3,4898
3,4898
3,4898
3,4898
3,4898
3,4930
3,4930
3,4930
3,4930
3,4930
3,4930
3,4930
3,4930
3,4978
3,4978
3,4978
3,4978
3,4978
3,4978
3,4978
3,4978
3,5014
3,5014
3,5014
3,5014
3,5014
3,5014
3,5014
3,5014
3,5038
3,5038
3,5038
3,5038
3,5038
3,5038
3,5038
3,5038
3,5086
3,5086
3,5086
3,5086
3,5086
3,5086
3,5086
3,5086
3,5094
3,5094
3,5094
3,5094
3,5094
3,5094
3,5094
3,5094
3,5130
3,5130
3,5130
3,5130
3,5130
3,5130
3,5130
3,5130
3,5162
3,5162
3,5162
3,5162
3,5162
3,5162
3,5162
3,5162
3,5190
3,5190
3,5190
3,5190
3,5190
3,5190
3,5190
3,5190
3,5218
3,5218
3,5218
3,5218
3,5218
3,5218
3,5218
3,5218
3,5250
3,5250
3,5250
3,5250
3,5250
3,5250
3,5250
3,5250
3,5282
3,5282
3,5282
3,5282
3,5282
3,5282
3,5282
3,5282
3,5326
3,5326
3,5326
3,5326
3,5326
3,5326
3,5326
3,5326
