6,40
6,40
6,40
6,208
6,208
6,208
6,292
6,292
6,292
6,632
6,632
6,632
6,1049
6,1049
6,1049
6,1430
6,1430
6,1430
6,2203
6,2203
6,2203
6,2510
6,2510
6,2510
6,2553
6,2553
6,2553
6,2557
6,2557
6,2557
6,2630
6,2630
6,2630
6,2634
6,2634
6,2634
6,2676
6,2676
6,2676
6,2712
6,2712
6,2712
6,2767
6,2767
6,2767
6,2820
6,2820
6,2820
6,2842
6,2842
6,2842
6,2878
6,2878
6,2878
6,2939
6,2939
6,2939
6,2959
6,2959
6,2959
6,3021
6,3021
6,3021
6,3060
6,3060
6,3060
6,3146
6,3146
6,3146
6,3173
6,3173
6,3173
6,3244
6,3244
6,3244
6,3289
6,3289
6,3289
6,3305
6,3305
6,3305
6,3376
6,3376
6,3376
6,3397
6,3397
6,3397
6,3440
6,3440
6,3440
6,3518
6,3518
6,3518
6,3526
6,3526
6,3526
6,3596
6,3596
6,3596
6,3645
6,3645
6,3645
6,3699
6,3699
6,3699
6,3736
6,3736
6,3736
6,3784
6,3784
6,3784
6,3860
6,3860
6,3860
6,3899
6,3899
6,3899
6,3967
6,3967
6,3967
6,4008
6,4008
6,4008
6,4088
6,4088
6,4088
6,4245
6,4245
6,4245
6,4389
6,4389
6,4389
6,4449
6,4449
6,4449
6,4511
6,4511
6,4511
6,4559
6,4559
6,4559
6,4599
6,4599
6,4599
6,4663
6,4663
6,4663
6,4695
6,4695
6,4695
6,4729
6,4729
6,4729
6,4773
6,4773
6,4773
6,4833
6,4833
6,4833
6,4868
6,4868
6,4868
6,4903
6,4903
6,4903
6,4972
6,4972
6,4972
6,4994
6,4994
6,4994
6,5051
6,5051
6,5051
6,5076
6,5076
6,5076
6,5105
6,5105
6,5105
6,5151
6,5151
6,5151
6,5193
6,5193
6,5193
6,5249
6,5249
6,5249
6,5279
6,5279
6,5279
6,5295
6,5295
6,5295
6,5349
6,5349
6,5349
6,5389
6,5389
6,5389
6,5431
6,5431
6,5431
6,5471
6,5471
6,5471
6,5511
6,5511
6,5511
6,5557
6,5557
6,5557
6,5587
6,5587
6,5587
6,5599
6,5599
6,5599
6,5649
6,5649
6,5649
6,5701
6,5701
6,5701
6,5731
6,5731
6,5731
6,5761
6,5761
6,5761
6,5823
6,5823
6,5823
6,5853
6,5853
6,5853
6,5877
6,5877
6,5877
6,5933
6,5933
6,5933
6,5949
6,5949
6,5949
6,6013
6,6013
6,6013
6,6047
6,6047
6,6047
6,6063
6,6063
6,6063
6,6113
6,6113
6,6113
6,6135
6,6135
6,6135
6,6189
6,6189
6,6189
6,6211
6,6211
6,6211
6,6255
6,6255
6,6255
6,6293
6,6293
6,6293
6,6335
6,6335
6,6335
6,6379
6,6379
6,6379
6,6413
6,6413
6,6413
6,6443
6,6443
6,6443
6,6503
6,6503
6,6503
6,6545
6,6545
6,6545
6,6583
6,6583
6,6583
6,6613
6,6613
6,6613
6,6643
6,6643
6,6643
6,6685
6,6685
6,6685
6,6721
6,6721
6,6721
6,6755
6,6755
6,6755
6,6777
6,6777
6,6777
6,6819
6,6819
6,6819
6,6857
6,6857
6,6857
6,6919
6,6919
6,6919
6,6959
6,6959
6,6959
6,6997
6,6997
6,6997
6,7039
6,7039
6,7039
6,7043
6,7043
6,7043
6,7081
6,7081
6,7081
6,7143
6,7143
6,7143
6,7175
6,7175
6,7175
6,7213
6,7213
6,7213
6,7263
6,7263
6,7263
6,7281
6,7281
6,7281
6,7331
6,7331
6,7331
6,7351
6,7351
6,7351
6,7397
6,7397
6,7397
6,7435
6,7435
6,7435
6,7485
6,7485
6,7485
6,7517
6,7517
6,7517
6,7567
6,7567
6,7567
6,7585
6,7585
6,7585
6,7613
6,7613
6,7613
6,7685
6,7685
6,7685
6,7711
6,7711
6,7711
6,7727
6,7727
6,7727
6,7781
6,7781
6,7781
6,7825
6,7825
6,7825
6,7841
6,7841
6,7841
6,7913
6,7913
6,7913
6,7947
6,7947
6,7947
6,7971
6,7971
6,7971
6,8027
6,8027
6,8027
6,8051
6,8051
6,8051
6,8087
6,8087
6,8087
6,8131
6,8131
6,8131
6,8161
6,8161
6,8161
6,8197
6,8197
6,8197
6,8251
6,8251
6,8251
6,8265
6,8265
6,8265
6,8309
6,8309
6,8309
6,8365
6,8365
6,8365
6,8387
6,8387
6,8387
6,8431
6,8431
6,8431
6,8469
6,8469
6,8469
6,8509
6,8509
6,8509
6,8547
6,8547
6,8547
6,8575
6,8575
6,8575
6,8605
6,8605
6,8605
6,8657
6,8657
6,8657
6,8689
6,8689
6,8689
6,8731
6,8731
6,8731
6,8757
6,8757
6,8757
6,8807
6,8807
6,8807
6,8863
6,8863
6,8863
6,8887
6,8887
6,8887
6,8909
6,8909
6,8909
6,8963
6,8963
6,8963
6,9001
6,9001
6,9001
6,9035
6,9035
6,9035
6,9057
6,9057
6,9057
6,9125
6,9125
6,9125
6,9155
6,9155
6,9155
6,9185
6,9185
6,9185
