4,22
4,22
4,22
4,159
4,159
4,159
4,355
4,355
4,355
4,726
4,726
4,726
4,1168
4,1168
4,1168
4,1643
4,1643
4,1643
4,2290
4,2290
4,2290
4,2502
4,2502
4,2502
4,2532
4,2532
4,2532
4,2565
4,2565
4,2565
4,2616
4,2616
4,2616
4,2646
4,2646
4,2646
4,2684
4,2684
4,2684
4,2744
4,2744
4,2744
4,2753
4,2753
4,2753
4,2828
4,2828
4,2828
4,2862
4,2862
4,2862
4,2886
4,2886
4,2886
4,2951
4,2951
4,2951
4,2967
4,2967
4,2967
4,2995
4,2995
4,2995
4,3078
4,3078
4,3078
4,3130
4,3130
4,3130
4,3182
4,3182
4,3182
4,3255
4,3255
4,3255
4,3281
4,3281
4,3281
4,3331
4,3331
4,3331
4,3340
4,3340
4,3340
4,3401
4,3401
4,3401
4,3421
4,3421
4,3421
4,3509
4,3509
4,3509
4,3522
4,3522
4,3522
4,3601
4,3601
4,3601
4,3641
4,3641
4,3641
4,3690
4,3690
4,3690
4,3755
4,3755
4,3755
4,3823
4,3823
4,3823
4,3869
4,3869
4,3869
4,3877
4,3877
4,3877
4,3992
4,3992
4,3992
4,4024
4,4024
4,4024
4,4119
4,4119
4,4119
4,4153
4,4153
4,4153
4,4331
4,4331
4,4331
4,4457
4,4457
4,4457
4,4526
4,4526
4,4526
4,4587
4,4587
4,4587
4,4603
4,4603
4,4603
4,4633
4,4633
4,4633
4,4667
4,4667
4,4667
4,4749
4,4749
4,4749
4,4757
4,4757
4,4757
4,4837
4,4837
4,4837
4,4878
4,4878
4,4878
4,4919
4,4919
4,4919
4,4945
4,4945
4,4945
4,5013
4,5013
4,5013
4,5021
4,5021
4,5021
4,5083
4,5083
4,5083
4,5113
4,5113
4,5113
4,5159
4,5159
4,5159
4,5201
4,5201
4,5201
4,5231
4,5231
4,5231
4,5287
4,5287
4,5287
4,5305
4,5305
4,5305
4,5363
4,5363
4,5363
4,5381
4,5381
4,5381
4,5419
4,5419
4,5419
4,5463
4,5463
4,5463
4,5519
4,5519
4,5519
4,5541
4,5541
4,5541
4,5561
4,5561
4,5561
4,5607
4,5607
4,5607
4,5641
4,5641
4,5641
4,5709
4,5709
4,5709
4,5727
4,5727
4,5727
4,5771
4,5771
4,5771
4,5809
4,5809
4,5809
4,5861
4,5861
4,5861
4,5869
4,5869
4,5869
4,5907
4,5907
4,5907
4,5945
4,5945
4,5945
4,5987
4,5987
4,5987
4,6033
4,6033
4,6033
4,6083
4,6083
4,6083
4,6117
4,6117
4,6117
4,6143
4,6143
4,6143
4,6203
4,6203
4,6203
4,6223
4,6223
4,6223
4,6279
4,6279
4,6279
4,6297
4,6297
4,6297
4,6331
4,6331
4,6331
4,6389
4,6389
4,6389
4,6409
4,6409
4,6409
4,6439
4,6439
4,6439
4,6495
4,6495
4,6495
4,6537
4,6537
4,6537
4,6559
4,6559
4,6559
4,6621
4,6621
4,6621
4,6651
4,6651
4,6651
4,6693
4,6693
4,6693
4,6729
4,6729
4,6729
4,6751
4,6751
4,6751
4,6785
4,6785
4,6785
4,6827
4,6827
4,6827
4,6865
4,6865
4,6865
4,6915
4,6915
4,6915
4,6955
4,6955
4,6955
4,6987
4,6987
4,6987
4,7009
4,7009
4,7009
4,7047
4,7047
4,7047
4,7099
4,7099
4,7099
4,7139
4,7139
4,7139
4,7167
4,7167
4,7167
4,7195
4,7195
4,7195
4,7267
4,7267
4,7267
4,7289
4,7289
4,7289
4,7343
4,7343
4,7343
4,7359
4,7359
4,7359
4,7389
4,7389
4,7389
4,7427
4,7427
4,7427
4,7471
4,7471
4,7471
4,7503
4,7503
4,7503
4,7537
4,7537
4,7537
4,7605
4,7605
4,7605
4,7629
4,7629
4,7629
4,7655
4,7655
4,7655
4,7719
4,7719
4,7719
4,7757
4,7757
4,7757
4,7789
4,7789
4,7789
4,7837
4,7837
4,7837
4,7845
4,7845
4,7845
4,7905
4,7905
4,7905
4,7923
4,7923
4,7923
4,7979
4,7979
4,7979
4,8009
4,8009
4,8009
4,8065
4,8065
4,8065
4,8075
4,8075
4,8075
4,8113
4,8113
4,8113
4,8151
4,8151
4,8151
4,8183
4,8183
4,8183
4,8221
4,8221
4,8221
4,8273
4,8273
4,8273
4,8321
4,8321
4,8321
4,8351
4,8351
4,8351
4,8379
4,8379
4,8379
4,8427
4,8427
4,8427
4,8483
4,8483
4,8483
4,8517
4,8517
4,8517
4,8555
4,8555
4,8555
4,8587
4,8587
4,8587
4,8609
4,8609
4,8609
4,8665
4,8665
4,8665
4,8681
4,8681
4,8681
4,8727
4,8727
4,8727
4,8769
4,8769
4,8769
4,8817
4,8817
4,8817
4,8829
4,8829
4,8829
4,8901
4,8901
4,8901
4,8913
4,8913
4,8913
4,8971
4,8971
4,8971
4,9015
4,9015
4,9015
4,9049
4,9049
4,9049
4,9065
4,9065
4,9065
4,9129
4,9129
4,9129
4,9163
4,9163
4,9163
4,9175
4,9175
4,9175
