7,51
7,51
7,51
7,235
7,235
7,235
7,262
7,262
7,262
7,587
7,587
7,587
7,991
7,991
7,991
7,1499
7,1499
7,1499
7,2395
7,2395
7,2395
7,2506
7,2506
7,2506
7,2542
7,2542
7,2542
7,2592
7,2592
7,2592
7,2626
7,2626
7,2626
7,2642
7,2642
7,2642
7,2688
7,2688
7,2688
7,2730
7,2730
7,2730
7,2771
7,2771
7,2771
7,2816
7,2816
7,2816
7,2838
7,2838
7,2838
7,2890
7,2890
7,2890
7,2947
7,2947
7,2947
7,2985
7,2985
7,2985
7,3028
7,3028
7,3028
7,3068
7,3068
7,3068
7,3137
7,3137
7,3137
7,3205
7,3205
7,3205
7,3239
7,3239
7,3239
7,3271
7,3271
7,3271
7,3301
7,3301
7,3301
7,3345
7,3345
7,3345
7,3393
7,3393
7,3393
7,3447
7,3447
7,3447
7,3514
7,3514
7,3514
7,3530
7,3530
7,3530
7,3592
7,3592
7,3592
7,3617
7,3617
7,3617
7,3667
7,3667
7,3667
7,3767
7,3767
7,3767
7,3793
7,3793
7,3793
7,3856
7,3856
7,3856
7,3890
7,3890
7,3890
7,3996
7,3996
7,3996
7,4004
7,4004
7,4004
7,4076
7,4076
7,4076
7,4220
7,4220
7,4220
7,4401
7,4401
7,4401
7,4439
7,4439
7,4439
7,4517
7,4517
7,4517
7,4579
7,4579
7,4579
7,4591
7,4591
7,4591
7,4659
7,4659
7,4659
7,4678
7,4678
7,4678
7,4745
7,4745
7,4745
7,4761
7,4761
7,4761
7,4829
7,4829
7,4829
7,4864
7,4864
7,4864
7,4899
7,4899
7,4899
7,4965
7,4965
7,4965
7,4999
7,4999
7,4999
7,5037
7,5037
7,5037
7,5065
7,5065
7,5065
7,5121
7,5121
7,5121
7,5143
7,5143
7,5143
7,5215
7,5215
7,5215
7,5245
7,5245
7,5245
7,5291
7,5291
7,5291
7,5329
7,5329
7,5329
7,5339
7,5339
7,5339
7,5393
7,5393
7,5393
7,5427
7,5427
7,5427
7,5467
7,5467
7,5467
7,5515
7,5515
7,5515
7,5549
7,5549
7,5549
7,5595
7,5595
7,5595
7,5603
7,5603
7,5603
7,5645
7,5645
7,5645
7,5675
7,5675
7,5675
7,5723
7,5723
7,5723
7,5779
7,5779
7,5779
7,5819
7,5819
7,5819
7,5849
7,5849
7,5849
7,5873
7,5873
7,5873
7,5929
7,5929
7,5929
7,5953
7,5953
7,5953
7,6003
7,6003
7,6003
7,6023
7,6023
7,6023
7,6079
7,6079
7,6079
7,6105
7,6105
7,6105
7,6131
7,6131
7,6131
7,6179
7,6179
7,6179
7,6215
7,6215
7,6215
7,6245
7,6245
7,6245
7,6307
7,6307
7,6307
7,6339
7,6339
7,6339
7,6393
7,6393
7,6393
7,6417
7,6417
7,6417
7,6469
7,6469
7,6469
7,6499
7,6499
7,6499
7,6541
7,6541
7,6541
7,6579
7,6579
7,6579
7,6609
7,6609
7,6609
7,6659
7,6659
7,6659
7,6681
7,6681
7,6681
7,6717
7,6717
7,6717
7,6743
7,6743
7,6743
7,6789
7,6789
7,6789
7,6815
7,6815
7,6815
7,6853
7,6853
7,6853
7,6911
7,6911
7,6911
7,6939
7,6939
7,6939
7,7001
7,7001
7,7001
7,7023
7,7023
7,7023
7,7055
7,7055
7,7055
7,7095
7,7095
7,7095
7,7131
7,7131
7,7131
7,7171
7,7171
7,7171
7,7229
7,7229
7,7229
7,7255
7,7255
7,7255
7,7277
7,7277
7,7277
7,7335
7,7335
7,7335
7,7347
7,7347
7,7347
7,7401
7,7401
7,7401
7,7445
7,7445
7,7445
7,7467
7,7467
7,7467
7,7513
7,7513
7,7513
7,7571
7,7571
7,7571
7,7581
7,7581
7,7581
7,7625
7,7625
7,7625
7,7675
7,7675
7,7675
7,7715
7,7715
7,7715
7,7731
7,7731
7,7731
7,7777
7,7777
7,7777
7,7829
7,7829
7,7829
7,7853
7,7853
7,7853
7,7909
7,7909
7,7909
7,7943
7,7943
7,7943
7,7975
7,7975
7,7975
7,8017
7,8017
7,8017
7,8041
7,8041
7,8041
7,8079
7,8079
7,8079
7,8127
7,8127
7,8127
7,8165
7,8165
7,8165
7,8201
7,8201
7,8201
7,8247
7,8247
7,8247
7,8283
7,8283
7,8283
7,8313
7,8313
7,8313
7,8369
7,8369
7,8369
7,8391
7,8391
7,8391
7,8423
7,8423
7,8423
7,8465
7,8465
7,8465
7,8505
7,8505
7,8505
7,8559
7,8559
7,8559
7,8583
7,8583
7,8583
7,8601
7,8601
7,8601
7,8673
7,8673
7,8673
7,8711
7,8711
7,8711
7,8739
7,8739
7,8739
7,8761
7,8761
7,8761
7,8797
7,8797
7,8797
7,8855
7,8855
7,8855
7,8877
7,8877
7,8877
7,8917
7,8917
7,8917
7,8959
7,8959
7,8959
7,9005
7,9005
7,9005
7,9031
7,9031
7,9031
7,9079
7,9079
7,9079
7,9121
7,9121
7,9121
7,9159
7,9159
7,9159
7,9195
7,9195
7,9195
