2,7
2,7
2,7
2,7
2,7
2,7
2,7
2,7
2,3051
2,3051
2,3051
2,3051
2,3051
2,3051
2,3051
2,3051
2,3079
2,3079
2,3079
2,3079
2,3079
2,3079
2,3079
2,3079
2,3123
2,3123
2,3123
2,3123
2,3123
2,3123
2,3123
2,3123
2,3155
2,3155
2,3155
2,3155
2,3155
2,3155
2,3155
2,3155
2,3217
2,3217
2,3217
2,3217
2,3217
2,3217
2,3217
2,3217
2,3237
2,3237
2,3237
2,3237
2,3237
2,3237
2,3237
2,3237
2,3269
2,3269
2,3269
2,3269
2,3269
2,3269
2,3269
2,3269
2,3327
2,3327
2,3327
2,3327
2,3327
2,3327
2,3327
2,3327
2,3353
2,3353
2,3353
2,3353
2,3353
2,3353
2,3353
2,3353
2,3415
2,3415
2,3415
2,3415
2,3415
2,3415
2,3415
2,3415
2,3453
2,3453
2,3453
2,3453
2,3453
2,3453
2,3453
2,3453
2,3485
2,3485
2,3485
2,3485
2,3485
2,3485
2,3485
2,3485
2,3519
2,3519
2,3519
2,3519
2,3519
2,3519
2,3519
2,3519
2,3545
2,3545
2,3545
2,3545
2,3545
2,3545
2,3545
2,3545
2,3589
2,3589
2,3589
2,3589
2,3589
2,3589
2,3589
2,3589
2,3625
2,3625
2,3625
2,3625
2,3625
2,3625
2,3625
2,3625
2,3663
2,3663
2,3663
2,3663
2,3663
2,3663
2,3663
2,3663
2,3703
2,3703
2,3703
2,3703
2,3703
2,3703
2,3703
2,3703
2,3731
2,3731
2,3731
2,3731
2,3731
2,3731
2,3731
2,3731
2,3763
2,3763
2,3763
2,3763
2,3763
2,3763
2,3763
2,3763
2,3815
2,3815
2,3815
2,3815
2,3815
2,3815
2,3815
2,3815
2,3839
2,3839
2,3839
2,3839
2,3839
2,3839
2,3839
2,3839
2,3877
2,3877
2,3877
2,3877
2,3877
2,3877
2,3877
2,3877
2,3947
2,3947
2,3947
2,3947
2,3947
2,3947
2,3947
2,3947
2,3969
2,3969
2,3969
2,3969
2,3969
2,3969
2,3969
2,3969
2,3991
2,3991
2,3991
2,3991
2,3991
2,3991
2,3991
2,3991
2,4049
2,4049
2,4049
2,4049
2,4049
2,4049
2,4049
2,4049
2,4081
2,4081
2,4081
2,4081
2,4081
2,4081
2,4081
2,4081
2,4131
2,4131
2,4131
2,4131
2,4131
2,4131
2,4131
2,4131
2,4159
2,4159
2,4159
2,4159
2,4159
2,4159
2,4159
2,4159
2,4195
2,4195
2,4195
2,4195
2,4195
2,4195
2,4195
2,4195
2,4231
2,4231
2,4231
2,4231
2,4231
2,4231
2,4231
2,4231
2,4261
2,4261
2,4261
2,4261
2,4261
2,4261
2,4261
2,4261
2,4295
2,4295
2,4295
2,4295
2,4295
2,4295
2,4295
2,4295
2,4345
2,4345
2,4345
2,4345
2,4345
2,4345
2,4345
2,4345
2,4371
2,4371
2,4371
2,4371
2,4371
2,4371
2,4371
2,4371
2,4441
2,4441
2,4441
2,4441
2,4441
2,4441
2,4441
2,4441
2,4475
2,4475
2,4475
2,4475
2,4475
2,4475
2,4475
2,4475
2,4485
2,4485
2,4485
2,4485
2,4485
2,4485
2,4485
2,4485
2,4523
2,4523
2,4523
2,4523
2,4523
2,4523
2,4523
2,4523
2,4565
2,4565
2,4565
2,4565
2,4565
2,4565
2,4565
2,4565
2,4609
2,4609
2,4609
2,4609
2,4609
2,4609
2,4609
2,4609
2,4653
2,4653
2,4653
2,4653
2,4653
2,4653
2,4653
2,4653
2,4693
2,4693
2,4693
2,4693
2,4693
2,4693
2,4693
2,4693
2,4745
2,4745
2,4745
2,4745
2,4745
2,4745
2,4745
2,4745
2,4769
2,4769
2,4769
2,4769
2,4769
2,4769
2,4769
2,4769
2,4793
2,4793
2,4793
2,4793
2,4793
2,4793
2,4793
2,4793
2,4827
2,4827
2,4827
2,4827
2,4827
2,4827
2,4827
2,4827
2,4891
2,4891
2,4891
2,4891
2,4891
2,4891
2,4891
2,4891
2,4913
2,4913
2,4913
2,4913
2,4913
2,4913
2,4913
2,4913
2,4973
2,4973
2,4973
2,4973
2,4973
2,4973
2,4973
2,4973
2,4991
2,4991
2,4991
2,4991
2,4991
2,4991
2,4991
2,4991
2,5017
2,5017
2,5017
2,5017
2,5017
2,5017
2,5017
2,5017
2,5069
2,5069
2,5069
2,5069
2,5069
2,5069
2,5069
2,5069
2,5103
2,5103
2,5103
2,5103
2,5103
2,5103
2,5103
2,5103
2,5157
2,5157
2,5157
2,5157
2,5157
2,5157
2,5157
2,5157
2,5195
2,5195
2,5195
2,5195
2,5195
2,5195
2,5195
2,5195
2,5215
2,5215
2,5215
2,5215
2,5215
2,5215
2,5215
2,5215
2,5245
2,5245
2,5245
2,5245
2,5245
2,5245
2,5245
2,5245
2,5299
2,5299
2,5299
2,5299
2,5299
2,5299
2,5299
2,5299
2,5329
2,5329
2,5329
2,5329
2,5329
2,5329
2,5329
2,5329
2,5371
2,5371
2,5371
2,5371
2,5371
2,5371
2,5371
2,5371
2,5405
2,5405
2,5405
2,5405
2,5405
2,5405
2,5405
2,5405
2,5461
2,5461
2,5461
2,5461
2,5461
2,5461
2,5461
2,5461
2,5495
2,5495
2,5495
2,5495
2,5495
2,5495
2,5495
2,5495
2,5511
2,5511
2,5511
2,5511
2,5511
2,5511
2,5511
2,5511
2,5549
2,5549
2,5549
2,5549
2,5549
2,5549
2,5549
2,5549
2,5587
2,5587
2,5587
2,5587
2,5587
2,5587
2,5587
2,5587
2,5635
2,5635
2,5635
2,5635
2,5635
2,5635
2,5635
2,5635
2,5687
2,5687
2,5687
2,5687
2,5687
2,5687
2,5687
2,5687
2,5725
2,5725
2,5725
2,5725
2,5725
2,5725
2,5725
2,5725
2,5765
2,5765
2,5765
2,5765
2,5765
2,5765
2,5765
2,5765
2,5777
2,5777
2,5777
2,5777
2,5777
2,5777
2,5777
2,5777
2,5815
2,5815
2,5815
2,5815
2,5815
2,5815
2,5815
2,5815
2,5857
2,5857
2,5857
2,5857
2,5857
2,5857
2,5857
2,5857
2,5919
2,5919
2,5919
2,5919
2,5919
2,5919
2,5919
2,5919
2,5939
2,5939
2,5939
2,5939
2,5939
2,5939
2,5939
2,5939
2,5967
2,5967
2,5967
2,5967
2,5967
2,5967
2,5967
2,5967
2,6025
2,6025
2,6025
2,6025
2,6025
2,6025
2,6025
2,6025
2,6049
2,6049
2,6049
2,6049
2,6049
2,6049
2,6049
2,6049
2,6091
2,6091
2,6091
2,6091
2,6091
2,6091
2,6091
2,6091
2,6129
2,6129
2,6129
2,6129
2,6129
2,6129
2,6129
2,6129
2,6175
2,6175
2,6175
2,6175
2,6175
2,6175
2,6175
2,6175
2,6211
2,6211
2,6211
2,6211
2,6211
2,6211
2,6211
2,6211
2,6259
2,6259
2,6259
2,6259
2,6259
2,6259
2,6259
2,6259
2,6299
2,6299
2,6299
2,6299
2,6299
2,6299
2,6299
2,6299
2,6315
2,6315
2,6315
2,6315
2,6315
2,6315
2,6315
2,6315
2,6355
2,6355
2,6355
2,6355
2,6355
2,6355
2,6355
2,6355
2,6395
2,6395
2,6395
2,6395
2,6395
2,6395
2,6395
2,6395
2,6433
2,6433
2,6433
2,6433
2,6433
2,6433
2,6433
2,6433
2,6467
2,6467
2,6467
2,6467
2,6467
2,6467
2,6467
2,6467
2,6531
2,6531
2,6531
2,6531
2,6531
2,6531
2,6531
2,6531
2,6543
2,6543
2,6543
2,6543
2,6543
2,6543
2,6543
2,6543
2,6595
2,6595
2,6595
2,6595
2,6595
2,6595
2,6595
2,6595
2,6645
2,6645
2,6645
2,6645
2,6645
2,6645
2,6645
2,6645
2,6657
2,6657
2,6657
2,6657
2,6657
2,6657
2,6657
2,6657
2,6721
2,6721
2,6721
2,6721
2,6721
2,6721
2,6721
2,6721
2,6737
2,6737
2,6737
2,6737
2,6737
2,6737
2,6737
2,6737
2,6783
2,6783
2,6783
2,6783
2,6783
2,6783
2,6783
2,6783
2,6829
2,6829
2,6829
2,6829
2,6829
2,6829
2,6829
2,6829
2,6845
2,6845
2,6845
2,6845
2,6845
2,6845
2,6845
2,6845
2,6883
2,6883
2,6883
2,6883
2,6883
2,6883
2,6883
2,6883
2,6927
2,6927
2,6927
2,6927
2,6927
2,6927
2,6927
2,6927
2,6975
2,6975
2,6975
2,6975
2,6975
2,6975
2,6975
2,6975
2,7015
2,7015
2,7015
2,7015
2,7015
2,7015
2,7015
2,7015
2,7037
2,7037
2,7037
2,7037
2,7037
2,7037
2,7037
2,7037
2,7081
2,7081
2,7081
2,7081
2,7081
2,7081
2,7081
2,7081
2,7107
2,7107
2,7107
2,7107
2,7107
2,7107
2,7107
2,7107
2,7163
2,7163
2,7163
2,7163
2,7163
2,7163
2,7163
2,7163
2,7187
2,7187
2,7187
2,7187
2,7187
2,7187
2,7187
2,7187
2,7231
2,7231
2,7231
2,7231
2,7231
2,7231
2,7231
2,7231
2,7291
2,7291
2,7291
2,7291
2,7291
2,7291
2,7291
2,7291
2,7297
2,7297
2,7297
2,7297
2,7297
2,7297
2,7297
2,7297
2,7341
2,7341
2,7341
2,7341
2,7341
2,7341
2,7341
2,7341
2,7399
2,7399
2,7399
2,7399
2,7399
2,7399
2,7399
2,7399
2,7415
2,7415
2,7415
2,7415
2,7415
2,7415
2,7415
2,7415
2,7459
2,7459
2,7459
2,7459
2,7459
2,7459
2,7459
2,7459
2,7495
2,7495
2,7495
2,7495
2,7495
2,7495
2,7495
2,7495
2,7525
2,7525
2,7525
2,7525
2,7525
2,7525
2,7525
2,7525
2,7573
2,7573
2,7573
2,7573
2,7573
2,7573
2,7573
2,7573
2,7617
2,7617
2,7617
2,7617
2,7617
2,7617
2,7617
2,7617
2,7665
2,7665
2,7665
2,7665
2,7665
2,7665
2,7665
2,7665
2,7687
2,7687
2,7687
2,7687
2,7687
2,7687
2,7687
2,7687
2,7731
2,7731
2,7731
2,7731
2,7731
2,7731
2,7731
2,7731
2,7753
2,7753
2,7753
2,7753
2,7753
2,7753
2,7753
2,7753
2,7801
2,7801
2,7801
2,7801
2,7801
2,7801
2,7801
2,7801
2,7833
2,7833
2,7833
2,7833
2,7833
2,7833
2,7833
2,7833
2,7867
2,7867
2,7867
2,7867
2,7867
2,7867
2,7867
2,7867
2,7931
2,7931
2,7931
2,7931
2,7931
2,7931
2,7931
2,7931
2,7975
2,7975
2,7975
2,7975
2,7975
2,7975
2,7975
2,7975
2,8013
2,8013
2,8013
2,8013
2,8013
2,8013
2,8013
2,8013
2,8051
2,8051
2,8051
2,8051
2,8051
2,8051
2,8051
2,8051
2,8063
2,8063
2,8063
2,8063
2,8063
2,8063
2,8063
2,8063
2,8117
2,8117
2,8117
2,8117
2,8117
2,8117
2,8117
2,8117
2,8139
2,8139
2,8139
2,8139
2,8139
2,8139
2,8139
2,8139
2,8177
2,8177
2,8177
2,8177
2,8177
2,8177
2,8177
2,8177
2,8215
2,8215
2,8215
2,8215
2,8215
2,8215
2,8215
2,8215
2,8253
2,8253
2,8253
2,8253
2,8253
2,8253
2,8253
2,8253
2,8307
2,8307
2,8307
2,8307
2,8307
2,8307
2,8307
2,8307
2,8323
2,8323
2,8323
2,8323
2,8323
2,8323
2,8323
2,8323
2,8385
2,8385
2,8385
2,8385
2,8385
2,8385
2,8385
2,8385
2,8409
2,8409
2,8409
2,8409
2,8409
2,8409
2,8409
2,8409
2,8443
2,8443
2,8443
2,8443
2,8443
2,8443
2,8443
2,8443
2,8487
2,8487
2,8487
2,8487
2,8487
2,8487
2,8487
2,8487
2,8513
2,8513
2,8513
2,8513
2,8513
2,8513
2,8513
2,8513
2,8561
2,8561
2,8561
2,8561
2,8561
2,8561
2,8561
2,8561
2,8589
2,8589
2,8589
2,8589
2,8589
2,8589
2,8589
2,8589
2,8627
2,8627
2,8627
2,8627
2,8627
2,8627
2,8627
2,8627
2,8665
2,8665
2,8665
2,8665
2,8665
2,8665
2,8665
2,8665
2,8729
2,8729
2,8729
2,8729
2,8729
2,8729
2,8729
2,8729
2,8767
2,8767
2,8767
2,8767
2,8767
2,8767
2,8767
2,8767
2,8791
2,8791
2,8791
2,8791
2,8791
2,8791
2,8791
2,8791
2,8831
2,8831
2,8831
2,8831
2,8831
2,8831
2,8831
2,8831
2,8865
2,8865
2,8865
2,8865
2,8865
2,8865
2,8865
2,8865
2,8911
2,8911
2,8911
2,8911
2,8911
2,8911
2,8911
2,8911
2,8931
2,8931
2,8931
2,8931
2,8931
2,8931
2,8931
2,8931
2,8973
2,8973
2,8973
2,8973
2,8973
2,8973
2,8973
2,8973
2,9007
2,9007
2,9007
2,9007
2,9007
2,9007
2,9007
2,9007
2,9073
2,9073
2,9073
2,9073
2,9073
2,9073
2,9073
2,9073
2,9115
2,9115
2,9115
2,9115
2,9115
2,9115
2,9115
2,9115
2,9147
2,9147
2,9147
2,9147
2,9147
2,9147
2,9147
2,9147
2,9183
2,9183
2,9183
2,9183
2,9183
2,9183
2,9183
2,9183
2,9213
2,9213
2,9213
2,9213
2,9213
2,9213
2,9213
2,9213
2,9249
2,9249
2,9249
2,9249
2,9249
2,9249
2,9249
2,9249
2,9281
2,9281
2,9281
2,9281
2,9281
2,9281
2,9281
2,9281
2,9327
2,9327
2,9327
2,9327
2,9327
2,9327
2,9327
2,9327
