7,3030
7,3030
7,3030
7,3074
7,3074
7,3074
7,3104
7,3104
7,3104
7,3134
7,3134
7,3134
7,3166
7,3166
7,3166
7,3226
7,3226
7,3226
7,3242
7,3242
7,3242
7,3302
7,3302
7,3302
7,3322
7,3322
7,3322
7,3370
7,3370
7,3370
7,3382
7,3382
7,3382
7,3434
7,3434
7,3434
7,3458
7,3458
7,3458
7,3508
7,3508
7,3508
7,3554
7,3554
7,3554
7,3584
7,3584
7,3584
7,3620
7,3620
7,3620
7,3658
7,3658
7,3658
7,3712
7,3712
7,3712
7,3742
7,3742
7,3742
7,3792
7,3792
7,3792
7,3806
7,3806
7,3806
7,3850
7,3850
7,3850
7,3888
7,3888
7,3888
7,3930
7,3930
7,3930
7,3974
7,3974
7,3974
7,4008
7,4008
7,4008
7,4054
7,4054
7,4054
7,4092
7,4092
7,4092
7,4104
7,4104
7,4104
7,4148
7,4148
7,4148
7,4214
7,4214
7,4214
7,4226
7,4226
7,4226
7,4278
7,4278
7,4278
7,4306
7,4306
7,4306
7,4362
7,4362
7,4362
7,4382
7,4382
7,4382
7,4414
7,4414
7,4414
7,4446
7,4446
7,4446
7,4506
7,4506
7,4506
7,4542
7,4542
7,4542
7,4560
7,4560
7,4560
7,4620
7,4620
7,4620
7,4658
7,4658
7,4658
7,4708
7,4708
7,4708
7,4712
7,4712
7,4712
7,4774
7,4774
7,4774
7,4822
7,4822
7,4822
7,4832
7,4832
7,4832
7,4886
7,4886
7,4886
7,4932
7,4932
7,4932
7,4940
7,4940
7,4940
7,5002
7,5002
7,5002
7,5036
7,5036
7,5036
7,5080
7,5080
7,5080
7,5122
7,5122
7,5122
7,5148
7,5148
7,5148
7,5172
7,5172
7,5172
7,5232
7,5232
7,5232
7,5278
7,5278
7,5278
7,5282
7,5282
7,5282
7,5350
7,5350
7,5350
7,5376
7,5376
7,5376
7,5410
7,5410
7,5410
7,5450
7,5450
7,5450
7,5486
7,5486
7,5486
7,5530
7,5530
7,5530
7,5578
7,5578
7,5578
7,5598
7,5598
7,5598
7,5646
7,5646
7,5646
7,5662
7,5662
7,5662
7,5708
7,5708
7,5708
7,5742
7,5742
7,5742
7,5794
7,5794
7,5794
7,5834
7,5834
7,5834
7,5874
7,5874
7,5874
7,5924
7,5924
7,5924
7,5962
7,5962
7,5962
7,5984
7,5984
7,5984
7,6008
7,6008
7,6008
7,6068
7,6068
7,6068
7,6114
7,6114
7,6114
7,6134
7,6134
7,6134
7,6170
7,6170
7,6170
7,6198
7,6198
7,6198
7,6232
7,6232
7,6232
7,6274
7,6274
7,6274
7,6320
7,6320
7,6320
7,6346
7,6346
7,6346
7,6418
7,6418
7,6418
7,6444
7,6444
7,6444
7,6478
7,6478
7,6478
7,6502
7,6502
7,6502
7,6570
7,6570
7,6570
7,6586
7,6586
7,6586
7,6630
7,6630
7,6630
7,6662
7,6662
7,6662
7,6706
7,6706
7,6706
7,6752
7,6752
7,6752
7,6764
7,6764
7,6764
7,6802
7,6802
7,6802
7,6856
7,6856
7,6856
7,6894
7,6894
7,6894
7,6940
7,6940
7,6940
7,6966
7,6966
7,6966
7,7026
7,7026
7,7026
7,7042
7,7042
7,7042
7,7098
7,7098
7,7098
7,7128
7,7128
7,7128
7,7154
7,7154
7,7154
7,7182
7,7182
7,7182
7,7254
7,7254
7,7254
7,7286
7,7286
7,7286
7,7318
7,7318
7,7318
7,7346
7,7346
7,7346
7,7376
7,7376
7,7376
7,7410
7,7410
7,7410
7,7448
7,7448
7,7448
7,7506
7,7506
7,7506
7,7550
7,7550
7,7550
7,7592
7,7592
7,7592
7,7600
7,7600
7,7600
7,7646
7,7646
7,7646
7,7676
7,7676
7,7676
7,7740
7,7740
7,7740
7,7776
7,7776
7,7776
7,7806
7,7806
7,7806
7,7850
7,7850
7,7850
7,7880
7,7880
7,7880
7,7916
7,7916
7,7916
7,7942
7,7942
7,7942
7,7984
7,7984
7,7984
7,8026
7,8026
7,8026
7,8072
7,8072
7,8072
7,8128
7,8128
7,8128
7,8144
7,8144
7,8144
7,8196
7,8196
7,8196
7,8234
7,8234
7,8234
7,8268
7,8268
7,8268
7,8284
7,8284
7,8284
7,8334
7,8334
7,8334
7,8370
7,8370
7,8370
7,8398
7,8398
7,8398
7,8462
7,8462
7,8462
7,8498
7,8498
7,8498
7,8534
7,8534
7,8534
7,8556
7,8556
7,8556
7,8606
7,8606
7,8606
7,8644
7,8644
7,8644
7,8688
7,8688
7,8688
7,8716
7,8716
7,8716
7,8762
7,8762
7,8762
7,8812
7,8812
7,8812
7,8836
7,8836
7,8836
7,8874
7,8874
7,8874
7,8900
7,8900
7,8900
7,8952
7,8952
7,8952
7,8990
7,8990
7,8990
7,9028
7,9028
7,9028
7,9060
7,9060
7,9060
7,9082
7,9082
7,9082
7,9130
7,9130
7,9130
7,9174
7,9174
7,9174
7,9224
7,9224
7,9224
7,9258
7,9258
7,9258
7,9296
7,9296
7,9296
7,9310
7,9310
7,9310
