3,3013
3,3013
3,3013
3,3013
3,3013
3,3013
3,3013
3,3013
3,3057
3,3057
3,3057
3,3057
3,3057
3,3057
3,3057
3,3057
3,3099
3,3099
3,3099
3,3099
3,3099
3,3099
3,3099
3,3099
3,3117
3,3117
3,3117
3,3117
3,3117
3,3117
3,3117
3,3117
3,3183
3,3183
3,3183
3,3183
3,3183
3,3183
3,3183
3,3183
3,3205
3,3205
3,3205
3,3205
3,3205
3,3205
3,3205
3,3205
3,3231
3,3231
3,3231
3,3231
3,3231
3,3231
3,3231
3,3231
3,3293
3,3293
3,3293
3,3293
3,3293
3,3293
3,3293
3,3293
3,3313
3,3313
3,3313
3,3313
3,3313
3,3313
3,3313
3,3313
3,3359
3,3359
3,3359
3,3359
3,3359
3,3359
3,3359
3,3359
3,3403
3,3403
3,3403
3,3403
3,3403
3,3403
3,3403
3,3403
3,3425
3,3425
3,3425
3,3425
3,3425
3,3425
3,3425
3,3425
3,3479
3,3479
3,3479
3,3479
3,3479
3,3479
3,3479
3,3479
3,3529
3,3529
3,3529
3,3529
3,3529
3,3529
3,3529
3,3529
3,3535
3,3535
3,3535
3,3535
3,3535
3,3535
3,3535
3,3535
3,3599
3,3599
3,3599
3,3599
3,3599
3,3599
3,3599
3,3599
3,3615
3,3615
3,3615
3,3615
3,3615
3,3615
3,3615
3,3615
3,3649
3,3649
3,3649
3,3649
3,3649
3,3649
3,3649
3,3649
3,3697
3,3697
3,3697
3,3697
3,3697
3,3697
3,3697
3,3697
3,3737
3,3737
3,3737
3,3737
3,3737
3,3737
3,3737
3,3737
3,3769
3,3769
3,3769
3,3769
3,3769
3,3769
3,3769
3,3769
3,3829
3,3829
3,3829
3,3829
3,3829
3,3829
3,3829
3,3829
3,3863
3,3863
3,3863
3,3863
3,3863
3,3863
3,3863
3,3863
3,3901
3,3901
3,3901
3,3901
3,3901
3,3901
3,3901
3,3901
3,3941
3,3941
3,3941
3,3941
3,3941
3,3941
3,3941
3,3941
3,3963
3,3963
3,3963
3,3963
3,3963
3,3963
3,3963
3,3963
3,3997
3,3997
3,3997
3,3997
3,3997
3,3997
3,3997
3,3997
3,4043
3,4043
3,4043
3,4043
3,4043
3,4043
3,4043
3,4043
3,4087
3,4087
3,4087
3,4087
3,4087
3,4087
3,4087
3,4087
3,4137
3,4137
3,4137
3,4137
3,4137
3,4137
3,4137
3,4137
3,4153
3,4153
3,4153
3,4153
3,4153
3,4153
3,4153
3,4153
3,4201
3,4201
3,4201
3,4201
3,4201
3,4201
3,4201
3,4201
3,4237
3,4237
3,4237
3,4237
3,4237
3,4237
3,4237
3,4237
3,4273
3,4273
3,4273
3,4273
3,4273
3,4273
3,4273
3,4273
3,4301
3,4301
3,4301
3,4301
3,4301
3,4301
3,4301
3,4301
3,4357
3,4357
3,4357
3,4357
3,4357
3,4357
3,4357
3,4357
3,4403
3,4403
3,4403
3,4403
3,4403
3,4403
3,4403
3,4403
3,4435
3,4435
3,4435
3,4435
3,4435
3,4435
3,4435
3,4435
3,4469
3,4469
3,4469
3,4469
3,4469
3,4469
3,4469
3,4469
3,4491
3,4491
3,4491
3,4491
3,4491
3,4491
3,4491
3,4491
3,4537
3,4537
3,4537
3,4537
3,4537
3,4537
3,4537
3,4537
3,4581
3,4581
3,4581
3,4581
3,4581
3,4581
3,4581
3,4581
3,4615
3,4615
3,4615
3,4615
3,4615
3,4615
3,4615
3,4615
3,4647
3,4647
3,4647
3,4647
3,4647
3,4647
3,4647
3,4647
3,4675
3,4675
3,4675
3,4675
3,4675
3,4675
3,4675
3,4675
3,4739
3,4739
3,4739
3,4739
3,4739
3,4739
3,4739
3,4739
3,4763
3,4763
3,4763
3,4763
3,4763
3,4763
3,4763
3,4763
3,4813
3,4813
3,4813
3,4813
3,4813
3,4813
3,4813
3,4813
3,4845
3,4845
3,4845
3,4845
3,4845
3,4845
3,4845
3,4845
3,4881
3,4881
3,4881
3,4881
3,4881
3,4881
3,4881
3,4881
3,4927
3,4927
3,4927
3,4927
3,4927
3,4927
3,4927
3,4927
3,4967
3,4967
3,4967
3,4967
3,4967
3,4967
3,4967
3,4967
3,4997
3,4997
3,4997
3,4997
3,4997
3,4997
3,4997
3,4997
3,5027
3,5027
3,5027
3,5027
3,5027
3,5027
3,5027
3,5027
3,5075
3,5075
3,5075
3,5075
3,5075
3,5075
3,5075
3,5075
3,5093
3,5093
3,5093
3,5093
3,5093
3,5093
3,5093
3,5093
3,5163
3,5163
3,5163
3,5163
3,5163
3,5163
3,5163
3,5163
3,5189
3,5189
3,5189
3,5189
3,5189
3,5189
3,5189
3,5189
3,5221
3,5221
3,5221
3,5221
3,5221
3,5221
3,5221
3,5221
3,5263
3,5263
3,5263
3,5263
3,5263
3,5263
3,5263
3,5263
3,5287
3,5287
3,5287
3,5287
3,5287
3,5287
3,5287
3,5287
3,5335
3,5335
3,5335
3,5335
3,5335
3,5335
3,5335
3,5335
3,5391
3,5391
3,5391
3,5391
3,5391
3,5391
3,5391
3,5391
3,5419
3,5419
3,5419
3,5419
3,5419
3,5419
3,5419
3,5419
3,5455
3,5455
3,5455
3,5455
3,5455
3,5455
3,5455
3,5455
3,5501
3,5501
3,5501
3,5501
3,5501
3,5501
3,5501
3,5501
3,5535
3,5535
3,5535
3,5535
3,5535
3,5535
3,5535
3,5535
3,5555
3,5555
3,5555
3,5555
3,5555
3,5555
3,5555
3,5555
3,5603
3,5603
3,5603
3,5603
3,5603
3,5603
3,5603
3,5603
3,5629
3,5629
3,5629
3,5629
3,5629
3,5629
3,5629
3,5629
3,5681
3,5681
3,5681
3,5681
3,5681
3,5681
3,5681
3,5681
3,5719
3,5719
3,5719
3,5719
3,5719
3,5719
3,5719
3,5719
3,5755
3,5755
3,5755
3,5755
3,5755
3,5755
3,5755
3,5755
3,5783
3,5783
3,5783
3,5783
3,5783
3,5783
3,5783
3,5783
3,5821
3,5821
3,5821
3,5821
3,5821
3,5821
3,5821
3,5821
3,5863
3,5863
3,5863
3,5863
3,5863
3,5863
3,5863
3,5863
3,5903
3,5903
3,5903
3,5903
3,5903
3,5903
3,5903
3,5903
3,5945
3,5945
3,5945
3,5945
3,5945
3,5945
3,5945
3,5945
3,5979
3,5979
3,5979
3,5979
3,5979
3,5979
3,5979
3,5979
3,6031
3,6031
3,6031
3,6031
3,6031
3,6031
3,6031
3,6031
3,6055
3,6055
3,6055
3,6055
3,6055
3,6055
3,6055
3,6055
3,6085
3,6085
3,6085
3,6085
3,6085
3,6085
3,6085
3,6085
3,6151
3,6151
3,6151
3,6151
3,6151
3,6151
3,6151
3,6151
3,6181
3,6181
3,6181
3,6181
3,6181
3,6181
3,6181
3,6181
3,6217
3,6217
3,6217
3,6217
3,6217
3,6217
3,6217
3,6217
3,6253
3,6253
3,6253
3,6253
3,6253
3,6253
3,6253
3,6253
3,6293
3,6293
3,6293
3,6293
3,6293
3,6293
3,6293
3,6293
3,6309
3,6309
3,6309
3,6309
3,6309
3,6309
3,6309
3,6309
3,6373
3,6373
3,6373
3,6373
3,6373
3,6373
3,6373
3,6373
3,6389
3,6389
3,6389
3,6389
3,6389
3,6389
3,6389
3,6389
3,6427
3,6427
3,6427
3,6427
3,6427
3,6427
3,6427
3,6427
3,6461
3,6461
3,6461
3,6461
3,6461
3,6461
3,6461
3,6461
3,6519
3,6519
3,6519
3,6519
3,6519
3,6519
3,6519
3,6519
3,6537
3,6537
3,6537
3,6537
3,6537
3,6537
3,6537
3,6537
3,6575
3,6575
3,6575
3,6575
3,6575
3,6575
3,6575
3,6575
3,6639
3,6639
3,6639
3,6639
3,6639
3,6639
3,6639
3,6639
3,6651
3,6651
3,6651
3,6651
3,6651
3,6651
3,6651
3,6651
3,6693
3,6693
3,6693
3,6693
3,6693
3,6693
3,6693
3,6693
3,6743
3,6743
3,6743
3,6743
3,6743
3,6743
3,6743
3,6743
3,6777
3,6777
3,6777
3,6777
3,6777
3,6777
3,6777
3,6777
3,6835
3,6835
3,6835
3,6835
3,6835
3,6835
3,6835
3,6835
3,6851
3,6851
3,6851
3,6851
3,6851
3,6851
3,6851
3,6851
3,6889
3,6889
3,6889
3,6889
3,6889
3,6889
3,6889
3,6889
3,6949
3,6949
3,6949
3,6949
3,6949
3,6949
3,6949
3,6949
3,6961
3,6961
3,6961
3,6961
3,6961
3,6961
3,6961
3,6961
3,7009
3,7009
3,7009
3,7009
3,7009
3,7009
3,7009
3,7009
3,7031
3,7031
3,7031
3,7031
3,7031
3,7031
3,7031
3,7031
3,7093
3,7093
3,7093
3,7093
3,7093
3,7093
3,7093
3,7093
3,7113
3,7113
3,7113
3,7113
3,7113
3,7113
3,7113
3,7113
3,7149
3,7149
3,7149
3,7149
3,7149
3,7149
3,7149
3,7149
3,7199
3,7199
3,7199
3,7199
3,7199
3,7199
3,7199
3,7199
3,7249
3,7249
3,7249
3,7249
3,7249
3,7249
3,7249
3,7249
3,7273
3,7273
3,7273
3,7273
3,7273
3,7273
3,7273
3,7273
3,7309
3,7309
3,7309
3,7309
3,7309
3,7309
3,7309
3,7309
3,7335
3,7335
3,7335
3,7335
3,7335
3,7335
3,7335
3,7335
3,7393
3,7393
3,7393
3,7393
3,7393
3,7393
3,7393
3,7393
3,7421
3,7421
3,7421
3,7421
3,7421
3,7421
3,7421
3,7421
3,7453
3,7453
3,7453
3,7453
3,7453
3,7453
3,7453
3,7453
3,7501
3,7501
3,7501
3,7501
3,7501
3,7501
3,7501
3,7501
3,7535
3,7535
3,7535
3,7535
3,7535
3,7535
3,7535
3,7535
3,7567
3,7567
3,7567
3,7567
3,7567
3,7567
3,7567
3,7567
3,7633
3,7633
3,7633
3,7633
3,7633
3,7633
3,7633
3,7633
3,7659
3,7659
3,7659
3,7659
3,7659
3,7659
3,7659
3,7659
3,7681
3,7681
3,7681
3,7681
3,7681
3,7681
3,7681
3,7681
3,7715
3,7715
3,7715
3,7715
3,7715
3,7715
3,7715
3,7715
3,7785
3,7785
3,7785
3,7785
3,7785
3,7785
3,7785
3,7785
3,7815
3,7815
3,7815
3,7815
3,7815
3,7815
3,7815
3,7815
3,7839
3,7839
3,7839
3,7839
3,7839
3,7839
3,7839
3,7839
3,7891
3,7891
3,7891
3,7891
3,7891
3,7891
3,7891
3,7891
3,7925
3,7925
3,7925
3,7925
3,7925
3,7925
3,7925
3,7925
3,7969
3,7969
3,7969
3,7969
3,7969
3,7969
3,7969
3,7969
3,8007
3,8007
3,8007
3,8007
3,8007
3,8007
3,8007
3,8007
3,8045
3,8045
3,8045
3,8045
3,8045
3,8045
3,8045
3,8045
3,8057
3,8057
3,8057
3,8057
3,8057
3,8057
3,8057
3,8057
3,8123
3,8123
3,8123
3,8123
3,8123
3,8123
3,8123
3,8123
3,8133
3,8133
3,8133
3,8133
3,8133
3,8133
3,8133
3,8133
3,8171
3,8171
3,8171
3,8171
3,8171
3,8171
3,8171
3,8171
3,8209
3,8209
3,8209
3,8209
3,8209
3,8209
3,8209
3,8209
3,8247
3,8247
3,8247
3,8247
3,8247
3,8247
3,8247
3,8247
3,8301
3,8301
3,8301
3,8301
3,8301
3,8301
3,8301
3,8301
3,8329
3,8329
3,8329
3,8329
3,8329
3,8329
3,8329
3,8329
3,8379
3,8379
3,8379
3,8379
3,8379
3,8379
3,8379
3,8379
3,8415
3,8415
3,8415
3,8415
3,8415
3,8415
3,8415
3,8415
3,8437
3,8437
3,8437
3,8437
3,8437
3,8437
3,8437
3,8437
3,8503
3,8503
3,8503
3,8503
3,8503
3,8503
3,8503
3,8503
3,8519
3,8519
3,8519
3,8519
3,8519
3,8519
3,8519
3,8519
3,8567
3,8567
3,8567
3,8567
3,8567
3,8567
3,8567
3,8567
3,8595
3,8595
3,8595
3,8595
3,8595
3,8595
3,8595
3,8595
3,8639
3,8639
3,8639
3,8639
3,8639
3,8639
3,8639
3,8639
3,8693
3,8693
3,8693
3,8693
3,8693
3,8693
3,8693
3,8693
3,8735
3,8735
3,8735
3,8735
3,8735
3,8735
3,8735
3,8735
3,8773
3,8773
3,8773
3,8773
3,8773
3,8773
3,8773
3,8773
3,8785
3,8785
3,8785
3,8785
3,8785
3,8785
3,8785
3,8785
3,8825
3,8825
3,8825
3,8825
3,8825
3,8825
3,8825
3,8825
3,8855
3,8855
3,8855
3,8855
3,8855
3,8855
3,8855
3,8855
3,8905
3,8905
3,8905
3,8905
3,8905
3,8905
3,8905
3,8905
3,8937
3,8937
3,8937
3,8937
3,8937
3,8937
3,8937
3,8937
3,8979
3,8979
3,8979
3,8979
3,8979
3,8979
3,8979
3,8979
3,9023
3,9023
3,9023
3,9023
3,9023
3,9023
3,9023
3,9023
3,9051
3,9051
3,9051
3,9051
3,9051
3,9051
3,9051
3,9051
3,9099
3,9099
3,9099
3,9099
3,9099
3,9099
3,9099
3,9099
3,9121
3,9121
3,9121
3,9121
3,9121
3,9121
3,9121
3,9121
3,9169
3,9169
3,9169
3,9169
3,9169
3,9169
3,9169
3,9169
3,9219
3,9219
3,9219
3,9219
3,9219
3,9219
3,9219
3,9219
3,9239
3,9239
3,9239
3,9239
3,9239
3,9239
3,9239
3,9239
3,9291
3,9291
3,9291
3,9291
3,9291
3,9291
3,9291
3,9291
3,9339
3,9339
3,9339
3,9339
3,9339
3,9339
3,9339
3,9339
