2,7
2,7
2,7
2,7
2,7
2,7
2,7
2,7
2,68
2,68
2,68
2,68
2,68
2,68
2,68
2,68
2,84
2,84
2,84
2,84
2,84
2,84
2,84
2,84
2,146
2,146
2,146
2,146
2,146
2,146
2,146
2,146
2,174
2,174
2,174
2,174
2,174
2,174
2,174
2,174
2,214
2,214
2,214
2,214
2,214
2,214
2,214
2,214
2,238
2,238
2,238
2,238
2,238
2,238
2,238
2,238
2,293
2,293
2,293
2,293
2,293
2,293
2,293
2,293
2,335
2,335
2,335
2,335
2,335
2,335
2,335
2,335
2,353
2,353
2,353
2,353
2,353
2,353
2,353
2,353
2,411
2,411
2,411
2,411
2,411
2,411
2,411
2,411
2,455
2,455
2,455
2,455
2,455
2,455
2,455
2,455
2,475
2,475
2,475
2,475
2,475
2,475
2,475
2,475
2,532
2,532
2,532
2,532
2,532
2,532
2,532
2,532
2,544
2,544
2,544
2,544
2,544
2,544
2,544
2,544
2,576
2,576
2,576
2,576
2,576
2,576
2,576
2,576
2,620
2,620
2,620
2,620
2,620
2,620
2,620
2,620
2,674
2,674
2,674
2,674
2,674
2,674
2,674
2,674
2,710
2,710
2,710
2,710
2,710
2,710
2,710
2,710
2,736
2,736
2,736
2,736
2,736
2,736
2,736
2,736
2,798
2,798
2,798
2,798
2,798
2,798
2,798
2,798
2,826
2,826
2,826
2,826
2,826
2,826
2,826
2,826
2,864
2,864
2,864
2,864
2,864
2,864
2,864
2,864
2,893
2,893
2,893
2,893
2,893
2,893
2,893
2,893
2,935
2,935
2,935
2,935
2,935
2,935
2,935
2,935
2,957
2,957
2,957
2,957
2,957
2,957
2,957
2,957
2,1027
2,1027
2,1027
2,1027
2,1027
2,1027
2,1027
2,1027
2,1039
2,1039
2,1039
2,1039
2,1039
2,1039
2,1039
2,1039
2,1071
2,1071
2,1071
2,1071
2,1071
2,1071
2,1071
2,1071
2,1113
2,1113
2,1113
2,1113
2,1113
2,1113
2,1113
2,1113
2,1153
2,1153
2,1153
2,1153
2,1153
2,1153
2,1153
2,1153
2,1205
2,1205
2,1205
2,1205
2,1205
2,1205
2,1205
2,1205
2,1223
2,1223
2,1223
2,1223
2,1223
2,1223
2,1223
2,1223
2,1279
2,1279
2,1279
2,1279
2,1279
2,1279
2,1279
2,1279
2,1331
2,1331
2,1331
2,1331
2,1331
2,1331
2,1331
2,1331
2,1363
2,1363
2,1363
2,1363
2,1363
2,1363
2,1363
2,1363
2,1392
2,1392
2,1392
2,1392
2,1392
2,1392
2,1392
2,1392
2,1418
2,1418
2,1418
2,1418
2,1418
2,1418
2,1418
2,1418
2,1458
2,1458
2,1458
2,1458
2,1458
2,1458
2,1458
2,1458
2,1504
2,1504
2,1504
2,1504
2,1504
2,1504
2,1504
2,1504
2,1554
2,1554
2,1554
2,1554
2,1554
2,1554
2,1554
2,1554
2,1588
2,1588
2,1588
2,1588
2,1588
2,1588
2,1588
2,1588
2,1636
2,1636
2,1636
2,1636
2,1636
2,1636
2,1636
2,1636
2,1669
2,1669
2,1669
2,1669
2,1669
2,1669
2,1669
2,1669
2,1707
2,1707
2,1707
2,1707
2,1707
2,1707
2,1707
2,1707
2,1725
2,1725
2,1725
2,1725
2,1725
2,1725
2,1725
2,1725
2,1757
2,1757
2,1757
2,1757
2,1757
2,1757
2,1757
2,1757
2,1821
2,1821
2,1821
2,1821
2,1821
2,1821
2,1821
2,1821
2,1841
2,1841
2,1841
2,1841
2,1841
2,1841
2,1841
2,1841
2,1881
2,1881
2,1881
2,1881
2,1881
2,1881
2,1881
2,1881
2,1937
2,1937
2,1937
2,1937
2,1937
2,1937
2,1937
2,1937
2,1947
2,1947
2,1947
2,1947
2,1947
2,1947
2,1947
2,1947
2,2009
2,2009
2,2009
2,2009
2,2009
2,2009
2,2009
2,2009
2,2035
2,2035
2,2035
2,2035
2,2035
2,2035
2,2035
2,2035
2,2077
2,2077
2,2077
2,2077
2,2077
2,2077
2,2077
2,2077
2,2109
2,2109
2,2109
2,2109
2,2109
2,2109
2,2109
2,2109
2,2143
2,2143
2,2143
2,2143
2,2143
2,2143
2,2143
2,2143
2,2207
2,2207
2,2207
2,2207
2,2207
2,2207
2,2207
2,2207
2,2239
2,2239
2,2239
2,2239
2,2239
2,2239
2,2239
2,2239
2,2259
2,2259
2,2259
2,2259
2,2259
2,2259
2,2259
2,2259
2,2289
2,2289
2,2289
2,2289
2,2289
2,2289
2,2289
2,2289
2,2333
2,2333
2,2333
2,2333
2,2333
2,2333
2,2333
2,2333
2,2389
2,2389
2,2389
2,2389
2,2389
2,2389
2,2389
2,2389
2,2425
2,2425
2,2425
2,2425
2,2425
2,2425
2,2425
2,2425
2,2463
2,2463
2,2463
2,2463
2,2463
2,2463
2,2463
2,2463
2,2493
2,2493
2,2493
2,2493
2,2493
2,2493
2,2493
2,2493
2,2539
2,2539
2,2539
2,2539
2,2539
2,2539
2,2539
2,2539
2,2555
2,2555
2,2555
2,2555
2,2555
2,2555
2,2555
2,2555
2,2611
2,2611
2,2611
2,2611
2,2611
2,2611
2,2611
2,2611
2,2659
2,2659
2,2659
2,2659
2,2659
2,2659
2,2659
2,2659
2,2697
2,2697
2,2697
2,2697
2,2697
2,2697
2,2697
2,2697
2,2733
2,2733
2,2733
2,2733
2,2733
2,2733
2,2733
2,2733
2,2734
2,2734
2,2734
2,2734
2,2734
2,2734
2,2734
2,2734
2,2762
2,2762
2,2762
2,2762
2,2762
2,2762
2,2762
2,2762
2,2800
2,2800
2,2800
2,2800
2,2800
2,2800
2,2800
2,2800
2,2841
2,2841
2,2841
2,2841
2,2841
2,2841
2,2841
2,2841
2,2881
2,2881
2,2881
2,2881
2,2881
2,2881
2,2881
2,2881
2,2911
2,2911
2,2911
2,2911
2,2911
2,2911
2,2911
2,2911
2,2937
2,2937
2,2937
2,2937
2,2937
2,2937
2,2937
2,2937
2,2981
2,2981
2,2981
2,2981
2,2981
2,2981
2,2981
2,2981
2,3019
2,3019
2,3019
2,3019
2,3019
2,3019
2,3019
2,3019
2,3065
2,3065
2,3065
2,3065
2,3065
2,3065
2,3065
2,3065
2,3109
2,3109
2,3109
2,3109
2,3109
2,3109
2,3109
2,3109
2,3131
2,3131
2,3131
2,3131
2,3131
2,3131
2,3131
2,3131
2,3171
2,3171
2,3171
2,3171
2,3171
2,3171
2,3171
2,3171
2,3213
2,3213
2,3213
2,3213
2,3213
2,3213
2,3213
2,3213
2,3241
2,3241
2,3241
2,3241
2,3241
2,3241
2,3241
2,3241
2,3279
2,3279
2,3279
2,3279
2,3279
2,3279
2,3279
2,3279
2,3325
2,3325
2,3325
2,3325
2,3325
2,3325
2,3325
2,3325
2,3369
2,3369
2,3369
2,3369
2,3369
2,3369
2,3369
2,3369
2,3397
2,3397
2,3397
2,3397
2,3397
2,3397
2,3397
2,3397
2,3463
2,3463
2,3463
2,3463
2,3463
2,3463
2,3463
2,3463
2,3496
2,3496
2,3496
2,3496
2,3496
2,3496
2,3496
2,3496
2,3532
2,3532
2,3532
2,3532
2,3532
2,3532
2,3532
2,3532
2,3556
2,3556
2,3556
2,3556
2,3556
2,3556
2,3556
2,3556
2,3600
2,3600
2,3600
2,3600
2,3600
2,3600
2,3600
2,3600
2,3622
2,3622
2,3622
2,3622
2,3622
2,3622
2,3622
2,3622
2,3660
2,3660
2,3660
2,3660
2,3660
2,3660
2,3660
2,3660
2,3704
2,3704
2,3704
2,3704
2,3704
2,3704
2,3704
2,3704
2,3754
2,3754
2,3754
2,3754
2,3754
2,3754
2,3754
2,3754
2,3784
2,3784
2,3784
2,3784
2,3784
2,3784
2,3784
2,3784
2,3818
2,3818
2,3818
2,3818
2,3818
2,3818
2,3818
2,3818
2,3868
2,3868
2,3868
2,3868
2,3868
2,3868
2,3868
2,3868
2,3905
2,3905
2,3905
2,3905
2,3905
2,3905
2,3905
2,3905
2,3937
2,3937
2,3937
2,3937
2,3937
2,3937
2,3937
2,3937
2,3979
2,3979
2,3979
2,3979
2,3979
2,3979
2,3979
2,3979
2,4031
2,4031
2,4031
2,4031
2,4031
2,4031
2,4031
2,4031
2,4061
2,4061
2,4061
2,4061
2,4061
2,4061
2,4061
2,4061
2,4093
2,4093
2,4093
2,4093
2,4093
2,4093
2,4093
2,4093
2,4117
2,4117
2,4117
2,4117
2,4117
2,4117
2,4117
2,4117
2,4173
2,4173
2,4173
2,4173
2,4173
2,4173
2,4173
2,4173
2,4225
2,4225
2,4225
2,4225
2,4225
2,4225
2,4225
2,4225
2,4237
2,4237
2,4237
2,4237
2,4237
2,4237
2,4237
2,4237
2,4276
2,4276
2,4276
2,4276
2,4276
2,4276
2,4276
2,4276
2,4331
2,4331
2,4331
2,4331
2,4331
2,4331
2,4331
2,4331
2,4332
2,4332
2,4332
2,4332
2,4332
2,4332
2,4332
2,4332
2,4375
2,4375
2,4375
2,4375
2,4375
2,4375
2,4375
2,4375
2,4413
2,4413
2,4413
2,4413
2,4413
2,4413
2,4413
2,4413
2,4437
2,4437
2,4437
2,4437
2,4437
2,4437
2,4437
2,4437
2,4463
2,4463
2,4463
2,4463
2,4463
2,4463
2,4463
2,4463
2,4501
2,4501
2,4501
2,4501
2,4501
2,4501
2,4501
2,4501
2,4545
2,4545
2,4545
2,4545
2,4545
2,4545
2,4545
2,4545
2,4597
2,4597
2,4597
2,4597
2,4597
2,4597
2,4597
2,4597
2,4628
2,4628
2,4628
2,4628
2,4628
2,4628
2,4628
2,4628
2,4662
2,4662
2,4662
2,4662
2,4662
2,4662
2,4662
2,4662
2,4720
2,4720
2,4720
2,4720
2,4720
2,4720
2,4720
2,4720
2,4744
2,4744
2,4744
2,4744
2,4744
2,4744
2,4744
2,4744
2,4798
2,4798
2,4798
2,4798
2,4798
2,4798
2,4798
2,4798
2,4824
2,4824
2,4824
2,4824
2,4824
2,4824
2,4824
2,4824
2,4852
2,4852
2,4852
2,4852
2,4852
2,4852
2,4852
2,4852
2,4896
2,4896
2,4896
2,4896
2,4896
2,4896
2,4896
2,4896
2,4948
2,4948
2,4948
2,4948
2,4948
2,4948
2,4948
2,4948
2,4980
2,4980
2,4980
2,4980
2,4980
2,4980
2,4980
2,4980
2,5022
2,5022
2,5022
2,5022
2,5022
2,5022
2,5022
2,5022
2,5040
2,5040
2,5040
2,5040
2,5040
2,5040
2,5040
2,5040
2,5078
2,5078
2,5078
2,5078
2,5078
2,5078
2,5078
2,5078
2,5136
2,5136
2,5136
2,5136
2,5136
2,5136
2,5136
2,5136
2,5150
2,5150
2,5150
2,5150
2,5150
2,5150
2,5150
2,5150
2,5194
2,5194
2,5194
2,5194
2,5194
2,5194
2,5194
2,5194
2,5239
2,5239
2,5239
2,5239
2,5239
2,5239
2,5239
2,5239
2,5297
2,5297
2,5297
2,5297
2,5297
2,5297
2,5297
2,5297
2,5329
2,5329
2,5329
2,5329
2,5329
2,5329
2,5329
2,5329
2,5341
2,5341
2,5341
2,5341
2,5341
2,5341
2,5341
2,5341
2,5401
2,5401
2,5401
2,5401
2,5401
2,5401
2,5401
2,5401
2,5417
2,5417
2,5417
2,5417
2,5417
2,5417
2,5417
2,5417
2,5473
2,5473
2,5473
2,5473
2,5473
2,5473
2,5473
2,5473
2,5501
2,5501
2,5501
2,5501
2,5501
2,5501
2,5501
2,5501
2,5545
2,5545
2,5545
2,5545
2,5545
2,5545
2,5545
2,5545
2,5593
2,5593
2,5593
2,5593
2,5593
2,5593
2,5593
2,5593
2,5631
2,5631
2,5631
2,5631
2,5631
2,5631
2,5631
2,5631
2,5645
2,5645
2,5645
2,5645
2,5645
2,5645
2,5645
2,5645
2,5697
2,5697
2,5697
2,5697
2,5697
2,5697
2,5697
2,5697
2,5741
2,5741
2,5741
2,5741
2,5741
2,5741
2,5741
2,5741
2,5791
2,5791
2,5791
2,5791
2,5791
2,5791
2,5791
2,5791
2,5809
2,5809
2,5809
2,5809
2,5809
2,5809
2,5809
2,5809
2,5841
2,5841
2,5841
2,5841
2,5841
2,5841
2,5841
2,5841
2,5897
2,5897
2,5897
2,5897
2,5897
2,5897
2,5897
2,5897
2,5911
2,5911
2,5911
2,5911
2,5911
2,5911
2,5911
2,5911
2,5975
2,5975
2,5975
2,5975
2,5975
2,5975
2,5975
2,5975
2,5993
2,5993
2,5993
2,5993
2,5993
2,5993
2,5993
2,5993
2,6035
2,6035
2,6035
2,6035
2,6035
2,6035
2,6035
2,6035
2,6069
2,6069
2,6069
2,6069
2,6069
2,6069
2,6069
2,6069
2,6123
2,6123
2,6123
2,6123
2,6123
2,6123
2,6123
2,6123
2,6155
2,6155
2,6155
2,6155
2,6155
2,6155
2,6155
2,6155
2,6203
2,6203
2,6203
2,6203
2,6203
2,6203
2,6203
2,6203
2,6231
2,6231
2,6231
2,6231
2,6231
2,6231
2,6231
2,6231
2,6273
2,6273
2,6273
2,6273
2,6273
2,6273
2,6273
2,6273
2,6297
2,6297
2,6297
2,6297
2,6297
2,6297
2,6297
2,6297
2,6343
2,6343
2,6343
2,6343
2,6343
2,6343
2,6343
2,6343
