7,30
7,30
7,30
7,31
7,31
7,31
7,53
7,53
7,53
7,101
7,101
7,101
7,127
7,127
7,127
7,189
7,189
7,189
7,209
7,209
7,209
7,243
7,243
7,243
7,282
7,282
7,282
7,308
7,308
7,308
7,368
7,368
7,368
7,388
7,388
7,388
7,422
7,422
7,422
7,466
7,466
7,466
7,502
7,502
7,502
7,571
7,571
7,571
7,587
7,587
7,587
7,635
7,635
7,635
7,679
7,679
7,679
7,689
7,689
7,689
7,727
7,727
7,727
7,769
7,769
7,769
7,811
7,811
7,811
7,845
7,845
7,845
7,906
7,906
7,906
7,944
7,944
7,944
7,974
7,974
7,974
7,994
7,994
7,994
7,1066
7,1066
7,1066
7,1076
7,1076
7,1076
7,1108
7,1108
7,1108
7,1176
7,1176
7,1176
7,1196
7,1196
7,1196
7,1234
7,1234
7,1234
7,1260
7,1260
7,1260
7,1306
7,1306
7,1306
7,1336
7,1336
7,1336
7,1409
7,1409
7,1409
7,1429
7,1429
7,1429
7,1477
7,1477
7,1477
7,1523
7,1523
7,1523
7,1539
7,1539
7,1539
7,1565
7,1565
7,1565
7,1625
7,1625
7,1625
7,1651
7,1651
7,1651
7,1652
7,1652
7,1652
7,1696
7,1696
7,1696
7,1736
7,1736
7,1736
7,1766
7,1766
7,1766
7,1794
7,1794
7,1794
7,1832
7,1832
7,1832
7,1886
7,1886
7,1886
7,1912
7,1912
7,1912
7,1966
7,1966
7,1966
7,2014
7,2014
7,2014
7,2040
7,2040
7,2040
7,2060
7,2060
7,2060
7,2120
7,2120
7,2120
7,2154
7,2154
7,2154
7,2182
7,2182
7,2182
7,2216
7,2216
7,2216
7,2254
7,2254
7,2254
7,2300
7,2300
7,2300
7,2344
7,2344
7,2344
7,2394
7,2394
7,2394
7,2410
7,2410
7,2410
7,2458
7,2458
7,2458
7,2508
7,2508
7,2508
7,2524
7,2524
7,2524
7,2584
7,2584
7,2584
7,2596
7,2596
7,2596
7,2642
7,2642
7,2642
7,2692
7,2692
7,2692
7,2706
7,2706
7,2706
7,2745
7,2745
7,2745
7,2813
7,2813
7,2813
7,2831
7,2831
7,2831
7,2832
7,2832
7,2832
7,2886
7,2886
7,2886
7,2902
7,2902
7,2902
7,2952
7,2952
7,2952
7,2998
7,2998
7,2998
7,3036
7,3036
7,3036
7,3076
7,3076
7,3076
7,3118
7,3118
7,3118
7,3154
7,3154
7,3154
7,3188
7,3188
7,3188
7,3218
7,3218
7,3218
7,3260
7,3260
7,3260
7,3290
7,3290
7,3290
7,3316
7,3316
7,3316
7,3384
7,3384
7,3384
7,3426
7,3426
7,3426
7,3430
7,3430
7,3430
7,3476
7,3476
7,3476
7,3527
7,3527
7,3527
7,3551
7,3551
7,3551
7,3617
7,3617
7,3617
7,3633
7,3633
7,3633
7,3669
7,3669
7,3669
7,3723
7,3723
7,3723
7,3769
7,3769
7,3769
7,3803
7,3803
7,3803
7,3837
7,3837
7,3837
7,3863
7,3863
7,3863
7,3910
7,3910
7,3910
7,3952
7,3952
7,3952
7,3998
7,3998
7,3998
7,4020
7,4020
7,4020
7,4044
7,4044
7,4044
7,4078
7,4078
7,4078
7,4134
7,4134
7,4134
7,4184
7,4184
7,4184
7,4198
7,4198
7,4198
7,4265
7,4265
7,4265
7,4291
7,4291
7,4291
7,4292
7,4292
7,4292
7,4326
7,4326
7,4326
7,4362
7,4362
7,4362
7,4394
7,4394
7,4394
7,4458
7,4458
7,4458
7,4474
7,4474
7,4474
7,4516
7,4516
7,4516
7,4568
7,4568
7,4568
7,4602
7,4602
7,4602
7,4603
7,4603
7,4603
7,4641
7,4641
7,4641
7,4667
7,4667
7,4667
7,4691
7,4691
7,4691
7,4731
7,4731
7,4731
7,4779
7,4779
7,4779
7,4833
7,4833
7,4833
7,4873
7,4873
7,4873
7,4891
7,4891
7,4891
7,4925
7,4925
7,4925
7,4971
7,4971
7,4971
7,5007
7,5007
7,5007
7,5035
7,5035
7,5035
7,5103
7,5103
7,5103
7,5141
7,5141
7,5141
7,5161
7,5161
7,5161
7,5199
7,5199
7,5199
7,5256
7,5256
7,5256
7,5270
7,5270
7,5270
7,5306
7,5306
7,5306
7,5352
7,5352
7,5352
7,5386
7,5386
7,5386
7,5446
7,5446
7,5446
7,5478
7,5478
7,5478
7,5496
7,5496
7,5496
7,5560
7,5560
7,5560
7,5574
7,5574
7,5574
7,5636
7,5636
7,5636
7,5650
7,5650
7,5650
7,5688
7,5688
7,5688
7,5750
7,5750
7,5750
7,5766
7,5766
7,5766
7,5818
7,5818
7,5818
7,5846
7,5846
7,5846
7,5892
7,5892
7,5892
7,5940
7,5940
7,5940
7,5964
7,5964
7,5964
7,6020
7,6020
7,6020
7,6050
7,6050
7,6050
7,6080
7,6080
7,6080
7,6100
7,6100
7,6100
7,6164
7,6164
7,6164
7,6176
7,6176
7,6176
7,6248
7,6248
7,6248
7,6260
7,6260
7,6260
7,6324
7,6324
7,6324
7,6358
7,6358
7,6358
