6,26
6,26
6,26
6,57
6,57
6,57
6,105
6,105
6,105
6,131
6,131
6,131
6,161
6,161
6,161
6,197
6,197
6,197
6,255
6,255
6,255
6,274
6,274
6,274
6,320
6,320
6,320
6,376
6,376
6,376
6,396
6,396
6,396
6,426
6,426
6,426
6,484
6,484
6,484
6,506
6,506
6,506
6,559
6,559
6,559
6,591
6,591
6,591
6,631
6,631
6,631
6,659
6,659
6,659
6,699
6,699
6,699
6,731
6,731
6,731
6,773
6,773
6,773
6,815
6,815
6,815
6,849
6,849
6,849
6,910
6,910
6,910
6,952
6,952
6,952
6,978
6,978
6,978
6,1006
6,1006
6,1006
6,1058
6,1058
6,1058
6,1080
6,1080
6,1080
6,1118
6,1118
6,1118
6,1172
6,1172
6,1172
6,1200
6,1200
6,1200
6,1242
6,1242
6,1242
6,1270
6,1270
6,1270
6,1310
6,1310
6,1310
6,1340
6,1340
6,1340
6,1401
6,1401
6,1401
6,1437
6,1437
6,1437
6,1481
6,1481
6,1481
6,1519
6,1519
6,1519
6,1543
6,1543
6,1543
6,1569
6,1569
6,1569
6,1621
6,1621
6,1621
6,1647
6,1647
6,1647
6,1688
6,1688
6,1688
6,1740
6,1740
6,1740
6,1762
6,1762
6,1762
6,1798
6,1798
6,1798
6,1836
6,1836
6,1836
6,1890
6,1890
6,1890
6,1916
6,1916
6,1916
6,1962
6,1962
6,1962
6,2018
6,2018
6,2018
6,2044
6,2044
6,2044
6,2064
6,2064
6,2064
6,2132
6,2132
6,2132
6,2158
6,2158
6,2158
6,2186
6,2186
6,2186
6,2220
6,2220
6,2220
6,2250
6,2250
6,2250
6,2304
6,2304
6,2304
6,2348
6,2348
6,2348
6,2384
6,2384
6,2384
6,2406
6,2406
6,2406
6,2448
6,2448
6,2448
6,2512
6,2512
6,2512
6,2528
6,2528
6,2528
6,2588
6,2588
6,2588
6,2592
6,2592
6,2592
6,2646
6,2646
6,2646
6,2676
6,2676
6,2676
6,2710
6,2710
6,2710
6,2749
6,2749
6,2749
6,2809
6,2809
6,2809
6,2836
6,2836
6,2836
6,2890
6,2890
6,2890
6,2906
6,2906
6,2906
6,2948
6,2948
6,2948
6,2986
6,2986
6,2986
6,3028
6,3028
6,3028
6,3080
6,3080
6,3080
6,3114
6,3114
6,3114
6,3146
6,3146
6,3146
6,3180
6,3180
6,3180
6,3228
6,3228
6,3228
6,3250
6,3250
6,3250
6,3294
6,3294
6,3294
6,3320
6,3320
6,3320
6,3380
6,3380
6,3380
6,3422
6,3422
6,3422
6,3442
6,3442
6,3442
6,3484
6,3484
6,3484
6,3485
6,3485
6,3485
6,3523
6,3523
6,3523
6,3579
6,3579
6,3579
6,3609
6,3609
6,3609
6,3637
6,3637
6,3637
6,3677
6,3677
6,3677
6,3727
6,3727
6,3727
6,3765
6,3765
6,3765
6,3779
6,3779
6,3779
6,3841
6,3841
6,3841
6,3859
6,3859
6,3859
6,3914
6,3914
6,3914
6,3956
6,3956
6,3956
6,3984
6,3984
6,3984
6,4036
6,4036
6,4036
6,4040
6,4040
6,4040
6,4082
6,4082
6,4082
6,4138
6,4138
6,4138
6,4154
6,4154
6,4154
6,4210
6,4210
6,4210
6,4253
6,4253
6,4253
6,4296
6,4296
6,4296
6,4337
6,4337
6,4337
6,4370
6,4370
6,4370
6,4398
6,4398
6,4398
6,4442
6,4442
6,4442
6,4478
6,4478
6,4478
6,4512
6,4512
6,4512
6,4560
6,4560
6,4560
6,4586
6,4586
6,4586
6,4649
6,4649
6,4649
6,4671
6,4671
6,4671
6,4709
6,4709
6,4709
6,4735
6,4735
6,4735
6,4789
6,4789
6,4789
6,4829
6,4829
6,4829
6,4865
6,4865
6,4865
6,4907
6,4907
6,4907
6,4933
6,4933
6,4933
6,4975
6,4975
6,4975
6,5011
6,5011
6,5011
6,5051
6,5051
6,5051
6,5099
6,5099
6,5099
6,5111
6,5111
6,5111
6,5165
6,5165
6,5165
6,5208
6,5208
6,5208
6,5260
6,5260
6,5260
6,5274
6,5274
6,5274
6,5310
6,5310
6,5310
6,5356
6,5356
6,5356
6,5390
6,5390
6,5390
6,5450
6,5450
6,5450
6,5468
6,5468
6,5468
6,5516
6,5516
6,5516
6,5536
6,5536
6,5536
6,5582
6,5582
6,5582
6,5626
6,5626
6,5626
6,5654
6,5654
6,5654
6,5708
6,5708
6,5708
6,5746
6,5746
6,5746
6,5786
6,5786
6,5786
6,5814
6,5814
6,5814
6,5864
6,5864
6,5864
6,5906
6,5906
6,5906
6,5922
6,5922
6,5922
6,5960
6,5960
6,5960
6,6016
6,6016
6,6016
6,6040
6,6040
6,6040
6,6084
6,6084
6,6084
6,6104
6,6104
6,6104
6,6168
6,6168
6,6168
6,6180
6,6180
6,6180
6,6214
6,6214
6,6214
6,6268
6,6268
6,6268
6,6302
6,6302
6,6302
6,6354
6,6354
6,6354
