5,22
5,22
5,22
5,41
5,41
5,41
5,109
5,109
5,109
5,141
5,141
5,141
5,169
5,169
5,169
5,201
5,201
5,201
5,247
5,247
5,247
5,278
5,278
5,278
5,324
5,324
5,324
5,380
5,380
5,380
5,384
5,384
5,384
5,430
5,430
5,430
5,470
5,470
5,470
5,510
5,510
5,510
5,549
5,549
5,549
5,595
5,595
5,595
5,639
5,639
5,639
5,651
5,651
5,651
5,715
5,715
5,715
5,753
5,753
5,753
5,777
5,777
5,777
5,807
5,807
5,807
5,853
5,853
5,853
5,898
5,898
5,898
5,948
5,948
5,948
5,962
5,962
5,962
5,1002
5,1002
5,1002
5,1062
5,1062
5,1062
5,1084
5,1084
5,1084
5,1128
5,1128
5,1128
5,1180
5,1180
5,1180
5,1192
5,1192
5,1192
5,1252
5,1252
5,1252
5,1274
5,1274
5,1274
5,1326
5,1326
5,1326
5,1344
5,1344
5,1344
5,1405
5,1405
5,1405
5,1433
5,1433
5,1433
5,1485
5,1485
5,1485
5,1515
5,1515
5,1515
5,1535
5,1535
5,1535
5,1573
5,1573
5,1573
5,1609
5,1609
5,1609
5,1656
5,1656
5,1656
5,1692
5,1692
5,1692
5,1744
5,1744
5,1744
5,1776
5,1776
5,1776
5,1802
5,1802
5,1802
5,1856
5,1856
5,1856
5,1870
5,1870
5,1870
5,1920
5,1920
5,1920
5,1980
5,1980
5,1980
5,1998
5,1998
5,1998
5,2048
5,2048
5,2048
5,2094
5,2094
5,2094
5,2128
5,2128
5,2128
5,2166
5,2166
5,2166
5,2202
5,2202
5,2202
5,2224
5,2224
5,2224
5,2274
5,2274
5,2274
5,2314
5,2314
5,2314
5,2360
5,2360
5,2360
5,2374
5,2374
5,2374
5,2402
5,2402
5,2402
5,2440
5,2440
5,2440
5,2478
5,2478
5,2478
5,2516
5,2516
5,2516
5,2576
5,2576
5,2576
5,2600
5,2600
5,2600
5,2650
5,2650
5,2650
5,2672
5,2672
5,2672
5,2714
5,2714
5,2714
5,2753
5,2753
5,2753
5,2817
5,2817
5,2817
5,2846
5,2846
5,2846
5,2894
5,2894
5,2894
5,2898
5,2898
5,2898
5,2956
5,2956
5,2956
5,2990
5,2990
5,2990
5,3024
5,3024
5,3024
5,3084
5,3084
5,3084
5,3122
5,3122
5,3122
5,3136
5,3136
5,3136
5,3176
5,3176
5,3176
5,3236
5,3236
5,3236
5,3246
5,3246
5,3246
5,3298
5,3298
5,3298
5,3350
5,3350
5,3350
5,3388
5,3388
5,3388
5,3392
5,3392
5,3392
5,3438
5,3438
5,3438
5,3472
5,3472
5,3472
5,3537
5,3537
5,3537
5,3567
5,3567
5,3567
5,3605
5,3605
5,3605
5,3641
5,3641
5,3641
5,3665
5,3665
5,3665
5,3731
5,3731
5,3731
5,3749
5,3749
5,3749
5,3795
5,3795
5,3795
5,3845
5,3845
5,3845
5,3873
5,3873
5,3873
5,3918
5,3918
5,3918
5,3960
5,3960
5,3960
5,3994
5,3994
5,3994
5,4006
5,4006
5,4006
5,4048
5,4048
5,4048
5,4098
5,4098
5,4098
5,4142
5,4142
5,4142
5,4158
5,4158
5,4158
5,4206
5,4206
5,4206
5,4261
5,4261
5,4261
5,4281
5,4281
5,4281
5,4308
5,4308
5,4308
5,4366
5,4366
5,4366
5,4402
5,4402
5,4402
5,4432
5,4432
5,4432
5,4482
5,4482
5,4482
5,4534
5,4534
5,4534
5,4564
5,4564
5,4564
5,4611
5,4611
5,4611
5,4645
5,4645
5,4645
5,4675
5,4675
5,4675
5,4705
5,4705
5,4705
5,4739
5,4739
5,4739
5,4793
5,4793
5,4793
5,4841
5,4841
5,4841
5,4869
5,4869
5,4869
5,4887
5,4887
5,4887
5,4929
5,4929
5,4929
5,4985
5,4985
5,4985
5,5031
5,5031
5,5031
5,5055
5,5055
5,5055
5,5107
5,5107
5,5107
5,5119
5,5119
5,5119
5,5169
5,5169
5,5169
5,5203
5,5203
5,5203
5,5204
5,5204
5,5204
5,5234
5,5234
5,5234
5,5278
5,5278
5,5278
5,5314
5,5314
5,5314
5,5370
5,5370
5,5370
5,5378
5,5378
5,5378
5,5438
5,5438
5,5438
5,5464
5,5464
5,5464
5,5492
5,5492
5,5492
5,5564
5,5564
5,5564
5,5598
5,5598
5,5598
5,5606
5,5606
5,5606
5,5658
5,5658
5,5658
5,5712
5,5712
5,5712
5,5754
5,5754
5,5754
5,5782
5,5782
5,5782
5,5830
5,5830
5,5830
5,5868
5,5868
5,5868
5,5902
5,5902
5,5902
5,5926
5,5926
5,5926
5,5956
5,5956
5,5956
5,6004
5,6004
5,6004
5,6054
5,6054
5,6054
5,6088
5,6088
5,6088
5,6108
5,6108
5,6108
5,6160
5,6160
5,6160
5,6184
5,6184
5,6184
5,6222
5,6222
5,6222
5,6252
5,6252
5,6252
5,6306
5,6306
5,6306
5,6362
5,6362
5,6362
