3,29
3,65
3,120
3,178
3,219
3,259
3,341
3,396
3,448
3,482
3,543
3,658
3,678
3,753
3,871
3,911
3,993
3,1124
3,1156
3,1304
3,1393
3,1409
3,1497
3,1678
3,1764
3,1861
3,1972
3,2000
3,2180
3,2286
3,2318
3,2441
3,2627
3,2675
3,2794
3,3001
3,3126
3,3142
3,3387
3,3411
3,3539
3,3782
3,3926
3,3950
3,4213
3,4327
3,4507
3,4657
3,4681
3,4821
3,5104
3,5259
3,5283
3,5457
3,5625
3,5917
3,5961
3,6123
3,6287
3,6613
3,6633
3,6812
3,7006
3,7184
3,7369
3,7547
3,7754
3,11097
3,11125
3,11474
3,11656
3,11847
3,11875
3,12214
3,15401
3,15583
3,15763
3,15795
3,18986
3,22183
3,25364
3,25697
3,28879
3,28907
3,29101
3,29276
3,32637
3,32673
3,36018
3,36180
3,36208
3,39422
3,39599
3,42776
3,46115
3,46139
3,46503
3,46680
3,46708
3,46882
3,50230
3,50415
3,50608
3,50628
3,50806
3,51161
3,51353
3,51381
3,51543
3,51887
3,51931
3,52101
3,52453
3,52473
3,52824
3,53024
3,53048
3,53370
3,53406
3,56748
3,56943
3,57115
3,60311
3,60319
3,60513
3,60696
3,63923
3,63951
3,64027
3,64111
3,64155
3,64191
3,64279
3,64303
3,64379
3,64459
3,64479
3,64579
3,64603
3,64703
3,64739
3,64831
3,64851
3,64933
3,64957
3,65085
3,65105
3,65161
3,65221
3,65325
3,65353
3,65413
3,65505
3,65517
3,65606
3,65682
3,65698
3,65810
3,65822
3,65878
3,65966
3,66042
3,66066
3,66163
3,66237
3,66249
3,66330
3,66414
3,66454
3,66558
3,66614
3,66654
3,66730
3,66816
3,66877
3,66947
3,66963
3,67031
3,67091
3,67175
3,67243
3,67255
3,67371
3,67411
3,67463
3,67539
3,67563
3,67659
3,67695
3,67783
3,67823
3,67863
3,67927
3,68011
3,68039
3,68143
3,68195
3,68227
3,68295
3,68375
3,68447
3,68495
3,68567
3,68623
3,68647
3,68719
3,68758
3,68881
3,68889
3,68997
3,69029
3,69093
3,69177
3,69189
3,69253
3,69309
3,69381
3,69433
3,69533
3,69593
3,69609
3,69721
3,69737
3,69801
3,69861
3,69949
3,69985
3,70081
3,70109
3,70177
3,70265
3,70317
3,70385
3,70437
3,70453
3,70513
3,70573
3,70673
3,70713
3,70793
3,70825
3,70897
3,70953
3,71029
3,71061
3,71165
3,71197
3,71233
3,71305
3,71361
3,71421
3,71473
3,71581
3,71645
3,71705
3,71761
3,71825
3,71881
3,71942
3,71958
3,72061
3,72081
3,72169
3,72197
3,72305
3,72361
3,72397
3,72493
3,72545
3,72585
3,72673
3,72701
3,72793
3,72845
3,72909
3,72937
3,73029
3,73045
3,73097
3,73173
3,73219
3,73249
3,73277
3,73345
3,73353
3,73417
3,73471
3,73513
3,73541
3,73589
3,73613
3,73669
3,73705
3,73735
3,73791
3,73833
3,73861
3,73907
3,73949
3,73991
3,74045
3,74093
3,74127
3,74167
3,74193
3,74253
3,74285
3,74315
3,74387
3,74415
3,74461
3,74517
3,74549
3,74597
3,74623
3,74659
3,74719
3,74745
3,74785
3,74829
3,74873
3,74923
3,74949
3,75015
3,75055
3,75087
3,75141
3,75185
3,75227
3,75251
3,75311
3,75343
3,75395
3,75445
