7,10
7,69
7,104
7,152
7,231
7,251
7,353
7,388
7,436
7,498
7,606
7,670
7,725
7,777
7,887
7,965
7,997
7,1061
7,1144
7,1225
7,1316
7,1425
7,1570
7,1594
7,1690
7,1849
7,1889
7,2016
7,2164
7,2294
7,2401
7,2433
7,2535
7,2651
7,2770
7,2894
7,3114
7,3257
7,3371
7,3391
7,3645
7,3669
7,3918
7,3958
7,4082
7,4355
7,4491
7,4511
7,4809
7,4829
7,5096
7,5251
7,5429
7,5469
7,5766
7,5925
7,5965
7,6127
7,6315
7,6461
7,6808
7,6982
7,7172
7,7200
7,7539
7,7555
7,7758
7,10931
7,11121
7,11300
7,11644
7,11664
7,11855
7,12222
7,12230
7,15413
7,15599
7,18970
7,22143
7,25340
7,25360
7,25689
7,28899
7,29077
7,29097
7,32458
7,32462
7,32665
7,35998
7,36196
7,39390
7,39394
7,39583
7,42796
7,46111
7,46143
7,46475
7,46676
7,46696
7,46886
7,50062
7,50411
7,50439
7,50636
7,50980
7,51145
7,51173
7,51535
7,51713
7,51895
7,52093
7,52113
7,52469
7,52485
7,52816
7,52996
7,53044
7,53382
7,53418
7,56760
7,56780
7,56955
7,60291
7,60493
7,60505
7,60712
7,60879
7,63939
7,64031
7,64067
7,64171
7,64223
7,64271
7,64335
7,64363
7,64451
7,64491
7,64543
7,64611
7,64659
7,64719
7,64779
7,64839
7,64921
7,65014
7,65057
7,65145
7,65149
7,65213
7,65305
7,65349
7,65389
7,65462
7,65570
7,65578
7,65670
7,65722
7,65758
7,65830
7,65902
7,65950
7,66030
7,66090
7,66122
7,66225
7,66261
7,66306
7,66438
7,66442
7,66574
7,66638
7,66642
7,66734
7,66770
7,66832
7,66889
7,67003
7,67071
7,67083
7,67143
7,67199
7,67299
7,67351
7,67431
7,67487
7,67527
7,67603
7,67619
7,67683
7,67767
7,67807
7,67899
7,67943
7,67979
7,68063
7,68131
7,68155
7,68235
7,68331
7,68343
7,68407
7,68487
7,68563
7,68579
7,68635
7,68703
7,68778
7,68873
7,68945
7,68961
7,69009
7,69073
7,69157
7,69209
7,69265
7,69345
7,69377
7,69441
7,69521
7,69597
7,69629
7,69673
7,69741
7,69789
7,69853
7,69913
7,69977
7,70033
7,70137
7,70197
7,70257
7,70277
7,70337
7,70421
7,70493
7,70529
7,70625
7,70665
7,70701
7,70785
7,70853
7,70909
7,70945
7,70997
7,71081
7,71109
7,71177
7,71281
7,71313
7,71353
7,71465
7,71517
7,71561
7,71589
7,71681
7,71749
7,71773
7,71861
7,71893
7,72008
7,72053
7,72105
7,72137
7,72225
7,72269
7,72325
7,72377
7,72441
7,72505
7,72577
7,72625
7,72681
7,72737
7,72801
7,72865
7,72925
7,73025
7,73081
7,73113
7,73165
7,73181
7,73227
7,73281
7,73319
7,73373
7,73395
7,73441
7,73501
7,73517
7,73567
7,73629
7,73651
7,73697
7,73765
7,73783
7,73841
7,73877
7,73921
7,73937
7,73999
7,74029
7,74085
7,74119
7,74185
7,74227
7,74235
7,74297
7,74343
7,74367
7,74403
7,74475
7,74513
7,74525
7,74567
7,74639
7,74689
7,74727
7,74765
7,74801
7,74841
7,74899
7,74903
7,74971
7,74991
7,75059
7,75071
7,75121
7,75167
7,75207
7,75259
7,75315
7,75323
7,75399
7,75441
