1,41
1,49
1,132
1,182
1,223
1,267
1,299
1,380
1,420
1,539
1,547
1,642
1,745
1,769
1,895
1,903
1,1005
1,1136
1,1152
1,1229
1,1324
1,1401
1,1574
1,1670
1,1772
1,1873
1,1980
1,1992
1,2192
1,2274
1,2322
1,2421
1,2643
1,2671
1,2774
1,2997
1,3130
1,3134
1,3359
1,3407
1,3531
1,3778
1,3910
1,3942
1,4094
1,4331
1,4363
1,4649
1,4665
1,4813
1,5088
1,5279
1,5287
1,5605
1,5629
1,5774
1,5945
1,6279
1,6307
1,6465
1,6649
1,6962
1,6998
1,7192
1,7381
1,7730
1,7750
1,10927
1,11137
1,11292
1,11482
1,11843
1,11867
1,12190
1,15405
1,15595
1,15779
1,15791
1,18974
1,22171
1,25372
1,25705
1,28887
1,28915
1,29260
1,32446
1,32645
1,32657
1,32844
1,36022
1,36216
1,39418
1,42760
1,42784
1,46127
1,46151
1,46495
1,46515
1,46716
1,50054
1,50238
1,50246
1,50455
1,50616
1,50802
1,51169
1,51337
1,51373
1,51547
1,51911
1,51919
1,52105
1,52461
1,52481
1,52828
1,53020
1,53028
1,53386
1,53580
1,56732
1,56768
1,57127
1,60287
1,60327
1,60529
1,60692
1,63915
1,63955
1,64047
1,64107
1,64167
1,64179
1,64287
1,64339
1,64383
1,64463
1,64523
1,64575
1,64595
1,64675
1,64731
1,64823
1,64859
1,64941
1,64965
1,65065
1,65093
1,65205
1,65233
1,65317
1,65333
1,65409
1,65454
1,65525
1,65594
1,65678
1,65702
1,65802
1,65818
1,65882
1,65942
1,66038
1,66058
1,66175
1,66217
1,66298
1,66326
1,66426
1,66505
1,66517
1,66622
1,66666
1,66702
1,66820
1,66885
1,66909
1,66967
1,67023
1,67099
1,67191
1,67251
1,67295
1,67343
1,67379
1,67475
1,67495
1,67567
1,67663
1,67703
1,67771
1,67795
1,67855
1,67947
1,68027
1,68051
1,68135
1,68203
1,68243
1,68299
1,68391
1,68451
1,68491
1,68571
1,68615
1,68687
1,68715
1,68762
1,68865
1,68925
1,68949
1,69061
1,69081
1,69165
1,69217
1,69257
1,69361
1,69373
1,69485
1,69541
1,69601
1,69617
1,69705
1,69753
1,69841
1,69881
1,69965
1,69997
1,70085
1,70105
1,70185
1,70209
1,70325
1,70353
1,70429
1,70501
1,70533
1,70593
1,70633
1,70709
1,70757
1,70817
1,70905
1,70981
1,71045
1,71057
1,71149
1,71181
1,71229
1,71345
1,71401
1,71417
1,71485
1,71529
1,71637
1,71677
1,71741
1,71821
1,71857
1,71913
1,71954
1,72016
1,72085
1,72165
1,72205
1,72313
1,72353
1,72401
1,72481
1,72549
1,72565
1,72665
1,72705
1,72781
1,72849
1,72913
1,72933
1,73017
1,73041
1,73109
1,73177
1,73207
1,73253
1,73299
1,73315
1,73361
1,73421
1,73453
1,73479
1,73533
1,73575
1,73639
1,73677
1,73701
1,73727
1,73787
1,73823
1,73853
1,73925
1,73971
1,74013
1,74041
1,74073
1,74123
1,74151
1,74197
1,74239
1,74273
1,74339
1,74375
1,74411
1,74465
1,74483
1,74559
1,74593
1,74631
1,74663
1,74697
1,74761
1,74815
1,74853
1,74869
1,74935
1,74959
1,75025
1,75043
1,75103
1,75137
1,75171
1,75223
1,75243
1,75295
1,75347
1,75375
1,75437
